---------------------29.000000_1.000000.net-----------------------
Accuracy = 0.5936666666666667
Time = 2.4322116374969482
Num Params = 1728970
Ratio = 0.1847213458460267
---------------------1.000000_1.000000.net-----------------------
Accuracy = 0.5681666666666667
Time = 1.0947813987731934
Num Params = 8147914
Ratio = 0.8705146069149162
---------------------97.000000_1.000000.net-----------------------
Accuracy = 0.5945
Time = 0.7054488658905029
Num Params = 1728970
Ratio = 0.1847213458460267
---------------------44.000000_4.000000.net-----------------------
Accuracy = 0.5926666666666667
Time = 0.7006208896636963
Num Params = 1728970
Ratio = 0.1847213458460267
---------------------56.000000_1.000000.net-----------------------
Accuracy = 0.6036666666666667
Time = 0.7057971954345703
Num Params = 1728970
Ratio = 0.1847213458460267
---------------------66.000000_3.000000.net-----------------------
Accuracy = 0.577
Time = 0.7000505924224854
Num Params = 1728970
Ratio = 0.1847213458460267
---------------------50.000000_4.000000.net-----------------------
Accuracy = 0.6036666666666667
Time = 0.703176736831665
Num Params = 1728970
Ratio = 0.1847213458460267
---------------------16.000000_4.000000.net-----------------------
Accuracy = 0.6666666666666665
Time = 0.7835776805877686
Num Params = 2613706
Ratio = 0.27924561442120743
---------------------26.000000_1.000000.net-----------------------
Accuracy = 0.5858333333333333
Time = 0.7027988433837891
Num Params = 1728970
Ratio = 0.1847213458460267
---------------------53.000000_2.000000.net-----------------------
Accuracy = 0.5788333333333333
Time = 0.7081480026245117
Num Params = 1728970
Ratio = 0.1847213458460267
---------------------10.000000_0.000000.net-----------------------
Accuracy = 0.5796666666666667
Time = 0.8513720035552979
Num Params = 4129098
Ratio = 0.4411485102055774
---------------------81.000000_2.000000.net-----------------------
Accuracy = 0.5866666666666667
Time = 0.7248053550720215
Num Params = 1728970
Ratio = 0.1847213458460267
---------------------52.000000_1.000000.net-----------------------
Accuracy = 0.5781666666666667
Time = 0.8599245548248291
Num Params = 1728970
Ratio = 0.1847213458460267
---------------------90.000000_3.000000.net-----------------------
Accuracy = 0.5866666666666667
Time = 0.7114782333374023
Num Params = 1728970
Ratio = 0.1847213458460267
---------------------6.000000_1.000000.net-----------------------
Accuracy = 0.6008333333333333
Time = 1.0914790630340576
Num Params = 7151050
Ratio = 0.7640107001348949
---------------------37.000000_0.000000.net-----------------------
Accuracy = 0.5833333333333334
Time = 0.8414368629455566
Num Params = 1728970
Ratio = 0.1847213458460267
---------------------36.000000_1.000000.net-----------------------
Accuracy = 0.5958333333333333
Time = 0.8043413162231445
Num Params = 1728970
Ratio = 0.1847213458460267
---------------------44.000000_0.000000.net-----------------------
Accuracy = 0.5998333333333333
Time = 0.7923583984375
Num Params = 1728970
Ratio = 0.1847213458460267
---------------------39.000000_4.000000.net-----------------------
Accuracy = 0.5686666666666667
Time = 0.8267223834991455
Num Params = 1728970
Ratio = 0.1847213458460267
---------------------88.000000_3.000000.net-----------------------
Accuracy = 0.5928333333333333
Time = 0.8791975975036621
Num Params = 1728970
Ratio = 0.1847213458460267
---------------------62.000000_0.000000.net-----------------------
Accuracy = 0.56
Time = 0.8863065242767334
Num Params = 1728970
Ratio = 0.1847213458460267
---------------------79.000000_0.000000.net-----------------------
Accuracy = 0.6026666666666667
Time = 0.7353861331939697
Num Params = 1728970
Ratio = 0.1847213458460267
---------------------45.000000_3.000000.net-----------------------
Accuracy = 0.588
Time = 0.8066692352294922
Num Params = 1728970
Ratio = 0.1847213458460267
---------------------26.000000_0.000000.net-----------------------
Accuracy = 0.5955
Time = 0.7148449420928955
Num Params = 1728970
Ratio = 0.1847213458460267
---------------------8.000000_2.000000.net-----------------------
Accuracy = 0.6178333333333333
Time = 0.9503071308135986
Num Params = 6708682
Ratio = 0.7167485658473045
---------------------12.000000_0.000000.net-----------------------
Accuracy = 0.5525
Time = 0.8784894943237305
Num Params = 4312522
Ratio = 0.4607453384561899
---------------------29.000000_4.000000.net-----------------------
Accuracy = 0.5845
Time = 0.7925951480865479
Num Params = 1728970
Ratio = 0.1847213458460267
---------------------2.000000_0.000000.net-----------------------
Accuracy = 0.4493333333333333
Time = 1.0066735744476318
Num Params = 3870922
Ratio = 0.4135652564850711
---------------------34.000000_4.000000.net-----------------------
Accuracy = 0.6061666666666666
Time = 0.875481128692627
Num Params = 1728970
Ratio = 0.1847213458460267
---------------------35.000000_3.000000.net-----------------------
Accuracy = 0.6006666666666667
Time = 0.80106520652771
Num Params = 1728970
Ratio = 0.1847213458460267
---------------------65.000000_1.000000.net-----------------------
Accuracy = 0.575
Time = 0.8941586017608643
Num Params = 1728970
Ratio = 0.1847213458460267
---------------------34.000000_2.000000.net-----------------------
Accuracy = 0.5871666666666666
Time = 0.738544225692749
Num Params = 1728970
Ratio = 0.1847213458460267
---------------------90.000000_1.000000.net-----------------------
Accuracy = 0.596
Time = 0.7614030838012695
Num Params = 1728970
Ratio = 0.1847213458460267
---------------------89.000000_4.000000.net-----------------------
Accuracy = 0.596
Time = 0.7592222690582275
Num Params = 1728970
Ratio = 0.1847213458460267
---------------------76.000000_2.000000.net-----------------------
Accuracy = 0.5906666666666667
Time = 0.7509565353393555
Num Params = 1728970
Ratio = 0.1847213458460267
---------------------90.000000_0.000000.net-----------------------
Accuracy = 0.5416666666666666
Time = 0.7514257431030273
Num Params = 1729482
Ratio = 0.18477604739034104
---------------------16.000000_2.000000.net-----------------------
Accuracy = 0.5865
Time = 0.7846555709838867
Num Params = 1730122
Ratio = 0.18484442432073395
---------------------42.000000_1.000000.net-----------------------
Accuracy = 0.6095
Time = 0.8408918380737305
Num Params = 1728970
Ratio = 0.1847213458460267
---------------------65.000000_2.000000.net-----------------------
Accuracy = 0.558
Time = 0.8181028366088867
Num Params = 1728970
Ratio = 0.1847213458460267
---------------------93.000000_4.000000.net-----------------------
Accuracy = 0.6023333333333334
Time = 0.7628817558288574
Num Params = 1728970
Ratio = 0.1847213458460267
---------------------23.000000_2.000000.net-----------------------
Accuracy = 0.5981666666666666
Time = 0.7873389720916748
Num Params = 1728970
Ratio = 0.1847213458460267
---------------------32.000000_4.000000.net-----------------------
Accuracy = 0.5811666666666667
Time = 0.7223114967346191
Num Params = 1728970
Ratio = 0.1847213458460267
---------------------60.000000_3.000000.net-----------------------
Accuracy = 0.594
Time = 0.7201499938964844
Num Params = 1728970
Ratio = 0.1847213458460267
---------------------68.000000_2.000000.net-----------------------
Accuracy = 0.5843333333333334
Time = 0.7845802307128906
Num Params = 1728970
Ratio = 0.1847213458460267
---------------------72.000000_4.000000.net-----------------------
Accuracy = 0.5885
Time = 0.7212867736816406
Num Params = 1728970
Ratio = 0.1847213458460267
---------------------21.000000_1.000000.net-----------------------
Accuracy = 0.5496666666666666
Time = 0.7618191242218018
Num Params = 4088906
Ratio = 0.4368544389769016
---------------------57.000000_2.000000.net-----------------------
Accuracy = 0.5456666666666666
Time = 0.7028570175170898
Num Params = 1728970
Ratio = 0.1847213458460267
---------------------95.000000_2.000000.net-----------------------
Accuracy = 0.601
Time = 0.7077829837799072
Num Params = 1728970
Ratio = 0.1847213458460267
---------------------93.000000_3.000000.net-----------------------
Accuracy = 0.573
Time = 0.784404993057251
Num Params = 1728970
Ratio = 0.1847213458460267
---------------------78.000000_3.000000.net-----------------------
Accuracy = 0.5906666666666667
Time = 0.7164649963378906
Num Params = 1728970
Ratio = 0.1847213458460267
---------------------47.000000_0.000000.net-----------------------
Accuracy = 0.5783333333333334
Time = 0.7057170867919922
Num Params = 1728970
Ratio = 0.1847213458460267
---------------------18.000000_3.000000.net-----------------------
Accuracy = 0.6156666666666667
Time = 0.8124368190765381
Num Params = 4680266
Ratio = 0.5000347226599652
---------------------85.000000_0.000000.net-----------------------
Accuracy = 0.5776666666666667
Time = 0.7897937297821045
Num Params = 1728970
Ratio = 0.1847213458460267
---------------------55.000000_3.000000.net-----------------------
Accuracy = 0.5905
Time = 0.7437801361083984
Num Params = 1728970
Ratio = 0.1847213458460267
---------------------45.000000_4.000000.net-----------------------
Accuracy = 0.5875
Time = 0.782221794128418
Num Params = 1728970
Ratio = 0.1847213458460267
---------------------28.000000_3.000000.net-----------------------
Accuracy = 0.5663333333333334
Time = 0.8144311904907227
Num Params = 1728970
Ratio = 0.1847213458460267
---------------------89.000000_0.000000.net-----------------------
Accuracy = 0.5965
Time = 0.805523157119751
Num Params = 1728970
Ratio = 0.1847213458460267
---------------------78.000000_0.000000.net-----------------------
Accuracy = 0.5765
Time = 0.7268574237823486
Num Params = 1728970
Ratio = 0.1847213458460267
---------------------25.000000_2.000000.net-----------------------
Accuracy = 0.5741666666666667
Time = 0.8568153381347656
Num Params = 1728970
Ratio = 0.1847213458460267
---------------------7.000000_2.000000.net-----------------------
Accuracy = 0.6213333333333333
Time = 1.0082056522369385
Num Params = 3723466
Ratio = 0.39781121172254097
---------------------47.000000_4.000000.net-----------------------
Accuracy = 0.5711666666666667
Time = 0.7045326232910156
Num Params = 1728970
Ratio = 0.1847213458460267
---------------------79.000000_2.000000.net-----------------------
Accuracy = 0.6005
Time = 0.7035503387451172
Num Params = 1728970
Ratio = 0.1847213458460267
---------------------5.000000_2.000000.net-----------------------
Accuracy = 0.49766666666666665
Time = 1.1100306510925293
Num Params = 8183882
Ratio = 0.8743573904029986
---------------------59.000000_3.000000.net-----------------------
Accuracy = 0.6013333333333334
Time = 0.71954345703125
Num Params = 1728970
Ratio = 0.1847213458460267
---------------------48.000000_2.000000.net-----------------------
Accuracy = 0.6023333333333334
Time = 0.7203898429870605
Num Params = 1728970
Ratio = 0.1847213458460267
---------------------58.000000_1.000000.net-----------------------
Accuracy = 0.5991666666666666
Time = 0.7083187103271484
Num Params = 1728970
Ratio = 0.1847213458460267
---------------------38.000000_2.000000.net-----------------------
Accuracy = 0.6105
Time = 0.703096866607666
Num Params = 1728970
Ratio = 0.1847213458460267
---------------------88.000000_4.000000.net-----------------------
Accuracy = 0.5805
Time = 0.7048318386077881
Num Params = 1728970
Ratio = 0.1847213458460267
---------------------53.000000_3.000000.net-----------------------
Accuracy = 0.5698333333333333
Time = 0.7569429874420166
Num Params = 1728970
Ratio = 0.1847213458460267
---------------------22.000000_2.000000.net-----------------------
Accuracy = 0.58
Time = 0.7859644889831543
Num Params = 1729482
Ratio = 0.18477604739034104
---------------------52.000000_0.000000.net-----------------------
Accuracy = 0.5886666666666667
Time = 0.7072796821594238
Num Params = 1728970
Ratio = 0.1847213458460267
---------------------19.000000_1.000000.net-----------------------
Accuracy = 0.5825
Time = 0.8648183345794678
Num Params = 4973386
Ratio = 0.5313513567799252
---------------------94.000000_2.000000.net-----------------------
Accuracy = 0.6056666666666667
Time = 0.712092399597168
Num Params = 1728970
Ratio = 0.1847213458460267
---------------------57.000000_4.000000.net-----------------------
Accuracy = 0.5796666666666667
Time = 0.712827205657959
Num Params = 1728970
Ratio = 0.1847213458460267
---------------------90.000000_2.000000.net-----------------------
Accuracy = 0.5893333333333334
Time = 0.7103185653686523
Num Params = 1728970
Ratio = 0.1847213458460267
---------------------55.000000_0.000000.net-----------------------
Accuracy = 0.5935
Time = 0.7215487957000732
Num Params = 1728970
Ratio = 0.1847213458460267
---------------------70.000000_2.000000.net-----------------------
Accuracy = 0.5616666666666666
Time = 0.7122735977172852
Num Params = 1728970
Ratio = 0.1847213458460267
---------------------54.000000_3.000000.net-----------------------
Accuracy = 0.5835
Time = 0.7052135467529297
Num Params = 1728970
Ratio = 0.1847213458460267
---------------------29.000000_3.000000.net-----------------------
Accuracy = 0.5853333333333334
Time = 0.856285572052002
Num Params = 1728970
Ratio = 0.1847213458460267
---------------------68.000000_1.000000.net-----------------------
Accuracy = 0.563
Time = 0.711479663848877
Num Params = 1728970
Ratio = 0.1847213458460267
---------------------96.000000_4.000000.net-----------------------
Accuracy = 0.5813333333333334
Time = 0.7048101425170898
Num Params = 1728970
Ratio = 0.1847213458460267
---------------------90.000000_4.000000.net-----------------------
Accuracy = 0.5801666666666667
Time = 0.7036466598510742
Num Params = 1728970
Ratio = 0.1847213458460267
---------------------8.000000_0.000000.net-----------------------
Accuracy = 0.5333333333333333
Time = 1.0858817100524902
Num Params = 5566666
Ratio = 0.5947367712541676
---------------------2.000000_4.000000.net-----------------------
Accuracy = 0.6033333333333334
Time = 0.9955906867980957
Num Params = 7926346
Ratio = 0.8468425136128853
---------------------94.000000_3.000000.net-----------------------
Accuracy = 0.5935
Time = 0.7046031951904297
Num Params = 1728970
Ratio = 0.1847213458460267
---------------------92.000000_3.000000.net-----------------------
Accuracy = 0.5973333333333334
Time = 0.712181568145752
Num Params = 1728970
Ratio = 0.1847213458460267
---------------------33.000000_3.000000.net-----------------------
Accuracy = 0.5851666666666666
Time = 0.7102229595184326
Num Params = 1728970
Ratio = 0.1847213458460267
---------------------53.000000_0.000000.net-----------------------
Accuracy = 0.5826666666666667
Time = 0.7117464542388916
Num Params = 1728970
Ratio = 0.1847213458460267
---------------------2.000000_2.000000.net-----------------------
Accuracy = 0.5915
Time = 0.850121259689331
Num Params = 2064074
Ratio = 0.2205235065997627
---------------------11.000000_3.000000.net-----------------------
Accuracy = 0.6661666666666668
Time = 0.9598953723907471
Num Params = 3609802
Ratio = 0.3856674688847573
---------------------60.000000_0.000000.net-----------------------
Accuracy = 0.5961666666666666
Time = 0.7093961238861084
Num Params = 1728970
Ratio = 0.1847213458460267
---------------------63.000000_0.000000.net-----------------------
Accuracy = 0.5588333333333333
Time = 0.881767988204956
Num Params = 1728970
Ratio = 0.1847213458460267
---------------------36.000000_0.000000.net-----------------------
Accuracy = 0.5808333333333333
Time = 0.7226607799530029
Num Params = 1728970
Ratio = 0.1847213458460267
---------------------99.000000_0.000000.net-----------------------
Accuracy = 0.5976666666666667
Time = 0.7125811576843262
Num Params = 1728970
Ratio = 0.1847213458460267
---------------------52.000000_4.000000.net-----------------------
Accuracy = 0.5863333333333334
Time = 0.7123355865478516
Num Params = 1728970
Ratio = 0.1847213458460267
---------------------98.000000_2.000000.net-----------------------
Accuracy = 0.588
Time = 0.7659361362457275
Num Params = 1728970
Ratio = 0.1847213458460267
---------------------4.000000_3.000000.net-----------------------
Accuracy = 0.6393333333333333
Time = 0.8743767738342285
Num Params = 4424266
Ratio = 0.4726839505027948
---------------------31.000000_0.000000.net-----------------------
Accuracy = 0.6026666666666667
Time = 0.7143011093139648
Num Params = 1728970
Ratio = 0.1847213458460267
---------------------81.000000_1.000000.net-----------------------
Accuracy = 0.5936666666666667
Time = 0.7056901454925537
Num Params = 1728970
Ratio = 0.1847213458460267
---------------------74.000000_3.000000.net-----------------------
Accuracy = 0.5958333333333333
Time = 0.7068090438842773
Num Params = 1728970
Ratio = 0.1847213458460267
---------------------69.000000_1.000000.net-----------------------
Accuracy = 0.5993333333333334
Time = 0.7083299160003662
Num Params = 1728970
Ratio = 0.1847213458460267
---------------------70.000000_3.000000.net-----------------------
Accuracy = 0.5598333333333333
Time = 0.7085654735565186
Num Params = 1728970
Ratio = 0.1847213458460267
---------------------4.000000_1.000000.net-----------------------
Accuracy = 0.5321666666666667
Time = 1.1574654579162598
Num Params = 6230218
Ratio = 0.6656299726855531
---------------------78.000000_4.000000.net-----------------------
Accuracy = 0.5928333333333333
Time = 0.7594773769378662
Num Params = 1728970
Ratio = 0.1847213458460267
---------------------40.000000_1.000000.net-----------------------
Accuracy = 0.6011666666666666
Time = 0.7493453025817871
Num Params = 1728970
Ratio = 0.1847213458460267
---------------------58.000000_3.000000.net-----------------------
Accuracy = 0.5795
Time = 0.8840010166168213
Num Params = 1728970
Ratio = 0.1847213458460267
---------------------71.000000_1.000000.net-----------------------
Accuracy = 0.5988333333333333
Time = 0.8041305541992188
Num Params = 1728970
Ratio = 0.1847213458460267
---------------------71.000000_0.000000.net-----------------------
Accuracy = 0.6015
Time = 0.7597348690032959
Num Params = 1728970
Ratio = 0.1847213458460267
---------------------81.000000_0.000000.net-----------------------
Accuracy = 0.5866666666666667
Time = 0.8394870758056641
Num Params = 1728970
Ratio = 0.1847213458460267
---------------------30.000000_0.000000.net-----------------------
Accuracy = 0.583
Time = 0.8353886604309082
Num Params = 1728970
Ratio = 0.1847213458460267
---------------------4.000000_0.000000.net-----------------------
Accuracy = 0.6908333333333333
Time = 1.0536844730377197
Num Params = 5160138
Ratio = 0.551303745068581
---------------------87.000000_4.000000.net-----------------------
Accuracy = 0.5928333333333333
Time = 0.7299833297729492
Num Params = 1728970
Ratio = 0.1847213458460267
---------------------74.000000_2.000000.net-----------------------
Accuracy = 0.5878333333333333
Time = 0.7237842082977295
Num Params = 1728970
Ratio = 0.1847213458460267
---------------------34.000000_1.000000.net-----------------------
Accuracy = 0.6075
Time = 0.7252204418182373
Num Params = 1728970
Ratio = 0.1847213458460267
---------------------74.000000_4.000000.net-----------------------
Accuracy = 0.5883333333333334
Time = 0.8187403678894043
Num Params = 1728970
Ratio = 0.1847213458460267
---------------------55.000000_4.000000.net-----------------------
Accuracy = 0.606
Time = 0.775111198425293
Num Params = 1728970
Ratio = 0.1847213458460267
---------------------55.000000_1.000000.net-----------------------
Accuracy = 0.5908333333333333
Time = 0.7698900699615479
Num Params = 1728970
Ratio = 0.1847213458460267
---------------------5.000000_4.000000.net-----------------------
Accuracy = 0.555
Time = 1.033797025680542
Num Params = 7408586
Ratio = 0.7915255769250082
---------------------30.000000_4.000000.net-----------------------
Accuracy = 0.5953333333333334
Time = 0.7677357196807861
Num Params = 1728970
Ratio = 0.1847213458460267
---------------------66.000000_1.000000.net-----------------------
Accuracy = 0.5885
Time = 0.7684485912322998
Num Params = 1728970
Ratio = 0.1847213458460267
---------------------52.000000_2.000000.net-----------------------
Accuracy = 0.5916666666666667
Time = 0.843940258026123
Num Params = 1728970
Ratio = 0.1847213458460267
---------------------46.000000_1.000000.net-----------------------
Accuracy = 0.5836666666666667
Time = 0.8452303409576416
Num Params = 1728970
Ratio = 0.1847213458460267
---------------------63.000000_4.000000.net-----------------------
Accuracy = 0.577
Time = 0.8516173362731934
Num Params = 1728970
Ratio = 0.1847213458460267
---------------------74.000000_1.000000.net-----------------------
Accuracy = 0.5946666666666667
Time = 0.7792677879333496
Num Params = 1728970
Ratio = 0.1847213458460267
---------------------70.000000_1.000000.net-----------------------
Accuracy = 0.5586666666666666
Time = 0.8543195724487305
Num Params = 1728970
Ratio = 0.1847213458460267
---------------------84.000000_2.000000.net-----------------------
Accuracy = 0.5991666666666666
Time = 0.8317501544952393
Num Params = 1728970
Ratio = 0.1847213458460267
---------------------50.000000_0.000000.net-----------------------
Accuracy = 0.6025
Time = 0.9289445877075195
Num Params = 1728970
Ratio = 0.1847213458460267
---------------------40.000000_3.000000.net-----------------------
Accuracy = 0.6058333333333333
Time = 0.7947342395782471
Num Params = 1728970
Ratio = 0.1847213458460267
---------------------48.000000_3.000000.net-----------------------
Accuracy = 0.5848333333333333
Time = 0.8280239105224609
Num Params = 1728970
Ratio = 0.1847213458460267
---------------------39.000000_0.000000.net-----------------------
Accuracy = 0.5715
Time = 0.840273380279541
Num Params = 1728970
Ratio = 0.1847213458460267
---------------------30.000000_2.000000.net-----------------------
Accuracy = 0.5826666666666667
Time = 0.7689113616943359
Num Params = 1728970
Ratio = 0.1847213458460267
---------------------31.000000_2.000000.net-----------------------
Accuracy = 0.6058333333333333
Time = 0.7668719291687012
Num Params = 1728970
Ratio = 0.1847213458460267
---------------------33.000000_4.000000.net-----------------------
Accuracy = 0.5821666666666667
Time = 0.9037699699401855
Num Params = 1728970
Ratio = 0.1847213458460267
---------------------47.000000_2.000000.net-----------------------
Accuracy = 0.5718333333333333
Time = 0.7810273170471191
Num Params = 1728970
Ratio = 0.1847213458460267
---------------------10.000000_3.000000.net-----------------------
Accuracy = 0.6976666666666667
Time = 1.0779564380645752
Num Params = 9878474
Ratio = 1.0554058266973878
---------------------82.000000_4.000000.net-----------------------
Accuracy = 0.5885
Time = 0.802274227142334
Num Params = 1728970
Ratio = 0.1847213458460267
---------------------0.000000_4.000000.net-----------------------
Accuracy = 0.5648333333333333
Time = 1.0892126560211182
Num Params = 6821066
Ratio = 0.7287555548243023
---------------------46.000000_2.000000.net-----------------------
Accuracy = 0.5908333333333333
Time = 0.7401406764984131
Num Params = 1728970
Ratio = 0.1847213458460267
---------------------13.000000_3.000000.net-----------------------
Accuracy = 0.6495000000000001
Time = 0.8660144805908203
Num Params = 2471882
Ratio = 0.2640932866461351
---------------------21.000000_3.000000.net-----------------------
Accuracy = 0.597
Time = 0.7382616996765137
Num Params = 1729482
Ratio = 0.18477604739034104
---------------------91.000000_2.000000.net-----------------------
Accuracy = 0.5981666666666666
Time = 0.7318687438964844
Num Params = 1728970
Ratio = 0.1847213458460267
---------------------85.000000_4.000000.net-----------------------
Accuracy = 0.582
Time = 0.8203132152557373
Num Params = 1728970
Ratio = 0.1847213458460267
---------------------19.000000_2.000000.net-----------------------
Accuracy = 0.537
Time = 1.01448392868042
Num Params = 2097738
Ratio = 0.2241201331384306
---------------------54.000000_4.000000.net-----------------------
Accuracy = 0.5876666666666667
Time = 0.7796554565429688
Num Params = 1728970
Ratio = 0.1847213458460267
---------------------79.000000_3.000000.net-----------------------
Accuracy = 0.6115
Time = 0.8586845397949219
Num Params = 1728970
Ratio = 0.1847213458460267
---------------------5.000000_0.000000.net-----------------------
Accuracy = 0.5778333333333333
Time = 0.9890437126159668
Num Params = 2432202
Ratio = 0.2598539169617737
---------------------79.000000_1.000000.net-----------------------
Accuracy = 0.6063333333333333
Time = 0.8228754997253418
Num Params = 1728970
Ratio = 0.1847213458460267
---------------------15.000000_0.000000.net-----------------------
Accuracy = 0.6601666666666667
Time = 0.9584510326385498
Num Params = 4163146
Ratio = 0.444786162902481
---------------------69.000000_0.000000.net-----------------------
Accuracy = 0.6
Time = 0.7756397724151611
Num Params = 1728970
Ratio = 0.1847213458460267
---------------------11.000000_1.000000.net-----------------------
Accuracy = 0.6486666666666666
Time = 0.9087038040161133
Num Params = 4792778
Ratio = 0.5120553870230415
---------------------75.000000_4.000000.net-----------------------
Accuracy = 0.578
Time = 0.7099652290344238
Num Params = 1728970
Ratio = 0.1847213458460267
---------------------54.000000_0.000000.net-----------------------
Accuracy = 0.5741666666666667
Time = 0.7104854583740234
Num Params = 1728970
Ratio = 0.1847213458460267
---------------------34.000000_0.000000.net-----------------------
Accuracy = 0.5985
Time = 0.7162809371948242
Num Params = 1728970
Ratio = 0.1847213458460267
---------------------86.000000_4.000000.net-----------------------
Accuracy = 0.5705
Time = 0.7077302932739258
Num Params = 1728970
Ratio = 0.1847213458460267
---------------------83.000000_0.000000.net-----------------------
Accuracy = 0.6065
Time = 0.7084438800811768
Num Params = 1728970
Ratio = 0.1847213458460267
---------------------37.000000_1.000000.net-----------------------
Accuracy = 0.5791666666666667
Time = 0.7069931030273438
Num Params = 1728970
Ratio = 0.1847213458460267
---------------------20.000000_1.000000.net-----------------------
Accuracy = 0.58
Time = 0.8363432884216309
Num Params = 2134986
Ratio = 0.22809967048729887
---------------------27.000000_4.000000.net-----------------------
Accuracy = 0.6116666666666667
Time = 0.7032413482666016
Num Params = 1728970
Ratio = 0.1847213458460267
---------------------72.000000_3.000000.net-----------------------
Accuracy = 0.5858333333333333
Time = 0.7124373912811279
Num Params = 1728970
Ratio = 0.1847213458460267
---------------------97.000000_4.000000.net-----------------------
Accuracy = 0.5945
Time = 0.7044291496276855
Num Params = 1728970
Ratio = 0.1847213458460267
---------------------20.000000_0.000000.net-----------------------
Accuracy = 0.6341666666666667
Time = 0.8176138401031494
Num Params = 2504266
Ratio = 0.26755315932401713
---------------------60.000000_4.000000.net-----------------------
Accuracy = 0.5918333333333333
Time = 0.7068469524383545
Num Params = 1728970
Ratio = 0.1847213458460267
---------------------46.000000_3.000000.net-----------------------
Accuracy = 0.5886666666666667
Time = 0.7156503200531006
Num Params = 1728970
Ratio = 0.1847213458460267
---------------------27.000000_3.000000.net-----------------------
Accuracy = 0.6116666666666667
Time = 0.7130835056304932
Num Params = 1728970
Ratio = 0.1847213458460267
---------------------18.000000_1.000000.net-----------------------
Accuracy = 0.556
Time = 0.8078916072845459
Num Params = 1952330
Ratio = 0.20858489455315782
---------------------28.000000_0.000000.net-----------------------
Accuracy = 0.5763333333333334
Time = 0.7165060043334961
Num Params = 1728970
Ratio = 0.1847213458460267
---------------------50.000000_3.000000.net-----------------------
Accuracy = 0.6015
Time = 0.7102394104003906
Num Params = 1728970
Ratio = 0.1847213458460267
---------------------61.000000_0.000000.net-----------------------
Accuracy = 0.585
Time = 0.8166518211364746
Num Params = 1728970
Ratio = 0.1847213458460267
---------------------38.000000_4.000000.net-----------------------
Accuracy = 0.6186666666666667
Time = 0.8476123809814453
Num Params = 1728970
Ratio = 0.1847213458460267
---------------------30.000000_1.000000.net-----------------------
Accuracy = 0.6008333333333333
Time = 0.7868938446044922
Num Params = 1728970
Ratio = 0.1847213458460267
---------------------46.000000_0.000000.net-----------------------
Accuracy = 0.5888333333333333
Time = 0.8158252239227295
Num Params = 1728970
Ratio = 0.1847213458460267
---------------------69.000000_4.000000.net-----------------------
Accuracy = 0.5791666666666667
Time = 0.7457587718963623
Num Params = 1728970
Ratio = 0.1847213458460267
---------------------87.000000_2.000000.net-----------------------
Accuracy = 0.5923333333333334
Time = 0.8410813808441162
Num Params = 1728970
Ratio = 0.1847213458460267
---------------------1.000000_4.000000.net-----------------------
Accuracy = 0.527
Time = 1.152494192123413
Num Params = 5123402
Ratio = 0.547378909264027
---------------------20.000000_4.000000.net-----------------------
Accuracy = 0.6108333333333333
Time = 0.9685239791870117
Num Params = 4164298
Ratio = 0.4449092413771883
---------------------22.000000_4.000000.net-----------------------
Accuracy = 0.605
Time = 0.7619483470916748
Num Params = 1729098
Ratio = 0.18473502123210528
---------------------25.000000_0.000000.net-----------------------
Accuracy = 0.5698333333333333
Time = 0.7217190265655518
Num Params = 1728970
Ratio = 0.1847213458460267
---------------------60.000000_2.000000.net-----------------------
Accuracy = 0.5861666666666666
Time = 0.7960965633392334
Num Params = 1728970
Ratio = 0.1847213458460267
---------------------96.000000_2.000000.net-----------------------
Accuracy = 0.585
Time = 0.7050447463989258
Num Params = 1728970
Ratio = 0.1847213458460267
---------------------25.000000_3.000000.net-----------------------
Accuracy = 0.5705
Time = 0.7046163082122803
Num Params = 1728970
Ratio = 0.1847213458460267
---------------------83.000000_4.000000.net-----------------------
Accuracy = 0.5983333333333334
Time = 0.7084445953369141
Num Params = 1728970
Ratio = 0.1847213458460267
---------------------84.000000_0.000000.net-----------------------
Accuracy = 0.6018333333333333
Time = 0.7072775363922119
Num Params = 1728970
Ratio = 0.1847213458460267
---------------------52.000000_3.000000.net-----------------------
Accuracy = 0.59
Time = 0.7050058841705322
Num Params = 1728970
Ratio = 0.1847213458460267
---------------------81.000000_4.000000.net-----------------------
Accuracy = 0.5931666666666666
Time = 0.707139253616333
Num Params = 1728970
Ratio = 0.1847213458460267
---------------------58.000000_4.000000.net-----------------------
Accuracy = 0.5888333333333333
Time = 0.8099837303161621
Num Params = 1728970
Ratio = 0.1847213458460267
---------------------18.000000_2.000000.net-----------------------
Accuracy = 0.6163333333333333
Time = 0.9643003940582275
Num Params = 4310474
Ratio = 0.4605265322789326
---------------------43.000000_2.000000.net-----------------------
Accuracy = 0.5903333333333334
Time = 0.7547721862792969
Num Params = 1728970
Ratio = 0.1847213458460267
---------------------36.000000_4.000000.net-----------------------
Accuracy = 0.5963333333333334
Time = 0.7100727558135986
Num Params = 1728970
Ratio = 0.1847213458460267
---------------------76.000000_1.000000.net-----------------------
Accuracy = 0.601
Time = 0.7054464817047119
Num Params = 1728970
Ratio = 0.1847213458460267
---------------------91.000000_4.000000.net-----------------------
Accuracy = 0.5996666666666667
Time = 0.8017339706420898
Num Params = 1728970
Ratio = 0.1847213458460267
---------------------17.000000_3.000000.net-----------------------
Accuracy = 0.5396666666666666
Time = 0.9354856014251709
Num Params = 1915466
Ratio = 0.2046463833625253
---------------------9.000000_1.000000.net-----------------------
Accuracy = 0.5666666666666667
Time = 0.9722139835357666
Num Params = 5344586
Ratio = 0.5710099764078223
---------------------78.000000_2.000000.net-----------------------
Accuracy = 0.5855
Time = 0.746272087097168
Num Params = 1728970
Ratio = 0.1847213458460267
---------------------76.000000_4.000000.net-----------------------
Accuracy = 0.5833333333333334
Time = 0.7273194789886475
Num Params = 1728970
Ratio = 0.1847213458460267
---------------------13.000000_2.000000.net-----------------------
Accuracy = 0.6108333333333333
Time = 0.9414229393005371
Num Params = 6524618
Ratio = 0.697083360666299
---------------------84.000000_3.000000.net-----------------------
Accuracy = 0.6071666666666666
Time = 0.8453512191772461
Num Params = 1728970
Ratio = 0.1847213458460267
---------------------13.000000_4.000000.net-----------------------
Accuracy = 0.6013333333333334
Time = 0.9694511890411377
Num Params = 5049674
Ratio = 0.539501886882762
---------------------25.000000_4.000000.net-----------------------
Accuracy = 0.5711666666666667
Time = 0.713815450668335
Num Params = 1728970
Ratio = 0.1847213458460267
---------------------28.000000_2.000000.net-----------------------
Accuracy = 0.592
Time = 0.7031557559967041
Num Params = 1728970
Ratio = 0.1847213458460267
---------------------76.000000_3.000000.net-----------------------
Accuracy = 0.593
Time = 0.7053987979888916
Num Params = 1728970
Ratio = 0.1847213458460267
---------------------75.000000_3.000000.net-----------------------
Accuracy = 0.5923333333333334
Time = 0.7039000988006592
Num Params = 1728970
Ratio = 0.1847213458460267
---------------------68.000000_4.000000.net-----------------------
Accuracy = 0.5628333333333333
Time = 0.7060678005218506
Num Params = 1728970
Ratio = 0.1847213458460267
---------------------86.000000_2.000000.net-----------------------
Accuracy = 0.5855
Time = 0.7977447509765625
Num Params = 1728970
Ratio = 0.1847213458460267
---------------------61.000000_3.000000.net-----------------------
Accuracy = 0.5948333333333333
Time = 0.7407524585723877
Num Params = 1728970
Ratio = 0.1847213458460267
---------------------95.000000_1.000000.net-----------------------
Accuracy = 0.6008333333333333
Time = 0.7282183170318604
Num Params = 1728970
Ratio = 0.1847213458460267
---------------------38.000000_1.000000.net-----------------------
Accuracy = 0.6143333333333333
Time = 0.7296149730682373
Num Params = 1728970
Ratio = 0.1847213458460267
---------------------12.000000_2.000000.net-----------------------
Accuracy = 0.5471666666666667
Time = 1.2819299697875977
Num Params = 5565386
Ratio = 0.5946000173933816
---------------------85.000000_2.000000.net-----------------------
Accuracy = 0.5856666666666667
Time = 0.7557854652404785
Num Params = 1728970
Ratio = 0.1847213458460267
---------------------77.000000_4.000000.net-----------------------
Accuracy = 0.5928333333333333
Time = 0.7167999744415283
Num Params = 1728970
Ratio = 0.1847213458460267
---------------------62.000000_2.000000.net-----------------------
Accuracy = 0.5863333333333334
Time = 0.7103514671325684
Num Params = 1728970
Ratio = 0.1847213458460267
---------------------48.000000_4.000000.net-----------------------
Accuracy = 0.5921666666666666
Time = 0.7786908149719238
Num Params = 1728970
Ratio = 0.1847213458460267
---------------------67.000000_1.000000.net-----------------------
Accuracy = 0.5803333333333334
Time = 0.8083434104919434
Num Params = 1728970
Ratio = 0.1847213458460267
---------------------81.000000_3.000000.net-----------------------
Accuracy = 0.6105
Time = 0.886202335357666
Num Params = 1728970
Ratio = 0.1847213458460267
---------------------35.000000_4.000000.net-----------------------
Accuracy = 0.5936666666666667
Time = 0.8251628875732422
Num Params = 1728970
Ratio = 0.1847213458460267
---------------------89.000000_3.000000.net-----------------------
Accuracy = 0.6015
Time = 0.9614324569702148
Num Params = 1728970
Ratio = 0.1847213458460267
---------------------46.000000_4.000000.net-----------------------
Accuracy = 0.584
Time = 0.7269387245178223
Num Params = 1728970
Ratio = 0.1847213458460267
---------------------87.000000_3.000000.net-----------------------
Accuracy = 0.5948333333333333
Time = 0.8907270431518555
Num Params = 1728970
Ratio = 0.1847213458460267
---------------------47.000000_1.000000.net-----------------------
Accuracy = 0.5753333333333334
Time = 0.7941193580627441
Num Params = 1728970
Ratio = 0.1847213458460267
---------------------97.000000_2.000000.net-----------------------
Accuracy = 0.6123333333333333
Time = 0.8094053268432617
Num Params = 1728970
Ratio = 0.1847213458460267
---------------------2.000000_1.000000.net-----------------------
Accuracy = 0.6155
Time = 1.1522057056427002
Num Params = 10137802
Ratio = 1.0831121588926014
---------------------65.000000_3.000000.net-----------------------
Accuracy = 0.5666666666666667
Time = 0.7660648822784424
Num Params = 1728970
Ratio = 0.1847213458460267
---------------------10.000000_2.000000.net-----------------------
Accuracy = 0.5898333333333333
Time = 0.9670102596282959
Num Params = 4941130
Ratio = 0.5279051594881218
---------------------19.000000_0.000000.net-----------------------
Accuracy = 0.6275
Time = 0.9523191452026367
Num Params = 4420170
Ratio = 0.4722463381482801
---------------------58.000000_2.000000.net-----------------------
Accuracy = 0.5891666666666666
Time = 0.8709092140197754
Num Params = 1728970
Ratio = 0.1847213458460267
---------------------97.000000_3.000000.net-----------------------
Accuracy = 0.605
Time = 0.8920257091522217
Num Params = 1728970
Ratio = 0.1847213458460267
---------------------20.000000_3.000000.net-----------------------
Accuracy = 0.6083333333333333
Time = 0.8650689125061035
Num Params = 1914698
Ratio = 0.2045643310460538
---------------------77.000000_3.000000.net-----------------------
Accuracy = 0.6065
Time = 0.7946386337280273
Num Params = 1728970
Ratio = 0.1847213458460267
---------------------19.000000_4.000000.net-----------------------
Accuracy = 0.555
Time = 0.8159897327423096
Num Params = 1802954
Ratio = 0.1926257189994489
---------------------65.000000_4.000000.net-----------------------
Accuracy = 0.5665
Time = 0.8641533851623535
Num Params = 1728970
Ratio = 0.1847213458460267
---------------------31.000000_4.000000.net-----------------------
Accuracy = 0.6121666666666666
Time = 0.7846066951751709
Num Params = 1728970
Ratio = 0.1847213458460267
---------------------63.000000_2.000000.net-----------------------
Accuracy = 0.5935
Time = 0.7671964168548584
Num Params = 1728970
Ratio = 0.1847213458460267
---------------------56.000000_4.000000.net-----------------------
Accuracy = 0.6028333333333333
Time = 0.7423992156982422
Num Params = 1728970
Ratio = 0.1847213458460267
---------------------95.000000_0.000000.net-----------------------
Accuracy = 0.6045
Time = 0.7312150001525879
Num Params = 1728970
Ratio = 0.1847213458460267
---------------------3.000000_0.000000.net-----------------------
Accuracy = 0.5548333333333333
Time = 1.154355525970459
Num Params = 5640778
Ratio = 0.6026548197936683
---------------------24.000000_1.000000.net-----------------------
Accuracy = 0.596
Time = 0.7464995384216309
Num Params = 1728970
Ratio = 0.1847213458460267
---------------------94.000000_1.000000.net-----------------------
Accuracy = 0.596
Time = 0.8028006553649902
Num Params = 1728970
Ratio = 0.1847213458460267
---------------------98.000000_4.000000.net-----------------------
Accuracy = 0.6006666666666667
Time = 0.7273120880126953
Num Params = 1728970
Ratio = 0.1847213458460267
---------------------8.000000_4.000000.net-----------------------
Accuracy = 0.463
Time = 0.9127159118652344
Num Params = 2691402
Ratio = 0.28754657377090864
---------------------7.000000_0.000000.net-----------------------
Accuracy = 0.5693333333333334
Time = 1.0740792751312256
Num Params = 6045514
Ratio = 0.6458963905741547
---------------------7.000000_4.000000.net-----------------------
Accuracy = 0.4875
Time = 0.8772950172424316
Num Params = 4423754
Ratio = 0.47262924895848046
---------------------41.000000_2.000000.net-----------------------
Accuracy = 0.6086666666666667
Time = 0.8133907318115234
Num Params = 1728970
Ratio = 0.1847213458460267
---------------------24.000000_0.000000.net-----------------------
Accuracy = 0.6023333333333334
Time = 0.7553684711456299
Num Params = 1728970
Ratio = 0.1847213458460267
---------------------8.000000_1.000000.net-----------------------
Accuracy = 0.5888333333333333
Time = 1.0613126754760742
Num Params = 6007114
Ratio = 0.6417937747505791
---------------------71.000000_4.000000.net-----------------------
Accuracy = 0.5868333333333333
Time = 0.7583081722259521
Num Params = 1728970
Ratio = 0.1847213458460267
---------------------57.000000_3.000000.net-----------------------
Accuracy = 0.5461666666666667
Time = 0.7576961517333984
Num Params = 1728970
Ratio = 0.1847213458460267
---------------------76.000000_0.000000.net-----------------------
Accuracy = 0.5908333333333333
Time = 0.9284753799438477
Num Params = 1728970
Ratio = 0.1847213458460267
---------------------60.000000_1.000000.net-----------------------
Accuracy = 0.5933333333333334
Time = 0.792382001876831
Num Params = 1728970
Ratio = 0.1847213458460267
---------------------17.000000_1.000000.net-----------------------
Accuracy = 0.661
Time = 0.8677124977111816
Num Params = 4238026
Ratio = 0.4527862637584534
---------------------28.000000_4.000000.net-----------------------
Accuracy = 0.571
Time = 0.8097949028015137
Num Params = 1728970
Ratio = 0.1847213458460267
---------------------22.000000_0.000000.net-----------------------
Accuracy = 0.6101666666666666
Time = 0.8482463359832764
Num Params = 1765834
Ratio = 0.18865985703665922
---------------------45.000000_1.000000.net-----------------------
Accuracy = 0.5758333333333333
Time = 0.716156005859375
Num Params = 1728970
Ratio = 0.1847213458460267
---------------------54.000000_1.000000.net-----------------------
Accuracy = 0.5763333333333334
Time = 0.7123446464538574
Num Params = 1728970
Ratio = 0.1847213458460267
---------------------98.000000_3.000000.net-----------------------
Accuracy = 0.5796666666666667
Time = 0.7058761119842529
Num Params = 1728970
Ratio = 0.1847213458460267
---------------------13.000000_0.000000.net-----------------------
Accuracy = 0.6318333333333334
Time = 0.7922258377075195
Num Params = 1803594
Ratio = 0.19269409592984185
---------------------47.000000_3.000000.net-----------------------
Accuracy = 0.5681666666666667
Time = 0.7135765552520752
Num Params = 1728970
Ratio = 0.1847213458460267
---------------------59.000000_2.000000.net-----------------------
Accuracy = 0.6
Time = 0.7189900875091553
Num Params = 1728970
Ratio = 0.1847213458460267
---------------------64.000000_3.000000.net-----------------------
Accuracy = 0.5826666666666667
Time = 0.7170031070709229
Num Params = 1728970
Ratio = 0.1847213458460267
---------------------40.000000_4.000000.net-----------------------
Accuracy = 0.5776666666666667
Time = 0.7203178405761719
Num Params = 1728970
Ratio = 0.1847213458460267
---------------------80.000000_0.000000.net-----------------------
Accuracy = 0.604
Time = 0.7254183292388916
Num Params = 1728970
Ratio = 0.1847213458460267
---------------------0.000000_0.000000.net-----------------------
Accuracy = 0.5681666666666667
Time = 1.204601526260376
Num Params = 6045770
Ratio = 0.6459237413463118
---------------------11.000000_4.000000.net-----------------------
Accuracy = 0.5818333333333333
Time = 1.0272598266601562
Num Params = 1842634
Ratio = 0.19686508868381034
---------------------21.000000_0.000000.net-----------------------
Accuracy = 0.5881666666666666
Time = 0.8607025146484375
Num Params = 4826698
Ratio = 0.5156793643338666
---------------------68.000000_0.000000.net-----------------------
Accuracy = 0.585
Time = 0.8810551166534424
Num Params = 1728970
Ratio = 0.1847213458460267
---------------------51.000000_0.000000.net-----------------------
Accuracy = 0.6065
Time = 0.8203897476196289
Num Params = 1728970
Ratio = 0.1847213458460267
---------------------56.000000_0.000000.net-----------------------
Accuracy = 0.6021666666666666
Time = 0.7327971458435059
Num Params = 1728970
Ratio = 0.1847213458460267
---------------------36.000000_2.000000.net-----------------------
Accuracy = 0.5855
Time = 0.7110335826873779
Num Params = 1728970
Ratio = 0.1847213458460267
---------------------9.000000_0.000000.net-----------------------
Accuracy = 0.6235
Time = 0.9931175708770752
Num Params = 5125450
Ratio = 0.5475977154412844
---------------------14.000000_3.000000.net-----------------------
Accuracy = 0.5555
Time = 0.825101375579834
Num Params = 1767882
Ratio = 0.18887866321391658
---------------------5.000000_3.000000.net-----------------------
Accuracy = 0.5645
Time = 0.8908171653747559
Num Params = 4865098
Ratio = 0.5197819801574421
---------------------67.000000_4.000000.net-----------------------
Accuracy = 0.5741666666666667
Time = 0.7144670486450195
Num Params = 1728970
Ratio = 0.1847213458460267
---------------------14.000000_1.000000.net-----------------------
Accuracy = 0.5948333333333333
Time = 1.0418288707733154
Num Params = 6633802
Ratio = 0.7087484649913321
---------------------4.000000_4.000000.net-----------------------
Accuracy = 0.6371666666666667
Time = 0.9295604228973389
Num Params = 5013706
Ratio = 0.5356591033946796
---------------------88.000000_0.000000.net-----------------------
Accuracy = 0.593
Time = 0.704758882522583
Num Params = 1728970
Ratio = 0.1847213458460267
---------------------26.000000_3.000000.net-----------------------
Accuracy = 0.5788333333333333
Time = 0.7049133777618408
Num Params = 1728970
Ratio = 0.1847213458460267
---------------------80.000000_1.000000.net-----------------------
Accuracy = 0.5931666666666666
Time = 0.7034008502960205
Num Params = 1728970
Ratio = 0.1847213458460267
---------------------49.000000_1.000000.net-----------------------
Accuracy = 0.5983333333333334
Time = 0.7051980495452881
Num Params = 1728970
Ratio = 0.1847213458460267
---------------------73.000000_0.000000.net-----------------------
Accuracy = 0.5941666666666666
Time = 0.7124645709991455
Num Params = 1728970
Ratio = 0.1847213458460267
---------------------31.000000_3.000000.net-----------------------
Accuracy = 0.615
Time = 0.7099900245666504
Num Params = 1728970
Ratio = 0.1847213458460267
---------------------23.000000_0.000000.net-----------------------
Accuracy = 0.5881666666666666
Time = 0.7126007080078125
Num Params = 1728970
Ratio = 0.1847213458460267
---------------------89.000000_1.000000.net-----------------------
Accuracy = 0.5818333333333333
Time = 0.7132384777069092
Num Params = 1728970
Ratio = 0.1847213458460267
---------------------18.000000_4.000000.net-----------------------
Accuracy = 0.6631666666666667
Time = 0.8590741157531738
Num Params = 2507850
Ratio = 0.2679360701342175
---------------------59.000000_4.000000.net-----------------------
Accuracy = 0.5948333333333333
Time = 0.7039928436279297
Num Params = 1728970
Ratio = 0.1847213458460267
---------------------86.000000_1.000000.net-----------------------
Accuracy = 0.5661666666666667
Time = 0.7062795162200928
Num Params = 1728970
Ratio = 0.1847213458460267
---------------------53.000000_4.000000.net-----------------------
Accuracy = 0.573
Time = 0.7028300762176514
Num Params = 1728970
Ratio = 0.1847213458460267
---------------------85.000000_1.000000.net-----------------------
Accuracy = 0.5898333333333333
Time = 0.702364444732666
Num Params = 1728970
Ratio = 0.1847213458460267
---------------------59.000000_1.000000.net-----------------------
Accuracy = 0.5931666666666666
Time = 0.7056913375854492
Num Params = 1728970
Ratio = 0.1847213458460267
---------------------6.000000_4.000000.net-----------------------
Accuracy = 0.628
Time = 0.9755682945251465
Num Params = 5345098
Ratio = 0.5710646779521366
---------------------69.000000_3.000000.net-----------------------
Accuracy = 0.5848333333333333
Time = 0.7128207683563232
Num Params = 1728970
Ratio = 0.1847213458460267
---------------------49.000000_0.000000.net-----------------------
Accuracy = 0.5891666666666666
Time = 0.705244779586792
Num Params = 1728970
Ratio = 0.1847213458460267
---------------------67.000000_3.000000.net-----------------------
Accuracy = 0.5846666666666667
Time = 0.7056405544281006
Num Params = 1728970
Ratio = 0.1847213458460267
---------------------28.000000_1.000000.net-----------------------
Accuracy = 0.5763333333333334
Time = 0.7983851432800293
Num Params = 1728970
Ratio = 0.1847213458460267
---------------------39.000000_3.000000.net-----------------------
Accuracy = 0.572
Time = 0.8100934028625488
Num Params = 1728970
Ratio = 0.1847213458460267
---------------------61.000000_4.000000.net-----------------------
Accuracy = 0.5891666666666666
Time = 0.7751250267028809
Num Params = 1728970
Ratio = 0.1847213458460267
---------------------38.000000_0.000000.net-----------------------
Accuracy = 0.6093333333333333
Time = 0.7756855487823486
Num Params = 1728970
Ratio = 0.1847213458460267
---------------------54.000000_2.000000.net-----------------------
Accuracy = 0.5905
Time = 0.7835373878479004
Num Params = 1728970
Ratio = 0.1847213458460267
---------------------92.000000_1.000000.net-----------------------
Accuracy = 0.5798333333333333
Time = 0.7730414867401123
Num Params = 1728970
Ratio = 0.1847213458460267
---------------------44.000000_3.000000.net-----------------------
Accuracy = 0.5901666666666666
Time = 0.773413896560669
Num Params = 1728970
Ratio = 0.1847213458460267
---------------------74.000000_0.000000.net-----------------------
Accuracy = 0.6035
Time = 0.7757587432861328
Num Params = 1728970
Ratio = 0.1847213458460267
---------------------73.000000_1.000000.net-----------------------
Accuracy = 0.5801666666666667
Time = 0.7724511623382568
Num Params = 1728970
Ratio = 0.1847213458460267
---------------------48.000000_0.000000.net-----------------------
Accuracy = 0.594
Time = 0.7731013298034668
Num Params = 1728970
Ratio = 0.1847213458460267
---------------------51.000000_2.000000.net-----------------------
Accuracy = 0.5925
Time = 0.7691869735717773
Num Params = 1728970
Ratio = 0.1847213458460267
---------------------24.000000_3.000000.net-----------------------
Accuracy = 0.6083333333333333
Time = 0.772486686706543
Num Params = 1728970
Ratio = 0.1847213458460267
---------------------43.000000_0.000000.net-----------------------
Accuracy = 0.585
Time = 0.7734875679016113
Num Params = 1728970
Ratio = 0.1847213458460267
---------------------62.000000_3.000000.net-----------------------
Accuracy = 0.5636666666666666
Time = 0.7723639011383057
Num Params = 1728970
Ratio = 0.1847213458460267
---------------------97.000000_0.000000.net-----------------------
Accuracy = 0.5988333333333333
Time = 0.7731034755706787
Num Params = 1728970
Ratio = 0.1847213458460267
---------------------43.000000_3.000000.net-----------------------
Accuracy = 0.5933333333333334
Time = 0.7741470336914062
Num Params = 1728970
Ratio = 0.1847213458460267
---------------------91.000000_0.000000.net-----------------------
Accuracy = 0.6138333333333333
Time = 0.7739517688751221
Num Params = 1728970
Ratio = 0.1847213458460267
---------------------35.000000_0.000000.net-----------------------
Accuracy = 0.5963333333333334
Time = 0.773909330368042
Num Params = 1728970
Ratio = 0.1847213458460267
---------------------49.000000_3.000000.net-----------------------
Accuracy = 0.5908333333333333
Time = 0.7709031105041504
Num Params = 1728970
Ratio = 0.1847213458460267
---------------------11.000000_2.000000.net-----------------------
Accuracy = 0.677
Time = 1.0005888938903809
Num Params = 7041354
Ratio = 0.7522908942655474
---------------------82.000000_1.000000.net-----------------------
Accuracy = 0.5963333333333334
Time = 0.7635998725891113
Num Params = 1728970
Ratio = 0.1847213458460267
---------------------8.000000_3.000000.net-----------------------
Accuracy = 0.6596666666666667
Time = 1.0134663581848145
Num Params = 7114826
Ratio = 0.7601405658746553
---------------------62.000000_4.000000.net-----------------------
Accuracy = 0.5813333333333334
Time = 0.7571253776550293
Num Params = 1728970
Ratio = 0.1847213458460267
---------------------18.000000_0.000000.net-----------------------
Accuracy = 0.67
Time = 0.9090185165405273
Num Params = 4826442
Ratio = 0.5156520135617094
---------------------80.000000_4.000000.net-----------------------
Accuracy = 0.6006666666666667
Time = 0.7477681636810303
Num Params = 1728970
Ratio = 0.1847213458460267
---------------------24.000000_4.000000.net-----------------------
Accuracy = 0.616
Time = 0.7463994026184082
Num Params = 1728970
Ratio = 0.1847213458460267
---------------------49.000000_4.000000.net-----------------------
Accuracy = 0.5913333333333334
Time = 0.749056339263916
Num Params = 1728970
Ratio = 0.1847213458460267
---------------------98.000000_1.000000.net-----------------------
Accuracy = 0.5865
Time = 0.7493767738342285
Num Params = 1728970
Ratio = 0.1847213458460267
---------------------95.000000_3.000000.net-----------------------
Accuracy = 0.602
Time = 0.7476711273193359
Num Params = 1728970
Ratio = 0.1847213458460267
---------------------66.000000_2.000000.net-----------------------
Accuracy = 0.585
Time = 0.7493941783905029
Num Params = 1728970
Ratio = 0.1847213458460267
---------------------17.000000_0.000000.net-----------------------
Accuracy = 0.6161666666666666
Time = 0.8477232456207275
Num Params = 4127562
Ratio = 0.44098440557263435
---------------------59.000000_0.000000.net-----------------------
Accuracy = 0.5925
Time = 0.7486221790313721
Num Params = 1728970
Ratio = 0.1847213458460267
---------------------32.000000_2.000000.net-----------------------
Accuracy = 0.5856666666666667
Time = 0.7491023540496826
Num Params = 1728970
Ratio = 0.1847213458460267
---------------------69.000000_2.000000.net-----------------------
Accuracy = 0.5983333333333334
Time = 0.7482492923736572
Num Params = 1728970
Ratio = 0.1847213458460267
---------------------93.000000_2.000000.net-----------------------
Accuracy = 0.5805
Time = 0.7484862804412842
Num Params = 1728970
Ratio = 0.1847213458460267
---------------------37.000000_3.000000.net-----------------------
Accuracy = 0.5908333333333333
Time = 0.74713134765625
Num Params = 1728970
Ratio = 0.1847213458460267
---------------------6.000000_3.000000.net-----------------------
Accuracy = 0.5521666666666667
Time = 0.9849612712860107
Num Params = 3428810
Ratio = 0.3663304729696379
---------------------83.000000_3.000000.net-----------------------
Accuracy = 0.601
Time = 0.7492504119873047
Num Params = 1728970
Ratio = 0.1847213458460267
---------------------99.000000_3.000000.net-----------------------
Accuracy = 0.58
Time = 0.7501294612884521
Num Params = 1728970
Ratio = 0.1847213458460267
---------------------70.000000_0.000000.net-----------------------
Accuracy = 0.5718333333333333
Time = 0.7487492561340332
Num Params = 1728970
Ratio = 0.1847213458460267
---------------------70.000000_4.000000.net-----------------------
Accuracy = 0.585
Time = 0.7474982738494873
Num Params = 1728970
Ratio = 0.1847213458460267
---------------------84.000000_1.000000.net-----------------------
Accuracy = 0.603
Time = 0.7472739219665527
Num Params = 1728970
Ratio = 0.1847213458460267
---------------------56.000000_2.000000.net-----------------------
Accuracy = 0.6015
Time = 0.7514445781707764
Num Params = 1728970
Ratio = 0.1847213458460267
---------------------51.000000_1.000000.net-----------------------
Accuracy = 0.5906666666666667
Time = 0.7476663589477539
Num Params = 1728970
Ratio = 0.1847213458460267
---------------------40.000000_0.000000.net-----------------------
Accuracy = 0.5881666666666666
Time = 0.7462978363037109
Num Params = 1728970
Ratio = 0.1847213458460267
---------------------87.000000_0.000000.net-----------------------
Accuracy = 0.593
Time = 0.7507205009460449
Num Params = 1728970
Ratio = 0.1847213458460267
---------------------88.000000_1.000000.net-----------------------
Accuracy = 0.5868333333333333
Time = 0.7474348545074463
Num Params = 1728970
Ratio = 0.1847213458460267
---------------------91.000000_3.000000.net-----------------------
Accuracy = 0.5995
Time = 0.7485148906707764
Num Params = 1728970
Ratio = 0.1847213458460267
---------------------41.000000_0.000000.net-----------------------
Accuracy = 0.6075
Time = 0.7457489967346191
Num Params = 1728970
Ratio = 0.1847213458460267
---------------------37.000000_2.000000.net-----------------------
Accuracy = 0.5771666666666667
Time = 0.7484133243560791
Num Params = 1728970
Ratio = 0.1847213458460267
---------------------19.000000_3.000000.net-----------------------
Accuracy = 0.5825
Time = 0.7933692932128906
Num Params = 1766602
Ratio = 0.18874190935313073
---------------------36.000000_3.000000.net-----------------------
Accuracy = 0.594
Time = 0.7601704597473145
Num Params = 1728970
Ratio = 0.1847213458460267
---------------------23.000000_3.000000.net-----------------------
Accuracy = 0.6046666666666667
Time = 0.7528870105743408
Num Params = 1729994
Ratio = 0.18483074893465537
---------------------92.000000_4.000000.net-----------------------
Accuracy = 0.5928333333333333
Time = 0.7466614246368408
Num Params = 1728970
Ratio = 0.1847213458460267
---------------------31.000000_1.000000.net-----------------------
Accuracy = 0.5901666666666666
Time = 0.7497808933258057
Num Params = 1728970
Ratio = 0.1847213458460267
---------------------33.000000_0.000000.net-----------------------
Accuracy = 0.5801666666666667
Time = 0.7477748394012451
Num Params = 1728970
Ratio = 0.1847213458460267
---------------------48.000000_1.000000.net-----------------------
Accuracy = 0.5928333333333333
Time = 0.7473492622375488
Num Params = 1728970
Ratio = 0.1847213458460267
---------------------53.000000_1.000000.net-----------------------
Accuracy = 0.588
Time = 0.7465837001800537
Num Params = 1728970
Ratio = 0.1847213458460267
---------------------39.000000_1.000000.net-----------------------
Accuracy = 0.5895
Time = 0.7703554630279541
Num Params = 1728970
Ratio = 0.1847213458460267
---------------------4.000000_2.000000.net-----------------------
Accuracy = 0.5878333333333333
Time = 1.0310773849487305
Num Params = 5602250
Ratio = 0.5985385285840142
---------------------86.000000_0.000000.net-----------------------
Accuracy = 0.5873333333333334
Time = 0.763657808303833
Num Params = 1729098
Ratio = 0.18473502123210528
---------------------51.000000_3.000000.net-----------------------
Accuracy = 0.6063333333333333
Time = 0.7527406215667725
Num Params = 1728970
Ratio = 0.1847213458460267
---------------------14.000000_4.000000.net-----------------------
Accuracy = 0.6206666666666667
Time = 0.9344494342803955
Num Params = 4203210
Ratio = 0.44906655874507817
---------------------33.000000_2.000000.net-----------------------
Accuracy = 0.5773333333333334
Time = 0.7480907440185547
Num Params = 1728970
Ratio = 0.1847213458460267
---------------------32.000000_1.000000.net-----------------------
Accuracy = 0.5926666666666667
Time = 0.7524423599243164
Num Params = 1728970
Ratio = 0.1847213458460267
---------------------71.000000_3.000000.net-----------------------
Accuracy = 0.5995
Time = 0.7530624866485596
Num Params = 1728970
Ratio = 0.1847213458460267
---------------------37.000000_4.000000.net-----------------------
Accuracy = 0.6073333333333333
Time = 0.7529418468475342
Num Params = 1728970
Ratio = 0.1847213458460267
---------------------77.000000_2.000000.net-----------------------
Accuracy = 0.6
Time = 0.7514853477478027
Num Params = 1728970
Ratio = 0.1847213458460267
---------------------14.000000_2.000000.net-----------------------
Accuracy = 0.693
Time = 0.9011960029602051
Num Params = 4310986
Ratio = 0.4605812338232469
---------------------16.000000_3.000000.net-----------------------
Accuracy = 0.5651666666666667
Time = 0.9066743850708008
Num Params = 4717258
Ratio = 0.5039869092366763
---------------------30.000000_3.000000.net-----------------------
Accuracy = 0.5961666666666666
Time = 0.7517373561859131
Num Params = 1728970
Ratio = 0.1847213458460267
---------------------34.000000_3.000000.net-----------------------
Accuracy = 0.5973333333333334
Time = 0.7534728050231934
Num Params = 1728970
Ratio = 0.1847213458460267
---------------------41.000000_1.000000.net-----------------------
Accuracy = 0.6056666666666667
Time = 0.751873254776001
Num Params = 1728970
Ratio = 0.1847213458460267
---------------------64.000000_2.000000.net-----------------------
Accuracy = 0.5605
Time = 0.7531499862670898
Num Params = 1728970
Ratio = 0.1847213458460267
---------------------99.000000_1.000000.net-----------------------
Accuracy = 0.6031666666666666
Time = 0.7558977603912354
Num Params = 1728970
Ratio = 0.1847213458460267
---------------------15.000000_1.000000.net-----------------------
Accuracy = 0.6231666666666666
Time = 0.8039929866790771
Num Params = 2318794
Ratio = 0.2477375248961472
---------------------32.000000_0.000000.net-----------------------
Accuracy = 0.6
Time = 0.7511329650878906
Num Params = 1728970
Ratio = 0.1847213458460267
---------------------16.000000_0.000000.net-----------------------
Accuracy = 0.6748333333333334
Time = 0.8328993320465088
Num Params = 2356810
Ratio = 0.251799114561487
---------------------93.000000_0.000000.net-----------------------
Accuracy = 0.5756666666666667
Time = 0.7528703212738037
Num Params = 1728970
Ratio = 0.1847213458460267
---------------------10.000000_1.000000.net-----------------------
Accuracy = 0.6291666666666667
Time = 1.008457899093628
Num Params = 7370826
Ratio = 0.7874913380318256
---------------------62.000000_1.000000.net-----------------------
Accuracy = 0.5801666666666667
Time = 0.752744197845459
Num Params = 1728970
Ratio = 0.1847213458460267
---------------------45.000000_2.000000.net-----------------------
Accuracy = 0.5873333333333334
Time = 0.7500710487365723
Num Params = 1728970
Ratio = 0.1847213458460267
---------------------32.000000_3.000000.net-----------------------
Accuracy = 0.5943333333333334
Time = 0.7482643127441406
Num Params = 1728970
Ratio = 0.1847213458460267
---------------------1.000000_3.000000.net-----------------------
Accuracy = 0.551
Time = 1.128401279449463
Num Params = 8185034
Ratio = 0.8744804688777059
---------------------84.000000_4.000000.net-----------------------
Accuracy = 0.6098333333333333
Time = 0.746896505355835
Num Params = 1728970
Ratio = 0.1847213458460267
---------------------20.000000_2.000000.net-----------------------
Accuracy = 0.5673333333333334
Time = 0.8452162742614746
Num Params = 4238282
Ratio = 0.45281361453061053
---------------------12.000000_1.000000.net-----------------------
Accuracy = 0.6373333333333333
Time = 0.8910653591156006
Num Params = 4717258
Ratio = 0.5039869092366763
---------------------73.000000_3.000000.net-----------------------
Accuracy = 0.5966666666666667
Time = 0.7468554973602295
Num Params = 1728970
Ratio = 0.1847213458460267
---------------------85.000000_3.000000.net-----------------------
Accuracy = 0.5975
Time = 0.7460746765136719
Num Params = 1728970
Ratio = 0.1847213458460267
---------------------27.000000_1.000000.net-----------------------
Accuracy = 0.6125
Time = 0.7469968795776367
Num Params = 1728970
Ratio = 0.1847213458460267
---------------------41.000000_4.000000.net-----------------------
Accuracy = 0.6153333333333333
Time = 0.7470488548278809
Num Params = 1728970
Ratio = 0.1847213458460267
---------------------75.000000_0.000000.net-----------------------
Accuracy = 0.5848333333333333
Time = 0.7465476989746094
Num Params = 1728970
Ratio = 0.1847213458460267
---------------------38.000000_3.000000.net-----------------------
Accuracy = 0.6121666666666666
Time = 0.7483594417572021
Num Params = 1728970
Ratio = 0.1847213458460267
---------------------63.000000_1.000000.net-----------------------
Accuracy = 0.5791666666666667
Time = 0.7466645240783691
Num Params = 1728970
Ratio = 0.1847213458460267
---------------------86.000000_3.000000.net-----------------------
Accuracy = 0.5746666666666667
Time = 0.7471294403076172
Num Params = 1728970
Ratio = 0.1847213458460267
---------------------3.000000_3.000000.net-----------------------
Accuracy = 0.5373333333333333
Time = 1.0207622051239014
Num Params = 5051978
Ratio = 0.5397480438321766
---------------------6.000000_2.000000.net-----------------------
Accuracy = 0.5955
Time = 1.051793098449707
Num Params = 7557194
Ratio = 0.8074027001622457
---------------------77.000000_1.000000.net-----------------------
Accuracy = 0.5956666666666667
Time = 0.7493891716003418
Num Params = 1728970
Ratio = 0.1847213458460267
---------------------33.000000_1.000000.net-----------------------
Accuracy = 0.58
Time = 0.7468204498291016
Num Params = 1728970
Ratio = 0.1847213458460267
---------------------3.000000_2.000000.net-----------------------
Accuracy = 0.5816666666666667
Time = 0.9549765586853027
Num Params = 2580042
Ratio = 0.27564898788253955
---------------------0.000000_1.000000.net-----------------------
Accuracy = 0.6436666666666667
Time = 1.001657485961914
Num Params = 4939082
Ratio = 0.5276863533108644
---------------------11.000000_0.000000.net-----------------------
Accuracy = 0.6278333333333334
Time = 1.0338006019592285
Num Params = 5677898
Ratio = 0.606620681756458
---------------------61.000000_2.000000.net-----------------------
Accuracy = 0.582
Time = 0.748624324798584
Num Params = 1728970
Ratio = 0.1847213458460267
---------------------25.000000_1.000000.net-----------------------
Accuracy = 0.5746666666666667
Time = 0.7467405796051025
Num Params = 1728970
Ratio = 0.1847213458460267
---------------------39.000000_2.000000.net-----------------------
Accuracy = 0.5481666666666667
Time = 0.7484467029571533
Num Params = 1728970
Ratio = 0.1847213458460267
---------------------21.000000_2.000000.net-----------------------
Accuracy = 0.573
Time = 0.8005633354187012
Num Params = 1876682
Ratio = 0.200502741380714
---------------------83.000000_2.000000.net-----------------------
Accuracy = 0.5996666666666667
Time = 0.7475872039794922
Num Params = 1728970
Ratio = 0.1847213458460267
---------------------93.000000_1.000000.net-----------------------
Accuracy = 0.5758333333333333
Time = 0.7481474876403809
Num Params = 1728970
Ratio = 0.1847213458460267
---------------------66.000000_0.000000.net-----------------------
Accuracy = 0.5781666666666667
Time = 0.7466919422149658
Num Params = 1728970
Ratio = 0.1847213458460267
---------------------49.000000_2.000000.net-----------------------
Accuracy = 0.5981666666666666
Time = 0.750140905380249
Num Params = 1728970
Ratio = 0.1847213458460267
---------------------7.000000_3.000000.net-----------------------
Accuracy = 0.546
Time = 0.9412879943847656
Num Params = 2616010
Ratio = 0.279491771370622
---------------------17.000000_4.000000.net-----------------------
Accuracy = 0.6135
Time = 0.8036167621612549
Num Params = 2319178
Ratio = 0.24777855105438296
---------------------44.000000_1.000000.net-----------------------
Accuracy = 0.6076666666666667
Time = 0.7486586570739746
Num Params = 1728970
Ratio = 0.1847213458460267
---------------------63.000000_3.000000.net-----------------------
Accuracy = 0.5826666666666667
Time = 0.7487289905548096
Num Params = 1728970
Ratio = 0.1847213458460267
---------------------95.000000_4.000000.net-----------------------
Accuracy = 0.6048333333333333
Time = 0.7592005729675293
Num Params = 1728970
Ratio = 0.1847213458460267
---------------------42.000000_3.000000.net-----------------------
Accuracy = 0.5818333333333333
Time = 0.7673954963684082
Num Params = 1728970
Ratio = 0.1847213458460267
---------------------44.000000_2.000000.net-----------------------
Accuracy = 0.588
Time = 0.763359546661377
Num Params = 1728970
Ratio = 0.1847213458460267
---------------------15.000000_4.000000.net-----------------------
Accuracy = 0.6931666666666668
Time = 0.9979071617126465
Num Params = 4937290
Ratio = 0.5274948979057642
---------------------92.000000_2.000000.net-----------------------
Accuracy = 0.5843333333333334
Time = 0.7557213306427002
Num Params = 1728970
Ratio = 0.1847213458460267
---------------------87.000000_1.000000.net-----------------------
Accuracy = 0.57
Time = 0.756591796875
Num Params = 1728970
Ratio = 0.1847213458460267
---------------------13.000000_1.000000.net-----------------------
Accuracy = 0.601
Time = 0.9481501579284668
Num Params = 4864330
Ratio = 0.5196999278409706
---------------------3.000000_1.000000.net-----------------------
Accuracy = 0.5416666666666666
Time = 1.0914223194122314
Num Params = 8035530
Ratio = 0.8585076179379184
---------------------83.000000_1.000000.net-----------------------
Accuracy = 0.5978333333333333
Time = 0.7483818531036377
Num Params = 1728970
Ratio = 0.1847213458460267
---------------------43.000000_4.000000.net-----------------------
Accuracy = 0.5866666666666667
Time = 0.7478039264678955
Num Params = 1728970
Ratio = 0.1847213458460267
---------------------82.000000_2.000000.net-----------------------
Accuracy = 0.5955
Time = 0.7463886737823486
Num Params = 1728970
Ratio = 0.1847213458460267
---------------------57.000000_0.000000.net-----------------------
Accuracy = 0.5518333333333333
Time = 0.7472820281982422
Num Params = 1728970
Ratio = 0.1847213458460267
---------------------72.000000_0.000000.net-----------------------
Accuracy = 0.6021666666666666
Time = 0.7495594024658203
Num Params = 1728970
Ratio = 0.1847213458460267
---------------------7.000000_1.000000.net-----------------------
Accuracy = 0.6098333333333333
Time = 0.9451398849487305
Num Params = 4976074
Ratio = 0.5316385398875755
---------------------64.000000_0.000000.net-----------------------
Accuracy = 0.5701666666666667
Time = 0.7463295459747314
Num Params = 1728970
Ratio = 0.1847213458460267
---------------------2.000000_3.000000.net-----------------------
Accuracy = 0.6263333333333333
Time = 0.9186816215515137
Num Params = 4866634
Ratio = 0.5199460847903852
---------------------65.000000_0.000000.net-----------------------
Accuracy = 0.5556666666666666
Time = 0.748849630355835
Num Params = 1728970
Ratio = 0.1847213458460267
---------------------22.000000_1.000000.net-----------------------
Accuracy = 0.604
Time = 0.7717115879058838
Num Params = 1765834
Ratio = 0.18865985703665922
---------------------73.000000_4.000000.net-----------------------
Accuracy = 0.5713333333333334
Time = 0.7480194568634033
Num Params = 1728970
Ratio = 0.1847213458460267
---------------------96.000000_3.000000.net-----------------------
Accuracy = 0.581
Time = 0.75107741355896
Num Params = 1728970
Ratio = 0.1847213458460267
---------------------23.000000_4.000000.net-----------------------
Accuracy = 0.5893333333333334
Time = 0.7843062877655029
Num Params = 1728970
Ratio = 0.1847213458460267
---------------------75.000000_1.000000.net-----------------------
Accuracy = 0.5726666666666667
Time = 0.7317886352539062
Num Params = 1728970
Ratio = 0.1847213458460267
---------------------67.000000_0.000000.net-----------------------
Accuracy = 0.5865
Time = 0.7077631950378418
Num Params = 1728970
Ratio = 0.1847213458460267
---------------------89.000000_2.000000.net-----------------------
Accuracy = 0.5786666666666667
Time = 0.7044010162353516
Num Params = 1728970
Ratio = 0.1847213458460267
---------------------58.000000_0.000000.net-----------------------
Accuracy = 0.5951666666666666
Time = 0.7036497592926025
Num Params = 1728970
Ratio = 0.1847213458460267
---------------------24.000000_2.000000.net-----------------------
Accuracy = 0.598
Time = 0.7044711112976074
Num Params = 1728970
Ratio = 0.1847213458460267
---------------------0.000000_2.000000.net-----------------------
Accuracy = 0.5498333333333333
Time = 0.9911918640136719
Num Params = 7704266
Ratio = 0.82311571876654
---------------------94.000000_4.000000.net-----------------------
Accuracy = 0.6015
Time = 0.7070584297180176
Num Params = 1728970
Ratio = 0.1847213458460267
---------------------72.000000_2.000000.net-----------------------
Accuracy = 0.5938333333333333
Time = 0.7050611972808838
Num Params = 1728970
Ratio = 0.1847213458460267
---------------------40.000000_2.000000.net-----------------------
Accuracy = 0.6003333333333334
Time = 0.705592155456543
Num Params = 1728970
Ratio = 0.1847213458460267
---------------------3.000000_4.000000.net-----------------------
Accuracy = 0.571
Time = 1.0489754676818848
Num Params = 9032010
Ratio = 0.9649704985597041
---------------------72.000000_1.000000.net-----------------------
Accuracy = 0.5935
Time = 0.7279913425445557
Num Params = 1728970
Ratio = 0.1847213458460267
---------------------9.000000_3.000000.net-----------------------
Accuracy = 0.5458333333333333
Time = 0.9625122547149658
Num Params = 5196746
Ratio = 0.5552149054870563
---------------------27.000000_0.000000.net-----------------------
Accuracy = 0.6153333333333333
Time = 0.7064149379730225
Num Params = 1728970
Ratio = 0.1847213458460267
---------------------61.000000_1.000000.net-----------------------
Accuracy = 0.5775
Time = 0.7053120136260986
Num Params = 1728970
Ratio = 0.1847213458460267
---------------------77.000000_0.000000.net-----------------------
Accuracy = 0.5988333333333333
Time = 0.7049391269683838
Num Params = 1728970
Ratio = 0.1847213458460267
---------------------45.000000_0.000000.net-----------------------
Accuracy = 0.577
Time = 0.7090928554534912
Num Params = 1728970
Ratio = 0.1847213458460267
---------------------80.000000_3.000000.net-----------------------
Accuracy = 0.5988333333333333
Time = 0.704491376876831
Num Params = 1728970
Ratio = 0.1847213458460267
---------------------42.000000_2.000000.net-----------------------
Accuracy = 0.5966666666666667
Time = 0.706566572189331
Num Params = 1728970
Ratio = 0.1847213458460267
---------------------9.000000_4.000000.net-----------------------
Accuracy = 0.6385
Time = 0.9929728507995605
Num Params = 7408842
Ratio = 0.7915529276971655
---------------------56.000000_3.000000.net-----------------------
Accuracy = 0.6015
Time = 0.7070281505584717
Num Params = 1728970
Ratio = 0.1847213458460267
---------------------64.000000_4.000000.net-----------------------
Accuracy = 0.576
Time = 0.7062551975250244
Num Params = 1728970
Ratio = 0.1847213458460267
---------------------55.000000_2.000000.net-----------------------
Accuracy = 0.5876666666666667
Time = 0.7041857242584229
Num Params = 1728970
Ratio = 0.1847213458460267
---------------------75.000000_2.000000.net-----------------------
Accuracy = 0.578
Time = 0.704918384552002
Num Params = 1728970
Ratio = 0.1847213458460267
---------------------43.000000_1.000000.net-----------------------
Accuracy = 0.5878333333333333
Time = 0.7054510116577148
Num Params = 1728970
Ratio = 0.1847213458460267
---------------------96.000000_1.000000.net-----------------------
Accuracy = 0.5886666666666667
Time = 0.7049438953399658
Num Params = 1728970
Ratio = 0.1847213458460267
---------------------50.000000_2.000000.net-----------------------
Accuracy = 0.6028333333333333
Time = 0.7034838199615479
Num Params = 1728970
Ratio = 0.1847213458460267
---------------------91.000000_1.000000.net-----------------------
Accuracy = 0.603
Time = 0.7023799419403076
Num Params = 1728970
Ratio = 0.1847213458460267
---------------------15.000000_2.000000.net-----------------------
Accuracy = 0.6583333333333333
Time = 0.8041510581970215
Num Params = 2503754
Ratio = 0.26749845777970277
---------------------82.000000_0.000000.net-----------------------
Accuracy = 0.5708333333333333
Time = 0.7023897171020508
Num Params = 1728970
Ratio = 0.1847213458460267
---------------------27.000000_2.000000.net-----------------------
Accuracy = 0.6028333333333333
Time = 0.7017605304718018
Num Params = 1728970
Ratio = 0.1847213458460267
---------------------68.000000_3.000000.net-----------------------
Accuracy = 0.574
Time = 0.7060897350311279
Num Params = 1728970
Ratio = 0.1847213458460267
---------------------41.000000_3.000000.net-----------------------
Accuracy = 0.6073333333333333
Time = 0.7058365345001221
Num Params = 1728970
Ratio = 0.1847213458460267
---------------------15.000000_3.000000.net-----------------------
Accuracy = 0.568
Time = 0.7596876621246338
Num Params = 1767242
Ratio = 0.18881028628352367
---------------------26.000000_4.000000.net-----------------------
Accuracy = 0.5896666666666667
Time = 0.7044963836669922
Num Params = 1728970
Ratio = 0.1847213458460267
---------------------42.000000_4.000000.net-----------------------
Accuracy = 0.5936666666666667
Time = 0.7036309242248535
Num Params = 1728970
Ratio = 0.1847213458460267
---------------------35.000000_2.000000.net-----------------------
Accuracy = 0.5845
Time = 0.7164592742919922
Num Params = 1728970
Ratio = 0.1847213458460267
---------------------16.000000_1.000000.net-----------------------
Accuracy = 0.6586666666666666
Time = 0.7975456714630127
Num Params = 4235978
Ratio = 0.452567457581196
---------------------1.000000_0.000000.net-----------------------
Accuracy = 0.5553333333333333
Time = 1.0782339572906494
Num Params = 10360010
Ratio = 1.1068526291250254
---------------------57.000000_1.000000.net-----------------------
Accuracy = 0.5336666666666666
Time = 0.7092568874359131
Num Params = 1728970
Ratio = 0.1847213458460267
---------------------71.000000_2.000000.net-----------------------
Accuracy = 0.5956666666666667
Time = 0.7101147174835205
Num Params = 1728970
Ratio = 0.1847213458460267
---------------------67.000000_2.000000.net-----------------------
Accuracy = 0.5721666666666667
Time = 0.7055339813232422
Num Params = 1728970
Ratio = 0.1847213458460267
---------------------10.000000_4.000000.net-----------------------
Accuracy = 0.6046666666666667
Time = 0.968595027923584
Num Params = 7925578
Ratio = 0.8467604612964138
---------------------96.000000_0.000000.net-----------------------
Accuracy = 0.6131666666666666
Time = 0.7058279514312744
Num Params = 1728970
Ratio = 0.1847213458460267
---------------------94.000000_0.000000.net-----------------------
Accuracy = 0.606
Time = 0.7036678791046143
Num Params = 1728970
Ratio = 0.1847213458460267
---------------------42.000000_0.000000.net-----------------------
Accuracy = 0.5956666666666667
Time = 0.7058167457580566
Num Params = 1728970
Ratio = 0.1847213458460267
---------------------92.000000_0.000000.net-----------------------
Accuracy = 0.5863333333333334
Time = 0.7089166641235352
Num Params = 1728970
Ratio = 0.1847213458460267
---------------------88.000000_2.000000.net-----------------------
Accuracy = 0.592
Time = 0.7214879989624023
Num Params = 1728970
Ratio = 0.1847213458460267
---------------------78.000000_1.000000.net-----------------------
Accuracy = 0.5651666666666667
Time = 0.7203812599182129
Num Params = 1728970
Ratio = 0.1847213458460267
---------------------79.000000_4.000000.net-----------------------
Accuracy = 0.5868333333333333
Time = 0.7198872566223145
Num Params = 1728970
Ratio = 0.1847213458460267
---------------------12.000000_4.000000.net-----------------------
Accuracy = 0.4805
Time = 0.9404165744781494
Num Params = 4495690
Ratio = 0.4803148159346453
---------------------66.000000_4.000000.net-----------------------
Accuracy = 0.5788333333333333
Time = 0.7056105136871338
Num Params = 1728970
Ratio = 0.1847213458460267
---------------------29.000000_0.000000.net-----------------------
Accuracy = 0.5876666666666667
Time = 0.7057955265045166
Num Params = 1728970
Ratio = 0.1847213458460267
---------------------14.000000_0.000000.net-----------------------
Accuracy = 0.611
Time = 0.7681093215942383
Num Params = 4089930
Ratio = 0.4369638420655303
---------------------98.000000_0.000000.net-----------------------
Accuracy = 0.5711666666666667
Time = 0.7055373191833496
Num Params = 1728970
Ratio = 0.1847213458460267
---------------------29.000000_2.000000.net-----------------------
Accuracy = 0.5966666666666667
Time = 0.7045340538024902
Num Params = 1728970
Ratio = 0.1847213458460267
---------------------73.000000_2.000000.net-----------------------
Accuracy = 0.577
Time = 0.7055325508117676
Num Params = 1728970
Ratio = 0.1847213458460267
---------------------82.000000_3.000000.net-----------------------
Accuracy = 0.5903333333333334
Time = 0.7071073055267334
Num Params = 1728970
Ratio = 0.1847213458460267
---------------------17.000000_2.000000.net-----------------------
Accuracy = 0.582
Time = 0.8418371677398682
Num Params = 2652874
Ratio = 0.2834302825612545
---------------------23.000000_1.000000.net-----------------------
Accuracy = 0.5953333333333334
Time = 0.709108829498291
Num Params = 1728970
Ratio = 0.1847213458460267
---------------------0.000000_3.000000.net-----------------------
Accuracy = 0.6085
Time = 0.9217855930328369
Num Params = 7078346
Ratio = 0.7562430808422584
---------------------12.000000_3.000000.net-----------------------
Accuracy = 0.6833333333333332
Time = 0.9330313205718994
Num Params = 7224650
Ratio = 0.7718740471300813
---------------------9.000000_2.000000.net-----------------------
Accuracy = 0.6126666666666667
Time = 0.8847620487213135
Num Params = 4756810
Ratio = 0.5082126035349591
---------------------22.000000_3.000000.net-----------------------
Accuracy = 0.6093333333333333
Time = 0.7192928791046143
Num Params = 1729098
Ratio = 0.18473502123210528
---------------------99.000000_4.000000.net-----------------------
Accuracy = 0.6061666666666666
Time = 0.704930305480957
Num Params = 1728970
Ratio = 0.1847213458460267
---------------------21.000000_4.000000.net-----------------------
Accuracy = 0.6131666666666666
Time = 0.7234408855438232
Num Params = 1729610
Ratio = 0.1847897227764196
---------------------50.000000_1.000000.net-----------------------
Accuracy = 0.611
Time = 0.7019071578979492
Num Params = 1728970
Ratio = 0.1847213458460267
---------------------64.000000_1.000000.net-----------------------
Accuracy = 0.5851666666666666
Time = 0.704848051071167
Num Params = 1728970
Ratio = 0.1847213458460267
---------------------26.000000_2.000000.net-----------------------
Accuracy = 0.5845
Time = 0.7066998481750488
Num Params = 1728970
Ratio = 0.1847213458460267
---------------------51.000000_4.000000.net-----------------------
Accuracy = 0.6085
Time = 0.7061097621917725
Num Params = 1728970
Ratio = 0.1847213458460267
---------------------80.000000_2.000000.net-----------------------
Accuracy = 0.5958333333333333
Time = 0.7068655490875244
Num Params = 1728970
Ratio = 0.1847213458460267
---------------------35.000000_1.000000.net-----------------------
Accuracy = 0.59
Time = 0.7029361724853516
Num Params = 1728970
Ratio = 0.1847213458460267
---------------------5.000000_1.000000.net-----------------------
Accuracy = 0.533
Time = 1.0840721130371094
Num Params = 8624458
Ratio = 0.9214280692854888
---------------------99.000000_2.000000.net-----------------------
Accuracy = 0.5963333333333334
Time = 0.7060110569000244
Num Params = 1728970
Ratio = 0.1847213458460267
---------------------6.000000_0.000000.net-----------------------
Accuracy = 0.5591666666666667
Time = 0.989067792892456
Num Params = 7300170
Ratio = 0.7799425249164466
---------------------1.000000_2.000000.net-----------------------
Accuracy = 0.5276666666666666
Time = 1.1427621841430664
Num Params = 9767882
Ratio = 1.0435902931254903
