---------------------29.000000_1.000000.net-----------------------
Accuracy = 0.6476666666666666
Time = 3.8407533168792725
Num Params = 1728970
Ratio = 0.1847213458460267
---------------------1.000000_1.000000.net-----------------------
Accuracy = 0.6256666666666667
Time = 1.1424517631530762
Num Params = 7371722
Ratio = 0.7875870657343758
---------------------97.000000_1.000000.net-----------------------
Accuracy = 0.6333333333333333
Time = 0.4029245376586914
Num Params = 1728970
Ratio = 0.1847213458460267
---------------------44.000000_4.000000.net-----------------------
Accuracy = 0.6016666666666667
Time = 0.36089229583740234
Num Params = 1728970
Ratio = 0.1847213458460267
---------------------56.000000_1.000000.net-----------------------
Accuracy = 0.6453333333333333
Time = 0.35958266258239746
Num Params = 1728970
Ratio = 0.1847213458460267
---------------------66.000000_3.000000.net-----------------------
Accuracy = 0.6383333333333333
Time = 0.35217857360839844
Num Params = 1728970
Ratio = 0.1847213458460267
---------------------50.000000_4.000000.net-----------------------
Accuracy = 0.6423333333333333
Time = 0.3537898063659668
Num Params = 1728970
Ratio = 0.1847213458460267
---------------------16.000000_4.000000.net-----------------------
Accuracy = 0.6579999999999999
Time = 0.3551802635192871
Num Params = 1728970
Ratio = 0.1847213458460267
---------------------26.000000_1.000000.net-----------------------
Accuracy = 0.66
Time = 0.360424280166626
Num Params = 1728970
Ratio = 0.1847213458460267
---------------------53.000000_2.000000.net-----------------------
Accuracy = 0.6383333333333333
Time = 0.4660608768463135
Num Params = 1728970
Ratio = 0.1847213458460267
---------------------10.000000_0.000000.net-----------------------
Accuracy = 0.687
Time = 0.521172046661377
Num Params = 4275146
Ratio = 0.4567521257212431
---------------------81.000000_2.000000.net-----------------------
Accuracy = 0.628
Time = 0.38427305221557617
Num Params = 1728970
Ratio = 0.1847213458460267
---------------------52.000000_1.000000.net-----------------------
Accuracy = 0.6143333333333333
Time = 0.5184853076934814
Num Params = 1728970
Ratio = 0.1847213458460267
---------------------90.000000_3.000000.net-----------------------
Accuracy = 0.6546666666666667
Time = 0.3902170658111572
Num Params = 1728970
Ratio = 0.1847213458460267
---------------------6.000000_1.000000.net-----------------------
Accuracy = 0.6946666666666667
Time = 0.5286519527435303
Num Params = 7706186
Ratio = 0.8233208495577188
---------------------37.000000_0.000000.net-----------------------
Accuracy = 0.6383333333333333
Time = 0.3587062358856201
Num Params = 1728970
Ratio = 0.1847213458460267
---------------------36.000000_1.000000.net-----------------------
Accuracy = 0.6473333333333333
Time = 0.3466808795928955
Num Params = 1728970
Ratio = 0.1847213458460267
---------------------44.000000_0.000000.net-----------------------
Accuracy = 0.5963333333333334
Time = 0.34534788131713867
Num Params = 1728970
Ratio = 0.1847213458460267
---------------------39.000000_4.000000.net-----------------------
Accuracy = 0.6493333333333333
Time = 0.34593653678894043
Num Params = 1728970
Ratio = 0.1847213458460267
---------------------88.000000_3.000000.net-----------------------
Accuracy = 0.6453333333333333
Time = 0.3466033935546875
Num Params = 1728970
Ratio = 0.1847213458460267
---------------------62.000000_0.000000.net-----------------------
Accuracy = 0.6453333333333333
Time = 0.3495512008666992
Num Params = 1728970
Ratio = 0.1847213458460267
---------------------79.000000_0.000000.net-----------------------
Accuracy = 0.6163333333333333
Time = 0.34763097763061523
Num Params = 1728970
Ratio = 0.1847213458460267
---------------------45.000000_3.000000.net-----------------------
Accuracy = 0.633
Time = 0.34523725509643555
Num Params = 1728970
Ratio = 0.1847213458460267
---------------------26.000000_0.000000.net-----------------------
Accuracy = 0.667
Time = 0.3452005386352539
Num Params = 1728970
Ratio = 0.1847213458460267
---------------------8.000000_2.000000.net-----------------------
Accuracy = 0.605
Time = 0.4748265743255615
Num Params = 5492682
Ratio = 0.5868323981007453
---------------------12.000000_0.000000.net-----------------------
Accuracy = 0.6843333333333333
Time = 0.38871312141418457
Num Params = 2355914
Ratio = 0.2517033868589369
---------------------29.000000_4.000000.net-----------------------
Accuracy = 0.6403333333333333
Time = 0.45059680938720703
Num Params = 1728970
Ratio = 0.1847213458460267
---------------------2.000000_0.000000.net-----------------------
Accuracy = 0.667
Time = 0.5264136791229248
Num Params = 3613258
Ratio = 0.3860367043088791
---------------------34.000000_4.000000.net-----------------------
Accuracy = 0.6543333333333333
Time = 0.3590850830078125
Num Params = 1728970
Ratio = 0.1847213458460267
---------------------35.000000_3.000000.net-----------------------
Accuracy = 0.6366666666666667
Time = 0.35010552406311035
Num Params = 1728970
Ratio = 0.1847213458460267
---------------------65.000000_1.000000.net-----------------------
Accuracy = 0.6386666666666667
Time = 0.3506639003753662
Num Params = 1728970
Ratio = 0.1847213458460267
---------------------34.000000_2.000000.net-----------------------
Accuracy = 0.6496666666666667
Time = 0.34964966773986816
Num Params = 1728970
Ratio = 0.1847213458460267
---------------------90.000000_1.000000.net-----------------------
Accuracy = 0.634
Time = 0.42936134338378906
Num Params = 1728970
Ratio = 0.1847213458460267
---------------------89.000000_4.000000.net-----------------------
Accuracy = 0.6513333333333332
Time = 0.3641817569732666
Num Params = 1728970
Ratio = 0.1847213458460267
---------------------76.000000_2.000000.net-----------------------
Accuracy = 0.6293333333333333
Time = 0.3606905937194824
Num Params = 1728970
Ratio = 0.1847213458460267
---------------------90.000000_0.000000.net-----------------------
Accuracy = 0.631
Time = 0.3469541072845459
Num Params = 1728970
Ratio = 0.1847213458460267
---------------------16.000000_2.000000.net-----------------------
Accuracy = 0.643
Time = 0.3468034267425537
Num Params = 1728970
Ratio = 0.1847213458460267
---------------------42.000000_1.000000.net-----------------------
Accuracy = 0.624
Time = 0.3457913398742676
Num Params = 1728970
Ratio = 0.1847213458460267
---------------------65.000000_2.000000.net-----------------------
Accuracy = 0.638
Time = 0.3453679084777832
Num Params = 1728970
Ratio = 0.1847213458460267
---------------------93.000000_4.000000.net-----------------------
Accuracy = 0.6326666666666667
Time = 0.34671664237976074
Num Params = 1728970
Ratio = 0.1847213458460267
---------------------23.000000_2.000000.net-----------------------
Accuracy = 0.6056666666666667
Time = 0.34630417823791504
Num Params = 1728970
Ratio = 0.1847213458460267
---------------------32.000000_4.000000.net-----------------------
Accuracy = 0.6496666666666667
Time = 0.34543895721435547
Num Params = 1728970
Ratio = 0.1847213458460267
---------------------60.000000_3.000000.net-----------------------
Accuracy = 0.6233333333333333
Time = 0.34627676010131836
Num Params = 1728970
Ratio = 0.1847213458460267
---------------------68.000000_2.000000.net-----------------------
Accuracy = 0.6393333333333333
Time = 0.3468508720397949
Num Params = 1728970
Ratio = 0.1847213458460267
---------------------72.000000_4.000000.net-----------------------
Accuracy = 0.6103333333333333
Time = 0.3461887836456299
Num Params = 1728970
Ratio = 0.1847213458460267
---------------------21.000000_1.000000.net-----------------------
Accuracy = 0.636
Time = 0.34535646438598633
Num Params = 1728970
Ratio = 0.1847213458460267
---------------------57.000000_2.000000.net-----------------------
Accuracy = 0.614
Time = 0.34571242332458496
Num Params = 1728970
Ratio = 0.1847213458460267
---------------------95.000000_2.000000.net-----------------------
Accuracy = 0.639
Time = 0.34702205657958984
Num Params = 1728970
Ratio = 0.1847213458460267
---------------------93.000000_3.000000.net-----------------------
Accuracy = 0.6566666666666666
Time = 0.3465461730957031
Num Params = 1728970
Ratio = 0.1847213458460267
---------------------78.000000_3.000000.net-----------------------
Accuracy = 0.6473333333333333
Time = 0.34717702865600586
Num Params = 1728970
Ratio = 0.1847213458460267
---------------------47.000000_0.000000.net-----------------------
Accuracy = 0.6283333333333333
Time = 0.34702348709106445
Num Params = 1728970
Ratio = 0.1847213458460267
---------------------18.000000_3.000000.net-----------------------
Accuracy = 0.6326666666666667
Time = 0.34696197509765625
Num Params = 1728970
Ratio = 0.1847213458460267
---------------------85.000000_0.000000.net-----------------------
Accuracy = 0.644
Time = 0.3511834144592285
Num Params = 1728970
Ratio = 0.1847213458460267
---------------------55.000000_3.000000.net-----------------------
Accuracy = 0.6306666666666667
Time = 0.34561681747436523
Num Params = 1728970
Ratio = 0.1847213458460267
---------------------45.000000_4.000000.net-----------------------
Accuracy = 0.6176666666666667
Time = 0.3458871841430664
Num Params = 1728970
Ratio = 0.1847213458460267
---------------------28.000000_3.000000.net-----------------------
Accuracy = 0.659
Time = 0.34658193588256836
Num Params = 1728970
Ratio = 0.1847213458460267
---------------------89.000000_0.000000.net-----------------------
Accuracy = 0.6306666666666667
Time = 0.3464205265045166
Num Params = 1728970
Ratio = 0.1847213458460267
---------------------78.000000_0.000000.net-----------------------
Accuracy = 0.642
Time = 0.3451101779937744
Num Params = 1728970
Ratio = 0.1847213458460267
---------------------25.000000_2.000000.net-----------------------
Accuracy = 0.6516666666666666
Time = 0.34540343284606934
Num Params = 1728970
Ratio = 0.1847213458460267
---------------------7.000000_2.000000.net-----------------------
Accuracy = 0.6696666666666666
Time = 0.46093010902404785
Num Params = 5344842
Ratio = 0.5710373271799795
---------------------47.000000_4.000000.net-----------------------
Accuracy = 0.6523333333333333
Time = 0.3556091785430908
Num Params = 1728970
Ratio = 0.1847213458460267
---------------------79.000000_2.000000.net-----------------------
Accuracy = 0.609
Time = 0.3449223041534424
Num Params = 1728970
Ratio = 0.1847213458460267
---------------------5.000000_2.000000.net-----------------------
Accuracy = 0.6766666666666665
Time = 0.4604642391204834
Num Params = 6526410
Ratio = 0.6972748160713992
---------------------59.000000_3.000000.net-----------------------
Accuracy = 0.6466666666666666
Time = 0.3511636257171631
Num Params = 1728970
Ratio = 0.1847213458460267
---------------------48.000000_2.000000.net-----------------------
Accuracy = 0.6253333333333333
Time = 0.3461768627166748
Num Params = 1728970
Ratio = 0.1847213458460267
---------------------58.000000_1.000000.net-----------------------
Accuracy = 0.6126666666666667
Time = 0.34707117080688477
Num Params = 1728970
Ratio = 0.1847213458460267
---------------------38.000000_2.000000.net-----------------------
Accuracy = 0.6146666666666667
Time = 0.3472003936767578
Num Params = 1728970
Ratio = 0.1847213458460267
---------------------88.000000_4.000000.net-----------------------
Accuracy = 0.6629999999999999
Time = 0.34818267822265625
Num Params = 1728970
Ratio = 0.1847213458460267
---------------------53.000000_3.000000.net-----------------------
Accuracy = 0.6196666666666667
Time = 0.4465668201446533
Num Params = 1728970
Ratio = 0.1847213458460267
---------------------22.000000_2.000000.net-----------------------
Accuracy = 0.6626666666666666
Time = 0.35143136978149414
Num Params = 1728970
Ratio = 0.1847213458460267
---------------------52.000000_0.000000.net-----------------------
Accuracy = 0.634
Time = 0.34931325912475586
Num Params = 1728970
Ratio = 0.1847213458460267
---------------------19.000000_1.000000.net-----------------------
Accuracy = 0.6413333333333333
Time = 0.3481302261352539
Num Params = 1728970
Ratio = 0.1847213458460267
---------------------94.000000_2.000000.net-----------------------
Accuracy = 0.6513333333333332
Time = 0.4155564308166504
Num Params = 1728970
Ratio = 0.1847213458460267
---------------------57.000000_4.000000.net-----------------------
Accuracy = 0.6226666666666667
Time = 0.3959994316101074
Num Params = 1728970
Ratio = 0.1847213458460267
---------------------90.000000_2.000000.net-----------------------
Accuracy = 0.6386666666666667
Time = 0.39435601234436035
Num Params = 1728970
Ratio = 0.1847213458460267
---------------------55.000000_0.000000.net-----------------------
Accuracy = 0.6643333333333333
Time = 0.3598902225494385
Num Params = 1728970
Ratio = 0.1847213458460267
---------------------70.000000_2.000000.net-----------------------
Accuracy = 0.6546666666666667
Time = 0.37059974670410156
Num Params = 1728970
Ratio = 0.1847213458460267
---------------------54.000000_3.000000.net-----------------------
Accuracy = 0.645
Time = 0.3580927848815918
Num Params = 1728970
Ratio = 0.1847213458460267
---------------------29.000000_3.000000.net-----------------------
Accuracy = 0.6383333333333333
Time = 0.36264634132385254
Num Params = 1728970
Ratio = 0.1847213458460267
---------------------68.000000_1.000000.net-----------------------
Accuracy = 0.6293333333333333
Time = 0.3591897487640381
Num Params = 1728970
Ratio = 0.1847213458460267
---------------------96.000000_4.000000.net-----------------------
Accuracy = 0.612
Time = 0.3656129837036133
Num Params = 1728970
Ratio = 0.1847213458460267
---------------------90.000000_4.000000.net-----------------------
Accuracy = 0.6343333333333333
Time = 0.35920214653015137
Num Params = 1728970
Ratio = 0.1847213458460267
---------------------8.000000_0.000000.net-----------------------
Accuracy = 0.6176666666666667
Time = 0.5460329055786133
Num Params = 7812298
Ratio = 0.8346577446168659
---------------------2.000000_4.000000.net-----------------------
Accuracy = 0.6726666666666666
Time = 0.522735595703125
Num Params = 4902730
Ratio = 0.5238025436645461
---------------------94.000000_3.000000.net-----------------------
Accuracy = 0.6513333333333332
Time = 0.3632392883300781
Num Params = 1728970
Ratio = 0.1847213458460267
---------------------92.000000_3.000000.net-----------------------
Accuracy = 0.635
Time = 0.35460782051086426
Num Params = 1728970
Ratio = 0.1847213458460267
---------------------33.000000_3.000000.net-----------------------
Accuracy = 0.631
Time = 0.34708356857299805
Num Params = 1728970
Ratio = 0.1847213458460267
---------------------53.000000_0.000000.net-----------------------
Accuracy = 0.6213333333333333
Time = 0.34659647941589355
Num Params = 1728970
Ratio = 0.1847213458460267
---------------------2.000000_2.000000.net-----------------------
Accuracy = 0.6203333333333333
Time = 0.5448064804077148
Num Params = 10803530
Ratio = 1.154237841887323
---------------------11.000000_3.000000.net-----------------------
Accuracy = 0.6423333333333333
Time = 0.3894031047821045
Num Params = 2320970
Ratio = 0.24797000645948314
---------------------60.000000_0.000000.net-----------------------
Accuracy = 0.624
Time = 0.3482952117919922
Num Params = 1728970
Ratio = 0.1847213458460267
---------------------63.000000_0.000000.net-----------------------
Accuracy = 0.645
Time = 0.34651613235473633
Num Params = 1728970
Ratio = 0.1847213458460267
---------------------36.000000_0.000000.net-----------------------
Accuracy = 0.6473333333333333
Time = 0.467911958694458
Num Params = 1728970
Ratio = 0.1847213458460267
---------------------99.000000_0.000000.net-----------------------
Accuracy = 0.6166666666666667
Time = 0.35825467109680176
Num Params = 1728970
Ratio = 0.1847213458460267
---------------------52.000000_4.000000.net-----------------------
Accuracy = 0.6486666666666666
Time = 0.3593311309814453
Num Params = 1728970
Ratio = 0.1847213458460267
---------------------98.000000_2.000000.net-----------------------
Accuracy = 0.5536666666666666
Time = 0.3577284812927246
Num Params = 1728970
Ratio = 0.1847213458460267
---------------------4.000000_3.000000.net-----------------------
Accuracy = 0.708
Time = 0.4730513095855713
Num Params = 6710602
Ratio = 0.7169536966384833
---------------------31.000000_0.000000.net-----------------------
Accuracy = 0.6106666666666667
Time = 0.3558363914489746
Num Params = 1728970
Ratio = 0.1847213458460267
---------------------81.000000_1.000000.net-----------------------
Accuracy = 0.6363333333333333
Time = 0.437969446182251
Num Params = 1728970
Ratio = 0.1847213458460267
---------------------74.000000_3.000000.net-----------------------
Accuracy = 0.654
Time = 0.36975932121276855
Num Params = 1728970
Ratio = 0.1847213458460267
---------------------69.000000_1.000000.net-----------------------
Accuracy = 0.6496666666666667
Time = 0.3658609390258789
Num Params = 1728970
Ratio = 0.1847213458460267
---------------------70.000000_3.000000.net-----------------------
Accuracy = 0.652
Time = 0.3510010242462158
Num Params = 1728970
Ratio = 0.1847213458460267
---------------------4.000000_1.000000.net-----------------------
Accuracy = 0.6276666666666667
Time = 0.9498770236968994
Num Params = 7006154
Ratio = 0.7485301630939365
---------------------78.000000_4.000000.net-----------------------
Accuracy = 0.6336666666666667
Time = 0.36719250679016113
Num Params = 1728970
Ratio = 0.1847213458460267
---------------------40.000000_1.000000.net-----------------------
Accuracy = 0.637
Time = 0.36628079414367676
Num Params = 1728970
Ratio = 0.1847213458460267
---------------------58.000000_3.000000.net-----------------------
Accuracy = 0.6096666666666667
Time = 0.3472728729248047
Num Params = 1728970
Ratio = 0.1847213458460267
---------------------71.000000_1.000000.net-----------------------
Accuracy = 0.6579999999999999
Time = 0.3470187187194824
Num Params = 1728970
Ratio = 0.1847213458460267
---------------------71.000000_0.000000.net-----------------------
Accuracy = 0.6616666666666666
Time = 0.34679508209228516
Num Params = 1728970
Ratio = 0.1847213458460267
---------------------81.000000_0.000000.net-----------------------
Accuracy = 0.6166666666666667
Time = 0.3473854064941406
Num Params = 1728970
Ratio = 0.1847213458460267
---------------------30.000000_0.000000.net-----------------------
Accuracy = 0.611
Time = 0.3490915298461914
Num Params = 1728970
Ratio = 0.1847213458460267
---------------------4.000000_0.000000.net-----------------------
Accuracy = 0.6663333333333334
Time = 0.4613454341888428
Num Params = 7226826
Ratio = 0.7721065286934173
---------------------87.000000_4.000000.net-----------------------
Accuracy = 0.6116666666666667
Time = 0.34789061546325684
Num Params = 1728970
Ratio = 0.1847213458460267
---------------------74.000000_2.000000.net-----------------------
Accuracy = 0.635
Time = 0.34656476974487305
Num Params = 1728970
Ratio = 0.1847213458460267
---------------------34.000000_1.000000.net-----------------------
Accuracy = 0.661
Time = 0.346419095993042
Num Params = 1728970
Ratio = 0.1847213458460267
---------------------74.000000_4.000000.net-----------------------
Accuracy = 0.6523333333333333
Time = 0.34589719772338867
Num Params = 1728970
Ratio = 0.1847213458460267
---------------------55.000000_4.000000.net-----------------------
Accuracy = 0.624
Time = 0.3492608070373535
Num Params = 1728970
Ratio = 0.1847213458460267
---------------------55.000000_1.000000.net-----------------------
Accuracy = 0.6183333333333333
Time = 0.3472428321838379
Num Params = 1728970
Ratio = 0.1847213458460267
---------------------5.000000_4.000000.net-----------------------
Accuracy = 0.6893333333333334
Time = 0.4954366683959961
Num Params = 5678154
Ratio = 0.6066480325286152
---------------------30.000000_4.000000.net-----------------------
Accuracy = 0.6253333333333333
Time = 0.3953983783721924
Num Params = 1728970
Ratio = 0.1847213458460267
---------------------66.000000_1.000000.net-----------------------
Accuracy = 0.6516666666666666
Time = 0.3558349609375
Num Params = 1728970
Ratio = 0.1847213458460267
---------------------52.000000_2.000000.net-----------------------
Accuracy = 0.63
Time = 0.3516707420349121
Num Params = 1728970
Ratio = 0.1847213458460267
---------------------46.000000_1.000000.net-----------------------
Accuracy = 0.6313333333333333
Time = 0.3464548587799072
Num Params = 1728970
Ratio = 0.1847213458460267
---------------------63.000000_4.000000.net-----------------------
Accuracy = 0.6636666666666666
Time = 0.3454909324645996
Num Params = 1728970
Ratio = 0.1847213458460267
---------------------74.000000_1.000000.net-----------------------
Accuracy = 0.6486666666666666
Time = 0.3481118679046631
Num Params = 1728970
Ratio = 0.1847213458460267
---------------------70.000000_1.000000.net-----------------------
Accuracy = 0.637
Time = 0.3460052013397217
Num Params = 1728970
Ratio = 0.1847213458460267
---------------------84.000000_2.000000.net-----------------------
Accuracy = 0.6356666666666667
Time = 0.35596227645874023
Num Params = 1728970
Ratio = 0.1847213458460267
---------------------50.000000_0.000000.net-----------------------
Accuracy = 0.6426666666666666
Time = 0.35684680938720703
Num Params = 1728970
Ratio = 0.1847213458460267
---------------------40.000000_3.000000.net-----------------------
Accuracy = 0.6203333333333333
Time = 0.3582313060760498
Num Params = 1728970
Ratio = 0.1847213458460267
---------------------48.000000_3.000000.net-----------------------
Accuracy = 0.6503333333333333
Time = 0.35838913917541504
Num Params = 1728970
Ratio = 0.1847213458460267
---------------------39.000000_0.000000.net-----------------------
Accuracy = 0.6353333333333333
Time = 0.3583660125732422
Num Params = 1728970
Ratio = 0.1847213458460267
---------------------30.000000_2.000000.net-----------------------
Accuracy = 0.6363333333333333
Time = 0.3581116199493408
Num Params = 1728970
Ratio = 0.1847213458460267
---------------------31.000000_2.000000.net-----------------------
Accuracy = 0.61
Time = 0.35918259620666504
Num Params = 1728970
Ratio = 0.1847213458460267
---------------------33.000000_4.000000.net-----------------------
Accuracy = 0.6386666666666667
Time = 0.3580348491668701
Num Params = 1728970
Ratio = 0.1847213458460267
---------------------47.000000_2.000000.net-----------------------
Accuracy = 0.6263333333333333
Time = 0.358532190322876
Num Params = 1728970
Ratio = 0.1847213458460267
---------------------10.000000_3.000000.net-----------------------
Accuracy = 0.667
Time = 0.43450164794921875
Num Params = 2503626
Ratio = 0.2674847823936242
---------------------82.000000_4.000000.net-----------------------
Accuracy = 0.6193333333333333
Time = 0.3591434955596924
Num Params = 1728970
Ratio = 0.1847213458460267
---------------------0.000000_4.000000.net-----------------------
Accuracy = 0.6853333333333333
Time = 0.5425338745117188
Num Params = 7998282
Ratio = 0.8545280805890502
---------------------46.000000_2.000000.net-----------------------
Accuracy = 0.6233333333333333
Time = 0.3539910316467285
Num Params = 1728970
Ratio = 0.1847213458460267
---------------------13.000000_3.000000.net-----------------------
Accuracy = 0.6483333333333333
Time = 0.35855627059936523
Num Params = 1729994
Ratio = 0.18483074893465537
---------------------21.000000_3.000000.net-----------------------
Accuracy = 0.636
Time = 0.35052037239074707
Num Params = 1728970
Ratio = 0.1847213458460267
---------------------91.000000_2.000000.net-----------------------
Accuracy = 0.64
Time = 0.3544728755950928
Num Params = 1728970
Ratio = 0.1847213458460267
---------------------85.000000_4.000000.net-----------------------
Accuracy = 0.6396666666666667
Time = 0.3504481315612793
Num Params = 1728970
Ratio = 0.1847213458460267
---------------------19.000000_2.000000.net-----------------------
Accuracy = 0.6546666666666667
Time = 0.3537282943725586
Num Params = 1728970
Ratio = 0.1847213458460267
---------------------54.000000_4.000000.net-----------------------
Accuracy = 0.634
Time = 0.4052398204803467
Num Params = 1728970
Ratio = 0.1847213458460267
---------------------79.000000_3.000000.net-----------------------
Accuracy = 0.6033333333333334
Time = 0.49105167388916016
Num Params = 1728970
Ratio = 0.1847213458460267
---------------------5.000000_0.000000.net-----------------------
Accuracy = 0.7043333333333334
Time = 0.5062544345855713
Num Params = 7851082
Ratio = 0.8388013865986772
---------------------79.000000_1.000000.net-----------------------
Accuracy = 0.606
Time = 0.34805750846862793
Num Params = 1728970
Ratio = 0.1847213458460267
---------------------15.000000_0.000000.net-----------------------
Accuracy = 0.6496666666666667
Time = 0.34757375717163086
Num Params = 1728970
Ratio = 0.1847213458460267
---------------------69.000000_0.000000.net-----------------------
Accuracy = 0.648
Time = 0.34780216217041016
Num Params = 1728970
Ratio = 0.1847213458460267
---------------------11.000000_1.000000.net-----------------------
Accuracy = 0.6026666666666667
Time = 0.46521496772766113
Num Params = 7259466
Ratio = 0.7755937521434565
---------------------75.000000_4.000000.net-----------------------
Accuracy = 0.6106666666666667
Time = 0.3464853763580322
Num Params = 1728970
Ratio = 0.1847213458460267
---------------------54.000000_0.000000.net-----------------------
Accuracy = 0.6503333333333333
Time = 0.3465299606323242
Num Params = 1728970
Ratio = 0.1847213458460267
---------------------34.000000_0.000000.net-----------------------
Accuracy = 0.642
Time = 0.34697437286376953
Num Params = 1728970
Ratio = 0.1847213458460267
---------------------86.000000_4.000000.net-----------------------
Accuracy = 0.644
Time = 0.34769392013549805
Num Params = 1728970
Ratio = 0.1847213458460267
---------------------83.000000_0.000000.net-----------------------
Accuracy = 0.616
Time = 0.4522054195404053
Num Params = 1728970
Ratio = 0.1847213458460267
---------------------37.000000_1.000000.net-----------------------
Accuracy = 0.639
Time = 0.4850296974182129
Num Params = 1728970
Ratio = 0.1847213458460267
---------------------20.000000_1.000000.net-----------------------
Accuracy = 0.6573333333333333
Time = 0.3482818603515625
Num Params = 1728970
Ratio = 0.1847213458460267
---------------------27.000000_4.000000.net-----------------------
Accuracy = 0.657
Time = 0.3466205596923828
Num Params = 1728970
Ratio = 0.1847213458460267
---------------------72.000000_3.000000.net-----------------------
Accuracy = 0.5966666666666667
Time = 0.34659743309020996
Num Params = 1728970
Ratio = 0.1847213458460267
---------------------97.000000_4.000000.net-----------------------
Accuracy = 0.6213333333333333
Time = 0.346937894821167
Num Params = 1728970
Ratio = 0.1847213458460267
---------------------20.000000_0.000000.net-----------------------
Accuracy = 0.6456666666666667
Time = 0.34714651107788086
Num Params = 1728970
Ratio = 0.1847213458460267
---------------------60.000000_4.000000.net-----------------------
Accuracy = 0.6323333333333333
Time = 0.34632301330566406
Num Params = 1728970
Ratio = 0.1847213458460267
---------------------46.000000_3.000000.net-----------------------
Accuracy = 0.629
Time = 0.34558868408203125
Num Params = 1728970
Ratio = 0.1847213458460267
---------------------27.000000_3.000000.net-----------------------
Accuracy = 0.6516666666666666
Time = 0.34825754165649414
Num Params = 1728970
Ratio = 0.1847213458460267
---------------------18.000000_1.000000.net-----------------------
Accuracy = 0.633
Time = 0.34659314155578613
Num Params = 1728970
Ratio = 0.1847213458460267
---------------------28.000000_0.000000.net-----------------------
Accuracy = 0.6536666666666666
Time = 0.3462040424346924
Num Params = 1728970
Ratio = 0.1847213458460267
---------------------50.000000_3.000000.net-----------------------
Accuracy = 0.6403333333333333
Time = 0.35753822326660156
Num Params = 1728970
Ratio = 0.1847213458460267
---------------------61.000000_0.000000.net-----------------------
Accuracy = 0.647
Time = 0.3547039031982422
Num Params = 1728970
Ratio = 0.1847213458460267
---------------------38.000000_4.000000.net-----------------------
Accuracy = 0.6063333333333333
Time = 0.3501315116882324
Num Params = 1728970
Ratio = 0.1847213458460267
---------------------30.000000_1.000000.net-----------------------
Accuracy = 0.6293333333333333
Time = 0.40390753746032715
Num Params = 1728970
Ratio = 0.1847213458460267
---------------------46.000000_0.000000.net-----------------------
Accuracy = 0.637
Time = 0.43527913093566895
Num Params = 1728970
Ratio = 0.1847213458460267
---------------------69.000000_4.000000.net-----------------------
Accuracy = 0.652
Time = 0.3643174171447754
Num Params = 1728970
Ratio = 0.1847213458460267
---------------------87.000000_2.000000.net-----------------------
Accuracy = 0.5946666666666667
Time = 0.3938262462615967
Num Params = 1728970
Ratio = 0.1847213458460267
---------------------1.000000_4.000000.net-----------------------
Accuracy = 0.689
Time = 0.6117243766784668
Num Params = 5752522
Ratio = 0.6145934318402732
---------------------20.000000_4.000000.net-----------------------
Accuracy = 0.657
Time = 0.35851192474365234
Num Params = 1728970
Ratio = 0.1847213458460267
---------------------22.000000_4.000000.net-----------------------
Accuracy = 0.6510000000000001
Time = 0.35806751251220703
Num Params = 1728970
Ratio = 0.1847213458460267
---------------------25.000000_0.000000.net-----------------------
Accuracy = 0.6456666666666667
Time = 0.3471367359161377
Num Params = 1728970
Ratio = 0.1847213458460267
---------------------60.000000_2.000000.net-----------------------
Accuracy = 0.623
Time = 0.3472325801849365
Num Params = 1728970
Ratio = 0.1847213458460267
---------------------96.000000_2.000000.net-----------------------
Accuracy = 0.6026666666666667
Time = 0.3466217517852783
Num Params = 1728970
Ratio = 0.1847213458460267
---------------------25.000000_3.000000.net-----------------------
Accuracy = 0.6579999999999999
Time = 0.42791247367858887
Num Params = 1728970
Ratio = 0.1847213458460267
---------------------83.000000_4.000000.net-----------------------
Accuracy = 0.6136666666666667
Time = 0.38835787773132324
Num Params = 1728970
Ratio = 0.1847213458460267
---------------------84.000000_0.000000.net-----------------------
Accuracy = 0.6536666666666666
Time = 0.39305639266967773
Num Params = 1728970
Ratio = 0.1847213458460267
---------------------52.000000_3.000000.net-----------------------
Accuracy = 0.6286666666666667
Time = 0.42655229568481445
Num Params = 1728970
Ratio = 0.1847213458460267
---------------------81.000000_4.000000.net-----------------------
Accuracy = 0.6333333333333333
Time = 0.3717513084411621
Num Params = 1728970
Ratio = 0.1847213458460267
---------------------58.000000_4.000000.net-----------------------
Accuracy = 0.6033333333333334
Time = 0.3979315757751465
Num Params = 1728970
Ratio = 0.1847213458460267
---------------------18.000000_2.000000.net-----------------------
Accuracy = 0.6546666666666667
Time = 0.40431666374206543
Num Params = 1728970
Ratio = 0.1847213458460267
---------------------43.000000_2.000000.net-----------------------
Accuracy = 0.5963333333333334
Time = 0.37476682662963867
Num Params = 1728970
Ratio = 0.1847213458460267
---------------------36.000000_4.000000.net-----------------------
Accuracy = 0.653
Time = 0.3701202869415283
Num Params = 1728970
Ratio = 0.1847213458460267
---------------------76.000000_1.000000.net-----------------------
Accuracy = 0.6196666666666667
Time = 0.35514283180236816
Num Params = 1728970
Ratio = 0.1847213458460267
---------------------91.000000_4.000000.net-----------------------
Accuracy = 0.6033333333333334
Time = 0.3491678237915039
Num Params = 1728970
Ratio = 0.1847213458460267
---------------------17.000000_3.000000.net-----------------------
Accuracy = 0.636
Time = 0.34816932678222656
Num Params = 1728970
Ratio = 0.1847213458460267
---------------------9.000000_1.000000.net-----------------------
Accuracy = 0.6726666666666666
Time = 0.4291572570800781
Num Params = 2653258
Ratio = 0.2834713087194903
---------------------78.000000_2.000000.net-----------------------
Accuracy = 0.659
Time = 0.34963274002075195
Num Params = 1728970
Ratio = 0.1847213458460267
---------------------76.000000_4.000000.net-----------------------
Accuracy = 0.6203333333333333
Time = 0.35123395919799805
Num Params = 1728970
Ratio = 0.1847213458460267
---------------------13.000000_2.000000.net-----------------------
Accuracy = 0.6593333333333333
Time = 0.44077372550964355
Num Params = 1728970
Ratio = 0.1847213458460267
---------------------84.000000_3.000000.net-----------------------
Accuracy = 0.6293333333333333
Time = 0.5560965538024902
Num Params = 1728970
Ratio = 0.1847213458460267
---------------------13.000000_4.000000.net-----------------------
Accuracy = 0.659
Time = 0.4291267395019531
Num Params = 1728970
Ratio = 0.1847213458460267
---------------------25.000000_4.000000.net-----------------------
Accuracy = 0.6266666666666667
Time = 0.3770780563354492
Num Params = 1728970
Ratio = 0.1847213458460267
---------------------28.000000_2.000000.net-----------------------
Accuracy = 0.6536666666666666
Time = 0.37622952461242676
Num Params = 1728970
Ratio = 0.1847213458460267
---------------------76.000000_3.000000.net-----------------------
Accuracy = 0.6026666666666667
Time = 0.3531937599182129
Num Params = 1728970
Ratio = 0.1847213458460267
---------------------75.000000_3.000000.net-----------------------
Accuracy = 0.6066666666666667
Time = 0.3800644874572754
Num Params = 1728970
Ratio = 0.1847213458460267
---------------------68.000000_4.000000.net-----------------------
Accuracy = 0.6423333333333333
Time = 0.44521403312683105
Num Params = 1728970
Ratio = 0.1847213458460267
---------------------86.000000_2.000000.net-----------------------
Accuracy = 0.6456666666666667
Time = 0.3823354244232178
Num Params = 1728970
Ratio = 0.1847213458460267
---------------------61.000000_3.000000.net-----------------------
Accuracy = 0.6393333333333333
Time = 0.3976123332977295
Num Params = 1728970
Ratio = 0.1847213458460267
---------------------95.000000_1.000000.net-----------------------
Accuracy = 0.6366666666666667
Time = 0.34842753410339355
Num Params = 1728970
Ratio = 0.1847213458460267
---------------------38.000000_1.000000.net-----------------------
Accuracy = 0.624
Time = 0.35028505325317383
Num Params = 1728970
Ratio = 0.1847213458460267
---------------------12.000000_2.000000.net-----------------------
Accuracy = 0.6123333333333333
Time = 0.35175538063049316
Num Params = 1729994
Ratio = 0.18483074893465537
---------------------85.000000_2.000000.net-----------------------
Accuracy = 0.6346666666666667
Time = 0.3484318256378174
Num Params = 1728970
Ratio = 0.1847213458460267
---------------------77.000000_4.000000.net-----------------------
Accuracy = 0.642
Time = 0.35091662406921387
Num Params = 1728970
Ratio = 0.1847213458460267
---------------------62.000000_2.000000.net-----------------------
Accuracy = 0.6466666666666666
Time = 0.3586766719818115
Num Params = 1728970
Ratio = 0.1847213458460267
---------------------48.000000_4.000000.net-----------------------
Accuracy = 0.6376666666666667
Time = 0.35581469535827637
Num Params = 1728970
Ratio = 0.1847213458460267
---------------------67.000000_1.000000.net-----------------------
Accuracy = 0.6326666666666667
Time = 0.35019373893737793
Num Params = 1728970
Ratio = 0.1847213458460267
---------------------81.000000_3.000000.net-----------------------
Accuracy = 0.6046666666666667
Time = 0.349163293838501
Num Params = 1728970
Ratio = 0.1847213458460267
---------------------35.000000_4.000000.net-----------------------
Accuracy = 0.634
Time = 0.3485682010650635
Num Params = 1728970
Ratio = 0.1847213458460267
---------------------89.000000_3.000000.net-----------------------
Accuracy = 0.6353333333333333
Time = 0.34772467613220215
Num Params = 1728970
Ratio = 0.1847213458460267
---------------------46.000000_4.000000.net-----------------------
Accuracy = 0.628
Time = 0.3513674736022949
Num Params = 1728970
Ratio = 0.1847213458460267
---------------------87.000000_3.000000.net-----------------------
Accuracy = 0.5963333333333334
Time = 0.34840893745422363
Num Params = 1728970
Ratio = 0.1847213458460267
---------------------47.000000_1.000000.net-----------------------
Accuracy = 0.6323333333333333
Time = 0.3476998805999756
Num Params = 1728970
Ratio = 0.1847213458460267
---------------------97.000000_2.000000.net-----------------------
Accuracy = 0.612
Time = 0.3475682735443115
Num Params = 1728970
Ratio = 0.1847213458460267
---------------------2.000000_1.000000.net-----------------------
Accuracy = 0.6416666666666667
Time = 0.5178580284118652
Num Params = 9805002
Ratio = 1.04755615508828
---------------------65.000000_3.000000.net-----------------------
Accuracy = 0.642
Time = 0.3493175506591797
Num Params = 1728970
Ratio = 0.1847213458460267
---------------------10.000000_2.000000.net-----------------------
Accuracy = 0.6693333333333333
Time = 0.47110986709594727
Num Params = 5602122
Ratio = 0.5985248531979356
---------------------19.000000_0.000000.net-----------------------
Accuracy = 0.6433333333333333
Time = 0.34899187088012695
Num Params = 1728970
Ratio = 0.1847213458460267
---------------------58.000000_2.000000.net-----------------------
Accuracy = 0.6296666666666667
Time = 0.34769558906555176
Num Params = 1728970
Ratio = 0.1847213458460267
---------------------97.000000_3.000000.net-----------------------
Accuracy = 0.642
Time = 0.3474586009979248
Num Params = 1728970
Ratio = 0.1847213458460267
---------------------20.000000_3.000000.net-----------------------
Accuracy = 0.6453333333333333
Time = 0.3485531806945801
Num Params = 1728970
Ratio = 0.1847213458460267
---------------------77.000000_3.000000.net-----------------------
Accuracy = 0.6510000000000001
Time = 0.35141587257385254
Num Params = 1728970
Ratio = 0.1847213458460267
---------------------19.000000_4.000000.net-----------------------
Accuracy = 0.6463333333333332
Time = 0.3481283187866211
Num Params = 1728970
Ratio = 0.1847213458460267
---------------------65.000000_4.000000.net-----------------------
Accuracy = 0.6576666666666666
Time = 0.3470187187194824
Num Params = 1728970
Ratio = 0.1847213458460267
---------------------31.000000_4.000000.net-----------------------
Accuracy = 0.6409999999999999
Time = 0.3501434326171875
Num Params = 1728970
Ratio = 0.1847213458460267
---------------------63.000000_2.000000.net-----------------------
Accuracy = 0.6433333333333333
Time = 0.34726595878601074
Num Params = 1728970
Ratio = 0.1847213458460267
---------------------56.000000_4.000000.net-----------------------
Accuracy = 0.6506666666666666
Time = 0.3504946231842041
Num Params = 1728970
Ratio = 0.1847213458460267
---------------------95.000000_0.000000.net-----------------------
Accuracy = 0.649
Time = 0.3532834053039551
Num Params = 1728970
Ratio = 0.1847213458460267
---------------------3.000000_0.000000.net-----------------------
Accuracy = 0.6783333333333332
Time = 0.45040273666381836
Num Params = 2691786
Ratio = 0.2875875999291444
---------------------24.000000_1.000000.net-----------------------
Accuracy = 0.6653333333333333
Time = 0.4646477699279785
Num Params = 1728970
Ratio = 0.1847213458460267
---------------------94.000000_1.000000.net-----------------------
Accuracy = 0.6546666666666667
Time = 0.36434292793273926
Num Params = 1728970
Ratio = 0.1847213458460267
---------------------98.000000_4.000000.net-----------------------
Accuracy = 0.5716666666666667
Time = 0.37358951568603516
Num Params = 1728970
Ratio = 0.1847213458460267
---------------------8.000000_4.000000.net-----------------------
Accuracy = 0.6766666666666665
Time = 0.5523791313171387
Num Params = 5491402
Ratio = 0.5866956442399595
---------------------7.000000_0.000000.net-----------------------
Accuracy = 0.6746666666666666
Time = 0.6149065494537354
Num Params = 5051722
Ratio = 0.5397206930600194
---------------------7.000000_4.000000.net-----------------------
Accuracy = 0.6413333333333333
Time = 0.5522515773773193
Num Params = 9325386
Ratio = 0.9963144834518213
---------------------41.000000_2.000000.net-----------------------
Accuracy = 0.615
Time = 0.3958566188812256
Num Params = 1728970
Ratio = 0.1847213458460267
---------------------24.000000_0.000000.net-----------------------
Accuracy = 0.6460000000000001
Time = 0.40838098526000977
Num Params = 1728970
Ratio = 0.1847213458460267
---------------------8.000000_1.000000.net-----------------------
Accuracy = 0.6226666666666667
Time = 0.47685861587524414
Num Params = 5014474
Ratio = 0.5357411557111511
---------------------71.000000_4.000000.net-----------------------
Accuracy = 0.6526666666666666
Time = 0.3475663661956787
Num Params = 1728970
Ratio = 0.1847213458460267
---------------------57.000000_3.000000.net-----------------------
Accuracy = 0.6146666666666667
Time = 0.34558796882629395
Num Params = 1728970
Ratio = 0.1847213458460267
---------------------76.000000_0.000000.net-----------------------
Accuracy = 0.6113333333333333
Time = 0.34877705574035645
Num Params = 1728970
Ratio = 0.1847213458460267
---------------------60.000000_1.000000.net-----------------------
Accuracy = 0.623
Time = 0.34770798683166504
Num Params = 1728970
Ratio = 0.1847213458460267
---------------------17.000000_1.000000.net-----------------------
Accuracy = 0.6306666666666667
Time = 0.3520035743713379
Num Params = 1728970
Ratio = 0.1847213458460267
---------------------28.000000_4.000000.net-----------------------
Accuracy = 0.661
Time = 0.3466160297393799
Num Params = 1728970
Ratio = 0.1847213458460267
---------------------22.000000_0.000000.net-----------------------
Accuracy = 0.6423333333333333
Time = 0.34621667861938477
Num Params = 1728970
Ratio = 0.1847213458460267
---------------------45.000000_1.000000.net-----------------------
Accuracy = 0.6473333333333333
Time = 0.34746718406677246
Num Params = 1728970
Ratio = 0.1847213458460267
---------------------54.000000_1.000000.net-----------------------
Accuracy = 0.617
Time = 0.3596789836883545
Num Params = 1728970
Ratio = 0.1847213458460267
---------------------98.000000_3.000000.net-----------------------
Accuracy = 0.55
Time = 0.3595390319824219
Num Params = 1728970
Ratio = 0.1847213458460267
---------------------13.000000_0.000000.net-----------------------
Accuracy = 0.6526666666666666
Time = 0.3639047145843506
Num Params = 1728970
Ratio = 0.1847213458460267
---------------------47.000000_3.000000.net-----------------------
Accuracy = 0.609
Time = 0.3591036796569824
Num Params = 1728970
Ratio = 0.1847213458460267
---------------------59.000000_2.000000.net-----------------------
Accuracy = 0.6366666666666667
Time = 0.3598306179046631
Num Params = 1728970
Ratio = 0.1847213458460267
---------------------64.000000_3.000000.net-----------------------
Accuracy = 0.655
Time = 0.3584885597229004
Num Params = 1728970
Ratio = 0.1847213458460267
---------------------40.000000_4.000000.net-----------------------
Accuracy = 0.5873333333333334
Time = 0.3583552837371826
Num Params = 1728970
Ratio = 0.1847213458460267
---------------------80.000000_0.000000.net-----------------------
Accuracy = 0.6413333333333333
Time = 0.3666517734527588
Num Params = 1728970
Ratio = 0.1847213458460267
---------------------0.000000_0.000000.net-----------------------
Accuracy = 0.6233333333333333
Time = 0.49835968017578125
Num Params = 5457866
Ratio = 0.5831126930873701
---------------------11.000000_4.000000.net-----------------------
Accuracy = 0.672
Time = 0.44703173637390137
Num Params = 4458698
Ratio = 0.4763626293579342
---------------------21.000000_0.000000.net-----------------------
Accuracy = 0.638
Time = 0.40084314346313477
Num Params = 1728970
Ratio = 0.1847213458460267
---------------------68.000000_0.000000.net-----------------------
Accuracy = 0.6446666666666667
Time = 0.5129985809326172
Num Params = 1728970
Ratio = 0.1847213458460267
---------------------51.000000_0.000000.net-----------------------
Accuracy = 0.636
Time = 0.36771512031555176
Num Params = 1728970
Ratio = 0.1847213458460267
---------------------56.000000_0.000000.net-----------------------
Accuracy = 0.6553333333333333
Time = 0.3667287826538086
Num Params = 1728970
Ratio = 0.1847213458460267
---------------------36.000000_2.000000.net-----------------------
Accuracy = 0.649
Time = 0.3526270389556885
Num Params = 1728970
Ratio = 0.1847213458460267
---------------------9.000000_0.000000.net-----------------------
Accuracy = 0.6456666666666667
Time = 0.39066219329833984
Num Params = 1915722
Ratio = 0.20467373413468246
---------------------14.000000_3.000000.net-----------------------
Accuracy = 0.632
Time = 0.34801173210144043
Num Params = 1728970
Ratio = 0.1847213458460267
---------------------5.000000_3.000000.net-----------------------
Accuracy = 0.62
Time = 0.4950289726257324
Num Params = 5643338
Ratio = 0.6029283275152401
---------------------67.000000_4.000000.net-----------------------
Accuracy = 0.6436666666666667
Time = 0.34829163551330566
Num Params = 1728970
Ratio = 0.1847213458460267
---------------------14.000000_1.000000.net-----------------------
Accuracy = 0.6460000000000001
Time = 0.3473083972930908
Num Params = 1728970
Ratio = 0.1847213458460267
---------------------4.000000_4.000000.net-----------------------
Accuracy = 0.633
Time = 0.531963586807251
Num Params = 10322762
Ratio = 1.102873091776157
---------------------88.000000_0.000000.net-----------------------
Accuracy = 0.6333333333333333
Time = 0.34697484970092773
Num Params = 1728970
Ratio = 0.1847213458460267
---------------------26.000000_3.000000.net-----------------------
Accuracy = 0.6473333333333333
Time = 0.3483915328979492
Num Params = 1728970
Ratio = 0.1847213458460267
---------------------80.000000_1.000000.net-----------------------
Accuracy = 0.6183333333333333
Time = 0.3475470542907715
Num Params = 1728970
Ratio = 0.1847213458460267
---------------------49.000000_1.000000.net-----------------------
Accuracy = 0.5993333333333334
Time = 0.35025930404663086
Num Params = 1728970
Ratio = 0.1847213458460267
---------------------73.000000_0.000000.net-----------------------
Accuracy = 0.6516666666666666
Time = 0.4655337333679199
Num Params = 1728970
Ratio = 0.1847213458460267
---------------------31.000000_3.000000.net-----------------------
Accuracy = 0.62
Time = 0.4060702323913574
Num Params = 1728970
Ratio = 0.1847213458460267
---------------------23.000000_0.000000.net-----------------------
Accuracy = 0.6033333333333334
Time = 0.47584962844848633
Num Params = 1728970
Ratio = 0.1847213458460267
---------------------89.000000_1.000000.net-----------------------
Accuracy = 0.6343333333333333
Time = 0.38685011863708496
Num Params = 1728970
Ratio = 0.1847213458460267
---------------------18.000000_4.000000.net-----------------------
Accuracy = 0.6226666666666667
Time = 0.37781596183776855
Num Params = 1728970
Ratio = 0.1847213458460267
---------------------59.000000_4.000000.net-----------------------
Accuracy = 0.6436666666666667
Time = 0.3582124710083008
Num Params = 1728970
Ratio = 0.1847213458460267
---------------------86.000000_1.000000.net-----------------------
Accuracy = 0.6623333333333333
Time = 0.3557446002960205
Num Params = 1728970
Ratio = 0.1847213458460267
---------------------53.000000_4.000000.net-----------------------
Accuracy = 0.638
Time = 0.3539712429046631
Num Params = 1728970
Ratio = 0.1847213458460267
---------------------85.000000_1.000000.net-----------------------
Accuracy = 0.6313333333333333
Time = 0.3511018753051758
Num Params = 1728970
Ratio = 0.1847213458460267
---------------------59.000000_1.000000.net-----------------------
Accuracy = 0.6403333333333333
Time = 0.3530275821685791
Num Params = 1728970
Ratio = 0.1847213458460267
---------------------6.000000_4.000000.net-----------------------
Accuracy = 0.6510000000000001
Time = 0.45302820205688477
Num Params = 5122634
Ratio = 0.5472968569475556
---------------------69.000000_3.000000.net-----------------------
Accuracy = 0.6576666666666666
Time = 0.35324525833129883
Num Params = 1728970
Ratio = 0.1847213458460267
---------------------49.000000_0.000000.net-----------------------
Accuracy = 0.5876666666666667
Time = 0.4261782169342041
Num Params = 1728970
Ratio = 0.1847213458460267
---------------------67.000000_3.000000.net-----------------------
Accuracy = 0.6403333333333333
Time = 0.37764906883239746
Num Params = 1728970
Ratio = 0.1847213458460267
---------------------28.000000_1.000000.net-----------------------
Accuracy = 0.6413333333333333
Time = 0.36100292205810547
Num Params = 1728970
Ratio = 0.1847213458460267
---------------------39.000000_3.000000.net-----------------------
Accuracy = 0.6576666666666666
Time = 0.3536088466644287
Num Params = 1728970
Ratio = 0.1847213458460267
---------------------61.000000_4.000000.net-----------------------
Accuracy = 0.665
Time = 0.4368312358856201
Num Params = 1728970
Ratio = 0.1847213458460267
---------------------38.000000_0.000000.net-----------------------
Accuracy = 0.5866666666666667
Time = 0.39365220069885254
Num Params = 1728970
Ratio = 0.1847213458460267
---------------------54.000000_2.000000.net-----------------------
Accuracy = 0.6376666666666667
Time = 0.38608646392822266
Num Params = 1728970
Ratio = 0.1847213458460267
---------------------92.000000_1.000000.net-----------------------
Accuracy = 0.6426666666666666
Time = 0.3500556945800781
Num Params = 1728970
Ratio = 0.1847213458460267
---------------------44.000000_3.000000.net-----------------------
Accuracy = 0.6113333333333333
Time = 0.34845471382141113
Num Params = 1728970
Ratio = 0.1847213458460267
---------------------74.000000_0.000000.net-----------------------
Accuracy = 0.6336666666666667
Time = 0.34708356857299805
Num Params = 1728970
Ratio = 0.1847213458460267
---------------------73.000000_1.000000.net-----------------------
Accuracy = 0.659
Time = 0.34947633743286133
Num Params = 1728970
Ratio = 0.1847213458460267
---------------------48.000000_0.000000.net-----------------------
Accuracy = 0.6426666666666666
Time = 0.3507368564605713
Num Params = 1728970
Ratio = 0.1847213458460267
---------------------51.000000_2.000000.net-----------------------
Accuracy = 0.5813333333333334
Time = 0.35007309913635254
Num Params = 1728970
Ratio = 0.1847213458460267
---------------------24.000000_3.000000.net-----------------------
Accuracy = 0.6523333333333333
Time = 0.3575754165649414
Num Params = 1728970
Ratio = 0.1847213458460267
---------------------43.000000_0.000000.net-----------------------
Accuracy = 0.6043333333333333
Time = 0.3494431972503662
Num Params = 1728970
Ratio = 0.1847213458460267
---------------------62.000000_3.000000.net-----------------------
Accuracy = 0.645
Time = 0.42107653617858887
Num Params = 1728970
Ratio = 0.1847213458460267
---------------------97.000000_0.000000.net-----------------------
Accuracy = 0.6126666666666667
Time = 0.35829663276672363
Num Params = 1728970
Ratio = 0.1847213458460267
---------------------43.000000_3.000000.net-----------------------
Accuracy = 0.609
Time = 0.36949682235717773
Num Params = 1728970
Ratio = 0.1847213458460267
---------------------91.000000_0.000000.net-----------------------
Accuracy = 0.618
Time = 0.35934925079345703
Num Params = 1728970
Ratio = 0.1847213458460267
---------------------35.000000_0.000000.net-----------------------
Accuracy = 0.6296666666666667
Time = 0.3534259796142578
Num Params = 1728970
Ratio = 0.1847213458460267
---------------------49.000000_3.000000.net-----------------------
Accuracy = 0.5806666666666667
Time = 0.42951512336730957
Num Params = 1728970
Ratio = 0.1847213458460267
---------------------11.000000_2.000000.net-----------------------
Accuracy = 0.687
Time = 0.45000171661376953
Num Params = 5269578
Ratio = 0.5629962001657713
---------------------82.000000_1.000000.net-----------------------
Accuracy = 0.634
Time = 0.3645334243774414
Num Params = 1728970
Ratio = 0.1847213458460267
---------------------8.000000_3.000000.net-----------------------
Accuracy = 0.627
Time = 0.4518277645111084
Num Params = 6670282
Ratio = 0.7126459500237289
---------------------62.000000_4.000000.net-----------------------
Accuracy = 0.6443333333333334
Time = 0.34896326065063477
Num Params = 1728970
Ratio = 0.1847213458460267
---------------------18.000000_0.000000.net-----------------------
Accuracy = 0.6216666666666667
Time = 0.3473830223083496
Num Params = 1728970
Ratio = 0.1847213458460267
---------------------80.000000_4.000000.net-----------------------
Accuracy = 0.598
Time = 0.34778618812561035
Num Params = 1728970
Ratio = 0.1847213458460267
---------------------24.000000_4.000000.net-----------------------
Accuracy = 0.6503333333333333
Time = 0.34761834144592285
Num Params = 1728970
Ratio = 0.1847213458460267
---------------------49.000000_4.000000.net-----------------------
Accuracy = 0.585
Time = 0.347423791885376
Num Params = 1728970
Ratio = 0.1847213458460267
---------------------98.000000_1.000000.net-----------------------
Accuracy = 0.5766666666666667
Time = 0.3473081588745117
Num Params = 1728970
Ratio = 0.1847213458460267
---------------------95.000000_3.000000.net-----------------------
Accuracy = 0.642
Time = 0.3464343547821045
Num Params = 1728970
Ratio = 0.1847213458460267
---------------------66.000000_2.000000.net-----------------------
Accuracy = 0.6393333333333333
Time = 0.3479881286621094
Num Params = 1728970
Ratio = 0.1847213458460267
---------------------17.000000_0.000000.net-----------------------
Accuracy = 0.6516666666666666
Time = 0.34745001792907715
Num Params = 1728970
Ratio = 0.1847213458460267
---------------------59.000000_0.000000.net-----------------------
Accuracy = 0.64
Time = 0.34903860092163086
Num Params = 1728970
Ratio = 0.1847213458460267
---------------------32.000000_2.000000.net-----------------------
Accuracy = 0.648
Time = 0.3464188575744629
Num Params = 1728970
Ratio = 0.1847213458460267
---------------------69.000000_2.000000.net-----------------------
Accuracy = 0.6483333333333333
Time = 0.34720683097839355
Num Params = 1728970
Ratio = 0.1847213458460267
---------------------93.000000_2.000000.net-----------------------
Accuracy = 0.6316666666666667
Time = 0.34800004959106445
Num Params = 1728970
Ratio = 0.1847213458460267
---------------------37.000000_3.000000.net-----------------------
Accuracy = 0.634
Time = 0.34940528869628906
Num Params = 1728970
Ratio = 0.1847213458460267
---------------------6.000000_3.000000.net-----------------------
Accuracy = 0.6306666666666667
Time = 0.5041396617889404
Num Params = 8440522
Ratio = 0.9017765394905619
---------------------83.000000_3.000000.net-----------------------
Accuracy = 0.6266666666666667
Time = 0.3473081588745117
Num Params = 1728970
Ratio = 0.1847213458460267
---------------------99.000000_3.000000.net-----------------------
Accuracy = 0.6403333333333333
Time = 0.3473551273345947
Num Params = 1728970
Ratio = 0.1847213458460267
---------------------70.000000_0.000000.net-----------------------
Accuracy = 0.6376666666666667
Time = 0.34777235984802246
Num Params = 1728970
Ratio = 0.1847213458460267
---------------------70.000000_4.000000.net-----------------------
Accuracy = 0.664
Time = 0.3516829013824463
Num Params = 1728970
Ratio = 0.1847213458460267
---------------------84.000000_1.000000.net-----------------------
Accuracy = 0.6413333333333333
Time = 0.3531923294067383
Num Params = 1728970
Ratio = 0.1847213458460267
---------------------56.000000_2.000000.net-----------------------
Accuracy = 0.6460000000000001
Time = 0.3479487895965576
Num Params = 1728970
Ratio = 0.1847213458460267
---------------------51.000000_1.000000.net-----------------------
Accuracy = 0.612
Time = 0.3490760326385498
Num Params = 1728970
Ratio = 0.1847213458460267
---------------------40.000000_0.000000.net-----------------------
Accuracy = 0.599
Time = 0.35074710845947266
Num Params = 1728970
Ratio = 0.1847213458460267
---------------------87.000000_0.000000.net-----------------------
Accuracy = 0.6043333333333333
Time = 0.348203182220459
Num Params = 1728970
Ratio = 0.1847213458460267
---------------------88.000000_1.000000.net-----------------------
Accuracy = 0.6536666666666666
Time = 0.34966087341308594
Num Params = 1728970
Ratio = 0.1847213458460267
---------------------91.000000_3.000000.net-----------------------
Accuracy = 0.6143333333333333
Time = 0.3526957035064697
Num Params = 1728970
Ratio = 0.1847213458460267
---------------------41.000000_0.000000.net-----------------------
Accuracy = 0.634
Time = 0.3486330509185791
Num Params = 1728970
Ratio = 0.1847213458460267
---------------------37.000000_2.000000.net-----------------------
Accuracy = 0.6343333333333333
Time = 0.3475184440612793
Num Params = 1728970
Ratio = 0.1847213458460267
---------------------19.000000_3.000000.net-----------------------
Accuracy = 0.662
Time = 0.3482949733734131
Num Params = 1728970
Ratio = 0.1847213458460267
---------------------36.000000_3.000000.net-----------------------
Accuracy = 0.6583333333333333
Time = 0.3518846035003662
Num Params = 1728970
Ratio = 0.1847213458460267
---------------------23.000000_3.000000.net-----------------------
Accuracy = 0.6066666666666667
Time = 0.3531966209411621
Num Params = 1728970
Ratio = 0.1847213458460267
---------------------92.000000_4.000000.net-----------------------
Accuracy = 0.6416666666666667
Time = 0.3480031490325928
Num Params = 1728970
Ratio = 0.1847213458460267
---------------------31.000000_1.000000.net-----------------------
Accuracy = 0.6186666666666667
Time = 0.35060906410217285
Num Params = 1728970
Ratio = 0.1847213458460267
---------------------33.000000_0.000000.net-----------------------
Accuracy = 0.65
Time = 0.3471200466156006
Num Params = 1728970
Ratio = 0.1847213458460267
---------------------48.000000_1.000000.net-----------------------
Accuracy = 0.6293333333333333
Time = 0.3494272232055664
Num Params = 1728970
Ratio = 0.1847213458460267
---------------------53.000000_1.000000.net-----------------------
Accuracy = 0.632
Time = 0.3495666980743408
Num Params = 1728970
Ratio = 0.1847213458460267
---------------------39.000000_1.000000.net-----------------------
Accuracy = 0.6356666666666667
Time = 0.34691691398620605
Num Params = 1728970
Ratio = 0.1847213458460267
---------------------4.000000_2.000000.net-----------------------
Accuracy = 0.6516666666666666
Time = 0.48358964920043945
Num Params = 5494474
Ratio = 0.5870238535058455
---------------------86.000000_0.000000.net-----------------------
Accuracy = 0.6613333333333332
Time = 0.3477325439453125
Num Params = 1728970
Ratio = 0.1847213458460267
---------------------51.000000_3.000000.net-----------------------
Accuracy = 0.6083333333333333
Time = 0.3495173454284668
Num Params = 1728970
Ratio = 0.1847213458460267
---------------------14.000000_4.000000.net-----------------------
Accuracy = 0.6536666666666666
Time = 0.3486912250518799
Num Params = 1728970
Ratio = 0.1847213458460267
---------------------33.000000_2.000000.net-----------------------
Accuracy = 0.633
Time = 0.40845346450805664
Num Params = 1728970
Ratio = 0.1847213458460267
---------------------32.000000_1.000000.net-----------------------
Accuracy = 0.6576666666666666
Time = 0.48622965812683105
Num Params = 1728970
Ratio = 0.1847213458460267
---------------------71.000000_3.000000.net-----------------------
Accuracy = 0.6576666666666666
Time = 0.5432136058807373
Num Params = 1728970
Ratio = 0.1847213458460267
---------------------37.000000_4.000000.net-----------------------
Accuracy = 0.6366666666666667
Time = 0.3672502040863037
Num Params = 1728970
Ratio = 0.1847213458460267
---------------------77.000000_2.000000.net-----------------------
Accuracy = 0.655
Time = 0.37536144256591797
Num Params = 1728970
Ratio = 0.1847213458460267
---------------------14.000000_2.000000.net-----------------------
Accuracy = 0.65
Time = 0.352125883102417
Num Params = 1728970
Ratio = 0.1847213458460267
---------------------16.000000_3.000000.net-----------------------
Accuracy = 0.636
Time = 0.3518824577331543
Num Params = 1728970
Ratio = 0.1847213458460267
---------------------30.000000_3.000000.net-----------------------
Accuracy = 0.6413333333333333
Time = 0.34963393211364746
Num Params = 1728970
Ratio = 0.1847213458460267
---------------------34.000000_3.000000.net-----------------------
Accuracy = 0.6466666666666666
Time = 0.34744930267333984
Num Params = 1728970
Ratio = 0.1847213458460267
---------------------41.000000_1.000000.net-----------------------
Accuracy = 0.608
Time = 0.3494081497192383
Num Params = 1728970
Ratio = 0.1847213458460267
---------------------64.000000_2.000000.net-----------------------
Accuracy = 0.6443333333333334
Time = 0.3501582145690918
Num Params = 1728970
Ratio = 0.1847213458460267
---------------------99.000000_1.000000.net-----------------------
Accuracy = 0.635
Time = 0.35153770446777344
Num Params = 1728970
Ratio = 0.1847213458460267
---------------------15.000000_1.000000.net-----------------------
Accuracy = 0.6426666666666666
Time = 0.35025644302368164
Num Params = 1728970
Ratio = 0.1847213458460267
---------------------32.000000_0.000000.net-----------------------
Accuracy = 0.6456666666666667
Time = 0.34689784049987793
Num Params = 1728970
Ratio = 0.1847213458460267
---------------------16.000000_0.000000.net-----------------------
Accuracy = 0.6366666666666667
Time = 0.34856677055358887
Num Params = 1728970
Ratio = 0.1847213458460267
---------------------93.000000_0.000000.net-----------------------
Accuracy = 0.6366666666666667
Time = 0.3607454299926758
Num Params = 1728970
Ratio = 0.1847213458460267
---------------------10.000000_1.000000.net-----------------------
Accuracy = 0.705
Time = 0.5570354461669922
Num Params = 5565642
Ratio = 0.5946273681655388
---------------------62.000000_1.000000.net-----------------------
Accuracy = 0.647
Time = 0.3660273551940918
Num Params = 1728970
Ratio = 0.1847213458460267
---------------------45.000000_2.000000.net-----------------------
Accuracy = 0.643
Time = 0.3542759418487549
Num Params = 1728970
Ratio = 0.1847213458460267
---------------------32.000000_3.000000.net-----------------------
Accuracy = 0.6553333333333333
Time = 0.34708571434020996
Num Params = 1728970
Ratio = 0.1847213458460267
---------------------1.000000_3.000000.net-----------------------
Accuracy = 0.6246666666666667
Time = 0.5329408645629883
Num Params = 8074570
Ratio = 0.8626786106918869
---------------------84.000000_4.000000.net-----------------------
Accuracy = 0.6453333333333333
Time = 0.35236406326293945
Num Params = 1728970
Ratio = 0.1847213458460267
---------------------20.000000_2.000000.net-----------------------
Accuracy = 0.65
Time = 0.35674118995666504
Num Params = 1728970
Ratio = 0.1847213458460267
---------------------12.000000_1.000000.net-----------------------
Accuracy = 0.6113333333333333
Time = 0.382854700088501
Num Params = 4088778
Ratio = 0.436840763590823
---------------------73.000000_3.000000.net-----------------------
Accuracy = 0.6606666666666666
Time = 0.36195993423461914
Num Params = 1728970
Ratio = 0.1847213458460267
---------------------85.000000_3.000000.net-----------------------
Accuracy = 0.648
Time = 0.4505269527435303
Num Params = 1728970
Ratio = 0.1847213458460267
---------------------27.000000_1.000000.net-----------------------
Accuracy = 0.654
Time = 0.3657805919647217
Num Params = 1728970
Ratio = 0.1847213458460267
---------------------41.000000_4.000000.net-----------------------
Accuracy = 0.6416666666666667
Time = 0.3665049076080322
Num Params = 1728970
Ratio = 0.1847213458460267
---------------------75.000000_0.000000.net-----------------------
Accuracy = 0.5976666666666667
Time = 0.35697007179260254
Num Params = 1728970
Ratio = 0.1847213458460267
---------------------38.000000_3.000000.net-----------------------
Accuracy = 0.5936666666666667
Time = 0.36708521842956543
Num Params = 1728970
Ratio = 0.1847213458460267
---------------------63.000000_1.000000.net-----------------------
Accuracy = 0.661
Time = 0.35953760147094727
Num Params = 1728970
Ratio = 0.1847213458460267
---------------------86.000000_3.000000.net-----------------------
Accuracy = 0.6333333333333333
Time = 0.35919713973999023
Num Params = 1728970
Ratio = 0.1847213458460267
---------------------3.000000_3.000000.net-----------------------
Accuracy = 0.633
Time = 0.5613338947296143
Num Params = 10359370
Ratio = 1.1067842521946323
---------------------6.000000_2.000000.net-----------------------
Accuracy = 0.6006666666666667
Time = 0.4934873580932617
Num Params = 6084298
Ratio = 0.650040032555966
---------------------77.000000_1.000000.net-----------------------
Accuracy = 0.6460000000000001
Time = 0.3465452194213867
Num Params = 1728970
Ratio = 0.1847213458460267
---------------------33.000000_1.000000.net-----------------------
Accuracy = 0.6393333333333333
Time = 0.3468482494354248
Num Params = 1728970
Ratio = 0.1847213458460267
---------------------3.000000_2.000000.net-----------------------
Accuracy = 0.6406666666666667
Time = 0.494030237197876
Num Params = 5676618
Ratio = 0.6064839278956722
---------------------0.000000_1.000000.net-----------------------
Accuracy = 0.7053333333333334
Time = 0.55495285987854
Num Params = 10509130
Ratio = 1.122784453906577
---------------------11.000000_0.000000.net-----------------------
Accuracy = 0.6409999999999999
Time = 0.3935689926147461
Num Params = 1914314
Ratio = 0.20452330488781803
---------------------61.000000_2.000000.net-----------------------
Accuracy = 0.6553333333333333
Time = 0.34909772872924805
Num Params = 1728970
Ratio = 0.1847213458460267
---------------------25.000000_1.000000.net-----------------------
Accuracy = 0.6313333333333333
Time = 0.3499612808227539
Num Params = 1728970
Ratio = 0.1847213458460267
---------------------39.000000_2.000000.net-----------------------
Accuracy = 0.6306666666666667
Time = 0.35164546966552734
Num Params = 1728970
Ratio = 0.1847213458460267
---------------------21.000000_2.000000.net-----------------------
Accuracy = 0.6343333333333333
Time = 0.3524503707885742
Num Params = 1728970
Ratio = 0.1847213458460267
---------------------83.000000_2.000000.net-----------------------
Accuracy = 0.6233333333333333
Time = 0.35073161125183105
Num Params = 1728970
Ratio = 0.1847213458460267
---------------------93.000000_1.000000.net-----------------------
Accuracy = 0.6256666666666667
Time = 0.35709285736083984
Num Params = 1728970
Ratio = 0.1847213458460267
---------------------66.000000_0.000000.net-----------------------
Accuracy = 0.6409999999999999
Time = 0.3588230609893799
Num Params = 1728970
Ratio = 0.1847213458460267
---------------------49.000000_2.000000.net-----------------------
Accuracy = 0.6176666666666667
Time = 0.353651762008667
Num Params = 1728970
Ratio = 0.1847213458460267
---------------------7.000000_3.000000.net-----------------------
Accuracy = 0.632
Time = 0.46828246116638184
Num Params = 2727754
Ratio = 0.2914303834172268
---------------------17.000000_4.000000.net-----------------------
Accuracy = 0.63
Time = 0.35077524185180664
Num Params = 1728970
Ratio = 0.1847213458460267
---------------------44.000000_1.000000.net-----------------------
Accuracy = 0.6026666666666667
Time = 0.3551347255706787
Num Params = 1728970
Ratio = 0.1847213458460267
---------------------63.000000_3.000000.net-----------------------
Accuracy = 0.6353333333333333
Time = 0.35529375076293945
Num Params = 1728970
Ratio = 0.1847213458460267
---------------------95.000000_4.000000.net-----------------------
Accuracy = 0.6406666666666667
Time = 0.4591991901397705
Num Params = 1728970
Ratio = 0.1847213458460267
---------------------42.000000_3.000000.net-----------------------
Accuracy = 0.6393333333333333
Time = 0.35529041290283203
Num Params = 1728970
Ratio = 0.1847213458460267
---------------------44.000000_2.000000.net-----------------------
Accuracy = 0.602
Time = 0.36112308502197266
Num Params = 1728970
Ratio = 0.1847213458460267
---------------------15.000000_4.000000.net-----------------------
Accuracy = 0.6386666666666667
Time = 0.35067129135131836
Num Params = 1728970
Ratio = 0.1847213458460267
---------------------92.000000_2.000000.net-----------------------
Accuracy = 0.6536666666666666
Time = 0.3496074676513672
Num Params = 1728970
Ratio = 0.1847213458460267
---------------------87.000000_1.000000.net-----------------------
Accuracy = 0.61
Time = 0.3513674736022949
Num Params = 1728970
Ratio = 0.1847213458460267
---------------------13.000000_1.000000.net-----------------------
Accuracy = 0.6403333333333333
Time = 0.3788909912109375
Num Params = 1802698
Ratio = 0.19259836822729176
---------------------3.000000_1.000000.net-----------------------
Accuracy = 0.6856666666666666
Time = 0.46103620529174805
Num Params = 6895818
Ratio = 0.736741980294196
---------------------83.000000_1.000000.net-----------------------
Accuracy = 0.6303333333333333
Time = 0.35297679901123047
Num Params = 1728970
Ratio = 0.1847213458460267
---------------------43.000000_4.000000.net-----------------------
Accuracy = 0.6073333333333333
Time = 0.351881742477417
Num Params = 1728970
Ratio = 0.1847213458460267
---------------------82.000000_2.000000.net-----------------------
Accuracy = 0.6386666666666667
Time = 0.37508249282836914
Num Params = 1728970
Ratio = 0.1847213458460267
---------------------57.000000_0.000000.net-----------------------
Accuracy = 0.6346666666666667
Time = 0.348907470703125
Num Params = 1728970
Ratio = 0.1847213458460267
---------------------72.000000_0.000000.net-----------------------
Accuracy = 0.6510000000000001
Time = 0.3494224548339844
Num Params = 1728970
Ratio = 0.1847213458460267
---------------------7.000000_1.000000.net-----------------------
Accuracy = 0.6373333333333333
Time = 0.4810984134674072
Num Params = 3427402
Ratio = 0.3661800437227734
---------------------64.000000_0.000000.net-----------------------
Accuracy = 0.6516666666666666
Time = 0.3491325378417969
Num Params = 1728970
Ratio = 0.1847213458460267
---------------------2.000000_3.000000.net-----------------------
Accuracy = 0.6579999999999999
Time = 0.48514628410339355
Num Params = 5901642
Ratio = 0.6305252566218249
---------------------65.000000_0.000000.net-----------------------
Accuracy = 0.648
Time = 0.3485705852508545
Num Params = 1728970
Ratio = 0.1847213458460267
---------------------22.000000_1.000000.net-----------------------
Accuracy = 0.6436666666666667
Time = 0.3497035503387451
Num Params = 1728970
Ratio = 0.1847213458460267
---------------------73.000000_4.000000.net-----------------------
Accuracy = 0.6413333333333333
Time = 0.3474705219268799
Num Params = 1728970
Ratio = 0.1847213458460267
---------------------96.000000_3.000000.net-----------------------
Accuracy = 0.6
Time = 0.3487246036529541
Num Params = 1728970
Ratio = 0.1847213458460267
---------------------23.000000_4.000000.net-----------------------
Accuracy = 0.617
Time = 0.34993839263916016
Num Params = 1728970
Ratio = 0.1847213458460267
---------------------75.000000_1.000000.net-----------------------
Accuracy = 0.6186666666666667
Time = 0.3470299243927002
Num Params = 1728970
Ratio = 0.1847213458460267
---------------------67.000000_0.000000.net-----------------------
Accuracy = 0.6
Time = 0.35204339027404785
Num Params = 1728970
Ratio = 0.1847213458460267
---------------------89.000000_2.000000.net-----------------------
Accuracy = 0.637
Time = 0.35716915130615234
Num Params = 1728970
Ratio = 0.1847213458460267
---------------------58.000000_0.000000.net-----------------------
Accuracy = 0.6326666666666667
Time = 0.34909939765930176
Num Params = 1728970
Ratio = 0.1847213458460267
---------------------24.000000_2.000000.net-----------------------
Accuracy = 0.662
Time = 0.35074949264526367
Num Params = 1728970
Ratio = 0.1847213458460267
---------------------0.000000_2.000000.net-----------------------
Accuracy = 0.6443333333333334
Time = 0.5573809146881104
Num Params = 10139722
Ratio = 1.0833172896837802
---------------------94.000000_4.000000.net-----------------------
Accuracy = 0.64
Time = 0.3489043712615967
Num Params = 1728970
Ratio = 0.1847213458460267
---------------------72.000000_2.000000.net-----------------------
Accuracy = 0.623
Time = 0.3574695587158203
Num Params = 1728970
Ratio = 0.1847213458460267
---------------------40.000000_2.000000.net-----------------------
Accuracy = 0.5976666666666667
Time = 0.3509480953216553
Num Params = 1728970
Ratio = 0.1847213458460267
---------------------3.000000_4.000000.net-----------------------
Accuracy = 0.6806666666666666
Time = 0.4542083740234375
Num Params = 4756554
Ratio = 0.5081852527628019
---------------------72.000000_1.000000.net-----------------------
Accuracy = 0.6286666666666667
Time = 0.34962916374206543
Num Params = 1728970
Ratio = 0.1847213458460267
---------------------9.000000_3.000000.net-----------------------
Accuracy = 0.671
Time = 0.38065218925476074
Num Params = 2025930
Ratio = 0.2164482415483443
---------------------27.000000_0.000000.net-----------------------
Accuracy = 0.6353333333333333
Time = 0.3504514694213867
Num Params = 1728970
Ratio = 0.1847213458460267
---------------------61.000000_1.000000.net-----------------------
Accuracy = 0.6476666666666666
Time = 0.35334348678588867
Num Params = 1728970
Ratio = 0.1847213458460267
---------------------77.000000_0.000000.net-----------------------
Accuracy = 0.6466666666666666
Time = 0.34941554069519043
Num Params = 1728970
Ratio = 0.1847213458460267
---------------------45.000000_0.000000.net-----------------------
Accuracy = 0.657
Time = 0.34744739532470703
Num Params = 1728970
Ratio = 0.1847213458460267
---------------------80.000000_3.000000.net-----------------------
Accuracy = 0.6236666666666667
Time = 0.34877896308898926
Num Params = 1728970
Ratio = 0.1847213458460267
---------------------42.000000_2.000000.net-----------------------
Accuracy = 0.635
Time = 0.34858274459838867
Num Params = 1728970
Ratio = 0.1847213458460267
---------------------9.000000_4.000000.net-----------------------
Accuracy = 0.7189999999999999
Time = 0.44536280632019043
Num Params = 4716234
Ratio = 0.5038775061480476
---------------------56.000000_3.000000.net-----------------------
Accuracy = 0.655
Time = 0.3534715175628662
Num Params = 1728970
Ratio = 0.1847213458460267
---------------------64.000000_4.000000.net-----------------------
Accuracy = 0.659
Time = 0.34885096549987793
Num Params = 1728970
Ratio = 0.1847213458460267
---------------------55.000000_2.000000.net-----------------------
Accuracy = 0.623
Time = 0.34647178649902344
Num Params = 1728970
Ratio = 0.1847213458460267
---------------------75.000000_2.000000.net-----------------------
Accuracy = 0.6076666666666667
Time = 0.34908604621887207
Num Params = 1728970
Ratio = 0.1847213458460267
---------------------43.000000_1.000000.net-----------------------
Accuracy = 0.6036666666666667
Time = 0.3481934070587158
Num Params = 1728970
Ratio = 0.1847213458460267
---------------------96.000000_1.000000.net-----------------------
Accuracy = 0.611
Time = 0.34735655784606934
Num Params = 1728970
Ratio = 0.1847213458460267
---------------------50.000000_2.000000.net-----------------------
Accuracy = 0.6393333333333333
Time = 0.34891366958618164
Num Params = 1728970
Ratio = 0.1847213458460267
---------------------91.000000_1.000000.net-----------------------
Accuracy = 0.6216666666666667
Time = 0.34720468521118164
Num Params = 1728970
Ratio = 0.1847213458460267
---------------------15.000000_2.000000.net-----------------------
Accuracy = 0.6586666666666666
Time = 0.348712682723999
Num Params = 1728970
Ratio = 0.1847213458460267
---------------------82.000000_0.000000.net-----------------------
Accuracy = 0.624
Time = 0.348768949508667
Num Params = 1728970
Ratio = 0.1847213458460267
---------------------27.000000_2.000000.net-----------------------
Accuracy = 0.6673333333333333
Time = 0.3481273651123047
Num Params = 1728970
Ratio = 0.1847213458460267
---------------------68.000000_3.000000.net-----------------------
Accuracy = 0.6409999999999999
Time = 0.34950876235961914
Num Params = 1728970
Ratio = 0.1847213458460267
---------------------41.000000_3.000000.net-----------------------
Accuracy = 0.6256666666666667
Time = 0.4106123447418213
Num Params = 1728970
Ratio = 0.1847213458460267
---------------------15.000000_3.000000.net-----------------------
Accuracy = 0.6506666666666666
Time = 0.4111771583557129
Num Params = 1728970
Ratio = 0.1847213458460267
---------------------26.000000_4.000000.net-----------------------
Accuracy = 0.642
Time = 0.34808349609375
Num Params = 1728970
Ratio = 0.1847213458460267
---------------------42.000000_4.000000.net-----------------------
Accuracy = 0.6443333333333334
Time = 0.3482930660247803
Num Params = 1728970
Ratio = 0.1847213458460267
---------------------35.000000_2.000000.net-----------------------
Accuracy = 0.6306666666666667
Time = 0.34728384017944336
Num Params = 1728970
Ratio = 0.1847213458460267
---------------------16.000000_1.000000.net-----------------------
Accuracy = 0.6473333333333333
Time = 0.3481302261352539
Num Params = 1728970
Ratio = 0.1847213458460267
---------------------1.000000_0.000000.net-----------------------
Accuracy = 0.632
Time = 0.473388671875
Num Params = 3390794
Ratio = 0.3622688833042981
---------------------57.000000_1.000000.net-----------------------
Accuracy = 0.6373333333333333
Time = 0.3524935245513916
Num Params = 1728970
Ratio = 0.1847213458460267
---------------------71.000000_2.000000.net-----------------------
Accuracy = 0.6579999999999999
Time = 0.3472464084625244
Num Params = 1728970
Ratio = 0.1847213458460267
---------------------67.000000_2.000000.net-----------------------
Accuracy = 0.6453333333333333
Time = 0.3499014377593994
Num Params = 1728970
Ratio = 0.1847213458460267
---------------------10.000000_4.000000.net-----------------------
Accuracy = 0.6356666666666667
Time = 0.42406487464904785
Num Params = 4751818
Ratio = 0.5076792634778943
---------------------96.000000_0.000000.net-----------------------
Accuracy = 0.594
Time = 0.3497462272644043
Num Params = 1728970
Ratio = 0.1847213458460267
---------------------94.000000_0.000000.net-----------------------
Accuracy = 0.637
Time = 0.3495054244995117
Num Params = 1728970
Ratio = 0.1847213458460267
---------------------42.000000_0.000000.net-----------------------
Accuracy = 0.6486666666666666
Time = 0.3470473289489746
Num Params = 1728970
Ratio = 0.1847213458460267
---------------------92.000000_0.000000.net-----------------------
Accuracy = 0.6456666666666667
Time = 0.35072994232177734
Num Params = 1728970
Ratio = 0.1847213458460267
---------------------88.000000_2.000000.net-----------------------
Accuracy = 0.6343333333333333
Time = 0.348635196685791
Num Params = 1728970
Ratio = 0.1847213458460267
---------------------78.000000_1.000000.net-----------------------
Accuracy = 0.6473333333333333
Time = 0.34754014015197754
Num Params = 1728970
Ratio = 0.1847213458460267
---------------------79.000000_4.000000.net-----------------------
Accuracy = 0.6276666666666667
Time = 0.3505852222442627
Num Params = 1728970
Ratio = 0.1847213458460267
---------------------12.000000_4.000000.net-----------------------
Accuracy = 0.6153333333333333
Time = 0.3654770851135254
Num Params = 1766858
Ratio = 0.1887692601252879
---------------------66.000000_4.000000.net-----------------------
Accuracy = 0.6433333333333333
Time = 0.34893059730529785
Num Params = 1728970
Ratio = 0.1847213458460267
---------------------29.000000_0.000000.net-----------------------
Accuracy = 0.647
Time = 0.35361480712890625
Num Params = 1728970
Ratio = 0.1847213458460267
---------------------14.000000_0.000000.net-----------------------
Accuracy = 0.643
Time = 0.3579075336456299
Num Params = 1728970
Ratio = 0.1847213458460267
---------------------98.000000_0.000000.net-----------------------
Accuracy = 0.55
Time = 0.3485121726989746
Num Params = 1728970
Ratio = 0.1847213458460267
---------------------29.000000_2.000000.net-----------------------
Accuracy = 0.6276666666666667
Time = 0.3487820625305176
Num Params = 1728970
Ratio = 0.1847213458460267
---------------------73.000000_2.000000.net-----------------------
Accuracy = 0.6513333333333332
Time = 0.34720373153686523
Num Params = 1728970
Ratio = 0.1847213458460267
---------------------82.000000_3.000000.net-----------------------
Accuracy = 0.6416666666666667
Time = 0.3488609790802002
Num Params = 1728970
Ratio = 0.1847213458460267
---------------------17.000000_2.000000.net-----------------------
Accuracy = 0.6413333333333333
Time = 0.3475174903869629
Num Params = 1728970
Ratio = 0.1847213458460267
---------------------23.000000_1.000000.net-----------------------
Accuracy = 0.594
Time = 0.3471987247467041
Num Params = 1728970
Ratio = 0.1847213458460267
---------------------0.000000_3.000000.net-----------------------
Accuracy = 0.6743333333333333
Time = 0.485337495803833
Num Params = 5199050
Ratio = 0.5554610624364709
---------------------12.000000_3.000000.net-----------------------
Accuracy = 0.6246666666666667
Time = 0.4227914810180664
Num Params = 1729354
Ratio = 0.18476237200426246
---------------------9.000000_2.000000.net-----------------------
Accuracy = 0.6846666666666666
Time = 0.439314603805542
Num Params = 4719050
Ratio = 0.5041783646417765
---------------------22.000000_3.000000.net-----------------------
Accuracy = 0.6133333333333333
Time = 0.34705042839050293
Num Params = 1728970
Ratio = 0.1847213458460267
---------------------99.000000_4.000000.net-----------------------
Accuracy = 0.6286666666666667
Time = 0.34874510765075684
Num Params = 1728970
Ratio = 0.1847213458460267
---------------------21.000000_4.000000.net-----------------------
Accuracy = 0.6366666666666667
Time = 0.3479137420654297
Num Params = 1728970
Ratio = 0.1847213458460267
---------------------50.000000_1.000000.net-----------------------
Accuracy = 0.6286666666666667
Time = 0.34700489044189453
Num Params = 1728970
Ratio = 0.1847213458460267
---------------------64.000000_1.000000.net-----------------------
Accuracy = 0.6533333333333333
Time = 0.349942684173584
Num Params = 1728970
Ratio = 0.1847213458460267
---------------------26.000000_2.000000.net-----------------------
Accuracy = 0.6576666666666666
Time = 0.3481276035308838
Num Params = 1728970
Ratio = 0.1847213458460267
---------------------51.000000_4.000000.net-----------------------
Accuracy = 0.5986666666666667
Time = 0.3485755920410156
Num Params = 1728970
Ratio = 0.1847213458460267
---------------------80.000000_2.000000.net-----------------------
Accuracy = 0.6176666666666667
Time = 0.3480203151702881
Num Params = 1728970
Ratio = 0.1847213458460267
---------------------35.000000_1.000000.net-----------------------
Accuracy = 0.6343333333333333
Time = 0.3472428321838379
Num Params = 1728970
Ratio = 0.1847213458460267
---------------------5.000000_1.000000.net-----------------------
Accuracy = 0.654
Time = 0.4671609401702881
Num Params = 4792650
Ratio = 0.512041711636963
---------------------99.000000_2.000000.net-----------------------
Accuracy = 0.6393333333333333
Time = 0.3480246067047119
Num Params = 1728970
Ratio = 0.1847213458460267
---------------------6.000000_0.000000.net-----------------------
Accuracy = 0.647
Time = 0.527571439743042
Num Params = 10246090
Ratio = 1.0946815355150845
---------------------1.000000_2.000000.net-----------------------
Accuracy = 0.666
Time = 0.49315762519836426
Num Params = 7262922
Ratio = 0.7759629875675783
