---------------------29.000000_1.000000.net-----------------------
Accuracy = 0.594
Time = 2.104123115539551
Num Params = 5649700
Ratio = 0.6036080369389272
---------------------1.000000_1.000000.net-----------------------
Accuracy = 0.642
Time = 0.11335229873657227
Num Params = 3438884
Ratio = 0.367406768589604
---------------------97.000000_1.000000.net-----------------------
Accuracy = 0.632
Time = 0.07876324653625488
Num Params = 1998500
Ratio = 0.21351764904728499
---------------------44.000000_4.000000.net-----------------------
Accuracy = 0.614
Time = 0.11048722267150879
Num Params = 7749668
Ratio = 0.8279664209441957
---------------------56.000000_1.000000.net-----------------------
Accuracy = 0.644
Time = 0.07532453536987305
Num Params = 1776164
Ratio = 0.18976350342878254
---------------------66.000000_3.000000.net-----------------------
Accuracy = 0.614
Time = 0.10508298873901367
Num Params = 4910756
Ratio = 0.524660033107255
---------------------50.000000_4.000000.net-----------------------
Accuracy = 0.648
Time = 0.09648418426513672
Num Params = 2441508
Ratio = 0.2608481602652683
---------------------16.000000_4.000000.net-----------------------
Accuracy = 0.598
Time = 0.11335587501525879
Num Params = 5650852
Ratio = 0.6037311154136344
---------------------26.000000_1.000000.net-----------------------
Accuracy = 0.616
Time = 0.1126244068145752
Num Params = 9632292
Ratio = 1.0291039993880264
---------------------53.000000_2.000000.net-----------------------
Accuracy = 0.616
Time = 0.12224459648132324
Num Params = 7125668
Ratio = 0.7612989138110929
---------------------10.000000_0.000000.net-----------------------
Accuracy = 0.602
Time = 0.12400650978088379
Num Params = 9524004
Ratio = 1.0175346227655435
---------------------81.000000_2.000000.net-----------------------
Accuracy = 0.648
Time = 0.08340167999267578
Num Params = 2404004
Ratio = 0.25684127214424285
---------------------52.000000_1.000000.net-----------------------
Accuracy = 0.618
Time = 0.12106156349182129
Num Params = 4138148
Ratio = 0.44211540273691485
---------------------90.000000_3.000000.net-----------------------
Accuracy = 0.628
Time = 0.1053009033203125
Num Params = 6790820
Ratio = 0.725524103829514
---------------------6.000000_1.000000.net-----------------------
Accuracy = 0.566
Time = 0.14331364631652832
Num Params = 8638116
Ratio = 0.9228872757156554
---------------------37.000000_0.000000.net-----------------------
Accuracy = 0.654
Time = 0.08543825149536133
Num Params = 4174372
Ratio = 0.44598553699715443
---------------------36.000000_1.000000.net-----------------------
Accuracy = 0.602
Time = 0.09623861312866211
Num Params = 7677220
Ratio = 0.8202261524237164
---------------------44.000000_0.000000.net-----------------------
Accuracy = 0.62
Time = 0.08559751510620117
Num Params = 7233316
Ratio = 0.772799913503183
---------------------39.000000_4.000000.net-----------------------
Accuracy = 0.622
Time = 0.0941007137298584
Num Params = 7899940
Ratio = 0.8440213242004546
---------------------88.000000_3.000000.net-----------------------
Accuracy = 0.598
Time = 0.0758049488067627
Num Params = 3106084
Ratio = 0.3318507647852825
---------------------62.000000_0.000000.net-----------------------
Accuracy = 0.632
Time = 0.0746622085571289
Num Params = 2994212
Ratio = 0.31989847735259913
---------------------79.000000_0.000000.net-----------------------
Accuracy = 0.616
Time = 0.07177352905273438
Num Params = 2515876
Ratio = 0.2687935595769263
---------------------45.000000_3.000000.net-----------------------
Accuracy = 0.63
Time = 0.07897543907165527
Num Params = 4875172
Ratio = 0.5208582757774083
---------------------26.000000_0.000000.net-----------------------
Accuracy = 0.642
Time = 0.08468317985534668
Num Params = 5501220
Ratio = 0.5877445890877684
---------------------8.000000_2.000000.net-----------------------
Accuracy = 0.644
Time = 0.09327316284179688
Num Params = 7899300
Ratio = 0.8439529472700618
---------------------12.000000_0.000000.net-----------------------
Accuracy = 0.6
Time = 0.09903144836425781
Num Params = 8747428
Ratio = 0.9345660554267672
---------------------29.000000_4.000000.net-----------------------
Accuracy = 0.618
Time = 0.08198022842407227
Num Params = 6719012
Ratio = 0.7178522122394279
---------------------2.000000_0.000000.net-----------------------
Accuracy = 0.586
Time = 0.09640383720397949
Num Params = 10590116
Ratio = 1.1314369134140794
---------------------34.000000_4.000000.net-----------------------
Accuracy = 0.62
Time = 0.06557202339172363
Num Params = 1959844
Ratio = 0.2093876824515523
---------------------35.000000_3.000000.net-----------------------
Accuracy = 0.638
Time = 0.0763707160949707
Num Params = 5021604
Ratio = 0.5365029174513097
---------------------65.000000_1.000000.net-----------------------
Accuracy = 0.6560000000000001
Time = 0.0722661018371582
Num Params = 4874020
Ratio = 0.520735197302701
---------------------34.000000_2.000000.net-----------------------
Accuracy = 0.652
Time = 0.06974005699157715
Num Params = 2514340
Ratio = 0.26862945494398327
---------------------90.000000_1.000000.net-----------------------
Accuracy = 0.62
Time = 0.0821993350982666
Num Params = 7748388
Ratio = 0.8278296670834098
---------------------89.000000_4.000000.net-----------------------
Accuracy = 0.636
Time = 0.0820317268371582
Num Params = 7971492
Ratio = 0.8516658650183838
---------------------76.000000_2.000000.net-----------------------
Accuracy = 0.612
Time = 0.06358218193054199
Num Params = 1776420
Ratio = 0.18979085420093972
---------------------90.000000_0.000000.net-----------------------
Accuracy = 0.606
Time = 0.07819557189941406
Num Params = 7269028
Ratio = 0.7766153462191083
---------------------16.000000_2.000000.net-----------------------
Accuracy = 0.574
Time = 0.11655592918395996
Num Params = 9668004
Ratio = 1.0329194321039517
---------------------42.000000_1.000000.net-----------------------
Accuracy = 0.586
Time = 0.08179759979248047
Num Params = 7233828
Ratio = 0.7728546150474974
---------------------65.000000_2.000000.net-----------------------
Accuracy = 0.59
Time = 0.1252739429473877
Num Params = 7159972
Ratio = 0.7649639172801538
---------------------93.000000_4.000000.net-----------------------
Accuracy = 0.638
Time = 0.09377741813659668
Num Params = 5501220
Ratio = 0.5877445890877684
---------------------23.000000_2.000000.net-----------------------
Accuracy = 0.632
Time = 0.07727718353271484
Num Params = 5021732
Ratio = 0.5365165928373883
---------------------32.000000_4.000000.net-----------------------
Accuracy = 0.586
Time = 0.08689546585083008
Num Params = 5612452
Ratio = 0.5996284995900589
---------------------60.000000_3.000000.net-----------------------
Accuracy = 0.608
Time = 0.0736088752746582
Num Params = 4762404
Ratio = 0.5088102606421747
---------------------68.000000_2.000000.net-----------------------
Accuracy = 0.66
Time = 0.0710444450378418
Num Params = 2403876
Ratio = 0.25682759675816424
---------------------72.000000_4.000000.net-----------------------
Accuracy = 0.616
Time = 0.07672834396362305
Num Params = 5057188
Ratio = 0.5403046747811564
---------------------21.000000_1.000000.net-----------------------
Accuracy = 0.624
Time = 0.08079743385314941
Num Params = 5647908
Ratio = 0.603416581533827
---------------------57.000000_2.000000.net-----------------------
Accuracy = 0.62
Time = 0.07388734817504883
Num Params = 5020964
Ratio = 0.5364345405209168
---------------------95.000000_2.000000.net-----------------------
Accuracy = 0.638
Time = 0.07267451286315918
Num Params = 4321700
Ratio = 0.461725906373606
---------------------93.000000_3.000000.net-----------------------
Accuracy = 0.6
Time = 0.0774683952331543
Num Params = 5059492
Ratio = 0.540550831730571
---------------------78.000000_3.000000.net-----------------------
Accuracy = 0.628
Time = 0.07741403579711914
Num Params = 7821732
Ratio = 0.8356656633064391
---------------------47.000000_0.000000.net-----------------------
Accuracy = 0.612
Time = 0.07143163681030273
Num Params = 4321188
Ratio = 0.46167120482929164
---------------------18.000000_3.000000.net-----------------------
Accuracy = 0.596
Time = 0.08622980117797852
Num Params = 7933860
Ratio = 0.8476453015112797
---------------------85.000000_0.000000.net-----------------------
Accuracy = 0.66
Time = 0.06527352333068848
Num Params = 1926052
Ratio = 0.20577738052680578
---------------------55.000000_3.000000.net-----------------------
Accuracy = 0.634
Time = 0.08347702026367188
Num Params = 10035364
Ratio = 1.0721677901494913
---------------------45.000000_4.000000.net-----------------------
Accuracy = 0.652
Time = 0.07746148109436035
Num Params = 5353508
Ratio = 0.5719631935530811
---------------------28.000000_3.000000.net-----------------------
Accuracy = 0.642
Time = 0.07892370223999023
Num Params = 6831396
Ratio = 0.7298592012164256
---------------------89.000000_0.000000.net-----------------------
Accuracy = 0.638
Time = 0.07166123390197754
Num Params = 2699684
Ratio = 0.2884314139857746
---------------------78.000000_0.000000.net-----------------------
Accuracy = 0.64
Time = 0.06593441963195801
Num Params = 2366756
Ratio = 0.25286173479537455
---------------------25.000000_2.000000.net-----------------------
Accuracy = 0.586
Time = 0.09020447731018066
Num Params = 10920228
Ratio = 1.1667057341107505
---------------------7.000000_2.000000.net-----------------------
Accuracy = 0.666
Time = 0.08111381530761719
Num Params = 7161892
Ratio = 0.7651690480713326
---------------------47.000000_4.000000.net-----------------------
Accuracy = 0.55
Time = 0.07966446876525879
Num Params = 9445028
Ratio = 1.0090969095550564
---------------------79.000000_2.000000.net-----------------------
Accuracy = 0.616
Time = 0.06688570976257324
Num Params = 1849380
Ratio = 0.19758582426573326
---------------------5.000000_2.000000.net-----------------------
Accuracy = 0.488
Time = 0.09823942184448242
Num Params = 11032868
Ratio = 1.1787400738599054
---------------------59.000000_3.000000.net-----------------------
Accuracy = 0.632
Time = 0.06448149681091309
Num Params = 1923364
Ratio = 0.2054901974191555
---------------------48.000000_2.000000.net-----------------------
Accuracy = 0.614
Time = 0.07512354850769043
Num Params = 4913060
Ratio = 0.5249061900566695
---------------------58.000000_1.000000.net-----------------------
Accuracy = 0.63
Time = 0.06392836570739746
Num Params = 1812900
Ratio = 0.19368833923333648
---------------------38.000000_2.000000.net-----------------------
Accuracy = 0.584
Time = 0.07753300666809082
Num Params = 6792740
Ratio = 0.7257292346206928
---------------------88.000000_4.000000.net-----------------------
Accuracy = 0.602
Time = 0.06847572326660156
Num Params = 1962532
Ratio = 0.20967486555920256
---------------------53.000000_3.000000.net-----------------------
Accuracy = 0.608
Time = 0.06670212745666504
Num Params = 4134948
Ratio = 0.4417735180849502
---------------------22.000000_2.000000.net-----------------------
Accuracy = 0.652
Time = 0.07861876487731934
Num Params = 7237796
Ratio = 0.7732785520159335
---------------------52.000000_0.000000.net-----------------------
Accuracy = 0.642
Time = 0.06687521934509277
Num Params = 4137636
Ratio = 0.4420607011926005
---------------------19.000000_1.000000.net-----------------------
Accuracy = 0.606
Time = 0.07250738143920898
Num Params = 2257444
Ratio = 0.24118295508426282
---------------------94.000000_2.000000.net-----------------------
Accuracy = 0.598
Time = 0.07630276679992676
Num Params = 5501220
Ratio = 0.5877445890877684
---------------------57.000000_4.000000.net-----------------------
Accuracy = 0.616
Time = 0.07810330390930176
Num Params = 7268644
Ratio = 0.7765743200608726
---------------------90.000000_2.000000.net-----------------------
Accuracy = 0.654
Time = 0.0713038444519043
Num Params = 6532644
Ratio = 0.6979408501090077
---------------------55.000000_0.000000.net-----------------------
Accuracy = 0.66
Time = 0.06676721572875977
Num Params = 4725028
Ratio = 0.5048170479072279
---------------------70.000000_2.000000.net-----------------------
Accuracy = 0.584
Time = 0.07207870483398438
Num Params = 4245924
Ratio = 0.4536300778150836
---------------------54.000000_3.000000.net-----------------------
Accuracy = 0.648
Time = 0.07585310935974121
Num Params = 5351716
Ratio = 0.5717717381479809
---------------------29.000000_3.000000.net-----------------------
Accuracy = 0.638
Time = 0.06790876388549805
Num Params = 4285348
Ratio = 0.4578420967272878
---------------------68.000000_1.000000.net-----------------------
Accuracy = 0.626
Time = 0.07145905494689941
Num Params = 6531748
Ratio = 0.6978451224064577
---------------------96.000000_4.000000.net-----------------------
Accuracy = 0.62
Time = 0.08048295974731445
Num Params = 7269540
Ratio = 0.7766700477634226
---------------------90.000000_4.000000.net-----------------------
Accuracy = 0.636
Time = 0.079132080078125
Num Params = 4468516
Ratio = 0.4774115742057432
---------------------8.000000_0.000000.net-----------------------
Accuracy = 0.624
Time = 0.08223581314086914
Num Params = 5096612
Ratio = 0.5445166936933606
---------------------2.000000_4.000000.net-----------------------
Accuracy = 0.582
Time = 0.09009504318237305
Num Params = 7529892
Ratio = 0.8044857830472649
---------------------94.000000_3.000000.net-----------------------
Accuracy = 0.606
Time = 0.08084464073181152
Num Params = 7343524
Ratio = 0.7845744209168449
---------------------92.000000_3.000000.net-----------------------
Accuracy = 0.626
Time = 0.08260202407836914
Num Params = 6128804
Ratio = 0.6547950070310715
---------------------33.000000_3.000000.net-----------------------
Accuracy = 0.564
Time = 0.07051563262939453
Num Params = 3102884
Ratio = 0.3315088801333179
---------------------53.000000_0.000000.net-----------------------
Accuracy = 0.606
Time = 0.06721758842468262
Num Params = 4172196
Ratio = 0.4457530554338185
---------------------2.000000_2.000000.net-----------------------
Accuracy = 0.59
Time = 0.09917068481445312
Num Params = 8858020
Ratio = 0.9463815889986648
---------------------11.000000_3.000000.net-----------------------
Accuracy = 0.592
Time = 0.09433722496032715
Num Params = 8635812
Ratio = 0.9226411187662409
---------------------60.000000_0.000000.net-----------------------
Accuracy = 0.6460000000000001
Time = 0.07312822341918945
Num Params = 4319396
Ratio = 0.46147974942419145
---------------------63.000000_0.000000.net-----------------------
Accuracy = 0.6
Time = 0.08004236221313477
Num Params = 4949156
Ratio = 0.5287626489308306
---------------------36.000000_0.000000.net-----------------------
Accuracy = 0.632
Time = 0.06963348388671875
Num Params = 2368676
Ratio = 0.25306686558655334
---------------------99.000000_0.000000.net-----------------------
Accuracy = 0.626
Time = 0.07628369331359863
Num Params = 4322852
Ratio = 0.46184898484831327
---------------------52.000000_4.000000.net-----------------------
Accuracy = 0.612
Time = 0.08120155334472656
Num Params = 9186468
Ratio = 0.9814726296763143
---------------------98.000000_2.000000.net-----------------------
Accuracy = 0.632
Time = 0.07564616203308105
Num Params = 5316516
Ratio = 0.56801100697637
---------------------4.000000_3.000000.net-----------------------
Accuracy = 0.602
Time = 0.09315991401672363
Num Params = 8158372
Ratio = 0.8716319286931181
---------------------31.000000_0.000000.net-----------------------
Accuracy = 0.648
Time = 0.08743858337402344
Num Params = 7898148
Ratio = 0.8438298687953545
---------------------81.000000_1.000000.net-----------------------
Accuracy = 0.622
Time = 0.07208633422851562
Num Params = 4318756
Ratio = 0.46141137249379854
---------------------74.000000_3.000000.net-----------------------
Accuracy = 0.62
Time = 0.07341146469116211
Num Params = 4761764
Ratio = 0.5087418837117819
---------------------69.000000_1.000000.net-----------------------
Accuracy = 0.632
Time = 0.07137012481689453
Num Params = 4725796
Ratio = 0.5048991002236994
---------------------70.000000_3.000000.net-----------------------
Accuracy = 0.63
Time = 0.07340717315673828
Num Params = 4319652
Ratio = 0.4615071001963486
---------------------4.000000_1.000000.net-----------------------
Accuracy = 0.604
Time = 0.10024333000183105
Num Params = 10922916
Ratio = 1.1669929172184008
---------------------78.000000_4.000000.net-----------------------
Accuracy = 0.638
Time = 0.07099223136901855
Num Params = 4137252
Ratio = 0.44201967503436473
---------------------40.000000_1.000000.net-----------------------
Accuracy = 0.652
Time = 0.07375741004943848
Num Params = 4174884
Ratio = 0.4460402385414688
---------------------58.000000_3.000000.net-----------------------
Accuracy = 0.6560000000000001
Time = 0.07120633125305176
Num Params = 4171428
Ratio = 0.445671003117347
---------------------71.000000_1.000000.net-----------------------
Accuracy = 0.6460000000000001
Time = 0.06930112838745117
Num Params = 4136356
Ratio = 0.44192394733181467
---------------------71.000000_0.000000.net-----------------------
Accuracy = 0.654
Time = 0.08013725280761719
Num Params = 7379492
Ratio = 0.7884172044049274
---------------------81.000000_0.000000.net-----------------------
Accuracy = 0.632
Time = 0.07523703575134277
Num Params = 4908836
Ratio = 0.5244549023160762
---------------------30.000000_0.000000.net-----------------------
Accuracy = 0.614
Time = 0.0876152515411377
Num Params = 5170212
Ratio = 0.5523800406885472
---------------------4.000000_0.000000.net-----------------------
Accuracy = 0.622
Time = 0.09439969062805176
Num Params = 8636580
Ratio = 0.9227231710827124
---------------------87.000000_4.000000.net-----------------------
Accuracy = 0.608
Time = 0.0823965072631836
Num Params = 9592484
Ratio = 1.0248509543175865
---------------------74.000000_2.000000.net-----------------------
Accuracy = 0.628
Time = 0.07149863243103027
Num Params = 4430244
Ratio = 0.47332263376824624
---------------------34.000000_1.000000.net-----------------------
Accuracy = 0.6560000000000001
Time = 0.07848548889160156
Num Params = 7233316
Ratio = 0.772799913503183
---------------------74.000000_4.000000.net-----------------------
Accuracy = 0.632
Time = 0.07019329071044922
Num Params = 2402468
Ratio = 0.2566771675112998
---------------------55.000000_4.000000.net-----------------------
Accuracy = 0.65
Time = 0.0701608657836914
Num Params = 4283556
Ratio = 0.45765064132218763
---------------------55.000000_1.000000.net-----------------------
Accuracy = 0.6579999999999999
Time = 0.07792973518371582
Num Params = 7087012
Ratio = 0.7571689472153602
---------------------5.000000_4.000000.net-----------------------
Accuracy = 0.566
Time = 0.10365176200866699
Num Params = 11182116
Ratio = 1.1946855740275357
---------------------30.000000_4.000000.net-----------------------
Accuracy = 0.588
Time = 0.08214950561523438
Num Params = 4948644
Ratio = 0.5287079473865162
---------------------66.000000_1.000000.net-----------------------
Accuracy = 0.616
Time = 0.07458138465881348
Num Params = 4726436
Ratio = 0.5049674771540923
---------------------52.000000_2.000000.net-----------------------
Accuracy = 0.604
Time = 0.07484984397888184
Num Params = 4726564
Ratio = 0.504981152540171
---------------------46.000000_1.000000.net-----------------------
Accuracy = 0.566
Time = 0.08282947540283203
Num Params = 7713572
Ratio = 0.8241099620700346
---------------------63.000000_4.000000.net-----------------------
Accuracy = 0.596
Time = 0.07915163040161133
Num Params = 7234084
Ratio = 0.7728819658196545
---------------------74.000000_1.000000.net-----------------------
Accuracy = 0.636
Time = 0.07393527030944824
Num Params = 2811300
Ratio = 0.3003563506463009
---------------------70.000000_1.000000.net-----------------------
Accuracy = 0.638
Time = 0.07188749313354492
Num Params = 4174116
Ratio = 0.4459581862249973
---------------------84.000000_2.000000.net-----------------------
Accuracy = 0.63
Time = 0.06816959381103516
Num Params = 1778852
Ratio = 0.19005068653643284
---------------------50.000000_0.000000.net-----------------------
Accuracy = 0.6579999999999999
Time = 0.07335925102233887
Num Params = 6495396
Ratio = 0.6939613127601395
---------------------40.000000_3.000000.net-----------------------
Accuracy = 0.634
Time = 0.07015872001647949
Num Params = 1814564
Ratio = 0.19386611925235808
---------------------48.000000_3.000000.net-----------------------
Accuracy = 0.62
Time = 0.07594418525695801
Num Params = 4764324
Ratio = 0.5090153914333535
---------------------39.000000_0.000000.net-----------------------
Accuracy = 0.638
Time = 0.07483196258544922
Num Params = 4467748
Ratio = 0.4773295218892717
---------------------30.000000_2.000000.net-----------------------
Accuracy = 0.652
Time = 0.0826413631439209
Num Params = 7161636
Ratio = 0.7651416972991754
---------------------31.000000_2.000000.net-----------------------
Accuracy = 0.632
Time = 0.07823562622070312
Num Params = 7121316
Ratio = 0.7608339506844211
---------------------33.000000_4.000000.net-----------------------
Accuracy = 0.64
Time = 0.07759761810302734
Num Params = 4801188
Ratio = 0.5129539026239861
---------------------47.000000_2.000000.net-----------------------
Accuracy = 0.612
Time = 0.0793313980102539
Num Params = 7087396
Ratio = 0.757209973373596
---------------------10.000000_3.000000.net-----------------------
Accuracy = 0.616
Time = 0.10686469078063965
Num Params = 7416996
Ratio = 0.7924240925259528
---------------------82.000000_4.000000.net-----------------------
Accuracy = 0.642
Time = 0.0727529525756836
Num Params = 4135588
Ratio = 0.44184189501534316
---------------------0.000000_4.000000.net-----------------------
Accuracy = 0.62
Time = 0.09095931053161621
Num Params = 5761828
Ratio = 0.6155876751437679
---------------------46.000000_2.000000.net-----------------------
Accuracy = 0.652
Time = 0.07689452171325684
Num Params = 4358436
Ratio = 0.46565074217815994
---------------------13.000000_3.000000.net-----------------------
Accuracy = 0.624
Time = 0.08934712409973145
Num Params = 5869988
Ratio = 0.6271433763801724
---------------------21.000000_3.000000.net-----------------------
Accuracy = 0.61
Time = 0.09161710739135742
Num Params = 6313252
Ratio = 0.6745012383703128
---------------------91.000000_2.000000.net-----------------------
Accuracy = 0.614
Time = 0.08308720588684082
Num Params = 5130532
Ratio = 0.5481406710041857
---------------------85.000000_4.000000.net-----------------------
Accuracy = 0.634
Time = 0.07253098487854004
Num Params = 2663332
Ratio = 0.2845476043394564
---------------------19.000000_2.000000.net-----------------------
Accuracy = 0.56
Time = 0.08484435081481934
Num Params = 7823652
Ratio = 0.8358707940976179
---------------------54.000000_4.000000.net-----------------------
Accuracy = 0.6460000000000001
Time = 0.07746577262878418
Num Params = 7232420
Ratio = 0.7727041858006329
---------------------79.000000_3.000000.net-----------------------
Accuracy = 0.616
Time = 0.07794356346130371
Num Params = 7122724
Ratio = 0.7609843799312854
---------------------5.000000_0.000000.net-----------------------
Accuracy = 0.602
Time = 0.10172533988952637
Num Params = 10628772
Ratio = 1.135566880009812
---------------------79.000000_1.000000.net-----------------------
Accuracy = 0.596
Time = 0.07533621788024902
Num Params = 2589476
Ratio = 0.2766569065721128
---------------------15.000000_0.000000.net-----------------------
Accuracy = 0.622
Time = 0.08914351463317871
Num Params = 7458596
Ratio = 0.7968685930014929
---------------------69.000000_0.000000.net-----------------------
Accuracy = 0.66
Time = 0.07575440406799316
Num Params = 4875428
Ratio = 0.5208856265495655
---------------------11.000000_1.000000.net-----------------------
Accuracy = 0.592
Time = 0.08645462989807129
Num Params = 7456932
Ratio = 0.7966908129824714
---------------------75.000000_4.000000.net-----------------------
Accuracy = 0.644
Time = 0.07268524169921875
Num Params = 4429988
Ratio = 0.47329528299608903
---------------------54.000000_0.000000.net-----------------------
Accuracy = 0.65
Time = 0.07608604431152344
Num Params = 5314724
Ratio = 0.5678195515712698
---------------------34.000000_0.000000.net-----------------------
Accuracy = 0.624
Time = 0.07809758186340332
Num Params = 2624292
Ratio = 0.28037661158548793
---------------------86.000000_4.000000.net-----------------------
Accuracy = 0.622
Time = 0.07719993591308594
Num Params = 4799012
Ratio = 0.5127214210606501
---------------------83.000000_0.000000.net-----------------------
Accuracy = 0.64
Time = 0.07398152351379395
Num Params = 4321316
Ratio = 0.46168488021537024
---------------------37.000000_1.000000.net-----------------------
Accuracy = 0.642
Time = 0.06812405586242676
Num Params = 1924900
Ratio = 0.20565430205209853
---------------------20.000000_1.000000.net-----------------------
Accuracy = 0.616
Time = 0.08995676040649414
Num Params = 8487588
Ratio = 0.9068050216872392
---------------------27.000000_4.000000.net-----------------------
Accuracy = 0.636
Time = 0.08066654205322266
Num Params = 6683684
Ratio = 0.7140778056817383
---------------------72.000000_3.000000.net-----------------------
Accuracy = 0.634
Time = 0.07039093971252441
Num Params = 2514340
Ratio = 0.26862945494398327
---------------------97.000000_4.000000.net-----------------------
Accuracy = 0.61
Time = 0.08029961585998535
Num Params = 9446052
Ratio = 1.009206312643685
---------------------20.000000_0.000000.net-----------------------
Accuracy = 0.626
Time = 0.08188772201538086
Num Params = 3180708
Ratio = 0.33982351486909773
---------------------60.000000_4.000000.net-----------------------
Accuracy = 0.6460000000000001
Time = 0.07068872451782227
Num Params = 1927460
Ratio = 0.20592780977367023
---------------------46.000000_3.000000.net-----------------------
Accuracy = 0.626
Time = 0.07309627532958984
Num Params = 2956708
Ratio = 0.3158915892315736
---------------------27.000000_3.000000.net-----------------------
Accuracy = 0.566
Time = 0.08820104598999023
Num Params = 7863076
Ratio = 0.8400828130098221
---------------------18.000000_1.000000.net-----------------------
Accuracy = 0.612
Time = 0.09134674072265625
Num Params = 8047396
Ratio = 0.8597753689629848
---------------------28.000000_0.000000.net-----------------------
Accuracy = 0.626
Time = 0.07999682426452637
Num Params = 5465380
Ratio = 0.5839154809857645
---------------------50.000000_3.000000.net-----------------------
Accuracy = 0.594
Time = 0.08492588996887207
Num Params = 5539108
Ratio = 0.5917925033670296
---------------------61.000000_0.000000.net-----------------------
Accuracy = 0.618
Time = 0.08534026145935059
Num Params = 5167908
Ratio = 0.5521338837391326
---------------------38.000000_4.000000.net-----------------------
Accuracy = 0.624
Time = 0.07740902900695801
Num Params = 4911268
Ratio = 0.5247147346515694
---------------------30.000000_1.000000.net-----------------------
Accuracy = 0.628
Time = 0.07541394233703613
Num Params = 6496932
Ratio = 0.6941254173930825
---------------------46.000000_0.000000.net-----------------------
Accuracy = 0.606
Time = 0.08115363121032715
Num Params = 7160228
Ratio = 0.7649912680523109
---------------------69.000000_4.000000.net-----------------------
Accuracy = 0.608
Time = 0.07413911819458008
Num Params = 2441124
Ratio = 0.26080713410703255
---------------------87.000000_2.000000.net-----------------------
Accuracy = 0.644
Time = 0.07242488861083984
Num Params = 2551716
Ratio = 0.2726226676789301
---------------------1.000000_4.000000.net-----------------------
Accuracy = 0.598
Time = 0.09899473190307617
Num Params = 10885924
Ratio = 1.1630407306416897
---------------------20.000000_4.000000.net-----------------------
Accuracy = 0.614
Time = 0.08469247817993164
Num Params = 5649828
Ratio = 0.6036217123250058
---------------------22.000000_4.000000.net-----------------------
Accuracy = 0.636
Time = 0.0844581127166748
Num Params = 5172132
Ratio = 0.552585171479726
---------------------25.000000_0.000000.net-----------------------
Accuracy = 0.666
Time = 0.08537554740905762
Num Params = 5428644
Ratio = 0.5799906451812106
---------------------60.000000_2.000000.net-----------------------
Accuracy = 0.612
Time = 0.0746610164642334
Num Params = 6678308
Ratio = 0.7135034394664377
---------------------96.000000_2.000000.net-----------------------
Accuracy = 0.648
Time = 0.07712793350219727
Num Params = 4470564
Ratio = 0.47763038038300054
---------------------25.000000_3.000000.net-----------------------
Accuracy = 0.628
Time = 0.08101940155029297
Num Params = 9039140
Ratio = 0.9657322602998627
---------------------83.000000_4.000000.net-----------------------
Accuracy = 0.602
Time = 0.07717275619506836
Num Params = 7122340
Ratio = 0.7609433537730497
---------------------84.000000_0.000000.net-----------------------
Accuracy = 0.648
Time = 0.1099846363067627
Num Params = 4283044
Ratio = 0.4575959397778733
---------------------52.000000_3.000000.net-----------------------
Accuracy = 0.624
Time = 0.08232498168945312
Num Params = 2367524
Ratio = 0.25294378711184606
---------------------81.000000_4.000000.net-----------------------
Accuracy = 0.62
Time = 0.07532858848571777
Num Params = 2404132
Ratio = 0.25685494753032145
---------------------58.000000_4.000000.net-----------------------
Accuracy = 0.63
Time = 0.07467103004455566
Num Params = 3103652
Ratio = 0.33159093244978943
---------------------18.000000_2.000000.net-----------------------
Accuracy = 0.642
Time = 0.08641457557678223
Num Params = 8268324
Ratio = 0.8833790853346228
---------------------43.000000_2.000000.net-----------------------
Accuracy = 0.6560000000000001
Time = 0.07668089866638184
Num Params = 4174500
Ratio = 0.44599921238323303
---------------------36.000000_4.000000.net-----------------------
Accuracy = 0.612
Time = 0.0785069465637207
Num Params = 3032740
Ratio = 0.32401476856225325
---------------------76.000000_1.000000.net-----------------------
Accuracy = 0.596
Time = 0.08036637306213379
Num Params = 7122468
Ratio = 0.7609570291591283
---------------------91.000000_4.000000.net-----------------------
Accuracy = 0.628
Time = 0.07679367065429688
Num Params = 4470308
Ratio = 0.4776030296108434
---------------------17.000000_3.000000.net-----------------------
Accuracy = 0.606
Time = 0.08441829681396484
Num Params = 7862052
Ratio = 0.8399734099211934
---------------------9.000000_1.000000.net-----------------------
Accuracy = 0.604
Time = 0.08856987953186035
Num Params = 5835940
Ratio = 0.6235057236832686
---------------------78.000000_2.000000.net-----------------------
Accuracy = 0.644
Time = 0.07771468162536621
Num Params = 4800932
Ratio = 0.5129265518518289
---------------------76.000000_4.000000.net-----------------------
Accuracy = 0.628
Time = 0.07819175720214844
Num Params = 5353380
Ratio = 0.5719495181670026
---------------------13.000000_2.000000.net-----------------------
Accuracy = 0.58
Time = 0.0895543098449707
Num Params = 5724580
Ratio = 0.6116081377948995
---------------------84.000000_3.000000.net-----------------------
Accuracy = 0.606
Time = 0.07616686820983887
Num Params = 5316644
Ratio = 0.5680246823624486
---------------------13.000000_4.000000.net-----------------------
Accuracy = 0.638
Time = 0.0913088321685791
Num Params = 8083620
Ratio = 0.8636455032232244
---------------------25.000000_4.000000.net-----------------------
Accuracy = 0.616
Time = 0.08074808120727539
Num Params = 6864548
Ratio = 0.7334011262107791
---------------------28.000000_2.000000.net-----------------------
Accuracy = 0.62
Time = 0.08925962448120117
Num Params = 6276516
Ratio = 0.6705764025657588
---------------------76.000000_3.000000.net-----------------------
Accuracy = 0.582
Time = 0.08287954330444336
Num Params = 7824292
Ratio = 0.8359391710280109
---------------------75.000000_3.000000.net-----------------------
Accuracy = 0.628
Time = 0.0697946548461914
Num Params = 2403108
Ratio = 0.25674554444169273
---------------------68.000000_4.000000.net-----------------------
Accuracy = 0.648
Time = 0.07251334190368652
Num Params = 4726308
Ratio = 0.5049538017680137
---------------------86.000000_2.000000.net-----------------------
Accuracy = 0.63
Time = 0.07490944862365723
Num Params = 4356772
Ratio = 0.4654729621591383
---------------------61.000000_3.000000.net-----------------------
Accuracy = 0.602
Time = 0.06914997100830078
Num Params = 1960740
Ratio = 0.20948341015410238
---------------------95.000000_1.000000.net-----------------------
Accuracy = 0.648
Time = 0.07303595542907715
Num Params = 4285988
Ratio = 0.4579104736576807
---------------------38.000000_1.000000.net-----------------------
Accuracy = 0.62
Time = 0.07312870025634766
Num Params = 4283684
Ratio = 0.4576643167082662
---------------------12.000000_2.000000.net-----------------------
Accuracy = 0.624
Time = 0.08935070037841797
Num Params = 7899812
Ratio = 0.8440076488143761
---------------------85.000000_2.000000.net-----------------------
Accuracy = 0.65
Time = 0.07700085639953613
Num Params = 4432292
Ratio = 0.4735414399455036
---------------------77.000000_4.000000.net-----------------------
Accuracy = 0.602
Time = 0.07775712013244629
Num Params = 5464612
Ratio = 0.5838334286692931
---------------------62.000000_2.000000.net-----------------------
Accuracy = 0.62
Time = 0.07426214218139648
Num Params = 2256420
Ratio = 0.24107355199563413
---------------------48.000000_4.000000.net-----------------------
Accuracy = 0.61
Time = 0.08277130126953125
Num Params = 5649188
Ratio = 0.6035533353946129
---------------------67.000000_1.000000.net-----------------------
Accuracy = 0.63
Time = 0.07966494560241699
Num Params = 5611556
Ratio = 0.5995327718875089
---------------------81.000000_3.000000.net-----------------------
Accuracy = 0.628
Time = 0.07292532920837402
Num Params = 2552356
Ratio = 0.2726910446093231
---------------------35.000000_4.000000.net-----------------------
Accuracy = 0.636
Time = 0.0824124813079834
Num Params = 4984868
Ratio = 0.5325780816467558
---------------------89.000000_3.000000.net-----------------------
Accuracy = 0.636
Time = 0.08173656463623047
Num Params = 5096868
Ratio = 0.5445440444655179
---------------------46.000000_4.000000.net-----------------------
Accuracy = 0.624
Time = 0.07507181167602539
Num Params = 2700068
Ratio = 0.28847244014401036
---------------------87.000000_3.000000.net-----------------------
Accuracy = 0.606
Time = 0.07942557334899902
Num Params = 5646500
Ratio = 0.6032661522869626
---------------------47.000000_1.000000.net-----------------------
Accuracy = 0.614
Time = 0.08148479461669922
Num Params = 4949156
Ratio = 0.5287626489308306
---------------------97.000000_2.000000.net-----------------------
Accuracy = 0.606
Time = 0.08319902420043945
Num Params = 7416484
Ratio = 0.7923693909816384
---------------------2.000000_1.000000.net-----------------------
Accuracy = 0.588
Time = 0.09600710868835449
Num Params = 10405540
Ratio = 1.1117170066887596
---------------------65.000000_3.000000.net-----------------------
Accuracy = 0.642
Time = 0.07329177856445312
Num Params = 2552100
Ratio = 0.2726636938371659
---------------------10.000000_2.000000.net-----------------------
Accuracy = 0.63
Time = 0.08631372451782227
Num Params = 5539364
Ratio = 0.5918198541391868
---------------------19.000000_0.000000.net-----------------------
Accuracy = 0.598
Time = 0.07927417755126953
Num Params = 6646692
Ratio = 0.7101256191050271
---------------------58.000000_2.000000.net-----------------------
Accuracy = 0.628
Time = 0.06858563423156738
Num Params = 1962020
Ratio = 0.20962016401488823
---------------------97.000000_3.000000.net-----------------------
Accuracy = 0.614
Time = 0.07220649719238281
Num Params = 2956068
Ratio = 0.3158232123011807
---------------------20.000000_3.000000.net-----------------------
Accuracy = 0.602
Time = 0.08269524574279785
Num Params = 4948132
Ratio = 0.5286532458422019
---------------------77.000000_3.000000.net-----------------------
Accuracy = 0.6
Time = 0.08946967124938965
Num Params = 6090148
Ratio = 0.6506650404353388
---------------------19.000000_4.000000.net-----------------------
Accuracy = 0.602
Time = 0.08164024353027344
Num Params = 5502756
Ratio = 0.5879086937207114
---------------------65.000000_4.000000.net-----------------------
Accuracy = 0.628
Time = 0.07936334609985352
Num Params = 4948644
Ratio = 0.5287079473865162
---------------------31.000000_4.000000.net-----------------------
Accuracy = 0.64
Time = 0.08639001846313477
Num Params = 5576484
Ratio = 0.5957857161019765
---------------------63.000000_2.000000.net-----------------------
Accuracy = 0.626
Time = 0.08067679405212402
Num Params = 7380772
Ratio = 0.7885539582657132
---------------------56.000000_4.000000.net-----------------------
Accuracy = 0.632
Time = 0.06991267204284668
Num Params = 2512932
Ratio = 0.26847902569711884
---------------------95.000000_0.000000.net-----------------------
Accuracy = 0.618
Time = 0.07282829284667969
Num Params = 2000420
Ratio = 0.21372277983846377
---------------------3.000000_0.000000.net-----------------------
Accuracy = 0.616
Time = 0.09409952163696289
Num Params = 10516516
Ratio = 1.1235735664188928
---------------------24.000000_1.000000.net-----------------------
Accuracy = 0.63
Time = 0.08987641334533691
Num Params = 7933988
Ratio = 0.8476589768973584
---------------------94.000000_1.000000.net-----------------------
Accuracy = 0.62
Time = 0.07855463027954102
Num Params = 5352612
Ratio = 0.571867465850531
---------------------98.000000_4.000000.net-----------------------
Accuracy = 0.614
Time = 0.07425761222839355
Num Params = 2551460
Ratio = 0.27259531690677297
---------------------8.000000_4.000000.net-----------------------
Accuracy = 0.572
Time = 0.09895157814025879
Num Params = 11142948
Ratio = 1.1905009058874887
---------------------7.000000_0.000000.net-----------------------
Accuracy = 0.628
Time = 0.0911397933959961
Num Params = 8047140
Ratio = 0.8597480181908276
---------------------7.000000_4.000000.net-----------------------
Accuracy = 0.616
Time = 0.08241987228393555
Num Params = 3289636
Ratio = 0.35146126842197367
---------------------41.000000_2.000000.net-----------------------
Accuracy = 0.622
Time = 0.08885455131530762
Num Params = 7640228
Ratio = 0.8162739658470053
---------------------24.000000_0.000000.net-----------------------
Accuracy = 0.644
Time = 0.0894923210144043
Num Params = 9668516
Ratio = 1.032974133648266
---------------------8.000000_1.000000.net-----------------------
Accuracy = 0.618
Time = 0.09891915321350098
Num Params = 8267940
Ratio = 0.8833380591763871
---------------------71.000000_4.000000.net-----------------------
Accuracy = 0.654
Time = 0.07395768165588379
Num Params = 4726692
Ratio = 0.5049948279262495
---------------------57.000000_3.000000.net-----------------------
Accuracy = 0.612
Time = 0.07450175285339355
Num Params = 4429860
Ratio = 0.4732816076100105
---------------------76.000000_0.000000.net-----------------------
Accuracy = 0.604
Time = 0.0778965950012207
Num Params = 6533156
Ratio = 0.6979955516533222
---------------------60.000000_1.000000.net-----------------------
Accuracy = 0.64
Time = 0.06842255592346191
Num Params = 4136740
Ratio = 0.44196497349005043
---------------------17.000000_1.000000.net-----------------------
Accuracy = 0.62
Time = 0.0825490951538086
Num Params = 5354660
Ratio = 0.5720862720277884
---------------------28.000000_4.000000.net-----------------------
Accuracy = 0.628
Time = 0.08703041076660156
Num Params = 7455780
Ratio = 0.7965677345077641
---------------------22.000000_0.000000.net-----------------------
Accuracy = 0.648
Time = 0.0875551700592041
Num Params = 9631780
Ratio = 1.0290492978437122
---------------------45.000000_1.000000.net-----------------------
Accuracy = 0.604
Time = 0.0810704231262207
Num Params = 8856612
Ratio = 0.9462311597518003
---------------------54.000000_1.000000.net-----------------------
Accuracy = 0.632
Time = 0.07205319404602051
Num Params = 2367524
Ratio = 0.25294378711184606
---------------------98.000000_3.000000.net-----------------------
Accuracy = 0.652
Time = 0.06859636306762695
Num Params = 1924900
Ratio = 0.20565430205209853
---------------------13.000000_0.000000.net-----------------------
Accuracy = 0.616
Time = 0.08492708206176758
Num Params = 7714212
Ratio = 0.8241783390004276
---------------------47.000000_3.000000.net-----------------------
Accuracy = 0.616
Time = 0.07945752143859863
Num Params = 6791076
Ratio = 0.7255514546016713
---------------------59.000000_2.000000.net-----------------------
Accuracy = 0.64
Time = 0.07039952278137207
Num Params = 1850916
Ratio = 0.1977499288986763
---------------------64.000000_3.000000.net-----------------------
Accuracy = 0.648
Time = 0.07512664794921875
Num Params = 4284708
Ratio = 0.45777371979689485
---------------------40.000000_4.000000.net-----------------------
Accuracy = 0.584
Time = 0.07940268516540527
Num Params = 4910756
Ratio = 0.524660033107255
---------------------80.000000_0.000000.net-----------------------
Accuracy = 0.604
Time = 0.07674002647399902
Num Params = 4910372
Ratio = 0.5246190069490192
---------------------0.000000_0.000000.net-----------------------
Accuracy = 0.612
Time = 0.09587764739990234
Num Params = 8230436
Ratio = 0.8793311710553616
---------------------11.000000_4.000000.net-----------------------
Accuracy = 0.6
Time = 0.09515571594238281
Num Params = 10440740
Ratio = 1.1154777378603704
---------------------21.000000_0.000000.net-----------------------
Accuracy = 0.62
Time = 0.08487677574157715
Num Params = 6129060
Ratio = 0.6548223578032287
---------------------68.000000_0.000000.net-----------------------
Accuracy = 0.622
Time = 0.07694268226623535
Num Params = 2589732
Ratio = 0.27668425734426993
---------------------51.000000_0.000000.net-----------------------
Accuracy = 0.63
Time = 0.08006668090820312
Num Params = 6827556
Ratio = 0.729448939634068
---------------------56.000000_0.000000.net-----------------------
Accuracy = 0.64
Time = 0.07223391532897949
Num Params = 4136356
Ratio = 0.44192394733181467
---------------------36.000000_2.000000.net-----------------------
Accuracy = 0.618
Time = 0.08055710792541504
Num Params = 4948644
Ratio = 0.5287079473865162
---------------------9.000000_0.000000.net-----------------------
Accuracy = 0.596
Time = 0.08835315704345703
Num Params = 6167204
Ratio = 0.6588976228546471
---------------------14.000000_3.000000.net-----------------------
Accuracy = 0.638
Time = 0.08379602432250977
Num Params = 7824676
Ratio = 0.8359801971862466
---------------------5.000000_3.000000.net-----------------------
Accuracy = 0.628
Time = 0.09440350532531738
Num Params = 7975460
Ratio = 0.8520898019868199
---------------------67.000000_4.000000.net-----------------------
Accuracy = 0.614
Time = 0.07924199104309082
Num Params = 5353508
Ratio = 0.5719631935530811
---------------------14.000000_1.000000.net-----------------------
Accuracy = 0.6460000000000001
Time = 0.08890533447265625
Num Params = 8009380
Ratio = 0.855713779297645
---------------------4.000000_4.000000.net-----------------------
Accuracy = 0.592
Time = 0.09628796577453613
Num Params = 10554532
Ratio = 1.1276351560842326
---------------------88.000000_0.000000.net-----------------------
Accuracy = 0.618
Time = 0.0783991813659668
Num Params = 3032100
Ratio = 0.32394639163186034
---------------------26.000000_3.000000.net-----------------------
Accuracy = 0.612
Time = 0.08866524696350098
Num Params = 8452388
Ratio = 0.9030442905156283
---------------------80.000000_1.000000.net-----------------------
Accuracy = 0.654
Time = 0.06923699378967285
Num Params = 2402212
Ratio = 0.25664981673914267
---------------------49.000000_1.000000.net-----------------------
Accuracy = 0.65
Time = 0.07175302505493164
Num Params = 4284196
Ratio = 0.45771901825258055
---------------------73.000000_0.000000.net-----------------------
Accuracy = 0.624
Time = 0.07553839683532715
Num Params = 4763812
Ratio = 0.5089606898890392
---------------------31.000000_3.000000.net-----------------------
Accuracy = 0.616
Time = 0.08237838745117188
Num Params = 5241380
Ratio = 0.5599835553482405
---------------------23.000000_0.000000.net-----------------------
Accuracy = 0.616
Time = 0.08615803718566895
Num Params = 5540644
Ratio = 0.5919566079999726
---------------------89.000000_1.000000.net-----------------------
Accuracy = 0.638
Time = 0.08484101295471191
Num Params = 9887396
Ratio = 1.0563590438426467
---------------------18.000000_4.000000.net-----------------------
Accuracy = 0.642
Time = 0.08362078666687012
Num Params = 3330084
Ratio = 0.35578269042280664
---------------------59.000000_4.000000.net-----------------------
Accuracy = 0.6560000000000001
Time = 0.06701970100402832
Num Params = 1923620
Ratio = 0.20551754819131265
---------------------86.000000_1.000000.net-----------------------
Accuracy = 0.652
Time = 0.07462167739868164
Num Params = 4725924
Ratio = 0.504912775609778
---------------------53.000000_4.000000.net-----------------------
Accuracy = 0.614
Time = 0.07725358009338379
Num Params = 7086372
Ratio = 0.7571005702849672
---------------------85.000000_1.000000.net-----------------------
Accuracy = 0.652
Time = 0.08106827735900879
Num Params = 7822244
Ratio = 0.8357203648507534
---------------------59.000000_1.000000.net-----------------------
Accuracy = 0.626
Time = 0.07203173637390137
Num Params = 4319012
Ratio = 0.4614387232659557
---------------------6.000000_4.000000.net-----------------------
Accuracy = 0.526
Time = 0.09119510650634766
Num Params = 8046116
Ratio = 0.859638615102199
---------------------69.000000_3.000000.net-----------------------
Accuracy = 0.61
Time = 0.08041024208068848
Num Params = 4948132
Ratio = 0.5286532458422019
---------------------49.000000_0.000000.net-----------------------
Accuracy = 0.634
Time = 0.0753333568572998
Num Params = 2959396
Ratio = 0.3161787723392239
---------------------67.000000_3.000000.net-----------------------
Accuracy = 0.618
Time = 0.07999897003173828
Num Params = 5354276
Ratio = 0.5720452458695526
---------------------28.000000_1.000000.net-----------------------
Accuracy = 0.6560000000000001
Time = 0.08105707168579102
Num Params = 3585316
Ratio = 0.3830514102635055
---------------------39.000000_3.000000.net-----------------------
Accuracy = 0.638
Time = 0.08327364921569824
Num Params = 5132708
Ratio = 0.5483731525675217
---------------------61.000000_4.000000.net-----------------------
Accuracy = 0.64
Time = 0.07277059555053711
Num Params = 4726180
Ratio = 0.5049401263819352
---------------------38.000000_0.000000.net-----------------------
Accuracy = 0.596
Time = 0.08083677291870117
Num Params = 7123364
Ratio = 0.7610527568616784
---------------------54.000000_2.000000.net-----------------------
Accuracy = 0.626
Time = 0.07203292846679688
Num Params = 4725668
Ratio = 0.5048854248376208
---------------------92.000000_1.000000.net-----------------------
Accuracy = 0.634
Time = 0.07778286933898926
Num Params = 7234468
Ratio = 0.7729229919778903
---------------------44.000000_3.000000.net-----------------------
Accuracy = 0.624
Time = 0.07526230812072754
Num Params = 2588964
Ratio = 0.2766022050277984
---------------------74.000000_0.000000.net-----------------------
Accuracy = 0.65
Time = 0.08399105072021484
Num Params = 8265892
Ratio = 0.8831192529991297
---------------------73.000000_1.000000.net-----------------------
Accuracy = 0.61
Time = 0.07881903648376465
Num Params = 7122852
Ratio = 0.7609980553173641
---------------------48.000000_0.000000.net-----------------------
Accuracy = 0.62
Time = 0.0779259204864502
Num Params = 4873764
Ratio = 0.5207078465305439
---------------------51.000000_2.000000.net-----------------------
Accuracy = 0.64
Time = 0.07440662384033203
Num Params = 4727332
Ratio = 0.5050632048566425
---------------------24.000000_3.000000.net-----------------------
Accuracy = 0.6579999999999999
Time = 0.08578658103942871
Num Params = 7346596
Ratio = 0.784902630182731
---------------------43.000000_0.000000.net-----------------------
Accuracy = 0.638
Time = 0.08465337753295898
Num Params = 9002404
Ratio = 0.9618074244953088
---------------------62.000000_3.000000.net-----------------------
Accuracy = 0.642
Time = 0.07886743545532227
Num Params = 5057316
Ratio = 0.5403183501672351
---------------------97.000000_0.000000.net-----------------------
Accuracy = 0.612
Time = 0.07195901870727539
Num Params = 4726180
Ratio = 0.5049401263819352
---------------------43.000000_3.000000.net-----------------------
Accuracy = 0.622
Time = 0.07549047470092773
Num Params = 2441892
Ratio = 0.26088918642350406
---------------------91.000000_0.000000.net-----------------------
Accuracy = 0.608
Time = 0.0849905014038086
Num Params = 7896356
Ratio = 0.8436384133902542
---------------------35.000000_0.000000.net-----------------------
Accuracy = 0.628
Time = 0.06965208053588867
Num Params = 1926052
Ratio = 0.20577738052680578
---------------------49.000000_3.000000.net-----------------------
Accuracy = 0.608
Time = 0.07714128494262695
Num Params = 5316260
Ratio = 0.5679836562042129
---------------------11.000000_2.000000.net-----------------------
Accuracy = 0.632
Time = 0.08594584465026855
Num Params = 7751076
Ratio = 0.8281168501910601
---------------------82.000000_1.000000.net-----------------------
Accuracy = 0.624
Time = 0.07203984260559082
Num Params = 4319268
Ratio = 0.46146607403811285
---------------------8.000000_3.000000.net-----------------------
Accuracy = 0.614
Time = 0.08221864700317383
Num Params = 3217316
Ratio = 0.34373467528757307
---------------------62.000000_4.000000.net-----------------------
Accuracy = 0.616
Time = 0.0700688362121582
Num Params = 1925284
Ratio = 0.2056953282103343
---------------------18.000000_0.000000.net-----------------------
Accuracy = 0.66
Time = 0.0755929946899414
Num Params = 4728740
Ratio = 0.5052136341035068
---------------------80.000000_4.000000.net-----------------------
Accuracy = 0.64
Time = 0.08275961875915527
Num Params = 7712548
Ratio = 0.824000558981406
---------------------24.000000_4.000000.net-----------------------
Accuracy = 0.648
Time = 0.09386444091796875
Num Params = 10036516
Ratio = 1.0722908686241985
---------------------49.000000_4.000000.net-----------------------
Accuracy = 0.634
Time = 0.07164478302001953
Num Params = 2367908
Ratio = 0.2529848132700818
---------------------98.000000_1.000000.net-----------------------
Accuracy = 0.618
Time = 0.07878518104553223
Num Params = 7380132
Ratio = 0.7884855813353202
---------------------95.000000_3.000000.net-----------------------
Accuracy = 0.592
Time = 0.08397698402404785
Num Params = 7821732
Ratio = 0.8356656633064391
---------------------66.000000_2.000000.net-----------------------
Accuracy = 0.618
Time = 0.0733489990234375
Num Params = 4320676
Ratio = 0.46161650328497733
---------------------17.000000_0.000000.net-----------------------
Accuracy = 0.582
Time = 0.0889291763305664
Num Params = 5723812
Ratio = 0.611526085478428
---------------------59.000000_0.000000.net-----------------------
Accuracy = 0.6560000000000001
Time = 0.0767662525177002
Num Params = 4909092
Ratio = 0.5244822530882334
---------------------32.000000_2.000000.net-----------------------
Accuracy = 0.564
Time = 0.07744193077087402
Num Params = 2626724
Ratio = 0.2806364439209811
---------------------69.000000_2.000000.net-----------------------
Accuracy = 0.62
Time = 0.07882142066955566
Num Params = 5501476
Ratio = 0.5877719398599256
---------------------93.000000_2.000000.net-----------------------
Accuracy = 0.642
Time = 0.09612131118774414
Num Params = 4358308
Ratio = 0.46563706679208133
---------------------37.000000_3.000000.net-----------------------
Accuracy = 0.62
Time = 0.0841684341430664
Num Params = 5500964
Ratio = 0.5877172383156113
---------------------6.000000_3.000000.net-----------------------
Accuracy = 0.6
Time = 0.08645868301391602
Num Params = 5098148
Ratio = 0.5446807983263037
---------------------83.000000_3.000000.net-----------------------
Accuracy = 0.62
Time = 0.07619571685791016
Num Params = 4614948
Ratio = 0.49305621587964465
---------------------99.000000_3.000000.net-----------------------
Accuracy = 0.608
Time = 0.07913947105407715
Num Params = 5059876
Ratio = 0.5405918578888067
---------------------70.000000_0.000000.net-----------------------
Accuracy = 0.618
Time = 0.07443380355834961
Num Params = 4873764
Ratio = 0.5207078465305439
---------------------70.000000_4.000000.net-----------------------
Accuracy = 0.602
Time = 0.07528424263000488
Num Params = 4322596
Ratio = 0.46182163407615606
---------------------84.000000_1.000000.net-----------------------
Accuracy = 0.638
Time = 0.0742642879486084
Num Params = 6532132
Ratio = 0.6978861485646934
---------------------56.000000_2.000000.net-----------------------
Accuracy = 0.642
Time = 0.08045816421508789
Num Params = 9446052
Ratio = 1.009206312643685
---------------------51.000000_1.000000.net-----------------------
Accuracy = 0.6460000000000001
Time = 0.07436251640319824
Num Params = 4762404
Ratio = 0.5088102606421747
---------------------40.000000_0.000000.net-----------------------
Accuracy = 0.648
Time = 0.08035135269165039
Num Params = 7234596
Ratio = 0.7729366673639689
---------------------87.000000_0.000000.net-----------------------
Accuracy = 0.634
Time = 0.07706999778747559
Num Params = 4911140
Ratio = 0.5247010592654907
---------------------88.000000_1.000000.net-----------------------
Accuracy = 0.624
Time = 0.07935762405395508
Num Params = 7233316
Ratio = 0.772799913503183
---------------------91.000000_3.000000.net-----------------------
Accuracy = 0.626
Time = 0.08306384086608887
Num Params = 7418276
Ratio = 0.7925608463867386
---------------------41.000000_0.000000.net-----------------------
Accuracy = 0.648
Time = 0.08446192741394043
Num Params = 7271460
Ratio = 0.7768751785546014
---------------------37.000000_2.000000.net-----------------------
Accuracy = 0.648
Time = 0.07518768310546875
Num Params = 3105060
Ratio = 0.33174136169665386
---------------------19.000000_3.000000.net-----------------------
Accuracy = 0.566
Time = 0.08914566040039062
Num Params = 6387108
Ratio = 0.6823919361376565
---------------------36.000000_3.000000.net-----------------------
Accuracy = 0.628
Time = 0.074676513671875
Num Params = 6642724
Ratio = 0.709701682136591
---------------------23.000000_3.000000.net-----------------------
Accuracy = 0.612
Time = 0.08866500854492188
Num Params = 8080420
Ratio = 0.8633036185712598
---------------------92.000000_4.000000.net-----------------------
Accuracy = 0.652
Time = 0.0759284496307373
Num Params = 6498212
Ratio = 0.6942621712538684
---------------------31.000000_1.000000.net-----------------------
Accuracy = 0.632
Time = 0.07764935493469238
Num Params = 3549988
Ratio = 0.37927700370581596
---------------------33.000000_0.000000.net-----------------------
Accuracy = 0.612
Time = 0.07340073585510254
Num Params = 4173348
Ratio = 0.44587613390852576
---------------------48.000000_1.000000.net-----------------------
Accuracy = 0.614
Time = 0.0871744155883789
Num Params = 7896356
Ratio = 0.8436384133902542
---------------------53.000000_1.000000.net-----------------------
Accuracy = 0.604
Time = 0.07825231552124023
Num Params = 4763684
Ratio = 0.5089470145029606
---------------------39.000000_1.000000.net-----------------------
Accuracy = 0.642
Time = 0.08267450332641602
Num Params = 9187108
Ratio = 0.9815410066067072
---------------------4.000000_2.000000.net-----------------------
Accuracy = 0.608
Time = 0.10228252410888672
Num Params = 11182884
Ratio = 1.1947676263440072
---------------------86.000000_0.000000.net-----------------------
Accuracy = 0.616
Time = 0.07721304893493652
Num Params = 7084964
Ratio = 0.7569501410381029
---------------------51.000000_3.000000.net-----------------------
Accuracy = 0.644
Time = 0.06987595558166504
Num Params = 2368292
Ratio = 0.2530258394283176
---------------------14.000000_4.000000.net-----------------------
Accuracy = 0.632
Time = 0.08933615684509277
Num Params = 6166948
Ratio = 0.6588702720824899
---------------------33.000000_2.000000.net-----------------------
Accuracy = 0.572
Time = 0.08176231384277344
Num Params = 7382564
Ratio = 0.7887454136708134
---------------------32.000000_1.000000.net-----------------------
Accuracy = 0.662
Time = 0.07376885414123535
Num Params = 4875172
Ratio = 0.5208582757774083
---------------------71.000000_3.000000.net-----------------------
Accuracy = 0.634
Time = 0.08435773849487305
Num Params = 7454884
Ratio = 0.796472006805214
---------------------37.000000_4.000000.net-----------------------
Accuracy = 0.636
Time = 0.075439453125
Num Params = 5314980
Ratio = 0.5678469023434269
---------------------77.000000_2.000000.net-----------------------
Accuracy = 0.632
Time = 0.07195425033569336
Num Params = 2404644
Ratio = 0.25690964907463576
---------------------14.000000_2.000000.net-----------------------
Accuracy = 0.572
Time = 0.08806920051574707
Num Params = 7420836
Ratio = 0.7928343541083104
---------------------16.000000_3.000000.net-----------------------
Accuracy = 0.592
Time = 0.08677077293395996
Num Params = 6237988
Ratio = 0.6664601113561047
---------------------30.000000_3.000000.net-----------------------
Accuracy = 0.586
Time = 0.09295797348022461
Num Params = 10551716
Ratio = 1.1273342975905039
---------------------34.000000_3.000000.net-----------------------
Accuracy = 0.684
Time = 0.06521415710449219
Num Params = 1777060
Ratio = 0.18985923113133263
---------------------41.000000_1.000000.net-----------------------
Accuracy = 0.638
Time = 0.07903122901916504
Num Params = 4912804
Ratio = 0.5248788392845124
---------------------64.000000_2.000000.net-----------------------
Accuracy = 0.65
Time = 0.08018612861633301
Num Params = 9004324
Ratio = 0.9620125552864875
---------------------99.000000_1.000000.net-----------------------
Accuracy = 0.624
Time = 0.07726788520812988
Num Params = 4875428
Ratio = 0.5208856265495655
---------------------15.000000_1.000000.net-----------------------
Accuracy = 0.612
Time = 0.08149528503417969
Num Params = 5355300
Ratio = 0.5721546489581814
---------------------32.000000_0.000000.net-----------------------
Accuracy = 0.634
Time = 0.085052490234375
Num Params = 7971492
Ratio = 0.8516658650183838
---------------------16.000000_0.000000.net-----------------------
Accuracy = 0.62
Time = 0.08348846435546875
Num Params = 6866468
Ratio = 0.7336062570019579
---------------------93.000000_0.000000.net-----------------------
Accuracy = 0.604
Time = 0.07267618179321289
Num Params = 4285092
Ratio = 0.4578147459551306
---------------------10.000000_1.000000.net-----------------------
Accuracy = 0.642
Time = 0.07881665229797363
Num Params = 2701348
Ratio = 0.28860919400479623
---------------------62.000000_1.000000.net-----------------------
Accuracy = 0.624
Time = 0.07043600082397461
Num Params = 4283556
Ratio = 0.45765064132218763
---------------------45.000000_2.000000.net-----------------------
Accuracy = 0.64
Time = 0.0798637866973877
Num Params = 5463460
Ratio = 0.5837103501945858
---------------------32.000000_3.000000.net-----------------------
Accuracy = 0.642
Time = 0.07692170143127441
Num Params = 4912932
Ratio = 0.524892514670591
---------------------1.000000_3.000000.net-----------------------
Accuracy = 0.634
Time = 0.08479785919189453
Num Params = 7015076
Ratio = 0.7494833802391954
---------------------84.000000_4.000000.net-----------------------
Accuracy = 0.622
Time = 0.08178853988647461
Num Params = 7382180
Ratio = 0.7887043875125777
---------------------20.000000_2.000000.net-----------------------
Accuracy = 0.622
Time = 0.08484244346618652
Num Params = 7713444
Ratio = 0.8240962866839561
---------------------12.000000_1.000000.net-----------------------
Accuracy = 0.62
Time = 0.08699941635131836
Num Params = 7862948
Ratio = 0.8400691376237436
---------------------73.000000_3.000000.net-----------------------
Accuracy = 0.634
Time = 0.07854461669921875
Num Params = 4359844
Ratio = 0.46580117142502436
---------------------85.000000_3.000000.net-----------------------
Accuracy = 0.654
Time = 0.07808899879455566
Num Params = 4911780
Ratio = 0.5247694361958837
---------------------27.000000_1.000000.net-----------------------
Accuracy = 0.596
Time = 0.0814356803894043
Num Params = 5500964
Ratio = 0.5877172383156113
---------------------41.000000_4.000000.net-----------------------
Accuracy = 0.612
Time = 0.08658599853515625
Num Params = 8449956
Ratio = 0.9027844581801352
---------------------75.000000_0.000000.net-----------------------
Accuracy = 0.568
Time = 0.08269619941711426
Num Params = 7416996
Ratio = 0.7924240925259528
---------------------38.000000_3.000000.net-----------------------
Accuracy = 0.614
Time = 0.07654690742492676
Num Params = 6533284
Ratio = 0.6980092270394007
---------------------63.000000_1.000000.net-----------------------
Accuracy = 0.574
Time = 0.08203577995300293
Num Params = 5426468
Ratio = 0.5797581636178747
---------------------86.000000_3.000000.net-----------------------
Accuracy = 0.64
Time = 0.07856178283691406
Num Params = 7233956
Ratio = 0.772868290433576
---------------------3.000000_3.000000.net-----------------------
Accuracy = 0.636
Time = 0.09684991836547852
Num Params = 10553892
Ratio = 1.1275667791538397
---------------------6.000000_2.000000.net-----------------------
Accuracy = 0.544
Time = 0.09509015083312988
Num Params = 10405924
Ratio = 1.1117580328469954
---------------------77.000000_1.000000.net-----------------------
Accuracy = 0.612
Time = 0.07525038719177246
Num Params = 2589476
Ratio = 0.2766569065721128
---------------------33.000000_1.000000.net-----------------------
Accuracy = 0.58
Time = 0.07673335075378418
Num Params = 4912036
Ratio = 0.5247967869680409
---------------------3.000000_2.000000.net-----------------------
Accuracy = 0.6460000000000001
Time = 0.09242677688598633
Num Params = 8601636
Ratio = 0.9189897906832586
---------------------0.000000_1.000000.net-----------------------
Accuracy = 0.6460000000000001
Time = 0.08241796493530273
Num Params = 7271460
Ratio = 0.7768751785546014
---------------------11.000000_0.000000.net-----------------------
Accuracy = 0.58
Time = 0.09125351905822754
Num Params = 8193700
Ratio = 0.8754063352508077
---------------------61.000000_2.000000.net-----------------------
Accuracy = 0.628
Time = 0.07236456871032715
Num Params = 4872228
Ratio = 0.5205437418976009
---------------------25.000000_1.000000.net-----------------------
Accuracy = 0.652
Time = 0.08393645286560059
Num Params = 4985764
Ratio = 0.5326738093493059
---------------------39.000000_2.000000.net-----------------------
Accuracy = 0.654
Time = 0.07822918891906738
Num Params = 3287972
Ratio = 0.3512834884029521
---------------------21.000000_2.000000.net-----------------------
Accuracy = 0.66
Time = 0.08396601676940918
Num Params = 7824164
Ratio = 0.8359254956419322
---------------------83.000000_2.000000.net-----------------------
Accuracy = 0.63
Time = 0.07887601852416992
Num Params = 7122212
Ratio = 0.7609296783869711
---------------------93.000000_1.000000.net-----------------------
Accuracy = 0.59
Time = 0.07916450500488281
Num Params = 7380004
Ratio = 0.7884719059492417
---------------------66.000000_0.000000.net-----------------------
Accuracy = 0.606
Time = 0.0803835391998291
Num Params = 5463332
Ratio = 0.5836966748085072
---------------------49.000000_2.000000.net-----------------------
Accuracy = 0.618
Time = 0.07846403121948242
Num Params = 4874916
Ratio = 0.5208309250052512
---------------------7.000000_3.000000.net-----------------------
Accuracy = 0.4759999999999999
Time = 0.09603691101074219
Num Params = 10811044
Ratio = 1.1550406297857174
---------------------17.000000_4.000000.net-----------------------
Accuracy = 0.592
Time = 0.09475255012512207
Num Params = 8671396
Ratio = 0.9264428760960876
---------------------44.000000_1.000000.net-----------------------
Accuracy = 0.628
Time = 0.08615994453430176
Num Params = 7862052
Ratio = 0.8399734099211934
---------------------63.000000_3.000000.net-----------------------
Accuracy = 0.612
Time = 0.08241081237792969
Num Params = 4875428
Ratio = 0.5208856265495655
---------------------95.000000_4.000000.net-----------------------
Accuracy = 0.596
Time = 0.07983732223510742
Num Params = 6790692
Ratio = 0.7255104284434355
---------------------42.000000_3.000000.net-----------------------
Accuracy = 0.618
Time = 0.08467316627502441
Num Params = 7307684
Ratio = 0.780745312814841
---------------------44.000000_2.000000.net-----------------------
Accuracy = 0.624
Time = 0.08293390274047852
Num Params = 9042852
Ratio = 0.9661288464961417
---------------------15.000000_4.000000.net-----------------------
Accuracy = 0.606
Time = 0.09096789360046387
Num Params = 7492516
Ratio = 0.800492570312318
---------------------92.000000_2.000000.net-----------------------
Accuracy = 0.604
Time = 0.07998418807983398
Num Params = 4949412
Ratio = 0.5287899997029877
---------------------87.000000_1.000000.net-----------------------
Accuracy = 0.642
Time = 0.07372355461120605
Num Params = 4173476
Ratio = 0.44588980929460437
---------------------13.000000_1.000000.net-----------------------
Accuracy = 0.622
Time = 0.09348106384277344
Num Params = 6167716
Ratio = 0.6589523243989615
---------------------3.000000_1.000000.net-----------------------
Accuracy = 0.59
Time = 0.09883904457092285
Num Params = 10850340
Ratio = 1.1592389733118431
---------------------83.000000_1.000000.net-----------------------
Accuracy = 0.62
Time = 0.07136845588684082
Num Params = 2403876
Ratio = 0.25682759675816424
---------------------43.000000_4.000000.net-----------------------
Accuracy = 0.612
Time = 0.08217024803161621
Num Params = 5504548
Ratio = 0.5881001491258117
---------------------82.000000_2.000000.net-----------------------
Accuracy = 0.614
Time = 0.0754842758178711
Num Params = 4909988
Ratio = 0.5245779807907834
---------------------57.000000_0.000000.net-----------------------
Accuracy = 0.622
Time = 0.07300376892089844
Num Params = 4172324
Ratio = 0.4457667308198971
---------------------72.000000_0.000000.net-----------------------
Accuracy = 0.61
Time = 0.08921551704406738
Num Params = 6164260
Ratio = 0.6585830889748396
---------------------7.000000_1.000000.net-----------------------
Accuracy = 0.61
Time = 0.09204244613647461
Num Params = 8159268
Ratio = 0.8717276563956682
---------------------64.000000_0.000000.net-----------------------
Accuracy = 0.662
Time = 0.07195210456848145
Num Params = 2404260
Ratio = 0.2568686229164
---------------------2.000000_3.000000.net-----------------------
Accuracy = 0.622
Time = 0.09647798538208008
Num Params = 8673572
Ratio = 0.9266753576594234
---------------------65.000000_0.000000.net-----------------------
Accuracy = 0.622
Time = 0.08315229415893555
Num Params = 7749284
Ratio = 0.82792539478596
---------------------22.000000_1.000000.net-----------------------
Accuracy = 0.65
Time = 0.08183622360229492
Num Params = 6571684
Ratio = 0.7021118428629762
---------------------73.000000_4.000000.net-----------------------
Accuracy = 0.612
Time = 0.07211613655090332
Num Params = 4725412
Ratio = 0.5048580740654637
---------------------96.000000_3.000000.net-----------------------
Accuracy = 0.632
Time = 0.07225608825683594
Num Params = 2405540
Ratio = 0.2570053767771859
---------------------23.000000_4.000000.net-----------------------
Accuracy = 0.638
Time = 0.08381915092468262
Num Params = 7417636
Ratio = 0.7924924694563457
---------------------75.000000_1.000000.net-----------------------
Accuracy = 0.604
Time = 0.07710433006286621
Num Params = 4505508
Ratio = 0.4813637607824543
---------------------67.000000_0.000000.net-----------------------
Accuracy = 0.644
Time = 0.0726470947265625
Num Params = 2551204
Ratio = 0.2725679661346158
---------------------89.000000_2.000000.net-----------------------
Accuracy = 0.648
Time = 0.06982588768005371
Num Params = 1960868
Ratio = 0.20949708554018096
---------------------58.000000_0.000000.net-----------------------
Accuracy = 0.6460000000000001
Time = 0.06520509719848633
Num Params = 1812516
Ratio = 0.19364731307510075
---------------------24.000000_2.000000.net-----------------------
Accuracy = 0.64
Time = 0.08901214599609375
Num Params = 6166692
Ratio = 0.6588429213103327
---------------------0.000000_2.000000.net-----------------------
Accuracy = 0.568
Time = 0.08223915100097656
Num Params = 7677348
Ratio = 0.820239827809795
---------------------94.000000_4.000000.net-----------------------
Accuracy = 0.6
Time = 0.07679080963134766
Num Params = 5021860
Ratio = 0.5365302682234669
---------------------72.000000_2.000000.net-----------------------
Accuracy = 0.638
Time = 0.06923174858093262
Num Params = 4135972
Ratio = 0.4418829211735789
---------------------40.000000_2.000000.net-----------------------
Accuracy = 0.636
Time = 0.07760357856750488
Num Params = 4356900
Ratio = 0.4654866375452169
---------------------3.000000_4.000000.net-----------------------
Accuracy = 0.616
Time = 0.08837437629699707
Num Params = 7346340
Ratio = 0.7848752794105738
---------------------72.000000_1.000000.net-----------------------
Accuracy = 0.632
Time = 0.07210421562194824
Num Params = 2404516
Ratio = 0.2568959736885572
---------------------9.000000_3.000000.net-----------------------
Accuracy = 0.622
Time = 0.08924722671508789
Num Params = 8452004
Ratio = 0.9030032643573925
---------------------27.000000_0.000000.net-----------------------
Accuracy = 0.604
Time = 0.07985568046569824
Num Params = 7233956
Ratio = 0.772868290433576
---------------------61.000000_1.000000.net-----------------------
Accuracy = 0.576
Time = 0.07322430610656738
Num Params = 4872740
Ratio = 0.5205984434419152
---------------------77.000000_0.000000.net-----------------------
Accuracy = 0.616
Time = 0.0750894546508789
Num Params = 4357412
Ratio = 0.46554133908953127
---------------------45.000000_0.000000.net-----------------------
Accuracy = 0.63
Time = 0.08090972900390625
Num Params = 7159460
Ratio = 0.7649092157358394
---------------------80.000000_3.000000.net-----------------------
Accuracy = 0.594
Time = 0.06981849670410156
Num Params = 2514084
Ratio = 0.2686021041718261
---------------------42.000000_2.000000.net-----------------------
Accuracy = 0.568
Time = 0.07952237129211426
Num Params = 7121572
Ratio = 0.7608613014565782
---------------------9.000000_4.000000.net-----------------------
Accuracy = 0.614
Time = 0.09111547470092773
Num Params = 10220836
Ratio = 1.0919834245773612
---------------------56.000000_3.000000.net-----------------------
Accuracy = 0.624
Time = 0.0735929012298584
Num Params = 4172196
Ratio = 0.4457530554338185
---------------------64.000000_4.000000.net-----------------------
Accuracy = 0.612
Time = 0.07962536811828613
Num Params = 5904548
Ratio = 0.6308357306213903
---------------------55.000000_2.000000.net-----------------------
Accuracy = 0.65
Time = 0.07170605659484863
Num Params = 4725156
Ratio = 0.5048307232933065
---------------------75.000000_2.000000.net-----------------------
Accuracy = 0.628
Time = 0.08443379402160645
Num Params = 7455012
Ratio = 0.7964856821912926
---------------------43.000000_1.000000.net-----------------------
Accuracy = 0.602
Time = 0.08793520927429199
Num Params = 9520420
Ratio = 1.017151711955343
---------------------96.000000_1.000000.net-----------------------
Accuracy = 0.63
Time = 0.07613945007324219
Num Params = 2735524
Ratio = 0.2922605220877785
---------------------50.000000_2.000000.net-----------------------
Accuracy = 0.62
Time = 0.08605241775512695
Num Params = 10182820
Ratio = 1.0879218349120214
---------------------91.000000_1.000000.net-----------------------
Accuracy = 0.632
Time = 0.07128262519836426
Num Params = 4319780
Ratio = 0.4615207755824272
---------------------15.000000_2.000000.net-----------------------
Accuracy = 0.628
Time = 0.08419489860534668
Num Params = 5134116
Ratio = 0.5485235818143861
---------------------82.000000_0.000000.net-----------------------
Accuracy = 0.624
Time = 0.07805824279785156
Num Params = 7121316
Ratio = 0.7608339506844211
---------------------27.000000_2.000000.net-----------------------
Accuracy = 0.636
Time = 0.07609772682189941
Num Params = 4322596
Ratio = 0.46182163407615606
---------------------68.000000_3.000000.net-----------------------
Accuracy = 0.608
Time = 0.08242940902709961
Num Params = 4983460
Ratio = 0.5324276523998913
---------------------41.000000_3.000000.net-----------------------
Accuracy = 0.634
Time = 0.07962560653686523
Num Params = 4802084
Ratio = 0.5130496303265362
---------------------15.000000_3.000000.net-----------------------
Accuracy = 0.592
Time = 0.08711624145507812
Num Params = 7311012
Ratio = 0.7811008728528842
---------------------26.000000_4.000000.net-----------------------
Accuracy = 0.616
Time = 0.08300542831420898
Num Params = 2775972
Ratio = 0.2965819440886114
---------------------42.000000_4.000000.net-----------------------
Accuracy = 0.63
Time = 0.07955169677734375
Num Params = 6681380
Ratio = 0.7138316487323237
---------------------35.000000_2.000000.net-----------------------
Accuracy = 0.6460000000000001
Time = 0.07397770881652832
Num Params = 2994724
Ratio = 0.31995317889691344
---------------------16.000000_1.000000.net-----------------------
Accuracy = 0.62
Time = 0.07808279991149902
Num Params = 3254180
Ratio = 0.3476731864782056
---------------------1.000000_0.000000.net-----------------------
Accuracy = 0.642
Time = 0.08440089225769043
Num Params = 5503780
Ratio = 0.5880180968093401
---------------------57.000000_1.000000.net-----------------------
Accuracy = 0.65
Time = 0.06917238235473633
Num Params = 4136740
Ratio = 0.44196497349005043
---------------------71.000000_2.000000.net-----------------------
Accuracy = 0.63
Time = 0.07168078422546387
Num Params = 1925156
Ratio = 0.20568165282425568
---------------------67.000000_2.000000.net-----------------------
Accuracy = 0.628
Time = 0.07968258857727051
Num Params = 5094820
Ratio = 0.5443252382882605
---------------------10.000000_4.000000.net-----------------------
Accuracy = 0.62
Time = 0.08089804649353027
Num Params = 7160740
Ratio = 0.7650459695966253
---------------------96.000000_0.000000.net-----------------------
Accuracy = 0.596
Time = 0.08446955680847168
Num Params = 9519780
Ratio = 1.0170833350249502
---------------------94.000000_0.000000.net-----------------------
Accuracy = 0.586
Time = 0.08158278465270996
Num Params = 4985508
Ratio = 0.5326464585771488
---------------------42.000000_0.000000.net-----------------------
Accuracy = 0.602
Time = 0.0758364200592041
Num Params = 2699044
Ratio = 0.2883630370553817
---------------------92.000000_0.000000.net-----------------------
Accuracy = 0.642
Time = 0.08421444892883301
Num Params = 7969700
Ratio = 0.8514744096132836
---------------------88.000000_2.000000.net-----------------------
Accuracy = 0.648
Time = 0.08320498466491699
Num Params = 7715108
Ratio = 0.8242740667029776
---------------------78.000000_1.000000.net-----------------------
Accuracy = 0.6
Time = 0.07080721855163574
Num Params = 4173220
Ratio = 0.44586245852244716
---------------------79.000000_4.000000.net-----------------------
Accuracy = 0.6560000000000001
Time = 0.06844568252563477
Num Params = 2366372
Ratio = 0.2528207086371388
---------------------12.000000_4.000000.net-----------------------
Accuracy = 0.61
Time = 0.08227920532226562
Num Params = 4949540
Ratio = 0.5288036750890663
---------------------66.000000_4.000000.net-----------------------
Accuracy = 0.628
Time = 0.07784700393676758
Num Params = 4912036
Ratio = 0.5247967869680409
---------------------29.000000_0.000000.net-----------------------
Accuracy = 0.608
Time = 0.07794809341430664
Num Params = 2260388
Ratio = 0.24149748896407028
---------------------14.000000_0.000000.net-----------------------
Accuracy = 0.642
Time = 0.08331608772277832
Num Params = 6977700
Ratio = 0.7454901675042485
---------------------98.000000_0.000000.net-----------------------
Accuracy = 0.616
Time = 0.0814666748046875
Num Params = 5204132
Ratio = 0.5560040179993723
---------------------29.000000_2.000000.net-----------------------
Accuracy = 0.638
Time = 0.07968735694885254
Num Params = 7233572
Ratio = 0.7728272642753402
---------------------73.000000_2.000000.net-----------------------
Accuracy = 0.632
Time = 0.07297348976135254
Num Params = 2957860
Ratio = 0.3160146677062809
---------------------82.000000_3.000000.net-----------------------
Accuracy = 0.596
Time = 0.07417464256286621
Num Params = 4873380
Ratio = 0.5206668203723082
---------------------17.000000_2.000000.net-----------------------
Accuracy = 0.642
Time = 0.09254217147827148
Num Params = 8599716
Ratio = 0.9187846598920798
---------------------23.000000_1.000000.net-----------------------
Accuracy = 0.604
Time = 0.08861422538757324
Num Params = 9556516
Ratio = 1.021008170829504
---------------------0.000000_3.000000.net-----------------------
Accuracy = 0.626
Time = 0.084716796875
Num Params = 5687972
Ratio = 0.6076969773764241
---------------------12.000000_3.000000.net-----------------------
Accuracy = 0.606
Time = 0.08001136779785156
Num Params = 4507684
Ratio = 0.48159624234579024
---------------------9.000000_2.000000.net-----------------------
Accuracy = 0.576
Time = 0.08623075485229492
Num Params = 7420708
Ratio = 0.7928206787222317
---------------------22.000000_3.000000.net-----------------------
Accuracy = 0.618
Time = 0.08347678184509277
Num Params = 7343268
Ratio = 0.7845470701446877
---------------------99.000000_4.000000.net-----------------------
Accuracy = 0.628
Time = 0.07570552825927734
Num Params = 8854308
Ratio = 0.9459850028023857
---------------------21.000000_4.000000.net-----------------------
Accuracy = 0.606
Time = 0.08581137657165527
Num Params = 7972388
Ratio = 0.8517615927209339
---------------------50.000000_1.000000.net-----------------------
Accuracy = 0.626
Time = 0.07446742057800293
Num Params = 4358052
Ratio = 0.4656097160199242
---------------------64.000000_1.000000.net-----------------------
Accuracy = 0.626
Time = 0.07698273658752441
Num Params = 7232036
Ratio = 0.7726631596423972
---------------------26.000000_2.000000.net-----------------------
Accuracy = 0.59
Time = 0.09058380126953125
Num Params = 8190628
Ratio = 0.8750781259849216
---------------------51.000000_4.000000.net-----------------------
Accuracy = 0.634
Time = 0.0758821964263916
Num Params = 4763044
Ratio = 0.5088786375725677
---------------------80.000000_2.000000.net-----------------------
Accuracy = 0.654
Time = 0.07583856582641602
Num Params = 4799652
Ratio = 0.5127897979910431
---------------------35.000000_1.000000.net-----------------------
Accuracy = 0.6460000000000001
Time = 0.0729067325592041
Num Params = 4726564
Ratio = 0.504981152540171
---------------------5.000000_1.000000.net-----------------------
Accuracy = 0.51
Time = 0.10328102111816406
Num Params = 11180580
Ratio = 1.1945214693945927
---------------------99.000000_2.000000.net-----------------------
Accuracy = 0.598
Time = 0.08849596977233887
Num Params = 8414372
Ratio = 0.8989827008502885
---------------------6.000000_0.000000.net-----------------------
Accuracy = 0.596
Time = 0.09208035469055176
Num Params = 7938084
Ratio = 0.848096589251873
---------------------1.000000_2.000000.net-----------------------
Accuracy = 0.616
Time = 0.0961313247680664
Num Params = 8230820
Ratio = 0.8793721972135974
