---------------------29.000000_1.000000.net-----------------------
Accuracy = 0.628
Time = 1.8339297771453857
Num Params = 1775140
Ratio = 0.18965410034015387
---------------------1.000000_1.000000.net-----------------------
Accuracy = 0.584
Time = 0.11587262153625488
Num Params = 7456932
Ratio = 0.7966908129824714
---------------------97.000000_1.000000.net-----------------------
Accuracy = 0.6679999999999999
Time = 0.06997895240783691
Num Params = 1775140
Ratio = 0.18965410034015387
---------------------44.000000_4.000000.net-----------------------
Accuracy = 0.6560000000000001
Time = 0.06822681427001953
Num Params = 1775140
Ratio = 0.18965410034015387
---------------------56.000000_1.000000.net-----------------------
Accuracy = 0.63
Time = 0.06793069839477539
Num Params = 1775140
Ratio = 0.18965410034015387
---------------------66.000000_3.000000.net-----------------------
Accuracy = 0.632
Time = 0.06922745704650879
Num Params = 1775140
Ratio = 0.18965410034015387
---------------------50.000000_4.000000.net-----------------------
Accuracy = 0.62
Time = 0.06837797164916992
Num Params = 1775140
Ratio = 0.18965410034015387
---------------------16.000000_4.000000.net-----------------------
Accuracy = 0.642
Time = 0.08212423324584961
Num Params = 2512420
Ratio = 0.2684243241528045
---------------------26.000000_1.000000.net-----------------------
Accuracy = 0.642
Time = 0.06848287582397461
Num Params = 1775140
Ratio = 0.18965410034015387
---------------------53.000000_2.000000.net-----------------------
Accuracy = 0.62
Time = 0.06829357147216797
Num Params = 1775140
Ratio = 0.18965410034015387
---------------------10.000000_0.000000.net-----------------------
Accuracy = 0.636
Time = 0.08811354637145996
Num Params = 5059364
Ratio = 0.5405371563444924
---------------------81.000000_2.000000.net-----------------------
Accuracy = 0.6460000000000001
Time = 0.06804370880126953
Num Params = 1775140
Ratio = 0.18965410034015387
---------------------52.000000_1.000000.net-----------------------
Accuracy = 0.59
Time = 0.06795430183410645
Num Params = 1775140
Ratio = 0.18965410034015387
---------------------90.000000_3.000000.net-----------------------
Accuracy = 0.628
Time = 0.06790280342102051
Num Params = 1775140
Ratio = 0.18965410034015387
---------------------6.000000_1.000000.net-----------------------
Accuracy = 0.662
Time = 0.08646917343139648
Num Params = 4763940
Ratio = 0.5089743652751177
---------------------37.000000_0.000000.net-----------------------
Accuracy = 0.624
Time = 0.06816959381103516
Num Params = 1775140
Ratio = 0.18965410034015387
---------------------36.000000_1.000000.net-----------------------
Accuracy = 0.644
Time = 0.06593704223632812
Num Params = 1775140
Ratio = 0.18965410034015387
---------------------44.000000_0.000000.net-----------------------
Accuracy = 0.6579999999999999
Time = 0.06524467468261719
Num Params = 1775140
Ratio = 0.18965410034015387
---------------------39.000000_4.000000.net-----------------------
Accuracy = 0.636
Time = 0.0648956298828125
Num Params = 1775140
Ratio = 0.18965410034015387
---------------------88.000000_3.000000.net-----------------------
Accuracy = 0.638
Time = 0.06566739082336426
Num Params = 1775140
Ratio = 0.18965410034015387
---------------------62.000000_0.000000.net-----------------------
Accuracy = 0.642
Time = 0.06431913375854492
Num Params = 1775140
Ratio = 0.18965410034015387
---------------------79.000000_0.000000.net-----------------------
Accuracy = 0.634
Time = 0.06461453437805176
Num Params = 1775140
Ratio = 0.18965410034015387
---------------------45.000000_3.000000.net-----------------------
Accuracy = 0.654
Time = 0.06467056274414062
Num Params = 1775140
Ratio = 0.18965410034015387
---------------------26.000000_0.000000.net-----------------------
Accuracy = 0.638
Time = 0.08012795448303223
Num Params = 1775140
Ratio = 0.18965410034015387
---------------------8.000000_2.000000.net-----------------------
Accuracy = 0.636
Time = 0.10012531280517578
Num Params = 1997476
Ratio = 0.21340824595865632
---------------------12.000000_0.000000.net-----------------------
Accuracy = 0.574
Time = 0.10393548011779785
Num Params = 4467876
Ratio = 0.47734319727535024
---------------------29.000000_4.000000.net-----------------------
Accuracy = 0.6460000000000001
Time = 0.0742645263671875
Num Params = 1775140
Ratio = 0.18965410034015387
---------------------2.000000_0.000000.net-----------------------
Accuracy = 0.6460000000000001
Time = 0.11860489845275879
Num Params = 7271076
Ratio = 0.7768341523963657
---------------------34.000000_4.000000.net-----------------------
Accuracy = 0.632
Time = 0.08275508880615234
Num Params = 1775140
Ratio = 0.18965410034015387
---------------------35.000000_3.000000.net-----------------------
Accuracy = 0.614
Time = 0.06897163391113281
Num Params = 1775140
Ratio = 0.18965410034015387
---------------------65.000000_1.000000.net-----------------------
Accuracy = 0.652
Time = 0.06801247596740723
Num Params = 1775140
Ratio = 0.18965410034015387
---------------------34.000000_2.000000.net-----------------------
Accuracy = 0.63
Time = 0.06914305686950684
Num Params = 1775140
Ratio = 0.18965410034015387
---------------------90.000000_1.000000.net-----------------------
Accuracy = 0.634
Time = 0.06828761100769043
Num Params = 1775140
Ratio = 0.18965410034015387
---------------------89.000000_4.000000.net-----------------------
Accuracy = 0.644
Time = 0.06853556632995605
Num Params = 1775140
Ratio = 0.18965410034015387
---------------------76.000000_2.000000.net-----------------------
Accuracy = 0.578
Time = 0.0680074691772461
Num Params = 1775140
Ratio = 0.18965410034015387
---------------------90.000000_0.000000.net-----------------------
Accuracy = 0.624
Time = 0.06759762763977051
Num Params = 1775140
Ratio = 0.18965410034015387
---------------------16.000000_2.000000.net-----------------------
Accuracy = 0.648
Time = 0.08220076560974121
Num Params = 4136484
Ratio = 0.4419376227178932
---------------------42.000000_1.000000.net-----------------------
Accuracy = 0.63
Time = 0.06806397438049316
Num Params = 1775140
Ratio = 0.18965410034015387
---------------------65.000000_2.000000.net-----------------------
Accuracy = 0.626
Time = 0.06818342208862305
Num Params = 1775140
Ratio = 0.18965410034015387
---------------------93.000000_4.000000.net-----------------------
Accuracy = 0.652
Time = 0.06833314895629883
Num Params = 1775140
Ratio = 0.18965410034015387
---------------------23.000000_2.000000.net-----------------------
Accuracy = 0.622
Time = 0.06908583641052246
Num Params = 1775140
Ratio = 0.18965410034015387
---------------------32.000000_4.000000.net-----------------------
Accuracy = 0.648
Time = 0.06837964057922363
Num Params = 1775140
Ratio = 0.18965410034015387
---------------------60.000000_3.000000.net-----------------------
Accuracy = 0.638
Time = 0.06772923469543457
Num Params = 1775140
Ratio = 0.18965410034015387
---------------------68.000000_2.000000.net-----------------------
Accuracy = 0.62
Time = 0.06747150421142578
Num Params = 1775140
Ratio = 0.18965410034015387
---------------------72.000000_4.000000.net-----------------------
Accuracy = 0.652
Time = 0.06822490692138672
Num Params = 1775140
Ratio = 0.18965410034015387
---------------------21.000000_1.000000.net-----------------------
Accuracy = 0.622
Time = 0.07009458541870117
Num Params = 1922596
Ratio = 0.205408145102684
---------------------57.000000_2.000000.net-----------------------
Accuracy = 0.588
Time = 0.06751799583435059
Num Params = 1775140
Ratio = 0.18965410034015387
---------------------95.000000_2.000000.net-----------------------
Accuracy = 0.654
Time = 0.06439828872680664
Num Params = 1775140
Ratio = 0.18965410034015387
---------------------93.000000_3.000000.net-----------------------
Accuracy = 0.652
Time = 0.06412053108215332
Num Params = 1775140
Ratio = 0.18965410034015387
---------------------78.000000_3.000000.net-----------------------
Accuracy = 0.654
Time = 0.06440234184265137
Num Params = 1775140
Ratio = 0.18965410034015387
---------------------47.000000_0.000000.net-----------------------
Accuracy = 0.644
Time = 0.06430292129516602
Num Params = 1775140
Ratio = 0.18965410034015387
---------------------18.000000_3.000000.net-----------------------
Accuracy = 0.58
Time = 0.07288789749145508
Num Params = 1996324
Ratio = 0.21328516748394905
---------------------85.000000_0.000000.net-----------------------
Accuracy = 0.672
Time = 0.06573009490966797
Num Params = 1775140
Ratio = 0.18965410034015387
---------------------55.000000_3.000000.net-----------------------
Accuracy = 0.6679999999999999
Time = 0.06424689292907715
Num Params = 1775140
Ratio = 0.18965410034015387
---------------------45.000000_4.000000.net-----------------------
Accuracy = 0.654
Time = 0.0652928352355957
Num Params = 1775140
Ratio = 0.18965410034015387
---------------------28.000000_3.000000.net-----------------------
Accuracy = 0.638
Time = 0.07218813896179199
Num Params = 1775140
Ratio = 0.18965410034015387
---------------------89.000000_0.000000.net-----------------------
Accuracy = 0.61
Time = 0.06632232666015625
Num Params = 1775140
Ratio = 0.18965410034015387
---------------------78.000000_0.000000.net-----------------------
Accuracy = 0.664
Time = 0.06473994255065918
Num Params = 1775140
Ratio = 0.18965410034015387
---------------------25.000000_2.000000.net-----------------------
Accuracy = 0.618
Time = 0.06713104248046875
Num Params = 1775140
Ratio = 0.18965410034015387
---------------------7.000000_2.000000.net-----------------------
Accuracy = 0.6460000000000001
Time = 0.0754239559173584
Num Params = 2515492
Ratio = 0.26875253341869054
---------------------47.000000_4.000000.net-----------------------
Accuracy = 0.674
Time = 0.06558585166931152
Num Params = 1775140
Ratio = 0.18965410034015387
---------------------79.000000_2.000000.net-----------------------
Accuracy = 0.64
Time = 0.06442785263061523
Num Params = 1775140
Ratio = 0.18965410034015387
---------------------5.000000_2.000000.net-----------------------
Accuracy = 0.622
Time = 0.1327664852142334
Num Params = 7269924
Ratio = 0.7767110739216584
---------------------59.000000_3.000000.net-----------------------
Accuracy = 0.65
Time = 0.07804560661315918
Num Params = 1775140
Ratio = 0.18965410034015387
---------------------48.000000_2.000000.net-----------------------
Accuracy = 0.6560000000000001
Time = 0.06561017036437988
Num Params = 1775140
Ratio = 0.18965410034015387
---------------------58.000000_1.000000.net-----------------------
Accuracy = 0.622
Time = 0.06474828720092773
Num Params = 1775140
Ratio = 0.18965410034015387
---------------------38.000000_2.000000.net-----------------------
Accuracy = 0.6679999999999999
Time = 0.064056396484375
Num Params = 1775140
Ratio = 0.18965410034015387
---------------------88.000000_4.000000.net-----------------------
Accuracy = 0.634
Time = 0.06282830238342285
Num Params = 1775140
Ratio = 0.18965410034015387
---------------------53.000000_3.000000.net-----------------------
Accuracy = 0.6579999999999999
Time = 0.06434082984924316
Num Params = 1775140
Ratio = 0.18965410034015387
---------------------22.000000_2.000000.net-----------------------
Accuracy = 0.642
Time = 0.06581807136535645
Num Params = 1775140
Ratio = 0.18965410034015387
---------------------52.000000_0.000000.net-----------------------
Accuracy = 0.66
Time = 0.06416702270507812
Num Params = 1775140
Ratio = 0.18965410034015387
---------------------19.000000_1.000000.net-----------------------
Accuracy = 0.604
Time = 0.06450319290161133
Num Params = 1775140
Ratio = 0.18965410034015387
---------------------94.000000_2.000000.net-----------------------
Accuracy = 0.634
Time = 0.06341314315795898
Num Params = 1775140
Ratio = 0.18965410034015387
---------------------57.000000_4.000000.net-----------------------
Accuracy = 0.594
Time = 0.06327486038208008
Num Params = 1775140
Ratio = 0.18965410034015387
---------------------90.000000_2.000000.net-----------------------
Accuracy = 0.62
Time = 0.06412649154663086
Num Params = 1775140
Ratio = 0.18965410034015387
---------------------55.000000_0.000000.net-----------------------
Accuracy = 0.67
Time = 0.06398510932922363
Num Params = 1775140
Ratio = 0.18965410034015387
---------------------70.000000_2.000000.net-----------------------
Accuracy = 0.608
Time = 0.06108236312866211
Num Params = 1775140
Ratio = 0.18965410034015387
---------------------54.000000_3.000000.net-----------------------
Accuracy = 0.644
Time = 0.0607762336730957
Num Params = 1775140
Ratio = 0.18965410034015387
---------------------29.000000_3.000000.net-----------------------
Accuracy = 0.628
Time = 0.061266183853149414
Num Params = 1775140
Ratio = 0.18965410034015387
---------------------68.000000_1.000000.net-----------------------
Accuracy = 0.588
Time = 0.06082653999328613
Num Params = 1775140
Ratio = 0.18965410034015387
---------------------96.000000_4.000000.net-----------------------
Accuracy = 0.652
Time = 0.062064409255981445
Num Params = 1775140
Ratio = 0.18965410034015387
---------------------90.000000_4.000000.net-----------------------
Accuracy = 0.63
Time = 0.06192731857299805
Num Params = 1775140
Ratio = 0.18965410034015387
---------------------8.000000_0.000000.net-----------------------
Accuracy = 0.626
Time = 0.1086125373840332
Num Params = 5059748
Ratio = 0.5405781825027282
---------------------2.000000_4.000000.net-----------------------
Accuracy = 0.61
Time = 0.12761759757995605
Num Params = 5243940
Ratio = 0.5602570630698122
---------------------94.000000_3.000000.net-----------------------
Accuracy = 0.636
Time = 0.07524943351745605
Num Params = 1775140
Ratio = 0.18965410034015387
---------------------92.000000_3.000000.net-----------------------
Accuracy = 0.626
Time = 0.06539273262023926
Num Params = 1775140
Ratio = 0.18965410034015387
---------------------33.000000_3.000000.net-----------------------
Accuracy = 0.602
Time = 0.06506180763244629
Num Params = 1775140
Ratio = 0.18965410034015387
---------------------53.000000_0.000000.net-----------------------
Accuracy = 0.64
Time = 0.06505799293518066
Num Params = 1775140
Ratio = 0.18965410034015387
---------------------2.000000_2.000000.net-----------------------
Accuracy = 0.63
Time = 0.11161971092224121
Num Params = 5684516
Ratio = 0.6073277419523024
---------------------11.000000_3.000000.net-----------------------
Accuracy = 0.604
Time = 0.09580230712890625
Num Params = 4909604
Ratio = 0.5245369546325477
---------------------60.000000_0.000000.net-----------------------
Accuracy = 0.6460000000000001
Time = 0.06528735160827637
Num Params = 1775140
Ratio = 0.18965410034015387
---------------------63.000000_0.000000.net-----------------------
Accuracy = 0.652
Time = 0.06462478637695312
Num Params = 1775140
Ratio = 0.18965410034015387
---------------------36.000000_0.000000.net-----------------------
Accuracy = 0.642
Time = 0.06862092018127441
Num Params = 1775140
Ratio = 0.18965410034015387
---------------------99.000000_0.000000.net-----------------------
Accuracy = 0.6460000000000001
Time = 0.06522917747497559
Num Params = 1775140
Ratio = 0.18965410034015387
---------------------52.000000_4.000000.net-----------------------
Accuracy = 0.574
Time = 0.06726813316345215
Num Params = 1775140
Ratio = 0.18965410034015387
---------------------98.000000_2.000000.net-----------------------
Accuracy = 0.664
Time = 0.06427979469299316
Num Params = 1775140
Ratio = 0.18965410034015387
---------------------4.000000_3.000000.net-----------------------
Accuracy = 0.594
Time = 0.09099602699279785
Num Params = 5537060
Ratio = 0.5915736971897723
---------------------31.000000_0.000000.net-----------------------
Accuracy = 0.654
Time = 0.06474804878234863
Num Params = 1775140
Ratio = 0.18965410034015387
---------------------81.000000_1.000000.net-----------------------
Accuracy = 0.654
Time = 0.06442499160766602
Num Params = 1775140
Ratio = 0.18965410034015387
---------------------74.000000_3.000000.net-----------------------
Accuracy = 0.638
Time = 0.06486010551452637
Num Params = 1775140
Ratio = 0.18965410034015387
---------------------69.000000_1.000000.net-----------------------
Accuracy = 0.6460000000000001
Time = 0.06308364868164062
Num Params = 1775140
Ratio = 0.18965410034015387
---------------------70.000000_3.000000.net-----------------------
Accuracy = 0.6460000000000001
Time = 0.06063389778137207
Num Params = 1775140
Ratio = 0.18965410034015387
---------------------4.000000_1.000000.net-----------------------
Accuracy = 0.6
Time = 0.10301637649536133
Num Params = 4508196
Ratio = 0.4816509438901046
---------------------78.000000_4.000000.net-----------------------
Accuracy = 0.65
Time = 0.0679166316986084
Num Params = 1775140
Ratio = 0.18965410034015387
---------------------40.000000_1.000000.net-----------------------
Accuracy = 0.618
Time = 0.06278872489929199
Num Params = 1775140
Ratio = 0.18965410034015387
---------------------58.000000_3.000000.net-----------------------
Accuracy = 0.622
Time = 0.06162524223327637
Num Params = 1775140
Ratio = 0.18965410034015387
---------------------71.000000_1.000000.net-----------------------
Accuracy = 0.65
Time = 0.06061744689941406
Num Params = 1775140
Ratio = 0.18965410034015387
---------------------71.000000_0.000000.net-----------------------
Accuracy = 0.6560000000000001
Time = 0.06088852882385254
Num Params = 1775140
Ratio = 0.18965410034015387
---------------------81.000000_0.000000.net-----------------------
Accuracy = 0.662
Time = 0.1133887767791748
Num Params = 1775140
Ratio = 0.18965410034015387
---------------------30.000000_0.000000.net-----------------------
Accuracy = 0.614
Time = 0.08754324913024902
Num Params = 1775140
Ratio = 0.18965410034015387
---------------------4.000000_0.000000.net-----------------------
Accuracy = 0.628
Time = 0.09478640556335449
Num Params = 4322468
Ratio = 0.4618079586900775
---------------------87.000000_4.000000.net-----------------------
Accuracy = 0.634
Time = 0.06933379173278809
Num Params = 1775140
Ratio = 0.18965410034015387
---------------------74.000000_2.000000.net-----------------------
Accuracy = 0.6460000000000001
Time = 0.06802058219909668
Num Params = 1775140
Ratio = 0.18965410034015387
---------------------34.000000_1.000000.net-----------------------
Accuracy = 0.642
Time = 0.06943893432617188
Num Params = 1775140
Ratio = 0.18965410034015387
---------------------74.000000_4.000000.net-----------------------
Accuracy = 0.644
Time = 0.0717005729675293
Num Params = 1775140
Ratio = 0.18965410034015387
---------------------55.000000_4.000000.net-----------------------
Accuracy = 0.6560000000000001
Time = 0.06812286376953125
Num Params = 1775140
Ratio = 0.18965410034015387
---------------------55.000000_1.000000.net-----------------------
Accuracy = 0.65
Time = 0.0662229061126709
Num Params = 1775140
Ratio = 0.18965410034015387
---------------------5.000000_4.000000.net-----------------------
Accuracy = 0.634
Time = 0.08799457550048828
Num Params = 5059236
Ratio = 0.5405234809584137
---------------------30.000000_4.000000.net-----------------------
Accuracy = 0.636
Time = 0.06867861747741699
Num Params = 1775140
Ratio = 0.18965410034015387
---------------------66.000000_1.000000.net-----------------------
Accuracy = 0.664
Time = 0.06914377212524414
Num Params = 1775140
Ratio = 0.18965410034015387
---------------------52.000000_2.000000.net-----------------------
Accuracy = 0.63
Time = 0.06924891471862793
Num Params = 1775140
Ratio = 0.18965410034015387
---------------------46.000000_1.000000.net-----------------------
Accuracy = 0.63
Time = 0.06712818145751953
Num Params = 1775140
Ratio = 0.18965410034015387
---------------------63.000000_4.000000.net-----------------------
Accuracy = 0.632
Time = 0.0651559829711914
Num Params = 1775140
Ratio = 0.18965410034015387
---------------------74.000000_1.000000.net-----------------------
Accuracy = 0.65
Time = 0.06569099426269531
Num Params = 1775140
Ratio = 0.18965410034015387
---------------------70.000000_1.000000.net-----------------------
Accuracy = 0.648
Time = 0.06534004211425781
Num Params = 1775140
Ratio = 0.18965410034015387
---------------------84.000000_2.000000.net-----------------------
Accuracy = 0.654
Time = 0.06440258026123047
Num Params = 1775140
Ratio = 0.18965410034015387
---------------------50.000000_0.000000.net-----------------------
Accuracy = 0.628
Time = 0.06482052803039551
Num Params = 1775140
Ratio = 0.18965410034015387
---------------------40.000000_3.000000.net-----------------------
Accuracy = 0.648
Time = 0.06964826583862305
Num Params = 1775140
Ratio = 0.18965410034015387
---------------------48.000000_3.000000.net-----------------------
Accuracy = 0.624
Time = 0.06485247611999512
Num Params = 1775140
Ratio = 0.18965410034015387
---------------------39.000000_0.000000.net-----------------------
Accuracy = 0.628
Time = 0.0646662712097168
Num Params = 1775140
Ratio = 0.18965410034015387
---------------------30.000000_2.000000.net-----------------------
Accuracy = 0.652
Time = 0.06456327438354492
Num Params = 1775140
Ratio = 0.18965410034015387
---------------------31.000000_2.000000.net-----------------------
Accuracy = 0.652
Time = 0.06759476661682129
Num Params = 1775140
Ratio = 0.18965410034015387
---------------------33.000000_4.000000.net-----------------------
Accuracy = 0.636
Time = 0.06450200080871582
Num Params = 1775140
Ratio = 0.18965410034015387
---------------------47.000000_2.000000.net-----------------------
Accuracy = 0.63
Time = 0.06441068649291992
Num Params = 1775140
Ratio = 0.18965410034015387
---------------------10.000000_3.000000.net-----------------------
Accuracy = 0.624
Time = 0.08263659477233887
Num Params = 4763172
Ratio = 0.5088923129586462
---------------------82.000000_4.000000.net-----------------------
Accuracy = 0.65
Time = 0.06427192687988281
Num Params = 1775140
Ratio = 0.18965410034015387
---------------------0.000000_4.000000.net-----------------------
Accuracy = 0.6560000000000001
Time = 0.09388995170593262
Num Params = 4763300
Ratio = 0.5089059883447249
---------------------46.000000_2.000000.net-----------------------
Accuracy = 0.64
Time = 0.06705546379089355
Num Params = 1775140
Ratio = 0.18965410034015387
---------------------13.000000_3.000000.net-----------------------
Accuracy = 0.616
Time = 0.08089804649353027
Num Params = 2480164
Ratio = 0.26497812686100103
---------------------21.000000_3.000000.net-----------------------
Accuracy = 0.66
Time = 0.06647086143493652
Num Params = 1775140
Ratio = 0.18965410034015387
---------------------91.000000_2.000000.net-----------------------
Accuracy = 0.61
Time = 0.0656898021697998
Num Params = 1775140
Ratio = 0.18965410034015387
---------------------85.000000_4.000000.net-----------------------
Accuracy = 0.6579999999999999
Time = 0.06559276580810547
Num Params = 1775140
Ratio = 0.18965410034015387
---------------------19.000000_2.000000.net-----------------------
Accuracy = 0.616
Time = 0.0766294002532959
Num Params = 2438820
Ratio = 0.260560977157618
---------------------54.000000_4.000000.net-----------------------
Accuracy = 0.6560000000000001
Time = 0.06557250022888184
Num Params = 1775140
Ratio = 0.18965410034015387
---------------------79.000000_3.000000.net-----------------------
Accuracy = 0.632
Time = 0.06429743766784668
Num Params = 1775140
Ratio = 0.18965410034015387
---------------------5.000000_0.000000.net-----------------------
Accuracy = 0.62
Time = 0.08448457717895508
Num Params = 4321700
Ratio = 0.461725906373606
---------------------79.000000_1.000000.net-----------------------
Accuracy = 0.618
Time = 0.06499123573303223
Num Params = 1775140
Ratio = 0.18965410034015387
---------------------15.000000_0.000000.net-----------------------
Accuracy = 0.626
Time = 0.07488679885864258
Num Params = 1997604
Ratio = 0.2134219213447349
---------------------69.000000_0.000000.net-----------------------
Accuracy = 0.632
Time = 0.06460452079772949
Num Params = 1775140
Ratio = 0.18965410034015387
---------------------11.000000_1.000000.net-----------------------
Accuracy = 0.638
Time = 0.0939488410949707
Num Params = 4875044
Ratio = 0.5208446003913297
---------------------75.000000_4.000000.net-----------------------
Accuracy = 0.636
Time = 0.06768131256103516
Num Params = 1775140
Ratio = 0.18965410034015387
---------------------54.000000_0.000000.net-----------------------
Accuracy = 0.638
Time = 0.06508135795593262
Num Params = 1775140
Ratio = 0.18965410034015387
---------------------34.000000_0.000000.net-----------------------
Accuracy = 0.652
Time = 0.07011246681213379
Num Params = 1775140
Ratio = 0.18965410034015387
---------------------86.000000_4.000000.net-----------------------
Accuracy = 0.622
Time = 0.06482458114624023
Num Params = 1775140
Ratio = 0.18965410034015387
---------------------83.000000_0.000000.net-----------------------
Accuracy = 0.632
Time = 0.0647575855255127
Num Params = 1775140
Ratio = 0.18965410034015387
---------------------37.000000_1.000000.net-----------------------
Accuracy = 0.642
Time = 0.06405782699584961
Num Params = 1775140
Ratio = 0.18965410034015387
---------------------20.000000_1.000000.net-----------------------
Accuracy = 0.63
Time = 0.06636261940002441
Num Params = 1776164
Ratio = 0.18976350342878254
---------------------27.000000_4.000000.net-----------------------
Accuracy = 0.57
Time = 0.06419634819030762
Num Params = 1775140
Ratio = 0.18965410034015387
---------------------72.000000_3.000000.net-----------------------
Accuracy = 0.654
Time = 0.06565642356872559
Num Params = 1775140
Ratio = 0.18965410034015387
---------------------97.000000_4.000000.net-----------------------
Accuracy = 0.65
Time = 0.06522083282470703
Num Params = 1775140
Ratio = 0.18965410034015387
---------------------20.000000_0.000000.net-----------------------
Accuracy = 0.662
Time = 0.06702160835266113
Num Params = 1812004
Ratio = 0.19359261153078638
---------------------60.000000_4.000000.net-----------------------
Accuracy = 0.6460000000000001
Time = 0.06447172164916992
Num Params = 1775140
Ratio = 0.18965410034015387
---------------------46.000000_3.000000.net-----------------------
Accuracy = 0.626
Time = 0.06407594680786133
Num Params = 1775140
Ratio = 0.18965410034015387
---------------------27.000000_3.000000.net-----------------------
Accuracy = 0.614
Time = 0.06495213508605957
Num Params = 1775140
Ratio = 0.18965410034015387
---------------------18.000000_1.000000.net-----------------------
Accuracy = 0.592
Time = 0.07714700698852539
Num Params = 2512420
Ratio = 0.2684243241528045
---------------------28.000000_0.000000.net-----------------------
Accuracy = 0.6579999999999999
Time = 0.0666818618774414
Num Params = 1775140
Ratio = 0.18965410034015387
---------------------50.000000_3.000000.net-----------------------
Accuracy = 0.614
Time = 0.06413626670837402
Num Params = 1775140
Ratio = 0.18965410034015387
---------------------61.000000_0.000000.net-----------------------
Accuracy = 0.652
Time = 0.06497836112976074
Num Params = 1775140
Ratio = 0.18965410034015387
---------------------38.000000_4.000000.net-----------------------
Accuracy = 0.648
Time = 0.06619620323181152
Num Params = 1775140
Ratio = 0.18965410034015387
---------------------30.000000_1.000000.net-----------------------
Accuracy = 0.6
Time = 0.06404304504394531
Num Params = 1775140
Ratio = 0.18965410034015387
---------------------46.000000_0.000000.net-----------------------
Accuracy = 0.624
Time = 0.06406831741333008
Num Params = 1775140
Ratio = 0.18965410034015387
---------------------69.000000_4.000000.net-----------------------
Accuracy = 0.64
Time = 0.06427240371704102
Num Params = 1775140
Ratio = 0.18965410034015387
---------------------87.000000_2.000000.net-----------------------
Accuracy = 0.662
Time = 0.06509160995483398
Num Params = 1775140
Ratio = 0.18965410034015387
---------------------1.000000_4.000000.net-----------------------
Accuracy = 0.632
Time = 0.09183621406555176
Num Params = 4912036
Ratio = 0.5247967869680409
---------------------20.000000_4.000000.net-----------------------
Accuracy = 0.634
Time = 0.0701296329498291
Num Params = 1775140
Ratio = 0.18965410034015387
---------------------22.000000_4.000000.net-----------------------
Accuracy = 0.644
Time = 0.06605815887451172
Num Params = 1775140
Ratio = 0.18965410034015387
---------------------25.000000_0.000000.net-----------------------
Accuracy = 0.618
Time = 0.06558775901794434
Num Params = 1775140
Ratio = 0.18965410034015387
---------------------60.000000_2.000000.net-----------------------
Accuracy = 0.628
Time = 0.06582474708557129
Num Params = 1775140
Ratio = 0.18965410034015387
---------------------96.000000_2.000000.net-----------------------
Accuracy = 0.58
Time = 0.06450557708740234
Num Params = 1775140
Ratio = 0.18965410034015387
---------------------25.000000_3.000000.net-----------------------
Accuracy = 0.654
Time = 0.06465363502502441
Num Params = 1775140
Ratio = 0.18965410034015387
---------------------83.000000_4.000000.net-----------------------
Accuracy = 0.63
Time = 0.0654456615447998
Num Params = 1775140
Ratio = 0.18965410034015387
---------------------84.000000_0.000000.net-----------------------
Accuracy = 0.662
Time = 0.06401491165161133
Num Params = 1775140
Ratio = 0.18965410034015387
---------------------52.000000_3.000000.net-----------------------
Accuracy = 0.648
Time = 0.06398415565490723
Num Params = 1775140
Ratio = 0.18965410034015387
---------------------81.000000_4.000000.net-----------------------
Accuracy = 0.64
Time = 0.06792879104614258
Num Params = 1775140
Ratio = 0.18965410034015387
---------------------58.000000_4.000000.net-----------------------
Accuracy = 0.628
Time = 0.06611084938049316
Num Params = 1775140
Ratio = 0.18965410034015387
---------------------18.000000_2.000000.net-----------------------
Accuracy = 0.564
Time = 0.06823539733886719
Num Params = 1812004
Ratio = 0.19359261153078638
---------------------43.000000_2.000000.net-----------------------
Accuracy = 0.634
Time = 0.06420087814331055
Num Params = 1775140
Ratio = 0.18965410034015387
---------------------36.000000_4.000000.net-----------------------
Accuracy = 0.644
Time = 0.06780362129211426
Num Params = 1775140
Ratio = 0.18965410034015387
---------------------76.000000_1.000000.net-----------------------
Accuracy = 0.6579999999999999
Time = 0.06440162658691406
Num Params = 1775140
Ratio = 0.18965410034015387
---------------------91.000000_4.000000.net-----------------------
Accuracy = 0.626
Time = 0.06618523597717285
Num Params = 1775140
Ratio = 0.18965410034015387
---------------------17.000000_3.000000.net-----------------------
Accuracy = 0.64
Time = 0.06936812400817871
Num Params = 1848868
Ratio = 0.19753112272141893
---------------------9.000000_1.000000.net-----------------------
Accuracy = 0.612
Time = 0.08838200569152832
Num Params = 2919076
Ratio = 0.3118710257244696
---------------------78.000000_2.000000.net-----------------------
Accuracy = 0.644
Time = 0.06418156623840332
Num Params = 1775140
Ratio = 0.18965410034015387
---------------------76.000000_4.000000.net-----------------------
Accuracy = 0.626
Time = 0.06389570236206055
Num Params = 1775140
Ratio = 0.18965410034015387
---------------------13.000000_2.000000.net-----------------------
Accuracy = 0.6579999999999999
Time = 0.08966517448425293
Num Params = 4246948
Ratio = 0.45373948090371224
---------------------84.000000_3.000000.net-----------------------
Accuracy = 0.6460000000000001
Time = 0.06833457946777344
Num Params = 1775140
Ratio = 0.18965410034015387
---------------------13.000000_4.000000.net-----------------------
Accuracy = 0.648
Time = 0.11161518096923828
Num Params = 4284964
Ratio = 0.45780107056905206
---------------------25.000000_4.000000.net-----------------------
Accuracy = 0.638
Time = 0.08031582832336426
Num Params = 1775140
Ratio = 0.18965410034015387
---------------------28.000000_2.000000.net-----------------------
Accuracy = 0.6579999999999999
Time = 0.07065916061401367
Num Params = 1775140
Ratio = 0.18965410034015387
---------------------76.000000_3.000000.net-----------------------
Accuracy = 0.624
Time = 0.06266403198242188
Num Params = 1775140
Ratio = 0.18965410034015387
---------------------75.000000_3.000000.net-----------------------
Accuracy = 0.6679999999999999
Time = 0.06254005432128906
Num Params = 1775140
Ratio = 0.18965410034015387
---------------------68.000000_4.000000.net-----------------------
Accuracy = 0.632
Time = 0.06794214248657227
Num Params = 1775140
Ratio = 0.18965410034015387
---------------------86.000000_2.000000.net-----------------------
Accuracy = 0.64
Time = 0.0634615421295166
Num Params = 1775140
Ratio = 0.18965410034015387
---------------------61.000000_3.000000.net-----------------------
Accuracy = 0.638
Time = 0.06353116035461426
Num Params = 1775140
Ratio = 0.18965410034015387
---------------------95.000000_1.000000.net-----------------------
Accuracy = 0.64
Time = 0.06341409683227539
Num Params = 1775140
Ratio = 0.18965410034015387
---------------------38.000000_1.000000.net-----------------------
Accuracy = 0.64
Time = 0.06266188621520996
Num Params = 1775140
Ratio = 0.18965410034015387
---------------------12.000000_2.000000.net-----------------------
Accuracy = 0.604
Time = 0.08192324638366699
Num Params = 2588196
Ratio = 0.2765201527113269
---------------------85.000000_2.000000.net-----------------------
Accuracy = 0.672
Time = 0.0636589527130127
Num Params = 1775140
Ratio = 0.18965410034015387
---------------------77.000000_4.000000.net-----------------------
Accuracy = 0.65
Time = 0.06380367279052734
Num Params = 1775140
Ratio = 0.18965410034015387
---------------------62.000000_2.000000.net-----------------------
Accuracy = 0.648
Time = 0.0636436939239502
Num Params = 1775140
Ratio = 0.18965410034015387
---------------------48.000000_4.000000.net-----------------------
Accuracy = 0.636
Time = 0.062143802642822266
Num Params = 1775140
Ratio = 0.18965410034015387
---------------------67.000000_1.000000.net-----------------------
Accuracy = 0.628
Time = 0.06160593032836914
Num Params = 1775140
Ratio = 0.18965410034015387
---------------------81.000000_3.000000.net-----------------------
Accuracy = 0.598
Time = 0.06202411651611328
Num Params = 1775140
Ratio = 0.18965410034015387
---------------------35.000000_4.000000.net-----------------------
Accuracy = 0.648
Time = 0.061300039291381836
Num Params = 1775140
Ratio = 0.18965410034015387
---------------------89.000000_3.000000.net-----------------------
Accuracy = 0.626
Time = 0.060114145278930664
Num Params = 1775140
Ratio = 0.18965410034015387
---------------------46.000000_4.000000.net-----------------------
Accuracy = 0.594
Time = 0.060178279876708984
Num Params = 1775140
Ratio = 0.18965410034015387
---------------------87.000000_3.000000.net-----------------------
Accuracy = 0.652
Time = 0.060236215591430664
Num Params = 1775140
Ratio = 0.18965410034015387
---------------------47.000000_1.000000.net-----------------------
Accuracy = 0.652
Time = 0.06022357940673828
Num Params = 1775140
Ratio = 0.18965410034015387
---------------------97.000000_2.000000.net-----------------------
Accuracy = 0.67
Time = 0.060384273529052734
Num Params = 1775140
Ratio = 0.18965410034015387
---------------------2.000000_1.000000.net-----------------------
Accuracy = 0.628
Time = 0.09629130363464355
Num Params = 4505508
Ratio = 0.4813637607824543
---------------------65.000000_3.000000.net-----------------------
Accuracy = 0.648
Time = 0.06722807884216309
Num Params = 1775140
Ratio = 0.18965410034015387
---------------------10.000000_2.000000.net-----------------------
Accuracy = 0.622
Time = 0.12271618843078613
Num Params = 2587172
Ratio = 0.27641074962269824
---------------------19.000000_0.000000.net-----------------------
Accuracy = 0.588
Time = 0.08894705772399902
Num Params = 2364964
Ratio = 0.25267027939027437
---------------------58.000000_2.000000.net-----------------------
Accuracy = 0.636
Time = 0.07109332084655762
Num Params = 1775140
Ratio = 0.18965410034015387
---------------------97.000000_3.000000.net-----------------------
Accuracy = 0.654
Time = 0.06326675415039062
Num Params = 1775140
Ratio = 0.18965410034015387
---------------------20.000000_3.000000.net-----------------------
Accuracy = 0.652
Time = 0.06515860557556152
Num Params = 1775140
Ratio = 0.18965410034015387
---------------------77.000000_3.000000.net-----------------------
Accuracy = 0.638
Time = 0.0638434886932373
Num Params = 1775140
Ratio = 0.18965410034015387
---------------------19.000000_4.000000.net-----------------------
Accuracy = 0.592
Time = 0.07057428359985352
Num Params = 2071076
Ratio = 0.2212715929538428
---------------------65.000000_4.000000.net-----------------------
Accuracy = 0.67
Time = 0.06451416015625
Num Params = 1775140
Ratio = 0.18965410034015387
---------------------31.000000_4.000000.net-----------------------
Accuracy = 0.662
Time = 0.07130026817321777
Num Params = 1775140
Ratio = 0.18965410034015387
---------------------63.000000_2.000000.net-----------------------
Accuracy = 0.648
Time = 0.06370353698730469
Num Params = 1775140
Ratio = 0.18965410034015387
---------------------56.000000_4.000000.net-----------------------
Accuracy = 0.638
Time = 0.06384897232055664
Num Params = 1775140
Ratio = 0.18965410034015387
---------------------95.000000_0.000000.net-----------------------
Accuracy = 0.644
Time = 0.062331199645996094
Num Params = 1775140
Ratio = 0.18965410034015387
---------------------3.000000_0.000000.net-----------------------
Accuracy = 0.652
Time = 0.08497357368469238
Num Params = 4394788
Ratio = 0.4695345518244781
---------------------24.000000_1.000000.net-----------------------
Accuracy = 0.66
Time = 0.06431245803833008
Num Params = 1775140
Ratio = 0.18965410034015387
---------------------94.000000_1.000000.net-----------------------
Accuracy = 0.64
Time = 0.06368303298950195
Num Params = 1775140
Ratio = 0.18965410034015387
---------------------98.000000_4.000000.net-----------------------
Accuracy = 0.652
Time = 0.06383800506591797
Num Params = 1775140
Ratio = 0.18965410034015387
---------------------8.000000_4.000000.net-----------------------
Accuracy = 0.602
Time = 0.09584474563598633
Num Params = 2697252
Ratio = 0.2881715816502815
---------------------7.000000_0.000000.net-----------------------
Accuracy = 0.652
Time = 0.10867738723754883
Num Params = 7159332
Ratio = 0.7648955403497608
---------------------7.000000_4.000000.net-----------------------
Accuracy = 0.63
Time = 0.10409021377563477
Num Params = 7123236
Ratio = 0.7610390814755998
---------------------41.000000_2.000000.net-----------------------
Accuracy = 0.624
Time = 0.07037615776062012
Num Params = 1775140
Ratio = 0.18965410034015387
---------------------24.000000_0.000000.net-----------------------
Accuracy = 0.608
Time = 0.06490540504455566
Num Params = 1775140
Ratio = 0.18965410034015387
---------------------8.000000_1.000000.net-----------------------
Accuracy = 0.622
Time = 0.10761332511901855
Num Params = 5352484
Ratio = 0.5718537904644524
---------------------71.000000_4.000000.net-----------------------
Accuracy = 0.654
Time = 0.06902122497558594
Num Params = 1775140
Ratio = 0.18965410034015387
---------------------57.000000_3.000000.net-----------------------
Accuracy = 0.604
Time = 0.06368541717529297
Num Params = 1775140
Ratio = 0.18965410034015387
---------------------76.000000_0.000000.net-----------------------
Accuracy = 0.626
Time = 0.06363964080810547
Num Params = 1775140
Ratio = 0.18965410034015387
---------------------60.000000_1.000000.net-----------------------
Accuracy = 0.64
Time = 0.06363463401794434
Num Params = 1775140
Ratio = 0.18965410034015387
---------------------17.000000_1.000000.net-----------------------
Accuracy = 0.652
Time = 0.06920027732849121
Num Params = 1812132
Ratio = 0.193606286916865
---------------------28.000000_4.000000.net-----------------------
Accuracy = 0.6579999999999999
Time = 0.06482672691345215
Num Params = 1775140
Ratio = 0.18965410034015387
---------------------22.000000_0.000000.net-----------------------
Accuracy = 0.654
Time = 0.06585383415222168
Num Params = 1775140
Ratio = 0.18965410034015387
---------------------45.000000_1.000000.net-----------------------
Accuracy = 0.6579999999999999
Time = 0.06364965438842773
Num Params = 1775140
Ratio = 0.18965410034015387
---------------------54.000000_1.000000.net-----------------------
Accuracy = 0.634
Time = 0.06356620788574219
Num Params = 1775140
Ratio = 0.18965410034015387
---------------------98.000000_3.000000.net-----------------------
Accuracy = 0.614
Time = 0.06360387802124023
Num Params = 1775140
Ratio = 0.18965410034015387
---------------------13.000000_0.000000.net-----------------------
Accuracy = 0.642
Time = 0.08143401145935059
Num Params = 2107556
Ratio = 0.22516907798623956
---------------------47.000000_3.000000.net-----------------------
Accuracy = 0.66
Time = 0.06400203704833984
Num Params = 1775140
Ratio = 0.18965410034015387
---------------------59.000000_2.000000.net-----------------------
Accuracy = 0.622
Time = 0.06743264198303223
Num Params = 1775140
Ratio = 0.18965410034015387
---------------------64.000000_3.000000.net-----------------------
Accuracy = 0.642
Time = 0.06374216079711914
Num Params = 1775140
Ratio = 0.18965410034015387
---------------------40.000000_4.000000.net-----------------------
Accuracy = 0.638
Time = 0.06482100486755371
Num Params = 1775140
Ratio = 0.18965410034015387
---------------------80.000000_0.000000.net-----------------------
Accuracy = 0.654
Time = 0.06349587440490723
Num Params = 1775140
Ratio = 0.18965410034015387
---------------------0.000000_0.000000.net-----------------------
Accuracy = 0.636
Time = 0.0914311408996582
Num Params = 5355044
Ratio = 0.5721272981860241
---------------------11.000000_4.000000.net-----------------------
Accuracy = 0.61
Time = 0.1173715591430664
Num Params = 1813412
Ratio = 0.19374304077765084
---------------------21.000000_0.000000.net-----------------------
Accuracy = 0.664
Time = 0.09451723098754883
Num Params = 1775140
Ratio = 0.18965410034015387
---------------------68.000000_0.000000.net-----------------------
Accuracy = 0.626
Time = 0.07541394233703613
Num Params = 1812004
Ratio = 0.19359261153078638
---------------------51.000000_0.000000.net-----------------------
Accuracy = 0.636
Time = 0.0646200180053711
Num Params = 1775140
Ratio = 0.18965410034015387
---------------------56.000000_0.000000.net-----------------------
Accuracy = 0.634
Time = 0.06366157531738281
Num Params = 1775140
Ratio = 0.18965410034015387
---------------------36.000000_2.000000.net-----------------------
Accuracy = 0.626
Time = 0.06358075141906738
Num Params = 1775140
Ratio = 0.18965410034015387
---------------------9.000000_0.000000.net-----------------------
Accuracy = 0.59
Time = 0.07420563697814941
Num Params = 1925668
Ratio = 0.20573635436857002
---------------------14.000000_3.000000.net-----------------------
Accuracy = 0.612
Time = 0.07874536514282227
Num Params = 2441508
Ratio = 0.2608481602652683
---------------------5.000000_3.000000.net-----------------------
Accuracy = 0.644
Time = 0.13728761672973633
Num Params = 7677732
Ratio = 0.8202808539680307
---------------------67.000000_4.000000.net-----------------------
Accuracy = 0.64
Time = 0.07968425750732422
Num Params = 1775140
Ratio = 0.18965410034015387
---------------------14.000000_1.000000.net-----------------------
Accuracy = 0.6579999999999999
Time = 0.07521867752075195
Num Params = 1923108
Ratio = 0.20546284664699832
---------------------4.000000_4.000000.net-----------------------
Accuracy = 0.592
Time = 0.11430621147155762
Num Params = 4910628
Ratio = 0.5246463577211764
---------------------88.000000_0.000000.net-----------------------
Accuracy = 0.6460000000000001
Time = 0.07239818572998047
Num Params = 1775140
Ratio = 0.18965410034015387
---------------------26.000000_3.000000.net-----------------------
Accuracy = 0.65
Time = 0.06706023216247559
Num Params = 1775140
Ratio = 0.18965410034015387
---------------------80.000000_1.000000.net-----------------------
Accuracy = 0.654
Time = 0.06367683410644531
Num Params = 1775140
Ratio = 0.18965410034015387
---------------------49.000000_1.000000.net-----------------------
Accuracy = 0.634
Time = 0.06352353096008301
Num Params = 1775140
Ratio = 0.18965410034015387
---------------------73.000000_0.000000.net-----------------------
Accuracy = 0.606
Time = 0.06363034248352051
Num Params = 1775140
Ratio = 0.18965410034015387
---------------------31.000000_3.000000.net-----------------------
Accuracy = 0.642
Time = 0.06399130821228027
Num Params = 1775140
Ratio = 0.18965410034015387
---------------------23.000000_0.000000.net-----------------------
Accuracy = 0.632
Time = 0.06452393531799316
Num Params = 1775140
Ratio = 0.18965410034015387
---------------------89.000000_1.000000.net-----------------------
Accuracy = 0.6460000000000001
Time = 0.06350922584533691
Num Params = 1775140
Ratio = 0.18965410034015387
---------------------18.000000_4.000000.net-----------------------
Accuracy = 0.53
Time = 0.06702494621276855
Num Params = 1922596
Ratio = 0.205408145102684
---------------------59.000000_4.000000.net-----------------------
Accuracy = 0.664
Time = 0.06346011161804199
Num Params = 1775140
Ratio = 0.18965410034015387
---------------------86.000000_1.000000.net-----------------------
Accuracy = 0.648
Time = 0.0634455680847168
Num Params = 1775140
Ratio = 0.18965410034015387
---------------------53.000000_4.000000.net-----------------------
Accuracy = 0.602
Time = 0.06357169151306152
Num Params = 1775140
Ratio = 0.18965410034015387
---------------------85.000000_1.000000.net-----------------------
Accuracy = 0.676
Time = 0.0642232894897461
Num Params = 1775140
Ratio = 0.18965410034015387
---------------------59.000000_1.000000.net-----------------------
Accuracy = 0.642
Time = 0.06351757049560547
Num Params = 1775140
Ratio = 0.18965410034015387
---------------------6.000000_4.000000.net-----------------------
Accuracy = 0.66
Time = 0.09498000144958496
Num Params = 7086756
Ratio = 0.757141596443203
---------------------69.000000_3.000000.net-----------------------
Accuracy = 0.642
Time = 0.06876325607299805
Num Params = 1775140
Ratio = 0.18965410034015387
---------------------49.000000_0.000000.net-----------------------
Accuracy = 0.632
Time = 0.0638887882232666
Num Params = 1775140
Ratio = 0.18965410034015387
---------------------67.000000_3.000000.net-----------------------
Accuracy = 0.634
Time = 0.06381416320800781
Num Params = 1775140
Ratio = 0.18965410034015387
---------------------28.000000_1.000000.net-----------------------
Accuracy = 0.63
Time = 0.06466889381408691
Num Params = 1775140
Ratio = 0.18965410034015387
---------------------39.000000_3.000000.net-----------------------
Accuracy = 0.652
Time = 0.06363773345947266
Num Params = 1775140
Ratio = 0.18965410034015387
---------------------61.000000_4.000000.net-----------------------
Accuracy = 0.6579999999999999
Time = 0.06371116638183594
Num Params = 1775140
Ratio = 0.18965410034015387
---------------------38.000000_0.000000.net-----------------------
Accuracy = 0.6579999999999999
Time = 0.0636754035949707
Num Params = 1775140
Ratio = 0.18965410034015387
---------------------54.000000_2.000000.net-----------------------
Accuracy = 0.644
Time = 0.06396007537841797
Num Params = 1775140
Ratio = 0.18965410034015387
---------------------92.000000_1.000000.net-----------------------
Accuracy = 0.644
Time = 0.06373858451843262
Num Params = 1775140
Ratio = 0.18965410034015387
---------------------44.000000_3.000000.net-----------------------
Accuracy = 0.65
Time = 0.0637366771697998
Num Params = 1775140
Ratio = 0.18965410034015387
---------------------74.000000_0.000000.net-----------------------
Accuracy = 0.654
Time = 0.060767173767089844
Num Params = 1775140
Ratio = 0.18965410034015387
---------------------73.000000_1.000000.net-----------------------
Accuracy = 0.632
Time = 0.06018495559692383
Num Params = 1775140
Ratio = 0.18965410034015387
---------------------48.000000_0.000000.net-----------------------
Accuracy = 0.622
Time = 0.06026315689086914
Num Params = 1775140
Ratio = 0.18965410034015387
---------------------51.000000_2.000000.net-----------------------
Accuracy = 0.614
Time = 0.060378074645996094
Num Params = 1775140
Ratio = 0.18965410034015387
---------------------24.000000_3.000000.net-----------------------
Accuracy = 0.606
Time = 0.06593155860900879
Num Params = 1775140
Ratio = 0.18965410034015387
---------------------43.000000_0.000000.net-----------------------
Accuracy = 0.638
Time = 0.06110358238220215
Num Params = 1775140
Ratio = 0.18965410034015387
---------------------62.000000_3.000000.net-----------------------
Accuracy = 0.622
Time = 0.06037759780883789
Num Params = 1775140
Ratio = 0.18965410034015387
---------------------97.000000_0.000000.net-----------------------
Accuracy = 0.65
Time = 0.060170888900756836
Num Params = 1775140
Ratio = 0.18965410034015387
---------------------43.000000_3.000000.net-----------------------
Accuracy = 0.642
Time = 0.06046462059020996
Num Params = 1775140
Ratio = 0.18965410034015387
---------------------91.000000_0.000000.net-----------------------
Accuracy = 0.596
Time = 0.06026291847229004
Num Params = 1775140
Ratio = 0.18965410034015387
---------------------35.000000_0.000000.net-----------------------
Accuracy = 0.638
Time = 0.09136152267456055
Num Params = 1775140
Ratio = 0.18965410034015387
---------------------49.000000_3.000000.net-----------------------
Accuracy = 0.624
Time = 0.07096171379089355
Num Params = 1775140
Ratio = 0.18965410034015387
---------------------11.000000_2.000000.net-----------------------
Accuracy = 0.59
Time = 0.07994318008422852
Num Params = 2036388
Ratio = 0.21756556332654622
---------------------82.000000_1.000000.net-----------------------
Accuracy = 0.672
Time = 0.06381845474243164
Num Params = 1775140
Ratio = 0.18965410034015387
---------------------8.000000_3.000000.net-----------------------
Accuracy = 0.638
Time = 0.08824968338012695
Num Params = 5058340
Ratio = 0.5404277532558637
---------------------62.000000_4.000000.net-----------------------
Accuracy = 0.652
Time = 0.06362009048461914
Num Params = 1775140
Ratio = 0.18965410034015387
---------------------18.000000_0.000000.net-----------------------
Accuracy = 0.556
Time = 0.06862568855285645
Num Params = 1775268
Ratio = 0.18966777572623245
---------------------80.000000_4.000000.net-----------------------
Accuracy = 0.644
Time = 0.06382203102111816
Num Params = 1775140
Ratio = 0.18965410034015387
---------------------24.000000_4.000000.net-----------------------
Accuracy = 0.614
Time = 0.06377983093261719
Num Params = 1775140
Ratio = 0.18965410034015387
---------------------49.000000_4.000000.net-----------------------
Accuracy = 0.608
Time = 0.0635366439819336
Num Params = 1775140
Ratio = 0.18965410034015387
---------------------98.000000_1.000000.net-----------------------
Accuracy = 0.63
Time = 0.06458306312561035
Num Params = 1775140
Ratio = 0.18965410034015387
---------------------95.000000_3.000000.net-----------------------
Accuracy = 0.6579999999999999
Time = 0.06359100341796875
Num Params = 1775140
Ratio = 0.18965410034015387
---------------------66.000000_2.000000.net-----------------------
Accuracy = 0.65
Time = 0.06847286224365234
Num Params = 1775140
Ratio = 0.18965410034015387
---------------------17.000000_0.000000.net-----------------------
Accuracy = 0.644
Time = 0.07802033424377441
Num Params = 2586276
Ratio = 0.2763150219201481
---------------------59.000000_0.000000.net-----------------------
Accuracy = 0.616
Time = 0.06542301177978516
Num Params = 1775140
Ratio = 0.18965410034015387
---------------------32.000000_2.000000.net-----------------------
Accuracy = 0.6679999999999999
Time = 0.06464791297912598
Num Params = 1775140
Ratio = 0.18965410034015387
---------------------69.000000_2.000000.net-----------------------
Accuracy = 0.652
Time = 0.06370925903320312
Num Params = 1775140
Ratio = 0.18965410034015387
---------------------93.000000_2.000000.net-----------------------
Accuracy = 0.632
Time = 0.06376314163208008
Num Params = 1775140
Ratio = 0.18965410034015387
---------------------37.000000_3.000000.net-----------------------
Accuracy = 0.636
Time = 0.06467151641845703
Num Params = 1775140
Ratio = 0.18965410034015387
---------------------6.000000_3.000000.net-----------------------
Accuracy = 0.634
Time = 0.14352798461914062
Num Params = 7492516
Ratio = 0.800492570312318
---------------------83.000000_3.000000.net-----------------------
Accuracy = 0.616
Time = 0.07718920707702637
Num Params = 1775140
Ratio = 0.18965410034015387
---------------------99.000000_3.000000.net-----------------------
Accuracy = 0.66
Time = 0.06557869911193848
Num Params = 1775140
Ratio = 0.18965410034015387
---------------------70.000000_0.000000.net-----------------------
Accuracy = 0.628
Time = 0.06354022026062012
Num Params = 1775140
Ratio = 0.18965410034015387
---------------------70.000000_4.000000.net-----------------------
Accuracy = 0.634
Time = 0.06363344192504883
Num Params = 1775140
Ratio = 0.18965410034015387
---------------------84.000000_1.000000.net-----------------------
Accuracy = 0.614
Time = 0.06362724304199219
Num Params = 1775140
Ratio = 0.18965410034015387
---------------------56.000000_2.000000.net-----------------------
Accuracy = 0.626
Time = 0.06394338607788086
Num Params = 1775140
Ratio = 0.18965410034015387
---------------------51.000000_1.000000.net-----------------------
Accuracy = 0.6460000000000001
Time = 0.06376314163208008
Num Params = 1775140
Ratio = 0.18965410034015387
---------------------40.000000_0.000000.net-----------------------
Accuracy = 0.628
Time = 0.0638885498046875
Num Params = 1775140
Ratio = 0.18965410034015387
---------------------87.000000_0.000000.net-----------------------
Accuracy = 0.63
Time = 0.06371688842773438
Num Params = 1775140
Ratio = 0.18965410034015387
---------------------88.000000_1.000000.net-----------------------
Accuracy = 0.65
Time = 0.06459259986877441
Num Params = 1775140
Ratio = 0.18965410034015387
---------------------91.000000_3.000000.net-----------------------
Accuracy = 0.644
Time = 0.06360840797424316
Num Params = 1775140
Ratio = 0.18965410034015387
---------------------41.000000_0.000000.net-----------------------
Accuracy = 0.622
Time = 0.06361055374145508
Num Params = 1775140
Ratio = 0.18965410034015387
---------------------37.000000_2.000000.net-----------------------
Accuracy = 0.614
Time = 0.062151193618774414
Num Params = 1775140
Ratio = 0.18965410034015387
---------------------19.000000_3.000000.net-----------------------
Accuracy = 0.628
Time = 0.06048250198364258
Num Params = 1775140
Ratio = 0.18965410034015387
---------------------36.000000_3.000000.net-----------------------
Accuracy = 0.64
Time = 0.06045651435852051
Num Params = 1775140
Ratio = 0.18965410034015387
---------------------23.000000_3.000000.net-----------------------
Accuracy = 0.66
Time = 0.0670626163482666
Num Params = 1775140
Ratio = 0.18965410034015387
---------------------92.000000_4.000000.net-----------------------
Accuracy = 0.65
Time = 0.06241726875305176
Num Params = 1775140
Ratio = 0.18965410034015387
---------------------31.000000_1.000000.net-----------------------
Accuracy = 0.654
Time = 0.062099456787109375
Num Params = 1775140
Ratio = 0.18965410034015387
---------------------33.000000_0.000000.net-----------------------
Accuracy = 0.636
Time = 0.06072235107421875
Num Params = 1775140
Ratio = 0.18965410034015387
---------------------48.000000_1.000000.net-----------------------
Accuracy = 0.624
Time = 0.060616493225097656
Num Params = 1775140
Ratio = 0.18965410034015387
---------------------53.000000_1.000000.net-----------------------
Accuracy = 0.636
Time = 0.060810089111328125
Num Params = 1775140
Ratio = 0.18965410034015387
---------------------39.000000_1.000000.net-----------------------
Accuracy = 0.628
Time = 0.06041097640991211
Num Params = 1775140
Ratio = 0.18965410034015387
---------------------4.000000_2.000000.net-----------------------
Accuracy = 0.598
Time = 0.07770681381225586
Num Params = 1999396
Ratio = 0.2136133767498351
---------------------86.000000_0.000000.net-----------------------
Accuracy = 0.64
Time = 0.06064581871032715
Num Params = 1775140
Ratio = 0.18965410034015387
---------------------51.000000_3.000000.net-----------------------
Accuracy = 0.63
Time = 0.06044578552246094
Num Params = 1775140
Ratio = 0.18965410034015387
---------------------14.000000_4.000000.net-----------------------
Accuracy = 0.628
Time = 0.1237175464630127
Num Params = 5093924
Ratio = 0.5442295105857103
---------------------33.000000_2.000000.net-----------------------
Accuracy = 0.626
Time = 0.07544875144958496
Num Params = 1775140
Ratio = 0.18965410034015387
---------------------32.000000_1.000000.net-----------------------
Accuracy = 0.648
Time = 0.0656588077545166
Num Params = 1775140
Ratio = 0.18965410034015387
---------------------71.000000_3.000000.net-----------------------
Accuracy = 0.6460000000000001
Time = 0.06358981132507324
Num Params = 1775140
Ratio = 0.18965410034015387
---------------------37.000000_4.000000.net-----------------------
Accuracy = 0.64
Time = 0.06817626953125
Num Params = 1775140
Ratio = 0.18965410034015387
---------------------77.000000_2.000000.net-----------------------
Accuracy = 0.628
Time = 0.06363725662231445
Num Params = 1775140
Ratio = 0.18965410034015387
---------------------14.000000_2.000000.net-----------------------
Accuracy = 0.648
Time = 0.08801031112670898
Num Params = 6531108
Ratio = 0.6977767454760647
---------------------16.000000_3.000000.net-----------------------
Accuracy = 0.662
Time = 0.06860566139221191
Num Params = 1812004
Ratio = 0.19359261153078638
---------------------30.000000_3.000000.net-----------------------
Accuracy = 0.602
Time = 0.06449437141418457
Num Params = 1775140
Ratio = 0.18965410034015387
---------------------34.000000_3.000000.net-----------------------
Accuracy = 0.64
Time = 0.0654292106628418
Num Params = 1775140
Ratio = 0.18965410034015387
---------------------41.000000_1.000000.net-----------------------
Accuracy = 0.6460000000000001
Time = 0.06361722946166992
Num Params = 1775140
Ratio = 0.18965410034015387
---------------------64.000000_2.000000.net-----------------------
Accuracy = 0.61
Time = 0.0639801025390625
Num Params = 1775140
Ratio = 0.18965410034015387
---------------------99.000000_1.000000.net-----------------------
Accuracy = 0.6460000000000001
Time = 0.06418061256408691
Num Params = 1775140
Ratio = 0.18965410034015387
---------------------15.000000_1.000000.net-----------------------
Accuracy = 0.6560000000000001
Time = 0.07301664352416992
Num Params = 1959844
Ratio = 0.2093876824515523
---------------------32.000000_0.000000.net-----------------------
Accuracy = 0.65
Time = 0.06433653831481934
Num Params = 1775140
Ratio = 0.18965410034015387
---------------------16.000000_0.000000.net-----------------------
Accuracy = 0.6460000000000001
Time = 0.07418704032897949
Num Params = 2513572
Ratio = 0.26854740262751176
---------------------93.000000_0.000000.net-----------------------
Accuracy = 0.642
Time = 0.06378340721130371
Num Params = 1775140
Ratio = 0.18965410034015387
---------------------10.000000_1.000000.net-----------------------
Accuracy = 0.644
Time = 0.08722853660583496
Num Params = 4394148
Ratio = 0.4694661748940852
---------------------62.000000_1.000000.net-----------------------
Accuracy = 0.652
Time = 0.06378555297851562
Num Params = 1775140
Ratio = 0.18965410034015387
---------------------45.000000_2.000000.net-----------------------
Accuracy = 0.6679999999999999
Time = 0.06377363204956055
Num Params = 1775140
Ratio = 0.18965410034015387
---------------------32.000000_3.000000.net-----------------------
Accuracy = 0.64
Time = 0.06667971611022949
Num Params = 1775140
Ratio = 0.18965410034015387
---------------------1.000000_3.000000.net-----------------------
Accuracy = 0.596
Time = 0.10206890106201172
Num Params = 5576484
Ratio = 0.5957857161019765
---------------------84.000000_4.000000.net-----------------------
Accuracy = 0.6460000000000001
Time = 0.06397557258605957
Num Params = 1775140
Ratio = 0.18965410034015387
---------------------20.000000_2.000000.net-----------------------
Accuracy = 0.66
Time = 0.06616044044494629
Num Params = 1775140
Ratio = 0.18965410034015387
---------------------12.000000_1.000000.net-----------------------
Accuracy = 0.638
Time = 0.09668755531311035
Num Params = 5979812
Ratio = 0.6388768576355984
---------------------73.000000_3.000000.net-----------------------
Accuracy = 0.644
Time = 0.06355428695678711
Num Params = 1775140
Ratio = 0.18965410034015387
---------------------85.000000_3.000000.net-----------------------
Accuracy = 0.672
Time = 0.0634164810180664
Num Params = 1775140
Ratio = 0.18965410034015387
---------------------27.000000_1.000000.net-----------------------
Accuracy = 0.618
Time = 0.06566739082336426
Num Params = 1775140
Ratio = 0.18965410034015387
---------------------41.000000_4.000000.net-----------------------
Accuracy = 0.624
Time = 0.06473565101623535
Num Params = 1775140
Ratio = 0.18965410034015387
---------------------75.000000_0.000000.net-----------------------
Accuracy = 0.634
Time = 0.0635213851928711
Num Params = 1775140
Ratio = 0.18965410034015387
---------------------38.000000_3.000000.net-----------------------
Accuracy = 0.6560000000000001
Time = 0.06458044052124023
Num Params = 1775140
Ratio = 0.18965410034015387
---------------------63.000000_1.000000.net-----------------------
Accuracy = 0.6460000000000001
Time = 0.06340217590332031
Num Params = 1775140
Ratio = 0.18965410034015387
---------------------86.000000_3.000000.net-----------------------
Accuracy = 0.63
Time = 0.10723042488098145
Num Params = 1775140
Ratio = 0.18965410034015387
---------------------3.000000_3.000000.net-----------------------
Accuracy = 0.602
Time = 0.1180424690246582
Num Params = 5575332
Ratio = 0.5956626376272692
---------------------6.000000_2.000000.net-----------------------
Accuracy = 0.626
Time = 0.12473392486572266
Num Params = 4321956
Ratio = 0.46175325714576315
---------------------77.000000_1.000000.net-----------------------
Accuracy = 0.664
Time = 0.07778811454772949
Num Params = 1775140
Ratio = 0.18965410034015387
---------------------33.000000_1.000000.net-----------------------
Accuracy = 0.652
Time = 0.06678462028503418
Num Params = 1775140
Ratio = 0.18965410034015387
---------------------3.000000_2.000000.net-----------------------
Accuracy = 0.65
Time = 0.12026715278625488
Num Params = 5537188
Ratio = 0.5915873725758508
---------------------0.000000_1.000000.net-----------------------
Accuracy = 0.616
Time = 0.09392476081848145
Num Params = 4911012
Ratio = 0.5246873838794122
---------------------11.000000_0.000000.net-----------------------
Accuracy = 0.618
Time = 0.10269856452941895
Num Params = 2440740
Ratio = 0.2607661079487968
---------------------61.000000_2.000000.net-----------------------
Accuracy = 0.666
Time = 0.0703744888305664
Num Params = 1775140
Ratio = 0.18965410034015387
---------------------25.000000_1.000000.net-----------------------
Accuracy = 0.628
Time = 0.06434965133666992
Num Params = 1775140
Ratio = 0.18965410034015387
---------------------39.000000_2.000000.net-----------------------
Accuracy = 0.612
Time = 0.0639960765838623
Num Params = 1775140
Ratio = 0.18965410034015387
---------------------21.000000_2.000000.net-----------------------
Accuracy = 0.6579999999999999
Time = 0.06380939483642578
Num Params = 1775140
Ratio = 0.18965410034015387
---------------------83.000000_2.000000.net-----------------------
Accuracy = 0.636
Time = 0.0635371208190918
Num Params = 1775140
Ratio = 0.18965410034015387
---------------------93.000000_1.000000.net-----------------------
Accuracy = 0.644
Time = 0.06366777420043945
Num Params = 1775140
Ratio = 0.18965410034015387
---------------------66.000000_0.000000.net-----------------------
Accuracy = 0.628
Time = 0.06330251693725586
Num Params = 1775140
Ratio = 0.18965410034015387
---------------------49.000000_2.000000.net-----------------------
Accuracy = 0.6460000000000001
Time = 0.06338715553283691
Num Params = 1775140
Ratio = 0.18965410034015387
---------------------7.000000_3.000000.net-----------------------
Accuracy = 0.624
Time = 0.0868844985961914
Num Params = 3143844
Ratio = 0.3358850036784652
---------------------17.000000_4.000000.net-----------------------
Accuracy = 0.642
Time = 0.07192063331604004
Num Params = 1959588
Ratio = 0.2093603316793951
---------------------44.000000_1.000000.net-----------------------
Accuracy = 0.664
Time = 0.06379270553588867
Num Params = 1775140
Ratio = 0.18965410034015387
---------------------63.000000_3.000000.net-----------------------
Accuracy = 0.65
Time = 0.06397080421447754
Num Params = 1775140
Ratio = 0.18965410034015387
---------------------95.000000_4.000000.net-----------------------
Accuracy = 0.664
Time = 0.06362771987915039
Num Params = 1775140
Ratio = 0.18965410034015387
---------------------42.000000_3.000000.net-----------------------
Accuracy = 0.654
Time = 0.06377792358398438
Num Params = 1775140
Ratio = 0.18965410034015387
---------------------44.000000_2.000000.net-----------------------
Accuracy = 0.654
Time = 0.06409931182861328
Num Params = 1775140
Ratio = 0.18965410034015387
---------------------15.000000_4.000000.net-----------------------
Accuracy = 0.6460000000000001
Time = 0.07972145080566406
Num Params = 2624292
Ratio = 0.28037661158548793
---------------------92.000000_2.000000.net-----------------------
Accuracy = 0.64
Time = 0.061440467834472656
Num Params = 1775140
Ratio = 0.18965410034015387
---------------------87.000000_1.000000.net-----------------------
Accuracy = 0.638
Time = 0.06045341491699219
Num Params = 1775140
Ratio = 0.18965410034015387
---------------------13.000000_1.000000.net-----------------------
Accuracy = 0.624
Time = 0.07690882682800293
Num Params = 2513444
Ratio = 0.26853372724143315
---------------------3.000000_1.000000.net-----------------------
Accuracy = 0.606
Time = 0.0918114185333252
Num Params = 5722916
Ratio = 0.611430357775878
---------------------83.000000_1.000000.net-----------------------
Accuracy = 0.624
Time = 0.06245565414428711
Num Params = 1775140
Ratio = 0.18965410034015387
---------------------43.000000_4.000000.net-----------------------
Accuracy = 0.65
Time = 0.06079554557800293
Num Params = 1775140
Ratio = 0.18965410034015387
---------------------82.000000_2.000000.net-----------------------
Accuracy = 0.648
Time = 0.060341596603393555
Num Params = 1775140
Ratio = 0.18965410034015387
---------------------57.000000_0.000000.net-----------------------
Accuracy = 0.614
Time = 0.06040000915527344
Num Params = 1775140
Ratio = 0.18965410034015387
---------------------72.000000_0.000000.net-----------------------
Accuracy = 0.6560000000000001
Time = 0.060373544692993164
Num Params = 1775140
Ratio = 0.18965410034015387
---------------------7.000000_1.000000.net-----------------------
Accuracy = 0.644
Time = 0.09264945983886719
Num Params = 4320804
Ratio = 0.4616301786710559
---------------------64.000000_0.000000.net-----------------------
Accuracy = 0.66
Time = 0.06872439384460449
Num Params = 1775140
Ratio = 0.18965410034015387
---------------------2.000000_3.000000.net-----------------------
Accuracy = 0.63
Time = 0.08351922035217285
Num Params = 5354276
Ratio = 0.5720452458695526
---------------------65.000000_0.000000.net-----------------------
Accuracy = 0.632
Time = 0.06036853790283203
Num Params = 1775140
Ratio = 0.18965410034015387
---------------------22.000000_1.000000.net-----------------------
Accuracy = 0.634
Time = 0.06139969825744629
Num Params = 1775140
Ratio = 0.18965410034015387
---------------------73.000000_4.000000.net-----------------------
Accuracy = 0.608
Time = 0.06026101112365723
Num Params = 1775140
Ratio = 0.18965410034015387
---------------------96.000000_3.000000.net-----------------------
Accuracy = 0.672
Time = 0.060339927673339844
Num Params = 1775140
Ratio = 0.18965410034015387
---------------------23.000000_4.000000.net-----------------------
Accuracy = 0.6579999999999999
Time = 0.061167240142822266
Num Params = 1775140
Ratio = 0.18965410034015387
---------------------75.000000_1.000000.net-----------------------
Accuracy = 0.6460000000000001
Time = 0.06194186210632324
Num Params = 1775140
Ratio = 0.18965410034015387
---------------------67.000000_0.000000.net-----------------------
Accuracy = 0.638
Time = 0.06025958061218262
Num Params = 1775140
Ratio = 0.18965410034015387
---------------------89.000000_2.000000.net-----------------------
Accuracy = 0.608
Time = 0.06016397476196289
Num Params = 1775140
Ratio = 0.18965410034015387
---------------------58.000000_0.000000.net-----------------------
Accuracy = 0.602
Time = 0.060269832611083984
Num Params = 1775140
Ratio = 0.18965410034015387
---------------------24.000000_2.000000.net-----------------------
Accuracy = 0.626
Time = 0.060869693756103516
Num Params = 1775140
Ratio = 0.18965410034015387
---------------------0.000000_2.000000.net-----------------------
Accuracy = 0.594
Time = 0.08339619636535645
Num Params = 2625316
Ratio = 0.2804860146741166
---------------------94.000000_4.000000.net-----------------------
Accuracy = 0.6560000000000001
Time = 0.060341835021972656
Num Params = 1775140
Ratio = 0.18965410034015387
---------------------72.000000_2.000000.net-----------------------
Accuracy = 0.664
Time = 0.06031966209411621
Num Params = 1775140
Ratio = 0.18965410034015387
---------------------40.000000_2.000000.net-----------------------
Accuracy = 0.6460000000000001
Time = 0.06337785720825195
Num Params = 1775140
Ratio = 0.18965410034015387
---------------------3.000000_4.000000.net-----------------------
Accuracy = 0.652
Time = 0.11086893081665039
Num Params = 4469412
Ratio = 0.47750730190829327
---------------------72.000000_1.000000.net-----------------------
Accuracy = 0.66
Time = 0.07453751564025879
Num Params = 1775140
Ratio = 0.18965410034015387
---------------------9.000000_3.000000.net-----------------------
Accuracy = 0.64
Time = 0.08509993553161621
Num Params = 3105060
Ratio = 0.33174136169665386
---------------------27.000000_0.000000.net-----------------------
Accuracy = 0.58
Time = 0.06742978096008301
Num Params = 1775140
Ratio = 0.18965410034015387
---------------------61.000000_1.000000.net-----------------------
Accuracy = 0.614
Time = 0.06366825103759766
Num Params = 1775140
Ratio = 0.18965410034015387
---------------------77.000000_0.000000.net-----------------------
Accuracy = 0.626
Time = 0.0634922981262207
Num Params = 1775140
Ratio = 0.18965410034015387
---------------------45.000000_0.000000.net-----------------------
Accuracy = 0.664
Time = 0.06377792358398438
Num Params = 1775140
Ratio = 0.18965410034015387
---------------------80.000000_3.000000.net-----------------------
Accuracy = 0.644
Time = 0.06372261047363281
Num Params = 1775140
Ratio = 0.18965410034015387
---------------------42.000000_2.000000.net-----------------------
Accuracy = 0.648
Time = 0.06418633460998535
Num Params = 1775140
Ratio = 0.18965410034015387
---------------------9.000000_4.000000.net-----------------------
Accuracy = 0.636
Time = 0.07876944541931152
Num Params = 2405284
Ratio = 0.25697802600502867
---------------------56.000000_3.000000.net-----------------------
Accuracy = 0.624
Time = 0.06601381301879883
Num Params = 1922596
Ratio = 0.205408145102684
---------------------64.000000_4.000000.net-----------------------
Accuracy = 0.664
Time = 0.06334567070007324
Num Params = 1775140
Ratio = 0.18965410034015387
---------------------55.000000_2.000000.net-----------------------
Accuracy = 0.654
Time = 0.06344771385192871
Num Params = 1775140
Ratio = 0.18965410034015387
---------------------75.000000_2.000000.net-----------------------
Accuracy = 0.64
Time = 0.06360054016113281
Num Params = 1775140
Ratio = 0.18965410034015387
---------------------43.000000_1.000000.net-----------------------
Accuracy = 0.63
Time = 0.06343555450439453
Num Params = 1775140
Ratio = 0.18965410034015387
---------------------96.000000_1.000000.net-----------------------
Accuracy = 0.662
Time = 0.06332182884216309
Num Params = 1775140
Ratio = 0.18965410034015387
---------------------50.000000_2.000000.net-----------------------
Accuracy = 0.662
Time = 0.06483745574951172
Num Params = 1775140
Ratio = 0.18965410034015387
---------------------91.000000_1.000000.net-----------------------
Accuracy = 0.622
Time = 0.06086373329162598
Num Params = 1775140
Ratio = 0.18965410034015387
---------------------15.000000_2.000000.net-----------------------
Accuracy = 0.634
Time = 0.08910679817199707
Num Params = 2993828
Ratio = 0.3198574511943634
---------------------82.000000_0.000000.net-----------------------
Accuracy = 0.6579999999999999
Time = 0.06649899482727051
Num Params = 1775140
Ratio = 0.18965410034015387
---------------------27.000000_2.000000.net-----------------------
Accuracy = 0.604
Time = 0.06127452850341797
Num Params = 1775140
Ratio = 0.18965410034015387
---------------------68.000000_3.000000.net-----------------------
Accuracy = 0.622
Time = 0.06035041809082031
Num Params = 1775140
Ratio = 0.18965410034015387
---------------------41.000000_3.000000.net-----------------------
Accuracy = 0.654
Time = 0.06493282318115234
Num Params = 1775140
Ratio = 0.18965410034015387
---------------------15.000000_3.000000.net-----------------------
Accuracy = 0.604
Time = 0.06887960433959961
Num Params = 1849892
Ratio = 0.1976405258100476
---------------------26.000000_4.000000.net-----------------------
Accuracy = 0.66
Time = 0.060999155044555664
Num Params = 1775140
Ratio = 0.18965410034015387
---------------------42.000000_4.000000.net-----------------------
Accuracy = 0.614
Time = 0.06411218643188477
Num Params = 1775140
Ratio = 0.18965410034015387
---------------------35.000000_2.000000.net-----------------------
Accuracy = 0.6560000000000001
Time = 0.06257271766662598
Num Params = 1775140
Ratio = 0.18965410034015387
---------------------16.000000_1.000000.net-----------------------
Accuracy = 0.63
Time = 0.08444738388061523
Num Params = 1997348
Ratio = 0.21339457057257774
---------------------1.000000_0.000000.net-----------------------
Accuracy = 0.566
Time = 0.08990120887756348
Num Params = 2074532
Ratio = 0.2216408283779646
---------------------57.000000_1.000000.net-----------------------
Accuracy = 0.612
Time = 0.06565999984741211
Num Params = 1775140
Ratio = 0.18965410034015387
---------------------71.000000_2.000000.net-----------------------
Accuracy = 0.644
Time = 0.06385946273803711
Num Params = 1775140
Ratio = 0.18965410034015387
---------------------67.000000_2.000000.net-----------------------
Accuracy = 0.644
Time = 0.06369733810424805
Num Params = 1775140
Ratio = 0.18965410034015387
---------------------10.000000_4.000000.net-----------------------
Accuracy = 0.622
Time = 0.07941031455993652
Num Params = 4872996
Ratio = 0.5206257942140724
---------------------96.000000_0.000000.net-----------------------
Accuracy = 0.632
Time = 0.06394052505493164
Num Params = 1775140
Ratio = 0.18965410034015387
---------------------94.000000_0.000000.net-----------------------
Accuracy = 0.6460000000000001
Time = 0.06401538848876953
Num Params = 1775140
Ratio = 0.18965410034015387
---------------------42.000000_0.000000.net-----------------------
Accuracy = 0.63
Time = 0.06392359733581543
Num Params = 1775140
Ratio = 0.18965410034015387
---------------------92.000000_0.000000.net-----------------------
Accuracy = 0.64
Time = 0.06378841400146484
Num Params = 1775140
Ratio = 0.18965410034015387
---------------------88.000000_2.000000.net-----------------------
Accuracy = 0.654
Time = 0.06368374824523926
Num Params = 1775140
Ratio = 0.18965410034015387
---------------------78.000000_1.000000.net-----------------------
Accuracy = 0.66
Time = 0.06349635124206543
Num Params = 1775140
Ratio = 0.18965410034015387
---------------------79.000000_4.000000.net-----------------------
Accuracy = 0.63
Time = 0.06273651123046875
Num Params = 1775140
Ratio = 0.18965410034015387
---------------------12.000000_4.000000.net-----------------------
Accuracy = 0.602
Time = 0.08108901977539062
Num Params = 3140388
Ratio = 0.33551576825434337
---------------------66.000000_4.000000.net-----------------------
Accuracy = 0.632
Time = 0.06073403358459473
Num Params = 1775140
Ratio = 0.18965410034015387
---------------------29.000000_0.000000.net-----------------------
Accuracy = 0.654
Time = 0.06297874450683594
Num Params = 1775140
Ratio = 0.18965410034015387
---------------------14.000000_0.000000.net-----------------------
Accuracy = 0.618
Time = 0.0720667839050293
Num Params = 1888676
Ratio = 0.20178416779185893
---------------------98.000000_0.000000.net-----------------------
Accuracy = 0.626
Time = 0.060428619384765625
Num Params = 1775140
Ratio = 0.18965410034015387
---------------------29.000000_2.000000.net-----------------------
Accuracy = 0.662
Time = 0.06018424034118652
Num Params = 1775140
Ratio = 0.18965410034015387
---------------------73.000000_2.000000.net-----------------------
Accuracy = 0.642
Time = 0.060713768005371094
Num Params = 1775140
Ratio = 0.18965410034015387
---------------------82.000000_3.000000.net-----------------------
Accuracy = 0.648
Time = 0.06016135215759277
Num Params = 1775140
Ratio = 0.18965410034015387
---------------------17.000000_2.000000.net-----------------------
Accuracy = 0.632
Time = 0.06764340400695801
Num Params = 1960612
Ratio = 0.20946973476802377
---------------------23.000000_1.000000.net-----------------------
Accuracy = 0.624
Time = 0.0650477409362793
Num Params = 2364964
Ratio = 0.25267027939027437
---------------------0.000000_3.000000.net-----------------------
Accuracy = 0.626
Time = 0.09818172454833984
Num Params = 4799652
Ratio = 0.5127897979910431
---------------------12.000000_3.000000.net-----------------------
Accuracy = 0.612
Time = 0.08227300643920898
Num Params = 2145828
Ratio = 0.22925801842373653
---------------------9.000000_2.000000.net-----------------------
Accuracy = 0.61
Time = 0.14300227165222168
Num Params = 6570532
Ratio = 0.701988764388269
---------------------22.000000_3.000000.net-----------------------
Accuracy = 0.632
Time = 0.08990979194641113
Num Params = 1775140
Ratio = 0.18965410034015387
---------------------99.000000_4.000000.net-----------------------
Accuracy = 0.67
Time = 0.07227253913879395
Num Params = 1775140
Ratio = 0.18965410034015387
---------------------21.000000_4.000000.net-----------------------
Accuracy = 0.62
Time = 0.07356047630310059
Num Params = 1775140
Ratio = 0.18965410034015387
---------------------50.000000_1.000000.net-----------------------
Accuracy = 0.622
Time = 0.06691503524780273
Num Params = 1775140
Ratio = 0.18965410034015387
---------------------64.000000_1.000000.net-----------------------
Accuracy = 0.6579999999999999
Time = 0.10242915153503418
Num Params = 1775140
Ratio = 0.18965410034015387
---------------------26.000000_2.000000.net-----------------------
Accuracy = 0.626
Time = 0.08055877685546875
Num Params = 1775140
Ratio = 0.18965410034015387
---------------------51.000000_4.000000.net-----------------------
Accuracy = 0.626
Time = 0.06859230995178223
Num Params = 1775140
Ratio = 0.18965410034015387
---------------------80.000000_2.000000.net-----------------------
Accuracy = 0.648
Time = 0.06343293190002441
Num Params = 1775140
Ratio = 0.18965410034015387
---------------------35.000000_1.000000.net-----------------------
Accuracy = 0.6579999999999999
Time = 0.06341981887817383
Num Params = 1775140
Ratio = 0.18965410034015387
---------------------5.000000_1.000000.net-----------------------
Accuracy = 0.622
Time = 0.08500933647155762
Num Params = 4837924
Ratio = 0.51687873842854
---------------------99.000000_2.000000.net-----------------------
Accuracy = 0.624
Time = 0.06368374824523926
Num Params = 1775140
Ratio = 0.18965410034015387
---------------------6.000000_0.000000.net-----------------------
Accuracy = 0.618
Time = 0.09958624839782715
Num Params = 9668772
Ratio = 1.0330014844204232
---------------------1.000000_2.000000.net-----------------------
Accuracy = 0.596
Time = 0.09313440322875977
Num Params = 6827300
Ratio = 0.7294215888619109
