---------------------29.000000_1.000000.net-----------------------
Accuracy = 0.8813333333333333
Time = 7.175473213195801
Num Params = 1729482
Ratio = 0.15477786661526144
---------------------1.000000_1.000000.net-----------------------
Accuracy = 0.8866666666666667
Time = 0.8435273170471191
Num Params = 2505034
Ratio = 0.22418493995236424
---------------------97.000000_1.000000.net-----------------------
Accuracy = 0.865
Time = 0.37499332427978516
Num Params = 1728970
Ratio = 0.15473204580434408
---------------------44.000000_4.000000.net-----------------------
Accuracy = 0.903
Time = 0.4021294116973877
Num Params = 4088778
Ratio = 0.3659201633225529
---------------------56.000000_1.000000.net-----------------------
Accuracy = 0.9036666666666666
Time = 0.4242746829986572
Num Params = 4678090
Ratio = 0.4186599166884584
---------------------66.000000_3.000000.net-----------------------
Accuracy = 0.8859999999999999
Time = 0.3952522277832031
Num Params = 1766858
Ratio = 0.15812278581223024
---------------------50.000000_4.000000.net-----------------------
Accuracy = 0.8806666666666668
Time = 0.4208533763885498
Num Params = 2320842
Ratio = 0.20770090322483645
---------------------16.000000_4.000000.net-----------------------
Accuracy = 0.9053333333333333
Time = 0.42076611518859863
Num Params = 2356682
Ratio = 0.21090835998905313
---------------------26.000000_1.000000.net-----------------------
Accuracy = 0.9023333333333333
Time = 0.4247260093688965
Num Params = 2909642
Ratio = 0.2603948357798246
---------------------53.000000_2.000000.net-----------------------
Accuracy = 0.907
Time = 0.3956575393676758
Num Params = 4088266
Ratio = 0.36587434251163553
---------------------10.000000_0.000000.net-----------------------
Accuracy = 0.914
Time = 0.433856725692749
Num Params = 2356810
Ratio = 0.21091981519178246
---------------------81.000000_2.000000.net-----------------------
Accuracy = 0.848
Time = 0.37209200859069824
Num Params = 1729226
Ratio = 0.15475495620980276
---------------------52.000000_1.000000.net-----------------------
Accuracy = 0.8893333333333334
Time = 0.40872931480407715
Num Params = 4235722
Ratio = 0.37907073605584124
---------------------90.000000_3.000000.net-----------------------
Accuracy = 0.889
Time = 0.3836953639984131
Num Params = 1730122
Ratio = 0.15483514262890818
---------------------6.000000_1.000000.net-----------------------
Accuracy = 0.8603333333333333
Time = 0.36811161041259766
Num Params = 1728970
Ratio = 0.15473204580434408
---------------------37.000000_0.000000.net-----------------------
Accuracy = 0.8466666666666667
Time = 0.38027286529541016
Num Params = 1729738
Ratio = 0.15480077702072015
---------------------36.000000_1.000000.net-----------------------
Accuracy = 0.9166666666666665
Time = 0.46387648582458496
Num Params = 2946378
Ratio = 0.26368247896314667
---------------------44.000000_0.000000.net-----------------------
Accuracy = 0.866
Time = 0.3705005645751953
Num Params = 1729994
Ratio = 0.15482368742617883
---------------------39.000000_4.000000.net-----------------------
Accuracy = 0.9026666666666666
Time = 0.39493536949157715
Num Params = 4088266
Ratio = 0.36587434251163553
---------------------88.000000_3.000000.net-----------------------
Accuracy = 0.875
Time = 0.36791133880615234
Num Params = 1728970
Ratio = 0.15473204580434408
---------------------62.000000_0.000000.net-----------------------
Accuracy = 0.9060000000000001
Time = 0.4079875946044922
Num Params = 4236234
Ratio = 0.3791165568667586
---------------------79.000000_0.000000.net-----------------------
Accuracy = 0.855
Time = 0.36869215965270996
Num Params = 1729994
Ratio = 0.15482368742617883
---------------------45.000000_3.000000.net-----------------------
Accuracy = 0.8690000000000001
Time = 0.3662300109863281
Num Params = 1728970
Ratio = 0.15473204580434408
---------------------26.000000_0.000000.net-----------------------
Accuracy = 0.87
Time = 0.3825392723083496
Num Params = 1876938
Ratio = 0.16797426015946715
---------------------8.000000_2.000000.net-----------------------
Accuracy = 0.895
Time = 0.4523124694824219
Num Params = 2651850
Ratio = 0.23732405748292323
---------------------12.000000_0.000000.net-----------------------
Accuracy = 0.8836666666666667
Time = 0.4228219985961914
Num Params = 4679114
Ratio = 0.41875155831029315
---------------------29.000000_4.000000.net-----------------------
Accuracy = 0.884
Time = 0.4051673412322998
Num Params = 2319946
Ratio = 0.20762071680573105
---------------------2.000000_0.000000.net-----------------------
Accuracy = 0.8336666666666666
Time = 0.3757758140563965
Num Params = 1729738
Ratio = 0.15480077702072015
---------------------34.000000_4.000000.net-----------------------
Accuracy = 0.9076666666666666
Time = 0.4173290729522705
Num Params = 2909898
Ratio = 0.26041774618528324
---------------------35.000000_3.000000.net-----------------------
Accuracy = 0.879
Time = 0.36612391471862793
Num Params = 1729994
Ratio = 0.15482368742617883
---------------------65.000000_1.000000.net-----------------------
Accuracy = 0.86
Time = 0.378922700881958
Num Params = 1730122
Ratio = 0.15483514262890818
---------------------34.000000_2.000000.net-----------------------
Accuracy = 0.9333333333333332
Time = 0.47733211517333984
Num Params = 5452362
Ratio = 0.48795243799826776
---------------------90.000000_1.000000.net-----------------------
Accuracy = 0.87
Time = 0.3662896156311035
Num Params = 1728970
Ratio = 0.15473204580434408
---------------------89.000000_4.000000.net-----------------------
Accuracy = 0.851
Time = 0.3772892951965332
Num Params = 1729482
Ratio = 0.15477786661526144
---------------------76.000000_2.000000.net-----------------------
Accuracy = 0.8370000000000001
Time = 0.36771178245544434
Num Params = 1729994
Ratio = 0.15482368742617883
---------------------90.000000_0.000000.net-----------------------
Accuracy = 0.8993333333333333
Time = 0.3912827968597412
Num Params = 2319818
Ratio = 0.2076092616030017
---------------------16.000000_2.000000.net-----------------------
Accuracy = 0.9033333333333333
Time = 0.4040982723236084
Num Params = 2319946
Ratio = 0.20762071680573105
---------------------42.000000_1.000000.net-----------------------
Accuracy = 0.8916666666666667
Time = 0.3950176239013672
Num Params = 2320074
Ratio = 0.20763217200846038
---------------------65.000000_2.000000.net-----------------------
Accuracy = 0.867
Time = 0.3666574954986572
Num Params = 1729226
Ratio = 0.15475495620980276
---------------------93.000000_4.000000.net-----------------------
Accuracy = 0.8786666666666667
Time = 0.3681185245513916
Num Params = 1729994
Ratio = 0.15482368742617883
---------------------23.000000_2.000000.net-----------------------
Accuracy = 0.8713333333333333
Time = 0.3817441463470459
Num Params = 1730762
Ratio = 0.1548924186425549
---------------------32.000000_4.000000.net-----------------------
Accuracy = 0.8823333333333333
Time = 0.40452122688293457
Num Params = 2467274
Ratio = 0.2208056551472074
---------------------60.000000_3.000000.net-----------------------
Accuracy = 0.879
Time = 0.37520265579223633
Num Params = 1730762
Ratio = 0.1548924186425549
---------------------68.000000_2.000000.net-----------------------
Accuracy = 0.8596666666666667
Time = 0.36652660369873047
Num Params = 1729994
Ratio = 0.15482368742617883
---------------------72.000000_4.000000.net-----------------------
Accuracy = 0.8576666666666667
Time = 0.3668684959411621
Num Params = 1728970
Ratio = 0.15473204580434408
---------------------21.000000_1.000000.net-----------------------
Accuracy = 0.861
Time = 0.3685746192932129
Num Params = 1729994
Ratio = 0.15482368742617883
---------------------57.000000_2.000000.net-----------------------
Accuracy = 0.8706666666666666
Time = 0.36634111404418945
Num Params = 1728970
Ratio = 0.15473204580434408
---------------------95.000000_2.000000.net-----------------------
Accuracy = 0.8806666666666668
Time = 0.40425801277160645
Num Params = 4090826
Ratio = 0.36610344656622246
---------------------93.000000_3.000000.net-----------------------
Accuracy = 0.9076666666666666
Time = 0.418515682220459
Num Params = 4678346
Ratio = 0.4186828270939171
---------------------78.000000_3.000000.net-----------------------
Accuracy = 0.8456666666666667
Time = 0.38041067123413086
Num Params = 1731658
Ratio = 0.1549726050616603
---------------------47.000000_0.000000.net-----------------------
Accuracy = 0.8886666666666667
Time = 0.4048953056335449
Num Params = 4089418
Ratio = 0.36597743933619964
---------------------18.000000_3.000000.net-----------------------
Accuracy = 0.9086666666666666
Time = 0.41343235969543457
Num Params = 4125642
Ratio = 0.36921926170860436
---------------------85.000000_0.000000.net-----------------------
Accuracy = 0.9086666666666666
Time = 0.3895430564880371
Num Params = 2319306
Ratio = 0.2075634407920843
---------------------55.000000_3.000000.net-----------------------
Accuracy = 0.8923333333333333
Time = 0.39630842208862305
Num Params = 4088266
Ratio = 0.36587434251163553
---------------------45.000000_4.000000.net-----------------------
Accuracy = 0.8813333333333333
Time = 0.38127994537353516
Num Params = 1765834
Ratio = 0.1580311441903955
---------------------28.000000_3.000000.net-----------------------
Accuracy = 0.8836666666666667
Time = 0.4102354049682617
Num Params = 4088906
Ratio = 0.3659316185252823
---------------------89.000000_0.000000.net-----------------------
Accuracy = 0.878
Time = 0.4138634204864502
Num Params = 1729226
Ratio = 0.15475495620980276
---------------------78.000000_0.000000.net-----------------------
Accuracy = 0.88
Time = 0.3766303062438965
Num Params = 1729994
Ratio = 0.15482368742617883
---------------------25.000000_2.000000.net-----------------------
Accuracy = 0.8756666666666668
Time = 0.37760090827941895
Num Params = 1730762
Ratio = 0.1548924186425549
---------------------7.000000_2.000000.net-----------------------
Accuracy = 0.902
Time = 0.39441871643066406
Num Params = 1766986
Ratio = 0.1581342410149596
---------------------47.000000_4.000000.net-----------------------
Accuracy = 0.9003333333333333
Time = 0.42732787132263184
Num Params = 4678218
Ratio = 0.41867137189118775
---------------------79.000000_2.000000.net-----------------------
Accuracy = 0.8846666666666667
Time = 0.3957071304321289
Num Params = 2319050
Ratio = 0.20754053038662562
---------------------5.000000_2.000000.net-----------------------
Accuracy = 0.895
Time = 0.4001786708831787
Num Params = 4091338
Ratio = 0.3661492673771398
---------------------59.000000_3.000000.net-----------------------
Accuracy = 0.8666666666666667
Time = 0.3680994510650635
Num Params = 1729994
Ratio = 0.15482368742617883
---------------------48.000000_2.000000.net-----------------------
Accuracy = 0.9026666666666666
Time = 0.41426897048950195
Num Params = 2908874
Ratio = 0.2603261045634485
---------------------58.000000_1.000000.net-----------------------
Accuracy = 0.88
Time = 0.3983428478240967
Num Params = 1913802
Ratio = 0.1712733585455186
---------------------38.000000_2.000000.net-----------------------
Accuracy = 0.8426666666666667
Time = 0.3783383369445801
Num Params = 1729866
Ratio = 0.15481223222344948
---------------------88.000000_4.000000.net-----------------------
Accuracy = 0.8643333333333332
Time = 0.3903985023498535
Num Params = 1877962
Ratio = 0.16806590178130193
---------------------53.000000_3.000000.net-----------------------
Accuracy = 0.8716666666666667
Time = 0.37189698219299316
Num Params = 1729226
Ratio = 0.15475495620980276
---------------------22.000000_2.000000.net-----------------------
Accuracy = 0.8823333333333333
Time = 0.3838372230529785
Num Params = 1732170
Ratio = 0.1550184258725777
---------------------52.000000_0.000000.net-----------------------
Accuracy = 0.8606666666666666
Time = 0.3912839889526367
Num Params = 1766346
Ratio = 0.15807696500131288
---------------------19.000000_1.000000.net-----------------------
Accuracy = 0.8740000000000001
Time = 0.399033784866333
Num Params = 4088522
Ratio = 0.36589725291709424
---------------------94.000000_2.000000.net-----------------------
Accuracy = 0.8803333333333333
Time = 0.4001185894012451
Num Params = 1915338
Ratio = 0.17141082097827073
---------------------57.000000_4.000000.net-----------------------
Accuracy = 0.904
Time = 0.413562536239624
Num Params = 4126666
Ratio = 0.3693109033304391
---------------------90.000000_2.000000.net-----------------------
Accuracy = 0.9113333333333332
Time = 0.39360499382019043
Num Params = 4088266
Ratio = 0.36587434251163553
---------------------55.000000_0.000000.net-----------------------
Accuracy = 0.8606666666666666
Time = 0.36852312088012695
Num Params = 1728970
Ratio = 0.15473204580434408
---------------------70.000000_2.000000.net-----------------------
Accuracy = 0.8859999999999999
Time = 0.38247036933898926
Num Params = 1766858
Ratio = 0.15812278581223024
---------------------54.000000_3.000000.net-----------------------
Accuracy = 0.8503333333333333
Time = 0.3727562427520752
Num Params = 1729994
Ratio = 0.15482368742617883
---------------------29.000000_3.000000.net-----------------------
Accuracy = 0.8623333333333334
Time = 0.3894155025482178
Num Params = 1877194
Ratio = 0.16799717056492586
---------------------68.000000_1.000000.net-----------------------
Accuracy = 0.8403333333333333
Time = 0.3670225143432617
Num Params = 1729482
Ratio = 0.15477786661526144
---------------------96.000000_4.000000.net-----------------------
Accuracy = 0.8896666666666667
Time = 0.38035130500793457
Num Params = 1765834
Ratio = 0.1580311441903955
---------------------90.000000_4.000000.net-----------------------
Accuracy = 0.878
Time = 0.37090015411376953
Num Params = 1729098
Ratio = 0.1547435010070734
---------------------8.000000_0.000000.net-----------------------
Accuracy = 0.8743333333333332
Time = 0.41181325912475586
Num Params = 2356170
Ratio = 0.21086253917813574
---------------------2.000000_4.000000.net-----------------------
Accuracy = 0.9023333333333333
Time = 0.39230823516845703
Num Params = 2024138
Ratio = 0.18114774329821418
---------------------94.000000_3.000000.net-----------------------
Accuracy = 0.882
Time = 0.38759374618530273
Num Params = 1876554
Ratio = 0.1679398945512791
---------------------92.000000_3.000000.net-----------------------
Accuracy = 0.9023333333333333
Time = 0.4287395477294922
Num Params = 6448842
Ratio = 0.5771311912462205
---------------------33.000000_3.000000.net-----------------------
Accuracy = 0.8690000000000001
Time = 0.3745748996734619
Num Params = 1729098
Ratio = 0.1547435010070734
---------------------53.000000_0.000000.net-----------------------
Accuracy = 0.871
Time = 0.45246338844299316
Num Params = 1730378
Ratio = 0.15485805303436687
---------------------2.000000_2.000000.net-----------------------
Accuracy = 0.8583333333333333
Time = 0.37017059326171875
Num Params = 1729738
Ratio = 0.15480077702072015
---------------------11.000000_3.000000.net-----------------------
Accuracy = 0.888
Time = 0.3912227153778076
Num Params = 1765962
Ratio = 0.15804259939312484
---------------------60.000000_0.000000.net-----------------------
Accuracy = 0.8683333333333333
Time = 0.39304304122924805
Num Params = 4088266
Ratio = 0.36587434251163553
---------------------63.000000_0.000000.net-----------------------
Accuracy = 0.8593333333333333
Time = 0.37915754318237305
Num Params = 1730378
Ratio = 0.15485805303436687
---------------------36.000000_0.000000.net-----------------------
Accuracy = 0.8909999999999999
Time = 0.3999612331390381
Num Params = 4088394
Ratio = 0.36588579771436486
---------------------99.000000_0.000000.net-----------------------
Accuracy = 0.87
Time = 0.3702836036682129
Num Params = 1729738
Ratio = 0.15480077702072015
---------------------52.000000_4.000000.net-----------------------
Accuracy = 0.875
Time = 0.38423824310302734
Num Params = 1876426
Ratio = 0.16792843934854979
---------------------98.000000_2.000000.net-----------------------
Accuracy = 0.91
Time = 0.43096470832824707
Num Params = 4679242
Ratio = 0.41876301351302253
---------------------4.000000_3.000000.net-----------------------
Accuracy = 0.8793333333333334
Time = 0.40131258964538574
Num Params = 4088394
Ratio = 0.36588579771436486
---------------------31.000000_0.000000.net-----------------------
Accuracy = 0.8683333333333333
Time = 0.39041996002197266
Num Params = 1876554
Ratio = 0.1679398945512791
---------------------81.000000_1.000000.net-----------------------
Accuracy = 0.8936666666666667
Time = 0.3923053741455078
Num Params = 2319818
Ratio = 0.2076092616030017
---------------------74.000000_3.000000.net-----------------------
Accuracy = 0.9173333333333333
Time = 0.41326212882995605
Num Params = 2909130
Ratio = 0.26034901496890717
---------------------69.000000_1.000000.net-----------------------
Accuracy = 0.82
Time = 0.3910093307495117
Num Params = 2319818
Ratio = 0.2076092616030017
---------------------70.000000_3.000000.net-----------------------
Accuracy = 0.907
Time = 0.3966093063354492
Num Params = 4088266
Ratio = 0.36587434251163553
---------------------4.000000_1.000000.net-----------------------
Accuracy = 0.8906666666666667
Time = 0.44056010246276855
Num Params = 4273866
Ratio = 0.38248438646918614
---------------------78.000000_4.000000.net-----------------------
Accuracy = 0.8816666666666667
Time = 0.37399816513061523
Num Params = 1729098
Ratio = 0.1547435010070734
---------------------40.000000_1.000000.net-----------------------
Accuracy = 0.8866666666666667
Time = 0.370882511138916
Num Params = 1728970
Ratio = 0.15473204580434408
---------------------58.000000_3.000000.net-----------------------
Accuracy = 0.8806666666666668
Time = 0.36617016792297363
Num Params = 1728970
Ratio = 0.15473204580434408
---------------------71.000000_1.000000.net-----------------------
Accuracy = 0.7966666666666665
Time = 0.36714959144592285
Num Params = 1729482
Ratio = 0.15477786661526144
---------------------71.000000_0.000000.net-----------------------
Accuracy = 0.8636666666666667
Time = 0.40947914123535156
Num Params = 2466378
Ratio = 0.220725468728102
---------------------81.000000_0.000000.net-----------------------
Accuracy = 0.8333333333333335
Time = 0.3654329776763916
Num Params = 1728970
Ratio = 0.15473204580434408
---------------------30.000000_0.000000.net-----------------------
Accuracy = 0.8596666666666667
Time = 0.37877941131591797
Num Params = 1731146
Ratio = 0.15492678425074294
---------------------4.000000_0.000000.net-----------------------
Accuracy = 0.855
Time = 0.4050016403198242
Num Params = 1876938
Ratio = 0.16797426015946715
---------------------87.000000_4.000000.net-----------------------
Accuracy = 0.856
Time = 0.3773825168609619
Num Params = 1730506
Ratio = 0.1548695082370962
---------------------74.000000_2.000000.net-----------------------
Accuracy = 0.878
Time = 0.3669319152832031
Num Params = 1728970
Ratio = 0.15473204580434408
---------------------34.000000_1.000000.net-----------------------
Accuracy = 0.8796666666666667
Time = 0.3950941562652588
Num Params = 1766602
Ratio = 0.15809987540677156
---------------------74.000000_4.000000.net-----------------------
Accuracy = 0.8863333333333333
Time = 0.36886072158813477
Num Params = 1729226
Ratio = 0.15475495620980276
---------------------55.000000_4.000000.net-----------------------
Accuracy = 0.889
Time = 0.40083789825439453
Num Params = 1913290
Ratio = 0.1712275377346012
---------------------55.000000_1.000000.net-----------------------
Accuracy = 0.8636666666666667
Time = 0.38048839569091797
Num Params = 1765834
Ratio = 0.1580311441903955
---------------------5.000000_4.000000.net-----------------------
Accuracy = 0.8796666666666667
Time = 0.42235875129699707
Num Params = 2355914
Ratio = 0.21083962877267706
---------------------30.000000_4.000000.net-----------------------
Accuracy = 0.8666666666666667
Time = 0.41137242317199707
Num Params = 4090442
Ratio = 0.3660690809580344
---------------------66.000000_1.000000.net-----------------------
Accuracy = 0.879
Time = 0.3703949451446533
Num Params = 1728970
Ratio = 0.15473204580434408
---------------------52.000000_2.000000.net-----------------------
Accuracy = 0.8516666666666667
Time = 0.3911895751953125
Num Params = 1729354
Ratio = 0.1547664114125321
---------------------46.000000_1.000000.net-----------------------
Accuracy = 0.887
Time = 0.37668466567993164
Num Params = 1729226
Ratio = 0.15475495620980276
---------------------63.000000_4.000000.net-----------------------
Accuracy = 0.9016666666666666
Time = 0.40721583366394043
Num Params = 2466762
Ratio = 0.22075983433629004
---------------------74.000000_1.000000.net-----------------------
Accuracy = 0.88
Time = 0.377455472946167
Num Params = 1729354
Ratio = 0.1547664114125321
---------------------70.000000_1.000000.net-----------------------
Accuracy = 0.9106666666666666
Time = 0.4005112648010254
Num Params = 2318794
Ratio = 0.20751761998116694
---------------------84.000000_2.000000.net-----------------------
Accuracy = 0.868
Time = 0.37079954147338867
Num Params = 1729994
Ratio = 0.15482368742617883
---------------------50.000000_0.000000.net-----------------------
Accuracy = 0.878
Time = 0.37597227096557617
Num Params = 1729098
Ratio = 0.1547435010070734
---------------------40.000000_3.000000.net-----------------------
Accuracy = 0.9006666666666666
Time = 0.37836742401123047
Num Params = 1730122
Ratio = 0.15483514262890818
---------------------48.000000_3.000000.net-----------------------
Accuracy = 0.8666666666666667
Time = 0.37695980072021484
Num Params = 1728970
Ratio = 0.15473204580434408
---------------------39.000000_0.000000.net-----------------------
Accuracy = 0.8983333333333333
Time = 0.40457868576049805
Num Params = 2322634
Ratio = 0.2078612760630473
---------------------30.000000_2.000000.net-----------------------
Accuracy = 0.897
Time = 0.41011738777160645
Num Params = 4089162
Ratio = 0.36595452893074093
---------------------31.000000_2.000000.net-----------------------
Accuracy = 0.8809999999999999
Time = 0.39797163009643555
Num Params = 2319050
Ratio = 0.20754053038662562
---------------------33.000000_4.000000.net-----------------------
Accuracy = 0.8420000000000001
Time = 0.37426137924194336
Num Params = 1729482
Ratio = 0.15477786661526144
---------------------47.000000_2.000000.net-----------------------
Accuracy = 0.8553333333333333
Time = 0.37633466720581055
Num Params = 1730250
Ratio = 0.1548465978316375
---------------------10.000000_3.000000.net-----------------------
Accuracy = 0.8893333333333334
Time = 0.44048261642456055
Num Params = 4275274
Ratio = 0.3826103936992089
---------------------82.000000_4.000000.net-----------------------
Accuracy = 0.8966666666666666
Time = 0.3991372585296631
Num Params = 4089290
Ratio = 0.3659659841334703
---------------------0.000000_4.000000.net-----------------------
Accuracy = 0.9086666666666666
Time = 0.40460681915283203
Num Params = 4089290
Ratio = 0.3659659841334703
---------------------46.000000_2.000000.net-----------------------
Accuracy = 0.9079999999999999
Time = 0.4040224552154541
Num Params = 4088778
Ratio = 0.3659201633225529
---------------------13.000000_3.000000.net-----------------------
Accuracy = 0.9103333333333333
Time = 0.4067251682281494
Num Params = 4089418
Ratio = 0.36597743933619964
---------------------21.000000_3.000000.net-----------------------
Accuracy = 0.855
Time = 0.3740956783294678
Num Params = 1730506
Ratio = 0.1548695082370962
---------------------91.000000_2.000000.net-----------------------
Accuracy = 0.8966666666666666
Time = 0.38423585891723633
Num Params = 1876938
Ratio = 0.16797426015946715
---------------------85.000000_4.000000.net-----------------------
Accuracy = 0.8963333333333332
Time = 0.3775489330291748
Num Params = 1729226
Ratio = 0.15475495620980276
---------------------19.000000_2.000000.net-----------------------
Accuracy = 0.888
Time = 0.39859652519226074
Num Params = 2319050
Ratio = 0.20754053038662562
---------------------54.000000_4.000000.net-----------------------
Accuracy = 0.8566666666666667
Time = 0.39131927490234375
Num Params = 1876938
Ratio = 0.16797426015946715
---------------------79.000000_3.000000.net-----------------------
Accuracy = 0.8546666666666667
Time = 0.3769378662109375
Num Params = 1729098
Ratio = 0.1547435010070734
---------------------5.000000_0.000000.net-----------------------
Accuracy = 0.872
Time = 0.37985992431640625
Num Params = 1729994
Ratio = 0.15482368742617883
---------------------79.000000_1.000000.net-----------------------
Accuracy = 0.892
Time = 0.41022706031799316
Num Params = 2356170
Ratio = 0.21086253917813574
---------------------15.000000_0.000000.net-----------------------
Accuracy = 0.9166666666666665
Time = 0.4630422592163086
Num Params = 6485834
Ratio = 0.5804417448350012
---------------------69.000000_0.000000.net-----------------------
Accuracy = 0.863
Time = 0.39266109466552734
Num Params = 1913802
Ratio = 0.1712733585455186
---------------------11.000000_1.000000.net-----------------------
Accuracy = 0.9126666666666666
Time = 0.4232776165008545
Num Params = 4273866
Ratio = 0.38248438646918614
---------------------75.000000_4.000000.net-----------------------
Accuracy = 0.8576666666666667
Time = 0.3671543598175049
Num Params = 1728970
Ratio = 0.15473204580434408
---------------------54.000000_0.000000.net-----------------------
Accuracy = 0.8706666666666666
Time = 0.3644838333129883
Num Params = 1729226
Ratio = 0.15475495620980276
---------------------34.000000_0.000000.net-----------------------
Accuracy = 0.8996666666666667
Time = 0.3915853500366211
Num Params = 4089034
Ratio = 0.3659430737280116
---------------------86.000000_4.000000.net-----------------------
Accuracy = 0.8696666666666667
Time = 0.37781548500061035
Num Params = 1876426
Ratio = 0.16792843934854979
---------------------83.000000_0.000000.net-----------------------
Accuracy = 0.8743333333333332
Time = 0.3625657558441162
Num Params = 1728970
Ratio = 0.15473204580434408
---------------------37.000000_1.000000.net-----------------------
Accuracy = 0.833
Time = 0.38996243476867676
Num Params = 1876682
Ratio = 0.16795134975400847
---------------------20.000000_1.000000.net-----------------------
Accuracy = 0.8676666666666667
Time = 0.36737918853759766
Num Params = 1729994
Ratio = 0.15482368742617883
---------------------27.000000_4.000000.net-----------------------
Accuracy = 0.8383333333333334
Time = 0.3678889274597168
Num Params = 1729226
Ratio = 0.15475495620980276
---------------------72.000000_3.000000.net-----------------------
Accuracy = 0.856
Time = 0.3710060119628906
Num Params = 1729226
Ratio = 0.15475495620980276
---------------------97.000000_4.000000.net-----------------------
Accuracy = 0.865
Time = 0.38551974296569824
Num Params = 1765962
Ratio = 0.15804259939312484
---------------------20.000000_0.000000.net-----------------------
Accuracy = 0.882
Time = 0.3671383857727051
Num Params = 1729994
Ratio = 0.15482368742617883
---------------------60.000000_4.000000.net-----------------------
Accuracy = 0.8690000000000001
Time = 0.37536001205444336
Num Params = 1730378
Ratio = 0.15485805303436687
---------------------46.000000_3.000000.net-----------------------
Accuracy = 0.8963333333333332
Time = 0.39035987854003906
Num Params = 1876426
Ratio = 0.16792843934854979
---------------------27.000000_3.000000.net-----------------------
Accuracy = 0.8786666666666667
Time = 0.3902778625488281
Num Params = 2320586
Ratio = 0.20767799281937777
---------------------18.000000_1.000000.net-----------------------
Accuracy = 0.8933333333333333
Time = 0.4141712188720703
Num Params = 4125770
Ratio = 0.3692307169113337
---------------------28.000000_0.000000.net-----------------------
Accuracy = 0.8809999999999999
Time = 0.4090137481689453
Num Params = 4126922
Ratio = 0.3693338137358978
---------------------50.000000_3.000000.net-----------------------
Accuracy = 0.8753333333333333
Time = 0.3709547519683838
Num Params = 1728970
Ratio = 0.15473204580434408
---------------------61.000000_0.000000.net-----------------------
Accuracy = 0.8816666666666667
Time = 0.3827242851257324
Num Params = 1877450
Ratio = 0.16802008097038454
---------------------38.000000_4.000000.net-----------------------
Accuracy = 0.8456666666666667
Time = 0.3714134693145752
Num Params = 1729610
Ratio = 0.1547893218179908
---------------------30.000000_1.000000.net-----------------------
Accuracy = 0.8833333333333333
Time = 0.376598596572876
Num Params = 1876938
Ratio = 0.16797426015946715
---------------------46.000000_0.000000.net-----------------------
Accuracy = 0.8966666666666666
Time = 0.3814539909362793
Num Params = 1766858
Ratio = 0.15812278581223024
---------------------69.000000_4.000000.net-----------------------
Accuracy = 0.868
Time = 0.3625209331512451
Num Params = 1728970
Ratio = 0.15473204580434408
---------------------87.000000_2.000000.net-----------------------
Accuracy = 0.8716666666666667
Time = 0.37044286727905273
Num Params = 1729098
Ratio = 0.1547435010070734
---------------------1.000000_4.000000.net-----------------------
Accuracy = 0.819
Time = 0.38401341438293457
Num Params = 1732938
Ratio = 0.15508715708895376
---------------------20.000000_4.000000.net-----------------------
Accuracy = 0.8943333333333334
Time = 0.39154648780822754
Num Params = 1876554
Ratio = 0.1679398945512791
---------------------22.000000_4.000000.net-----------------------
Accuracy = 0.9056666666666666
Time = 0.4046449661254883
Num Params = 4089034
Ratio = 0.3659430737280116
---------------------25.000000_0.000000.net-----------------------
Accuracy = 0.8766666666666667
Time = 0.3736402988433838
Num Params = 1730122
Ratio = 0.15483514262890818
---------------------60.000000_2.000000.net-----------------------
Accuracy = 0.8740000000000001
Time = 0.38921165466308594
Num Params = 2319050
Ratio = 0.20754053038662562
---------------------96.000000_2.000000.net-----------------------
Accuracy = 0.8206666666666667
Time = 0.3734703063964844
Num Params = 1729610
Ratio = 0.1547893218179908
---------------------25.000000_3.000000.net-----------------------
Accuracy = 0.8886666666666667
Time = 0.3809702396392822
Num Params = 1877706
Ratio = 0.16804299137584322
---------------------83.000000_4.000000.net-----------------------
Accuracy = 0.8960000000000001
Time = 0.384751558303833
Num Params = 2318794
Ratio = 0.20751761998116694
---------------------84.000000_0.000000.net-----------------------
Accuracy = 0.88
Time = 0.3631265163421631
Num Params = 1728970
Ratio = 0.15473204580434408
---------------------52.000000_3.000000.net-----------------------
Accuracy = 0.8836666666666667
Time = 0.3858339786529541
Num Params = 2318794
Ratio = 0.20751761998116694
---------------------81.000000_4.000000.net-----------------------
Accuracy = 0.9046666666666667
Time = 0.39923858642578125
Num Params = 4088266
Ratio = 0.36587434251163553
---------------------58.000000_4.000000.net-----------------------
Accuracy = 0.8686666666666667
Time = 0.38858580589294434
Num Params = 1877578
Ratio = 0.1680315361731139
---------------------18.000000_2.000000.net-----------------------
Accuracy = 0.8906666666666667
Time = 0.3748483657836914
Num Params = 1729994
Ratio = 0.15482368742617883
---------------------43.000000_2.000000.net-----------------------
Accuracy = 0.8656666666666666
Time = 0.3813285827636719
Num Params = 1878474
Ratio = 0.1681117225922193
---------------------36.000000_4.000000.net-----------------------
Accuracy = 0.863
Time = 0.3855419158935547
Num Params = 1729994
Ratio = 0.15482368742617883
---------------------76.000000_1.000000.net-----------------------
Accuracy = 0.8539999999999999
Time = 0.3653523921966553
Num Params = 1729994
Ratio = 0.15482368742617883
---------------------91.000000_4.000000.net-----------------------
Accuracy = 0.8863333333333333
Time = 0.3733401298522949
Num Params = 1730506
Ratio = 0.1548695082370962
---------------------17.000000_3.000000.net-----------------------
Accuracy = 0.8963333333333332
Time = 0.4121561050415039
Num Params = 4236746
Ratio = 0.379162377677676
---------------------9.000000_1.000000.net-----------------------
Accuracy = 0.9046666666666667
Time = 0.6564681529998779
Num Params = 6484554
Ratio = 0.5803271928077077
---------------------78.000000_2.000000.net-----------------------
Accuracy = 0.8896666666666667
Time = 0.3918900489807129
Num Params = 1765962
Ratio = 0.15804259939312484
---------------------76.000000_4.000000.net-----------------------
Accuracy = 0.8233333333333335
Time = 0.3797292709350586
Num Params = 1730250
Ratio = 0.1548465978316375
---------------------13.000000_2.000000.net-----------------------
Accuracy = 0.9113333333333332
Time = 0.430072546005249
Num Params = 2503754
Ratio = 0.2240703879250708
---------------------84.000000_3.000000.net-----------------------
Accuracy = 0.8809999999999999
Time = 0.37149930000305176
Num Params = 1728970
Ratio = 0.15473204580434408
---------------------13.000000_4.000000.net-----------------------
Accuracy = 0.865
Time = 0.36823010444641113
Num Params = 1729226
Ratio = 0.15475495620980276
---------------------25.000000_4.000000.net-----------------------
Accuracy = 0.894
Time = 0.4009983539581299
Num Params = 2319690
Ratio = 0.20759780640027234
---------------------28.000000_2.000000.net-----------------------
Accuracy = 0.916
Time = 0.41391849517822266
Num Params = 4678346
Ratio = 0.4186828270939171
---------------------76.000000_3.000000.net-----------------------
Accuracy = 0.8756666666666668
Time = 0.3646833896636963
Num Params = 1728970
Ratio = 0.15473204580434408
---------------------75.000000_3.000000.net-----------------------
Accuracy = 0.8853333333333333
Time = 0.37494444847106934
Num Params = 1876426
Ratio = 0.16792843934854979
---------------------68.000000_4.000000.net-----------------------
Accuracy = 0.86
Time = 0.36305928230285645
Num Params = 1728970
Ratio = 0.15473204580434408
---------------------86.000000_2.000000.net-----------------------
Accuracy = 0.8826666666666667
Time = 0.38503193855285645
Num Params = 1876554
Ratio = 0.1679398945512791
---------------------61.000000_3.000000.net-----------------------
Accuracy = 0.8603333333333333
Time = 0.36432766914367676
Num Params = 1728970
Ratio = 0.15473204580434408
---------------------95.000000_1.000000.net-----------------------
Accuracy = 0.8320000000000001
Time = 0.364654541015625
Num Params = 1729226
Ratio = 0.15475495620980276
---------------------38.000000_1.000000.net-----------------------
Accuracy = 0.9026666666666666
Time = 0.43491029739379883
Num Params = 4715082
Ratio = 0.42197047027723916
---------------------12.000000_2.000000.net-----------------------
Accuracy = 0.8893333333333334
Time = 0.38685011863708496
Num Params = 1766602
Ratio = 0.15809987540677156
---------------------85.000000_2.000000.net-----------------------
Accuracy = 0.882
Time = 0.37416577339172363
Num Params = 1729098
Ratio = 0.1547435010070734
---------------------77.000000_4.000000.net-----------------------
Accuracy = 0.861
Time = 0.36427736282348633
Num Params = 1729482
Ratio = 0.15477786661526144
---------------------62.000000_2.000000.net-----------------------
Accuracy = 0.8666666666666667
Time = 0.3721439838409424
Num Params = 1728970
Ratio = 0.15473204580434408
---------------------48.000000_4.000000.net-----------------------
Accuracy = 0.8733333333333333
Time = 0.3816037178039551
Num Params = 1878218
Ratio = 0.1680888121867606
---------------------67.000000_1.000000.net-----------------------
Accuracy = 0.8793333333333334
Time = 0.3637828826904297
Num Params = 1728970
Ratio = 0.15473204580434408
---------------------81.000000_3.000000.net-----------------------
Accuracy = 0.8773333333333333
Time = 0.3868293762207031
Num Params = 1876554
Ratio = 0.1679398945512791
---------------------35.000000_4.000000.net-----------------------
Accuracy = 0.9086666666666666
Time = 0.3979027271270752
Num Params = 4088522
Ratio = 0.36589725291709424
---------------------89.000000_3.000000.net-----------------------
Accuracy = 0.863
Time = 0.37040162086486816
Num Params = 1730762
Ratio = 0.1548924186425549
---------------------46.000000_4.000000.net-----------------------
Accuracy = 0.8893333333333334
Time = 0.3805263042449951
Num Params = 1731146
Ratio = 0.15492678425074294
---------------------87.000000_3.000000.net-----------------------
Accuracy = 0.866
Time = 0.36382079124450684
Num Params = 1728970
Ratio = 0.15473204580434408
---------------------47.000000_1.000000.net-----------------------
Accuracy = 0.871
Time = 0.4206123352050781
Num Params = 4678218
Ratio = 0.41867137189118775
---------------------97.000000_2.000000.net-----------------------
Accuracy = 0.8116666666666668
Time = 0.36435794830322266
Num Params = 1729482
Ratio = 0.15477786661526144
---------------------2.000000_1.000000.net-----------------------
Accuracy = 0.8603333333333333
Time = 0.41434288024902344
Num Params = 2356426
Ratio = 0.21088544958359443
---------------------65.000000_3.000000.net-----------------------
Accuracy = 0.8909999999999999
Time = 0.3737797737121582
Num Params = 1729610
Ratio = 0.1547893218179908
---------------------10.000000_2.000000.net-----------------------
Accuracy = 0.8963333333333332
Time = 0.40906572341918945
Num Params = 4236746
Ratio = 0.379162377677676
---------------------19.000000_0.000000.net-----------------------
Accuracy = 0.8489999999999999
Time = 0.4025614261627197
Num Params = 4089930
Ratio = 0.366023260147117
---------------------58.000000_2.000000.net-----------------------
Accuracy = 0.8506666666666667
Time = 0.3724055290222168
Num Params = 1729354
Ratio = 0.1547664114125321
---------------------97.000000_3.000000.net-----------------------
Accuracy = 0.8253333333333334
Time = 0.37380361557006836
Num Params = 1730122
Ratio = 0.15483514262890818
---------------------20.000000_3.000000.net-----------------------
Accuracy = 0.8936666666666667
Time = 0.3731038570404053
Num Params = 1730122
Ratio = 0.15483514262890818
---------------------77.000000_3.000000.net-----------------------
Accuracy = 0.8753333333333333
Time = 0.3630387783050537
Num Params = 1728970
Ratio = 0.15473204580434408
---------------------19.000000_4.000000.net-----------------------
Accuracy = 0.8713333333333333
Time = 0.3714418411254883
Num Params = 1730122
Ratio = 0.15483514262890818
---------------------65.000000_4.000000.net-----------------------
Accuracy = 0.8993333333333333
Time = 0.39775562286376953
Num Params = 4088906
Ratio = 0.3659316185252823
---------------------31.000000_4.000000.net-----------------------
Accuracy = 0.89
Time = 0.41451334953308105
Num Params = 2466506
Ratio = 0.22073692393083133
---------------------63.000000_2.000000.net-----------------------
Accuracy = 0.9076666666666666
Time = 0.4042365550994873
Num Params = 4125130
Ratio = 0.36917344089768694
---------------------56.000000_4.000000.net-----------------------
Accuracy = 0.8773333333333333
Time = 0.37329840660095215
Num Params = 1730250
Ratio = 0.1548465978316375
---------------------95.000000_0.000000.net-----------------------
Accuracy = 0.8576666666666667
Time = 0.3729860782623291
Num Params = 1729226
Ratio = 0.15475495620980276
---------------------3.000000_0.000000.net-----------------------
Accuracy = 0.9103333333333333
Time = 0.4134218692779541
Num Params = 4090826
Ratio = 0.36610344656622246
---------------------24.000000_1.000000.net-----------------------
Accuracy = 0.8906666666666667
Time = 0.38708019256591797
Num Params = 1730506
Ratio = 0.1548695082370962
---------------------94.000000_1.000000.net-----------------------
Accuracy = 0.8613333333333333
Time = 0.3634974956512451
Num Params = 1729482
Ratio = 0.15477786661526144
---------------------98.000000_4.000000.net-----------------------
Accuracy = 0.8683333333333333
Time = 0.36492371559143066
Num Params = 1729994
Ratio = 0.15482368742617883
---------------------8.000000_4.000000.net-----------------------
Accuracy = 0.8553333333333333
Time = 0.38544273376464844
Num Params = 1878090
Ratio = 0.16807735698403126
---------------------7.000000_0.000000.net-----------------------
Accuracy = 0.9063333333333332
Time = 0.4394872188568115
Num Params = 6484810
Ratio = 0.5803501032131665
---------------------7.000000_4.000000.net-----------------------
Accuracy = 0.866
Time = 0.39602208137512207
Num Params = 1913290
Ratio = 0.1712275377346012
---------------------41.000000_2.000000.net-----------------------
Accuracy = 0.8433333333333334
Time = 0.37076377868652344
Num Params = 1729482
Ratio = 0.15477786661526144
---------------------24.000000_0.000000.net-----------------------
Accuracy = 0.8806666666666668
Time = 0.3895304203033447
Num Params = 1766986
Ratio = 0.1581342410149596
---------------------8.000000_1.000000.net-----------------------
Accuracy = 0.857
Time = 0.3807485103607178
Num Params = 1730890
Ratio = 0.15490387384528423
---------------------71.000000_4.000000.net-----------------------
Accuracy = 0.8253333333333334
Time = 0.3625223636627197
Num Params = 1728970
Ratio = 0.15473204580434408
---------------------57.000000_3.000000.net-----------------------
Accuracy = 0.885
Time = 0.3715860843658447
Num Params = 1729226
Ratio = 0.15475495620980276
---------------------76.000000_0.000000.net-----------------------
Accuracy = 0.8696666666666667
Time = 0.3632678985595703
Num Params = 1728970
Ratio = 0.15473204580434408
---------------------60.000000_1.000000.net-----------------------
Accuracy = 0.8713333333333333
Time = 0.3909640312194824
Num Params = 4088266
Ratio = 0.36587434251163553
---------------------17.000000_1.000000.net-----------------------
Accuracy = 0.8593333333333333
Time = 0.3719043731689453
Num Params = 1729354
Ratio = 0.1547664114125321
---------------------28.000000_4.000000.net-----------------------
Accuracy = 0.8516666666666667
Time = 0.3787362575531006
Num Params = 1731274
Ratio = 0.15493823945347227
---------------------22.000000_0.000000.net-----------------------
Accuracy = 0.904
Time = 0.4078660011291504
Num Params = 4237258
Ratio = 0.3792081984885934
---------------------45.000000_1.000000.net-----------------------
Accuracy = 0.8746666666666667
Time = 0.3858926296234131
Num Params = 1730506
Ratio = 0.1548695082370962
---------------------54.000000_1.000000.net-----------------------
Accuracy = 0.8576666666666667
Time = 0.368011474609375
Num Params = 1728970
Ratio = 0.15473204580434408
---------------------98.000000_3.000000.net-----------------------
Accuracy = 0.8696666666666667
Time = 0.36362457275390625
Num Params = 1729482
Ratio = 0.15477786661526144
---------------------13.000000_0.000000.net-----------------------
Accuracy = 0.9036666666666666
Time = 0.42838239669799805
Num Params = 6449610
Ratio = 0.5771999224625965
---------------------47.000000_3.000000.net-----------------------
Accuracy = 0.861
Time = 0.3957052230834961
Num Params = 4088778
Ratio = 0.3659201633225529
---------------------59.000000_2.000000.net-----------------------
Accuracy = 0.8483333333333334
Time = 0.367445707321167
Num Params = 1728970
Ratio = 0.15473204580434408
---------------------64.000000_3.000000.net-----------------------
Accuracy = 0.9063333333333332
Time = 0.3895578384399414
Num Params = 4088266
Ratio = 0.36587434251163553
---------------------40.000000_4.000000.net-----------------------
Accuracy = 0.885
Time = 0.3748438358306885
Num Params = 1728970
Ratio = 0.15473204580434408
---------------------80.000000_0.000000.net-----------------------
Accuracy = 0.8626666666666667
Time = 0.3669896125793457
Num Params = 1728970
Ratio = 0.15473204580434408
---------------------0.000000_0.000000.net-----------------------
Accuracy = 0.9173333333333333
Time = 0.42914772033691406
Num Params = 2911434
Ratio = 0.2605552086180354
---------------------11.000000_4.000000.net-----------------------
Accuracy = 0.8726666666666667
Time = 0.37857699394226074
Num Params = 1877450
Ratio = 0.16802008097038454
---------------------21.000000_0.000000.net-----------------------
Accuracy = 0.8776666666666667
Time = 0.3962862491607666
Num Params = 2319434
Ratio = 0.20757489599481366
---------------------68.000000_0.000000.net-----------------------
Accuracy = 0.8493333333333334
Time = 0.36940717697143555
Num Params = 1729994
Ratio = 0.15482368742617883
---------------------51.000000_0.000000.net-----------------------
Accuracy = 0.892
Time = 0.39712977409362793
Num Params = 1802954
Ratio = 0.1613531529819056
---------------------56.000000_0.000000.net-----------------------
Accuracy = 0.8606666666666666
Time = 0.36840248107910156
Num Params = 1729098
Ratio = 0.1547435010070734
---------------------36.000000_2.000000.net-----------------------
Accuracy = 0.8856666666666668
Time = 0.38713741302490234
Num Params = 1877322
Ratio = 0.16800862576765518
---------------------9.000000_0.000000.net-----------------------
Accuracy = 0.8866666666666667
Time = 0.3772737979888916
Num Params = 1729226
Ratio = 0.15475495620980276
---------------------14.000000_3.000000.net-----------------------
Accuracy = 0.9129999999999999
Time = 0.43470144271850586
Num Params = 2650698
Ratio = 0.23722096065835913
---------------------5.000000_3.000000.net-----------------------
Accuracy = 0.8756666666666668
Time = 0.37593793869018555
Num Params = 1729226
Ratio = 0.15475495620980276
---------------------67.000000_4.000000.net-----------------------
Accuracy = 0.8796666666666667
Time = 0.3757591247558594
Num Params = 1729098
Ratio = 0.1547435010070734
---------------------14.000000_1.000000.net-----------------------
Accuracy = 0.893
Time = 0.404052734375
Num Params = 1878218
Ratio = 0.1680888121867606
---------------------4.000000_4.000000.net-----------------------
Accuracy = 0.9006666666666666
Time = 0.4500575065612793
Num Params = 4310730
Ratio = 0.38578348485523756
---------------------88.000000_0.000000.net-----------------------
Accuracy = 0.8813333333333333
Time = 0.37360215187072754
Num Params = 1728970
Ratio = 0.15473204580434408
---------------------26.000000_3.000000.net-----------------------
Accuracy = 0.8883333333333333
Time = 0.40468406677246094
Num Params = 2321610
Ratio = 0.20776963444121252
---------------------80.000000_1.000000.net-----------------------
Accuracy = 0.8706666666666666
Time = 0.370436429977417
Num Params = 1729738
Ratio = 0.15480077702072015
---------------------49.000000_1.000000.net-----------------------
Accuracy = 0.909
Time = 0.3999509811401367
Num Params = 4088266
Ratio = 0.36587434251163553
---------------------73.000000_0.000000.net-----------------------
Accuracy = 0.8803333333333333
Time = 0.37512779235839844
Num Params = 1729098
Ratio = 0.1547435010070734
---------------------31.000000_3.000000.net-----------------------
Accuracy = 0.8903333333333333
Time = 0.42650604248046875
Num Params = 4237642
Ratio = 0.3792425640967814
---------------------23.000000_0.000000.net-----------------------
Accuracy = 0.8863333333333333
Time = 0.3994872570037842
Num Params = 4088778
Ratio = 0.3659201633225529
---------------------89.000000_1.000000.net-----------------------
Accuracy = 0.8803333333333333
Time = 0.3768191337585449
Num Params = 1729226
Ratio = 0.15475495620980276
---------------------18.000000_4.000000.net-----------------------
Accuracy = 0.8693333333333332
Time = 0.3887467384338379
Num Params = 1766602
Ratio = 0.15809987540677156
---------------------59.000000_4.000000.net-----------------------
Accuracy = 0.8643333333333332
Time = 0.370471715927124
Num Params = 1729226
Ratio = 0.15475495620980276
---------------------86.000000_1.000000.net-----------------------
Accuracy = 0.877
Time = 0.37090134620666504
Num Params = 1728970
Ratio = 0.15473204580434408
---------------------53.000000_4.000000.net-----------------------
Accuracy = 0.8686666666666667
Time = 0.3699026107788086
Num Params = 1729994
Ratio = 0.15482368742617883
---------------------85.000000_1.000000.net-----------------------
Accuracy = 0.893
Time = 0.36916589736938477
Num Params = 1728970
Ratio = 0.15473204580434408
---------------------59.000000_1.000000.net-----------------------
Accuracy = 0.8673333333333333
Time = 0.3688647747039795
Num Params = 1729482
Ratio = 0.15477786661526144
---------------------6.000000_4.000000.net-----------------------
Accuracy = 0.9156666666666666
Time = 0.44413256645202637
Num Params = 4679626
Ratio = 0.41879737912121057
---------------------69.000000_3.000000.net-----------------------
Accuracy = 0.8476666666666667
Time = 0.3756582736968994
Num Params = 1729482
Ratio = 0.15477786661526144
---------------------49.000000_0.000000.net-----------------------
Accuracy = 0.8633333333333333
Time = 0.37703418731689453
Num Params = 1730122
Ratio = 0.15483514262890818
---------------------67.000000_3.000000.net-----------------------
Accuracy = 0.8816666666666667
Time = 0.36910080909729004
Num Params = 1728970
Ratio = 0.15473204580434408
---------------------28.000000_1.000000.net-----------------------
Accuracy = 0.8883333333333333
Time = 0.4228518009185791
Num Params = 2356810
Ratio = 0.21091981519178246
---------------------39.000000_3.000000.net-----------------------
Accuracy = 0.9096666666666667
Time = 0.4213249683380127
Num Params = 4128458
Ratio = 0.36947127616864994
---------------------61.000000_4.000000.net-----------------------
Accuracy = 0.9043333333333333
Time = 0.39343810081481934
Num Params = 4088266
Ratio = 0.36587434251163553
---------------------38.000000_0.000000.net-----------------------
Accuracy = 0.8466666666666667
Time = 0.41114163398742676
Num Params = 4125642
Ratio = 0.36921926170860436
---------------------54.000000_2.000000.net-----------------------
Accuracy = 0.847
Time = 0.37596702575683594
Num Params = 1729994
Ratio = 0.15482368742617883
---------------------92.000000_1.000000.net-----------------------
Accuracy = 0.8706666666666666
Time = 0.3901181221008301
Num Params = 1877322
Ratio = 0.16800862576765518
---------------------44.000000_3.000000.net-----------------------
Accuracy = 0.848
Time = 0.3805551528930664
Num Params = 1729226
Ratio = 0.15475495620980276
---------------------74.000000_0.000000.net-----------------------
Accuracy = 0.8909999999999999
Time = 0.38899946212768555
Num Params = 1876554
Ratio = 0.1679398945512791
---------------------73.000000_1.000000.net-----------------------
Accuracy = 0.8826666666666667
Time = 0.399752140045166
Num Params = 1768010
Ratio = 0.15822588263679435
---------------------48.000000_0.000000.net-----------------------
Accuracy = 0.883
Time = 0.39293622970581055
Num Params = 1766986
Ratio = 0.1581342410149596
---------------------51.000000_2.000000.net-----------------------
Accuracy = 0.8856666666666668
Time = 0.38750576972961426
Num Params = 1876938
Ratio = 0.16797426015946715
---------------------24.000000_3.000000.net-----------------------
Accuracy = 0.9079999999999999
Time = 0.422210693359375
Num Params = 4679114
Ratio = 0.41875155831029315
---------------------43.000000_0.000000.net-----------------------
Accuracy = 0.8853333333333333
Time = 0.3672194480895996
Num Params = 1728970
Ratio = 0.15473204580434408
---------------------62.000000_3.000000.net-----------------------
Accuracy = 0.8843333333333334
Time = 0.3744971752166748
Num Params = 1729994
Ratio = 0.15482368742617883
---------------------97.000000_0.000000.net-----------------------
Accuracy = 0.8463333333333334
Time = 0.37269067764282227
Num Params = 1729738
Ratio = 0.15480077702072015
---------------------43.000000_3.000000.net-----------------------
Accuracy = 0.8813333333333333
Time = 0.4445638656616211
Num Params = 2908618
Ratio = 0.2603031941579898
---------------------91.000000_0.000000.net-----------------------
Accuracy = 0.8686666666666667
Time = 0.3798103332519531
Num Params = 1730122
Ratio = 0.15483514262890818
---------------------35.000000_0.000000.net-----------------------
Accuracy = 0.8913333333333333
Time = 0.3914203643798828
Num Params = 1876554
Ratio = 0.1679398945512791
---------------------49.000000_3.000000.net-----------------------
Accuracy = 0.856
Time = 0.3730804920196533
Num Params = 1728970
Ratio = 0.15473204580434408
---------------------11.000000_2.000000.net-----------------------
Accuracy = 0.8913333333333333
Time = 0.3941211700439453
Num Params = 1766218
Ratio = 0.15806550979858353
---------------------82.000000_1.000000.net-----------------------
Accuracy = 0.9043333333333333
Time = 0.3920786380767822
Num Params = 2318794
Ratio = 0.20751761998116694
---------------------8.000000_3.000000.net-----------------------
Accuracy = 0.8796666666666667
Time = 0.37032055854797363
Num Params = 1729098
Ratio = 0.1547435010070734
---------------------62.000000_4.000000.net-----------------------
Accuracy = 0.877
Time = 0.3694906234741211
Num Params = 1728970
Ratio = 0.15473204580434408
---------------------18.000000_0.000000.net-----------------------
Accuracy = 0.8876666666666666
Time = 0.39330506324768066
Num Params = 1877962
Ratio = 0.16806590178130193
---------------------80.000000_4.000000.net-----------------------
Accuracy = 0.861
Time = 0.37566375732421875
Num Params = 1729994
Ratio = 0.15482368742617883
---------------------24.000000_4.000000.net-----------------------
Accuracy = 0.894
Time = 0.39664602279663086
Num Params = 4089290
Ratio = 0.3659659841334703
---------------------49.000000_4.000000.net-----------------------
Accuracy = 0.8483333333333334
Time = 0.3738999366760254
Num Params = 1729482
Ratio = 0.15477786661526144
---------------------98.000000_1.000000.net-----------------------
Accuracy = 0.879
Time = 0.3653373718261719
Num Params = 1728970
Ratio = 0.15473204580434408
---------------------95.000000_3.000000.net-----------------------
Accuracy = 0.8593333333333333
Time = 0.3676328659057617
Num Params = 1728970
Ratio = 0.15473204580434408
---------------------66.000000_2.000000.net-----------------------
Accuracy = 0.8603333333333333
Time = 0.371673583984375
Num Params = 1729994
Ratio = 0.15482368742617883
---------------------17.000000_0.000000.net-----------------------
Accuracy = 0.9006666666666666
Time = 0.39736342430114746
Num Params = 2319050
Ratio = 0.20754053038662562
---------------------59.000000_0.000000.net-----------------------
Accuracy = 0.862
Time = 0.3658740520477295
Num Params = 1728970
Ratio = 0.15473204580434408
---------------------32.000000_2.000000.net-----------------------
Accuracy = 0.8836666666666667
Time = 0.41271519660949707
Num Params = 4090954
Ratio = 0.3661149017689518
---------------------69.000000_2.000000.net-----------------------
Accuracy = 0.8743333333333332
Time = 0.40036654472351074
Num Params = 4088394
Ratio = 0.36588579771436486
---------------------93.000000_2.000000.net-----------------------
Accuracy = 0.8866666666666667
Time = 0.3725709915161133
Num Params = 1729098
Ratio = 0.1547435010070734
---------------------37.000000_3.000000.net-----------------------
Accuracy = 0.8786666666666667
Time = 0.3968029022216797
Num Params = 4088266
Ratio = 0.36587434251163553
---------------------6.000000_3.000000.net-----------------------
Accuracy = 0.9203333333333333
Time = 0.4385507106781006
Num Params = 4825802
Ratio = 0.4318792206381228
---------------------83.000000_3.000000.net-----------------------
Accuracy = 0.885
Time = 0.3943202495574951
Num Params = 4088266
Ratio = 0.36587434251163553
---------------------99.000000_3.000000.net-----------------------
Accuracy = 0.8906666666666667
Time = 0.3879218101501465
Num Params = 1876426
Ratio = 0.16792843934854979
---------------------70.000000_0.000000.net-----------------------
Accuracy = 0.9179999999999999
Time = 0.41236186027526855
Num Params = 4125130
Ratio = 0.36917344089768694
---------------------70.000000_4.000000.net-----------------------
Accuracy = 0.8816666666666667
Time = 0.3725097179412842
Num Params = 1728970
Ratio = 0.15473204580434408
---------------------84.000000_1.000000.net-----------------------
Accuracy = 0.8836666666666667
Time = 0.39110851287841797
Num Params = 1765962
Ratio = 0.15804259939312484
---------------------56.000000_2.000000.net-----------------------
Accuracy = 0.8916666666666667
Time = 0.3989744186401367
Num Params = 2319818
Ratio = 0.2076092616030017
---------------------51.000000_1.000000.net-----------------------
Accuracy = 0.8866666666666667
Time = 0.36885905265808105
Num Params = 1729994
Ratio = 0.15482368742617883
---------------------40.000000_0.000000.net-----------------------
Accuracy = 0.879
Time = 0.39185380935668945
Num Params = 1876810
Ratio = 0.16796280495673782
---------------------87.000000_0.000000.net-----------------------
Accuracy = 0.8646666666666667
Time = 0.36833786964416504
Num Params = 1728970
Ratio = 0.15473204580434408
---------------------88.000000_1.000000.net-----------------------
Accuracy = 0.8833333333333333
Time = 0.3676021099090576
Num Params = 1729482
Ratio = 0.15477786661526144
---------------------91.000000_3.000000.net-----------------------
Accuracy = 0.882
Time = 0.37025022506713867
Num Params = 1729482
Ratio = 0.15477786661526144
---------------------41.000000_0.000000.net-----------------------
Accuracy = 0.8826666666666667
Time = 0.3658180236816406
Num Params = 1728970
Ratio = 0.15473204580434408
---------------------37.000000_2.000000.net-----------------------
Accuracy = 0.8556666666666666
Time = 0.4103231430053711
Num Params = 4089034
Ratio = 0.3659430737280116
---------------------19.000000_3.000000.net-----------------------
Accuracy = 0.8633333333333333
Time = 0.37792253494262695
Num Params = 1730378
Ratio = 0.15485805303436687
---------------------36.000000_3.000000.net-----------------------
Accuracy = 0.8886666666666667
Time = 0.3688230514526367
Num Params = 1729994
Ratio = 0.15482368742617883
---------------------23.000000_3.000000.net-----------------------
Accuracy = 0.8883333333333333
Time = 0.38337039947509766
Num Params = 1765834
Ratio = 0.1580311441903955
---------------------92.000000_4.000000.net-----------------------
Accuracy = 0.8693333333333332
Time = 0.3741273880004883
Num Params = 1729226
Ratio = 0.15475495620980276
---------------------31.000000_1.000000.net-----------------------
Accuracy = 0.9106666666666666
Time = 0.4491922855377197
Num Params = 7037642
Ratio = 0.6298251238012086
---------------------33.000000_0.000000.net-----------------------
Accuracy = 0.867
Time = 0.36621594429016113
Num Params = 1728970
Ratio = 0.15473204580434408
---------------------48.000000_1.000000.net-----------------------
Accuracy = 0.8836666666666667
Time = 0.3744082450866699
Num Params = 1729994
Ratio = 0.15482368742617883
---------------------53.000000_1.000000.net-----------------------
Accuracy = 0.9036666666666666
Time = 0.39313268661499023
Num Params = 2319562
Ratio = 0.207586351197543
---------------------39.000000_1.000000.net-----------------------
Accuracy = 0.866
Time = 0.3856358528137207
Num Params = 1766090
Ratio = 0.15805405459585417
---------------------4.000000_2.000000.net-----------------------
Accuracy = 0.8723333333333333
Time = 0.39066386222839355
Num Params = 1766346
Ratio = 0.15807696500131288
---------------------86.000000_0.000000.net-----------------------
Accuracy = 0.8030000000000002
Time = 0.36870908737182617
Num Params = 1729738
Ratio = 0.15480077702072015
---------------------51.000000_3.000000.net-----------------------
Accuracy = 0.8903333333333333
Time = 0.42923593521118164
Num Params = 4272714
Ratio = 0.38238128964462204
---------------------14.000000_4.000000.net-----------------------
Accuracy = 0.872
Time = 0.38426852226257324
Num Params = 1729226
Ratio = 0.15475495620980276
---------------------33.000000_2.000000.net-----------------------
Accuracy = 0.883
Time = 0.3932180404663086
Num Params = 1766346
Ratio = 0.15807696500131288
---------------------32.000000_1.000000.net-----------------------
Accuracy = 0.8809999999999999
Time = 0.3837168216705322
Num Params = 1732426
Ratio = 0.15504133627803637
---------------------71.000000_3.000000.net-----------------------
Accuracy = 0.8846666666666667
Time = 0.38973164558410645
Num Params = 2318794
Ratio = 0.20751761998116694
---------------------37.000000_4.000000.net-----------------------
Accuracy = 0.8623333333333334
Time = 0.44313907623291016
Num Params = 1728970
Ratio = 0.15473204580434408
---------------------77.000000_2.000000.net-----------------------
Accuracy = 0.856
Time = 0.37580370903015137
Num Params = 1728970
Ratio = 0.15473204580434408
---------------------14.000000_2.000000.net-----------------------
Accuracy = 0.907
Time = 0.4291350841522217
Num Params = 2357450
Ratio = 0.2109770912054292
---------------------16.000000_3.000000.net-----------------------
Accuracy = 0.9056666666666666
Time = 0.40759968757629395
Num Params = 4090570
Ratio = 0.36608053616076375
---------------------30.000000_3.000000.net-----------------------
Accuracy = 0.8966666666666666
Time = 0.4329233169555664
Num Params = 6449610
Ratio = 0.5771999224625965
---------------------34.000000_3.000000.net-----------------------
Accuracy = 0.8759999999999999
Time = 0.3698689937591553
Num Params = 1728970
Ratio = 0.15473204580434408
---------------------41.000000_1.000000.net-----------------------
Accuracy = 0.883
Time = 0.39843034744262695
Num Params = 4089034
Ratio = 0.3659430737280116
---------------------64.000000_2.000000.net-----------------------
Accuracy = 0.8786666666666667
Time = 0.3698875904083252
Num Params = 1729994
Ratio = 0.15482368742617883
---------------------99.000000_1.000000.net-----------------------
Accuracy = 0.8586666666666667
Time = 0.36876678466796875
Num Params = 1729482
Ratio = 0.15477786661526144
---------------------15.000000_1.000000.net-----------------------
Accuracy = 0.8656666666666666
Time = 0.37348055839538574
Num Params = 1731018
Ratio = 0.15491532904801358
---------------------32.000000_0.000000.net-----------------------
Accuracy = 0.8863333333333333
Time = 0.36916112899780273
Num Params = 1728970
Ratio = 0.15473204580434408
---------------------16.000000_0.000000.net-----------------------
Accuracy = 0.9086666666666666
Time = 0.41372013092041016
Num Params = 4090186
Ratio = 0.3660461705525757
---------------------93.000000_0.000000.net-----------------------
Accuracy = 0.8706666666666666
Time = 0.3781125545501709
Num Params = 1730250
Ratio = 0.1548465978316375
---------------------10.000000_1.000000.net-----------------------
Accuracy = 0.8533333333333334
Time = 0.3833463191986084
Num Params = 1729226
Ratio = 0.15475495620980276
---------------------62.000000_1.000000.net-----------------------
Accuracy = 0.887
Time = 0.3703498840332031
Num Params = 1729994
Ratio = 0.15482368742617883
---------------------45.000000_2.000000.net-----------------------
Accuracy = 0.883
Time = 0.3778572082519531
Num Params = 1729226
Ratio = 0.15475495620980276
---------------------32.000000_3.000000.net-----------------------
Accuracy = 0.887
Time = 0.4078049659729004
Num Params = 1802698
Ratio = 0.16133024257644693
---------------------1.000000_3.000000.net-----------------------
Accuracy = 0.8623333333333334
Time = 0.3776893615722656
Num Params = 1729482
Ratio = 0.15477786661526144
---------------------84.000000_4.000000.net-----------------------
Accuracy = 0.8853333333333333
Time = 0.4115464687347412
Num Params = 2355658
Ratio = 0.21081671836721835
---------------------20.000000_2.000000.net-----------------------
Accuracy = 0.89
Time = 0.388202428817749
Num Params = 1877194
Ratio = 0.16799717056492586
---------------------12.000000_1.000000.net-----------------------
Accuracy = 0.8673333333333333
Time = 0.3765747547149658
Num Params = 1730122
Ratio = 0.15483514262890818
---------------------73.000000_3.000000.net-----------------------
Accuracy = 0.8663333333333333
Time = 0.36921072006225586
Num Params = 1729226
Ratio = 0.15475495620980276
---------------------85.000000_3.000000.net-----------------------
Accuracy = 0.8833333333333333
Time = 0.37121105194091797
Num Params = 1729994
Ratio = 0.15482368742617883
---------------------27.000000_1.000000.net-----------------------
Accuracy = 0.9113333333333332
Time = 0.43961405754089355
Num Params = 6484938
Ratio = 0.5803615584158958
---------------------41.000000_4.000000.net-----------------------
Accuracy = 0.8883333333333333
Time = 0.3945035934448242
Num Params = 1876938
Ratio = 0.16797426015946715
---------------------75.000000_0.000000.net-----------------------
Accuracy = 0.8506666666666667
Time = 0.3667104244232178
Num Params = 1728970
Ratio = 0.15473204580434408
---------------------38.000000_3.000000.net-----------------------
Accuracy = 0.8313333333333334
Time = 0.38257288932800293
Num Params = 1876938
Ratio = 0.16797426015946715
---------------------63.000000_1.000000.net-----------------------
Accuracy = 0.8813333333333333
Time = 0.39468908309936523
Num Params = 1766090
Ratio = 0.15805405459585417
---------------------86.000000_3.000000.net-----------------------
Accuracy = 0.8686666666666667
Time = 0.39531469345092773
Num Params = 4088266
Ratio = 0.36587434251163553
---------------------3.000000_3.000000.net-----------------------
Accuracy = 0.871
Time = 0.382204532623291
Num Params = 1729354
Ratio = 0.1547664114125321
---------------------6.000000_2.000000.net-----------------------
Accuracy = 0.893
Time = 0.41086816787719727
Num Params = 4236746
Ratio = 0.379162377677676
---------------------77.000000_1.000000.net-----------------------
Accuracy = 0.8746666666666667
Time = 0.3718693256378174
Num Params = 1728970
Ratio = 0.15473204580434408
---------------------33.000000_1.000000.net-----------------------
Accuracy = 0.8583333333333333
Time = 0.3771820068359375
Num Params = 1729482
Ratio = 0.15477786661526144
---------------------3.000000_2.000000.net-----------------------
Accuracy = 0.8853333333333333
Time = 0.39318394660949707
Num Params = 1877322
Ratio = 0.16800862576765518
---------------------0.000000_1.000000.net-----------------------
Accuracy = 0.916
Time = 0.42554497718811035
Num Params = 4678346
Ratio = 0.4186828270939171
---------------------11.000000_0.000000.net-----------------------
Accuracy = 0.911
Time = 0.408905029296875
Num Params = 2321354
Ratio = 0.20774672403575384
---------------------61.000000_2.000000.net-----------------------
Accuracy = 0.9043333333333333
Time = 0.41012072563171387
Num Params = 4088394
Ratio = 0.36588579771436486
---------------------25.000000_1.000000.net-----------------------
Accuracy = 0.903
Time = 0.4065868854522705
Num Params = 4089802
Ratio = 0.3660118049443877
---------------------39.000000_2.000000.net-----------------------
Accuracy = 0.851
Time = 0.37853479385375977
Num Params = 1729610
Ratio = 0.1547893218179908
---------------------21.000000_2.000000.net-----------------------
Accuracy = 0.8973333333333333
Time = 0.4198908805847168
Num Params = 4089802
Ratio = 0.3660118049443877
---------------------83.000000_2.000000.net-----------------------
Accuracy = 0.852
Time = 0.3710181713104248
Num Params = 1729994
Ratio = 0.15482368742617883
---------------------93.000000_1.000000.net-----------------------
Accuracy = 0.8763333333333333
Time = 0.3724045753479004
Num Params = 1728970
Ratio = 0.15473204580434408
---------------------66.000000_0.000000.net-----------------------
Accuracy = 0.8726666666666667
Time = 0.37288641929626465
Num Params = 1728970
Ratio = 0.15473204580434408
---------------------49.000000_2.000000.net-----------------------
Accuracy = 0.846
Time = 0.37555718421936035
Num Params = 1729994
Ratio = 0.15482368742617883
---------------------7.000000_3.000000.net-----------------------
Accuracy = 0.898
Time = 0.43819332122802734
Num Params = 2467018
Ratio = 0.22078274474174872
---------------------17.000000_4.000000.net-----------------------
Accuracy = 0.8253333333333334
Time = 0.39756274223327637
Num Params = 1767370
Ratio = 0.15816860662314763
---------------------44.000000_1.000000.net-----------------------
Accuracy = 0.8723333333333333
Time = 0.37690043449401855
Num Params = 1729098
Ratio = 0.1547435010070734
---------------------63.000000_3.000000.net-----------------------
Accuracy = 0.8533333333333334
Time = 0.3755815029144287
Num Params = 1729482
Ratio = 0.15477786661526144
---------------------95.000000_4.000000.net-----------------------
Accuracy = 0.862
Time = 0.3792421817779541
Num Params = 1729098
Ratio = 0.1547435010070734
---------------------42.000000_3.000000.net-----------------------
Accuracy = 0.8666666666666667
Time = 0.36955714225769043
Num Params = 1729482
Ratio = 0.15477786661526144
---------------------44.000000_2.000000.net-----------------------
Accuracy = 0.8563333333333333
Time = 0.3987088203430176
Num Params = 1876810
Ratio = 0.16796280495673782
---------------------15.000000_4.000000.net-----------------------
Accuracy = 0.9016666666666666
Time = 0.4487454891204834
Num Params = 4199370
Ratio = 0.3758174584807072
---------------------92.000000_2.000000.net-----------------------
Accuracy = 0.9036666666666666
Time = 0.39332127571105957
Num Params = 1877066
Ratio = 0.1679857153621965
---------------------87.000000_1.000000.net-----------------------
Accuracy = 0.8886666666666667
Time = 0.39339351654052734
Num Params = 2318794
Ratio = 0.20751761998116694
---------------------13.000000_1.000000.net-----------------------
Accuracy = 0.875
Time = 0.4065852165222168
Num Params = 1876682
Ratio = 0.16795134975400847
---------------------3.000000_1.000000.net-----------------------
Accuracy = 0.8873333333333333
Time = 0.3961679935455322
Num Params = 1730634
Ratio = 0.15488096343982555
---------------------83.000000_1.000000.net-----------------------
Accuracy = 0.8763333333333333
Time = 0.37232375144958496
Num Params = 1729482
Ratio = 0.15477786661526144
---------------------43.000000_4.000000.net-----------------------
Accuracy = 0.8826666666666667
Time = 0.38454556465148926
Num Params = 1876682
Ratio = 0.16795134975400847
---------------------82.000000_2.000000.net-----------------------
Accuracy = 0.9066666666666666
Time = 0.42452287673950195
Num Params = 2908874
Ratio = 0.2603261045634485
---------------------57.000000_0.000000.net-----------------------
Accuracy = 0.894
Time = 0.41590380668640137
Num Params = 2467402
Ratio = 0.22081711034993676
---------------------72.000000_0.000000.net-----------------------
Accuracy = 0.8516666666666667
Time = 0.3738365173339844
Num Params = 1729482
Ratio = 0.15477786661526144
---------------------7.000000_1.000000.net-----------------------
Accuracy = 0.9043333333333333
Time = 0.40950655937194824
Num Params = 4089674
Ratio = 0.36600034974165835
---------------------64.000000_0.000000.net-----------------------
Accuracy = 0.904
Time = 0.41547489166259766
Num Params = 4089674
Ratio = 0.36600034974165835
---------------------2.000000_3.000000.net-----------------------
Accuracy = 0.8759999999999999
Time = 0.4142789840698242
Num Params = 4089546
Ratio = 0.36598889453892897
---------------------65.000000_0.000000.net-----------------------
Accuracy = 0.8833333333333333
Time = 0.3811020851135254
Num Params = 1728970
Ratio = 0.15473204580434408
---------------------22.000000_1.000000.net-----------------------
Accuracy = 0.8963333333333332
Time = 0.40398192405700684
Num Params = 4088266
Ratio = 0.36587434251163553
---------------------73.000000_4.000000.net-----------------------
Accuracy = 0.9023333333333333
Time = 0.406177282333374
Num Params = 4088522
Ratio = 0.36589725291709424
---------------------96.000000_3.000000.net-----------------------
Accuracy = 0.882
Time = 0.3724639415740967
Num Params = 1729226
Ratio = 0.15475495620980276
---------------------23.000000_4.000000.net-----------------------
Accuracy = 0.905
Time = 0.4274718761444092
Num Params = 6447562
Ratio = 0.577016639218927
---------------------75.000000_1.000000.net-----------------------
Accuracy = 0.87
Time = 0.3747234344482422
Num Params = 1729098
Ratio = 0.1547435010070734
---------------------67.000000_0.000000.net-----------------------
Accuracy = 0.8833333333333333
Time = 0.38732218742370605
Num Params = 1876682
Ratio = 0.16795134975400847
---------------------89.000000_2.000000.net-----------------------
Accuracy = 0.8723333333333333
Time = 0.36890673637390137
Num Params = 1728970
Ratio = 0.15473204580434408
---------------------58.000000_0.000000.net-----------------------
Accuracy = 0.87
Time = 0.3835458755493164
Num Params = 1729354
Ratio = 0.1547664114125321
---------------------24.000000_2.000000.net-----------------------
Accuracy = 0.8443333333333334
Time = 0.38637638092041016
Num Params = 1729994
Ratio = 0.15482368742617883
---------------------0.000000_2.000000.net-----------------------
Accuracy = 0.8873333333333333
Time = 0.3988316059112549
Num Params = 1767626
Ratio = 0.15819151702860632
---------------------94.000000_4.000000.net-----------------------
Accuracy = 0.9
Time = 0.43074727058410645
Num Params = 6447562
Ratio = 0.577016639218927
---------------------72.000000_2.000000.net-----------------------
Accuracy = 0.871
Time = 0.37707042694091797
Num Params = 1729610
Ratio = 0.1547893218179908
---------------------40.000000_2.000000.net-----------------------
Accuracy = 0.9093333333333333
Time = 0.40048670768737793
Num Params = 4088778
Ratio = 0.3659201633225529
---------------------3.000000_4.000000.net-----------------------
Accuracy = 0.8966666666666666
Time = 0.41794729232788086
Num Params = 4089546
Ratio = 0.36598889453892897
---------------------72.000000_1.000000.net-----------------------
Accuracy = 0.8576666666666667
Time = 0.3685333728790283
Num Params = 1728970
Ratio = 0.15473204580434408
---------------------9.000000_3.000000.net-----------------------
Accuracy = 0.909
Time = 0.39615917205810547
Num Params = 2319050
Ratio = 0.20754053038662562
---------------------27.000000_0.000000.net-----------------------
Accuracy = 0.8963333333333332
Time = 0.4138529300689697
Num Params = 4088650
Ratio = 0.36590870811982357
---------------------61.000000_1.000000.net-----------------------
Accuracy = 0.867
Time = 0.37309908866882324
Num Params = 1729482
Ratio = 0.15477786661526144
---------------------77.000000_0.000000.net-----------------------
Accuracy = 0.8733333333333333
Time = 0.37030553817749023
Num Params = 1728970
Ratio = 0.15473204580434408
---------------------45.000000_0.000000.net-----------------------
Accuracy = 0.893
Time = 0.4029104709625244
Num Params = 4089802
Ratio = 0.3660118049443877
---------------------80.000000_3.000000.net-----------------------
Accuracy = 0.8746666666666667
Time = 0.37143421173095703
Num Params = 1728970
Ratio = 0.15473204580434408
---------------------42.000000_2.000000.net-----------------------
Accuracy = 0.8733333333333333
Time = 0.3693811893463135
Num Params = 1728970
Ratio = 0.15473204580434408
---------------------9.000000_4.000000.net-----------------------
Accuracy = 0.8776666666666667
Time = 0.42418479919433594
Num Params = 2320586
Ratio = 0.20767799281937777
---------------------56.000000_3.000000.net-----------------------
Accuracy = 0.882
Time = 0.37790679931640625
Num Params = 1729098
Ratio = 0.1547435010070734
---------------------64.000000_4.000000.net-----------------------
Accuracy = 0.887
Time = 0.3852262496948242
Num Params = 1876938
Ratio = 0.16797426015946715
---------------------55.000000_2.000000.net-----------------------
Accuracy = 0.884
Time = 0.4050724506378174
Num Params = 4088778
Ratio = 0.3659201633225529
---------------------75.000000_2.000000.net-----------------------
Accuracy = 0.8489999999999999
Time = 0.37273597717285156
Num Params = 1729738
Ratio = 0.15480077702072015
---------------------43.000000_1.000000.net-----------------------
Accuracy = 0.8293333333333334
Time = 0.36971187591552734
Num Params = 1728970
Ratio = 0.15473204580434408
---------------------96.000000_1.000000.net-----------------------
Accuracy = 0.8813333333333333
Time = 0.40609025955200195
Num Params = 2319178
Ratio = 0.20755198558935498
---------------------50.000000_2.000000.net-----------------------
Accuracy = 0.863
Time = 0.3812863826751709
Num Params = 1730122
Ratio = 0.15483514262890818
---------------------91.000000_1.000000.net-----------------------
Accuracy = 0.8776666666666667
Time = 0.3681354522705078
Num Params = 1728970
Ratio = 0.15473204580434408
---------------------15.000000_2.000000.net-----------------------
Accuracy = 0.8983333333333333
Time = 0.47284531593322754
Num Params = 7074378
Ratio = 0.6331127669845307
---------------------82.000000_0.000000.net-----------------------
Accuracy = 0.9
Time = 0.41051673889160156
Num Params = 2613706
Ratio = 0.23391040706957836
---------------------27.000000_2.000000.net-----------------------
Accuracy = 0.8566666666666667
Time = 0.4106409549713135
Num Params = 4236874
Ratio = 0.37917383288040535
---------------------68.000000_3.000000.net-----------------------
Accuracy = 0.8590000000000001
Time = 0.36841559410095215
Num Params = 1728970
Ratio = 0.15473204580434408
---------------------41.000000_3.000000.net-----------------------
Accuracy = 0.8506666666666667
Time = 0.3657186031341553
Num Params = 1728970
Ratio = 0.15473204580434408
---------------------15.000000_3.000000.net-----------------------
Accuracy = 0.8853333333333333
Time = 0.42926478385925293
Num Params = 2394058
Ratio = 0.21425327918602194
---------------------26.000000_4.000000.net-----------------------
Accuracy = 0.8736666666666667
Time = 0.3910713195800781
Num Params = 4088266
Ratio = 0.36587434251163553
---------------------42.000000_4.000000.net-----------------------
Accuracy = 0.9013333333333332
Time = 0.4070756435394287
Num Params = 4237002
Ratio = 0.3791852880831347
---------------------35.000000_2.000000.net-----------------------
Accuracy = 0.9046666666666667
Time = 0.3908376693725586
Num Params = 4088778
Ratio = 0.3659201633225529
---------------------16.000000_1.000000.net-----------------------
Accuracy = 0.8973333333333333
Time = 0.39618968963623047
Num Params = 1878474
Ratio = 0.1681117225922193
---------------------1.000000_0.000000.net-----------------------
Accuracy = 0.8466666666666667
Time = 0.3726615905761719
Num Params = 1729354
Ratio = 0.1547664114125321
---------------------57.000000_1.000000.net-----------------------
Accuracy = 0.9060000000000001
Time = 0.37724924087524414
Num Params = 1876426
Ratio = 0.16792843934854979
---------------------71.000000_2.000000.net-----------------------
Accuracy = 0.8336666666666666
Time = 0.363893985748291
Num Params = 1728970
Ratio = 0.15473204580434408
---------------------67.000000_2.000000.net-----------------------
Accuracy = 0.8826666666666667
Time = 0.3625450134277344
Num Params = 1728970
Ratio = 0.15473204580434408
---------------------10.000000_4.000000.net-----------------------
Accuracy = 0.8690000000000001
Time = 0.38576364517211914
Num Params = 1729994
Ratio = 0.15482368742617883
---------------------96.000000_0.000000.net-----------------------
Accuracy = 0.8826666666666667
Time = 0.37716126441955566
Num Params = 1876426
Ratio = 0.16792843934854979
---------------------94.000000_0.000000.net-----------------------
Accuracy = 0.8716666666666667
Time = 0.366701602935791
Num Params = 1728970
Ratio = 0.15473204580434408
---------------------42.000000_0.000000.net-----------------------
Accuracy = 0.8853333333333333
Time = 0.36541104316711426
Num Params = 1728970
Ratio = 0.15473204580434408
---------------------92.000000_0.000000.net-----------------------
Accuracy = 0.8653333333333333
Time = 0.3678557872772217
Num Params = 1728970
Ratio = 0.15473204580434408
---------------------88.000000_2.000000.net-----------------------
Accuracy = 0.888
Time = 0.3910553455352783
Num Params = 4088266
Ratio = 0.36587434251163553
---------------------78.000000_1.000000.net-----------------------
Accuracy = 0.848
Time = 0.3702855110168457
Num Params = 1729098
Ratio = 0.1547435010070734
---------------------79.000000_4.000000.net-----------------------
Accuracy = 0.8703333333333333
Time = 0.39609670639038086
Num Params = 4088394
Ratio = 0.36588579771436486
---------------------12.000000_4.000000.net-----------------------
Accuracy = 0.9056666666666666
Time = 0.4279899597167969
Num Params = 2393290
Ratio = 0.21418454796964587
---------------------66.000000_4.000000.net-----------------------
Accuracy = 0.8883333333333333
Time = 0.3735208511352539
Num Params = 1729098
Ratio = 0.1547435010070734
---------------------29.000000_0.000000.net-----------------------
Accuracy = 0.8673333333333333
Time = 0.391829252243042
Num Params = 4088778
Ratio = 0.3659201633225529
---------------------14.000000_0.000000.net-----------------------
Accuracy = 0.8956666666666667
Time = 0.38730287551879883
Num Params = 1878730
Ratio = 0.168134632997678
---------------------98.000000_0.000000.net-----------------------
Accuracy = 0.8793333333333334
Time = 0.37618589401245117
Num Params = 1728970
Ratio = 0.15473204580434408
---------------------29.000000_2.000000.net-----------------------
Accuracy = 0.8806666666666668
Time = 0.36699652671813965
Num Params = 1729994
Ratio = 0.15482368742617883
---------------------73.000000_2.000000.net-----------------------
Accuracy = 0.8683333333333333
Time = 0.3644247055053711
Num Params = 1728970
Ratio = 0.15473204580434408
---------------------82.000000_3.000000.net-----------------------
Accuracy = 0.883
Time = 0.36455225944519043
Num Params = 1728970
Ratio = 0.15473204580434408
---------------------17.000000_2.000000.net-----------------------
Accuracy = 0.8833333333333333
Time = 0.3897213935852051
Num Params = 2319562
Ratio = 0.207586351197543
---------------------23.000000_1.000000.net-----------------------
Accuracy = 0.8773333333333333
Time = 0.3685324192047119
Num Params = 1729226
Ratio = 0.15475495620980276
---------------------0.000000_3.000000.net-----------------------
Accuracy = 0.8733333333333333
Time = 0.3686256408691406
Num Params = 1730506
Ratio = 0.1548695082370962
---------------------12.000000_3.000000.net-----------------------
Accuracy = 0.8826666666666667
Time = 0.4224376678466797
Num Params = 2357194
Ratio = 0.2109541807999705
---------------------9.000000_2.000000.net-----------------------
Accuracy = 0.9093333333333333
Time = 0.4343879222869873
Num Params = 4275530
Ratio = 0.3826333041046676
---------------------22.000000_3.000000.net-----------------------
Accuracy = 0.8763333333333333
Time = 0.3834221363067627
Num Params = 1730250
Ratio = 0.1548465978316375
---------------------99.000000_4.000000.net-----------------------
Accuracy = 0.8626666666666667
Time = 0.38562870025634766
Num Params = 1876554
Ratio = 0.1679398945512791
---------------------21.000000_4.000000.net-----------------------
Accuracy = 0.8783333333333333
Time = 0.38114333152770996
Num Params = 1729610
Ratio = 0.1547893218179908
---------------------50.000000_1.000000.net-----------------------
Accuracy = 0.8756666666666668
Time = 0.3709237575531006
Num Params = 1728970
Ratio = 0.15473204580434408
---------------------64.000000_1.000000.net-----------------------
Accuracy = 0.8723333333333333
Time = 0.37119531631469727
Num Params = 1729098
Ratio = 0.1547435010070734
---------------------26.000000_2.000000.net-----------------------
Accuracy = 0.8576666666666667
Time = 0.39096856117248535
Num Params = 1766474
Ratio = 0.1580884202040422
---------------------51.000000_4.000000.net-----------------------
Accuracy = 0.8716666666666667
Time = 0.37566423416137695
Num Params = 1729226
Ratio = 0.15475495620980276
---------------------80.000000_2.000000.net-----------------------
Accuracy = 0.8833333333333333
Time = 0.3679087162017822
Num Params = 1729226
Ratio = 0.15475495620980276
---------------------35.000000_1.000000.net-----------------------
Accuracy = 0.884
Time = 0.3772764205932617
Num Params = 1876426
Ratio = 0.16792843934854979
---------------------5.000000_1.000000.net-----------------------
Accuracy = 0.9246666666666666
Time = 0.4660205841064453
Num Params = 7074378
Ratio = 0.6331127669845307
---------------------99.000000_2.000000.net-----------------------
Accuracy = 0.8796666666666667
Time = 0.36403822898864746
Num Params = 1728970
Ratio = 0.15473204580434408
---------------------6.000000_0.000000.net-----------------------
Accuracy = 0.9076666666666666
Time = 0.4253818988800049
Num Params = 4238282
Ratio = 0.37929984011042817
---------------------1.000000_2.000000.net-----------------------
Accuracy = 0.8803333333333333
Time = 0.4063725471496582
Num Params = 2320970
Ratio = 0.2077123584275658
