---------------------29.000000_1.000000.net-----------------------
Accuracy = 0.7963333333333334
Time = 7.5747222900390625
Num Params = 9844426
Ratio = 1.0517681740004843
---------------------1.000000_1.000000.net-----------------------
Accuracy = 0.8156666666666667
Time = 0.815166711807251
Num Params = 10470090
Ratio = 1.1186134611526086
---------------------97.000000_1.000000.net-----------------------
Accuracy = 0.8056666666666666
Time = 0.44115543365478516
Num Params = 4088906
Ratio = 0.4368544389769016
---------------------44.000000_4.000000.net-----------------------
Accuracy = 0.7946666666666666
Time = 0.4044032096862793
Num Params = 4238794
Ratio = 0.4528683160749249
---------------------56.000000_1.000000.net-----------------------
Accuracy = 0.7390000000000001
Time = 0.3529641628265381
Num Params = 1728970
Ratio = 0.1847213458460267
---------------------66.000000_3.000000.net-----------------------
Accuracy = 0.7613333333333333
Time = 0.363065242767334
Num Params = 1729994
Ratio = 0.18483074893465537
---------------------50.000000_4.000000.net-----------------------
Accuracy = 0.753
Time = 0.3484513759613037
Num Params = 1728970
Ratio = 0.1847213458460267
---------------------16.000000_4.000000.net-----------------------
Accuracy = 0.8233333333333335
Time = 0.5084245204925537
Num Params = 7964874
Ratio = 0.8509588048225394
---------------------26.000000_1.000000.net-----------------------
Accuracy = 0.8
Time = 0.5613758563995361
Num Params = 10838474
Ratio = 1.1579712222867766
---------------------53.000000_2.000000.net-----------------------
Accuracy = 0.764
Time = 0.34871888160705566
Num Params = 1728970
Ratio = 0.1847213458460267
---------------------10.000000_0.000000.net-----------------------
Accuracy = 0.769
Time = 0.5215592384338379
Num Params = 7448906
Ratio = 0.7958333235397625
---------------------81.000000_2.000000.net-----------------------
Accuracy = 0.741
Time = 0.35446810722351074
Num Params = 1728970
Ratio = 0.1847213458460267
---------------------52.000000_1.000000.net-----------------------
Accuracy = 0.7653333333333333
Time = 0.35745954513549805
Num Params = 1729994
Ratio = 0.18483074893465537
---------------------90.000000_3.000000.net-----------------------
Accuracy = 0.8153333333333334
Time = 0.39881014823913574
Num Params = 2466634
Ratio = 0.2635325958169131
---------------------6.000000_1.000000.net-----------------------
Accuracy = 0.7993333333333333
Time = 0.6666820049285889
Num Params = 11172682
Ratio = 1.1936776553379627
---------------------37.000000_0.000000.net-----------------------
Accuracy = 0.8243333333333334
Time = 0.48265600204467773
Num Params = 6008522
Ratio = 0.6419442039974436
---------------------36.000000_1.000000.net-----------------------
Accuracy = 0.7926666666666666
Time = 0.4703693389892578
Num Params = 4387274
Ratio = 0.4687317639260837
---------------------44.000000_0.000000.net-----------------------
Accuracy = 0.7433333333333333
Time = 0.3934900760650635
Num Params = 1914058
Ratio = 0.20449595411566085
---------------------39.000000_4.000000.net-----------------------
Accuracy = 0.8266666666666667
Time = 0.4574916362762451
Num Params = 7224522
Ratio = 0.7718603717440028
---------------------88.000000_3.000000.net-----------------------
Accuracy = 0.7763333333333332
Time = 0.3639068603515625
Num Params = 1730250
Ratio = 0.18485809970681255
---------------------62.000000_0.000000.net-----------------------
Accuracy = 0.7853333333333333
Time = 0.3670365810394287
Num Params = 4088266
Ratio = 0.4367860620465087
---------------------79.000000_0.000000.net-----------------------
Accuracy = 0.7433333333333333
Time = 0.3540961742401123
Num Params = 1730122
Ratio = 0.18484442432073395
---------------------45.000000_3.000000.net-----------------------
Accuracy = 0.8216666666666668
Time = 0.4221041202545166
Num Params = 7038538
Ratio = 0.7519900357718184
---------------------26.000000_0.000000.net-----------------------
Accuracy = 0.8193333333333334
Time = 0.5029799938201904
Num Params = 7446986
Ratio = 0.7956281927485838
---------------------8.000000_2.000000.net-----------------------
Accuracy = 0.7509999999999999
Time = 0.5745823383331299
Num Params = 10398794
Ratio = 1.1109962711068366
---------------------12.000000_0.000000.net-----------------------
Accuracy = 0.7846666666666667
Time = 0.530266284942627
Num Params = 8185162
Ratio = 0.8744941442637845
---------------------29.000000_4.000000.net-----------------------
Accuracy = 0.8370000000000001
Time = 0.5413303375244141
Num Params = 6415434
Ratio = 0.6854182563412659
---------------------2.000000_0.000000.net-----------------------
Accuracy = 0.8080000000000002
Time = 0.5681843757629395
Num Params = 10545610
Ratio = 1.1266819389389737
---------------------34.000000_4.000000.net-----------------------
Accuracy = 0.8386666666666668
Time = 0.51629638671875
Num Params = 7779274
Ratio = 0.8311294950085909
---------------------35.000000_3.000000.net-----------------------
Accuracy = 0.82
Time = 0.43239879608154297
Num Params = 6598730
Ratio = 0.7050014092057998
---------------------65.000000_1.000000.net-----------------------
Accuracy = 0.7843333333333333
Time = 0.3650968074798584
Num Params = 1876554
Ratio = 0.2004890659946354
---------------------34.000000_2.000000.net-----------------------
Accuracy = 0.794
Time = 0.45668768882751465
Num Params = 6818378
Ratio = 0.728468371716652
---------------------90.000000_1.000000.net-----------------------
Accuracy = 0.767
Time = 0.35855674743652344
Num Params = 1729738
Ratio = 0.1848033981624982
---------------------89.000000_4.000000.net-----------------------
Accuracy = 0.7426666666666667
Time = 0.36197638511657715
Num Params = 1730634
Ratio = 0.1848991258650483
---------------------76.000000_2.000000.net-----------------------
Accuracy = 0.794
Time = 0.3663184642791748
Num Params = 4088266
Ratio = 0.4367860620465087
---------------------90.000000_0.000000.net-----------------------
Accuracy = 0.7693333333333334
Time = 0.3659844398498535
Num Params = 1878474
Ratio = 0.20069419678581418
---------------------16.000000_2.000000.net-----------------------
Accuracy = 0.814
Time = 0.4836404323577881
Num Params = 5604554
Ratio = 0.5987846855334288
---------------------42.000000_1.000000.net-----------------------
Accuracy = 0.82
Time = 0.447467565536499
Num Params = 7187402
Ratio = 0.7678945097812131
---------------------65.000000_2.000000.net-----------------------
Accuracy = 0.7983333333333333
Time = 0.3818216323852539
Num Params = 2356170
Ratio = 0.25173073763109405
---------------------93.000000_4.000000.net-----------------------
Accuracy = 0.8093333333333333
Time = 0.38510918617248535
Num Params = 4090698
Ratio = 0.4370458943820018
---------------------23.000000_2.000000.net-----------------------
Accuracy = 0.828
Time = 0.557631254196167
Num Params = 8665162
Ratio = 0.925776842058479
---------------------32.000000_4.000000.net-----------------------
Accuracy = 0.7926666666666666
Time = 0.43814682960510254
Num Params = 2654026
Ratio = 0.2835533610359618
---------------------60.000000_3.000000.net-----------------------
Accuracy = 0.7563333333333333
Time = 0.34766340255737305
Num Params = 1728970
Ratio = 0.1847213458460267
---------------------68.000000_2.000000.net-----------------------
Accuracy = 0.7886666666666666
Time = 0.375532865524292
Num Params = 4089034
Ratio = 0.43686811436298023
---------------------72.000000_4.000000.net-----------------------
Accuracy = 0.769
Time = 0.352980375289917
Num Params = 1728970
Ratio = 0.1847213458460267
---------------------21.000000_1.000000.net-----------------------
Accuracy = 0.7710000000000001
Time = 0.605358362197876
Num Params = 11172554
Ratio = 1.193663979951884
---------------------57.000000_2.000000.net-----------------------
Accuracy = 0.7406666666666666
Time = 0.34815382957458496
Num Params = 1728970
Ratio = 0.1847213458460267
---------------------95.000000_2.000000.net-----------------------
Accuracy = 0.7266666666666667
Time = 0.36577868461608887
Num Params = 1731402
Ratio = 0.18498117818151982
---------------------93.000000_3.000000.net-----------------------
Accuracy = 0.7756666666666666
Time = 0.3712296485900879
Num Params = 2319818
Ratio = 0.24784692798477587
---------------------78.000000_3.000000.net-----------------------
Accuracy = 0.7496666666666667
Time = 0.3877434730529785
Num Params = 4089802
Ratio = 0.43695016667945175
---------------------47.000000_0.000000.net-----------------------
Accuracy = 0.8013333333333335
Time = 0.42682695388793945
Num Params = 4717642
Ratio = 0.504027935394912
---------------------18.000000_3.000000.net-----------------------
Accuracy = 0.839
Time = 0.5480985641479492
Num Params = 8038858
Ratio = 0.8588631779759617
---------------------85.000000_0.000000.net-----------------------
Accuracy = 0.838
Time = 0.4010648727416992
Num Params = 2467018
Ratio = 0.26357362197514883
---------------------55.000000_3.000000.net-----------------------
Accuracy = 0.7256666666666667
Time = 0.3490731716156006
Num Params = 1728970
Ratio = 0.1847213458460267
---------------------45.000000_4.000000.net-----------------------
Accuracy = 0.7873333333333333
Time = 0.3840477466583252
Num Params = 4091594
Ratio = 0.43714162208455193
---------------------28.000000_3.000000.net-----------------------
Accuracy = 0.8366666666666667
Time = 0.5454740524291992
Num Params = 10249674
Ratio = 1.0950644463252848
---------------------89.000000_0.000000.net-----------------------
Accuracy = 0.7390000000000001
Time = 0.4463486671447754
Num Params = 1730122
Ratio = 0.18484442432073395
---------------------78.000000_0.000000.net-----------------------
Accuracy = 0.7493333333333332
Time = 0.4561948776245117
Num Params = 1765834
Ratio = 0.18865985703665922
---------------------25.000000_2.000000.net-----------------------
Accuracy = 0.775
Time = 0.5991237163543701
Num Params = 11024202
Ratio = 1.1778142074868039
---------------------7.000000_2.000000.net-----------------------
Accuracy = 0.7866666666666666
Time = 0.6979053020477295
Num Params = 11025482
Ratio = 1.1779509613475896
---------------------47.000000_4.000000.net-----------------------
Accuracy = 0.815
Time = 0.5219218730926514
Num Params = 4865354
Ratio = 0.5198093309295994
---------------------79.000000_2.000000.net-----------------------
Accuracy = 0.797
Time = 0.37161755561828613
Num Params = 4088266
Ratio = 0.4367860620465087
---------------------5.000000_2.000000.net-----------------------
Accuracy = 0.799
Time = 0.6171355247497559
Num Params = 11025482
Ratio = 1.1779509613475896
---------------------59.000000_3.000000.net-----------------------
Accuracy = 0.7986666666666666
Time = 0.3795199394226074
Num Params = 2318794
Ratio = 0.2477375248961472
---------------------48.000000_2.000000.net-----------------------
Accuracy = 0.752
Time = 0.35735392570495605
Num Params = 1728970
Ratio = 0.1847213458460267
---------------------58.000000_1.000000.net-----------------------
Accuracy = 0.763
Time = 0.35747313499450684
Num Params = 1728970
Ratio = 0.1847213458460267
---------------------38.000000_2.000000.net-----------------------
Accuracy = 0.8043333333333333
Time = 0.4372866153717041
Num Params = 4312906
Ratio = 0.4607863646144257
---------------------88.000000_4.000000.net-----------------------
Accuracy = 0.8080000000000002
Time = 0.42322707176208496
Num Params = 6595146
Ratio = 0.7046184983955994
---------------------53.000000_3.000000.net-----------------------
Accuracy = 0.7693333333333334
Time = 0.34946632385253906
Num Params = 1728970
Ratio = 0.1847213458460267
---------------------22.000000_2.000000.net-----------------------
Accuracy = 0.8106666666666666
Time = 0.5340316295623779
Num Params = 7965514
Ratio = 0.8510271817529323
---------------------52.000000_0.000000.net-----------------------
Accuracy = 0.773
Time = 0.49538636207580566
Num Params = 1728970
Ratio = 0.1847213458460267
---------------------19.000000_1.000000.net-----------------------
Accuracy = 0.799
Time = 0.6083180904388428
Num Params = 10987978
Ratio = 1.1739440732265642
---------------------94.000000_2.000000.net-----------------------
Accuracy = 0.8216666666666668
Time = 0.41404247283935547
Num Params = 4826186
Ratio = 0.5156246627895522
---------------------57.000000_4.000000.net-----------------------
Accuracy = 0.7303333333333333
Time = 0.34659290313720703
Num Params = 1728970
Ratio = 0.1847213458460267
---------------------90.000000_2.000000.net-----------------------
Accuracy = 0.7356666666666666
Time = 0.3575432300567627
Num Params = 1729354
Ratio = 0.18476237200426246
---------------------55.000000_0.000000.net-----------------------
Accuracy = 0.7566666666666667
Time = 0.348311185836792
Num Params = 1728970
Ratio = 0.1847213458460267
---------------------70.000000_2.000000.net-----------------------
Accuracy = 0.767
Time = 0.3614990711212158
Num Params = 1730378
Ratio = 0.18487177509289113
---------------------54.000000_3.000000.net-----------------------
Accuracy = 0.7536666666666667
Time = 0.34853172302246094
Num Params = 1728970
Ratio = 0.1847213458460267
---------------------29.000000_3.000000.net-----------------------
Accuracy = 0.828
Time = 0.5273146629333496
Num Params = 8183882
Ratio = 0.8743573904029986
---------------------68.000000_1.000000.net-----------------------
Accuracy = 0.7559999999999999
Time = 0.41194963455200195
Num Params = 1877450
Ratio = 0.2005847936971855
---------------------96.000000_4.000000.net-----------------------
Accuracy = 0.8136666666666666
Time = 0.4383666515350342
Num Params = 2466890
Ratio = 0.2635599465890702
---------------------90.000000_4.000000.net-----------------------
Accuracy = 0.7986666666666666
Time = 0.47391390800476074
Num Params = 4089034
Ratio = 0.43686811436298023
---------------------8.000000_0.000000.net-----------------------
Accuracy = 0.784
Time = 0.5909979343414307
Num Params = 8777674
Ratio = 0.9377975064215553
---------------------2.000000_4.000000.net-----------------------
Accuracy = 0.7816666666666666
Time = 0.559312105178833
Num Params = 8629706
Ratio = 0.9219887601147109
---------------------94.000000_3.000000.net-----------------------
Accuracy = 0.7636666666666667
Time = 0.36352038383483887
Num Params = 1729098
Ratio = 0.18473502123210528
---------------------92.000000_3.000000.net-----------------------
Accuracy = 0.795
Time = 0.375136137008667
Num Params = 2319306
Ratio = 0.24779222644046153
---------------------33.000000_3.000000.net-----------------------
Accuracy = 0.826
Time = 0.6252386569976807
Num Params = 5750090
Ratio = 0.6143335995047801
---------------------53.000000_0.000000.net-----------------------
Accuracy = 0.7623333333333333
Time = 0.36244893074035645
Num Params = 1728970
Ratio = 0.1847213458460267
---------------------2.000000_2.000000.net-----------------------
Accuracy = 0.7813333333333332
Time = 0.5503818988800049
Num Params = 5531338
Ratio = 0.590962364696478
---------------------11.000000_3.000000.net-----------------------
Accuracy = 0.789
Time = 0.6625847816467285
Num Params = 10988234
Ratio = 1.1739714239987213
---------------------60.000000_0.000000.net-----------------------
Accuracy = 0.7286666666666668
Time = 0.3678858280181885
Num Params = 1728970
Ratio = 0.1847213458460267
---------------------63.000000_0.000000.net-----------------------
Accuracy = 0.7213333333333334
Time = 0.35505247116088867
Num Params = 1729482
Ratio = 0.18477604739034104
---------------------36.000000_0.000000.net-----------------------
Accuracy = 0.8066666666666665
Time = 0.44139695167541504
Num Params = 7188810
Ratio = 0.7680449390280775
---------------------99.000000_0.000000.net-----------------------
Accuracy = 0.805
Time = 0.388599157333374
Num Params = 4125130
Ratio = 0.44072457323714126
---------------------52.000000_4.000000.net-----------------------
Accuracy = 0.75
Time = 0.34705257415771484
Num Params = 1728970
Ratio = 0.1847213458460267
---------------------98.000000_2.000000.net-----------------------
Accuracy = 0.7813333333333332
Time = 0.4095795154571533
Num Params = 6448714
Ratio = 0.688973856721698
---------------------4.000000_3.000000.net-----------------------
Accuracy = 0.8206666666666667
Time = 0.5783169269561768
Num Params = 8777034
Ratio = 0.9377291294911624
---------------------31.000000_0.000000.net-----------------------
Accuracy = 0.8243333333333334
Time = 0.46663784980773926
Num Params = 5565770
Ratio = 0.5946410435516174
---------------------81.000000_1.000000.net-----------------------
Accuracy = 0.7996666666666666
Time = 0.37844133377075195
Num Params = 4235722
Ratio = 0.45254010680903883
---------------------74.000000_3.000000.net-----------------------
Accuracy = 0.769
Time = 0.34665584564208984
Num Params = 1728970
Ratio = 0.1847213458460267
---------------------69.000000_1.000000.net-----------------------
Accuracy = 0.7829999999999999
Time = 0.38756227493286133
Num Params = 4236746
Ratio = 0.4526495098976675
---------------------70.000000_3.000000.net-----------------------
Accuracy = 0.7393333333333332
Time = 0.34959888458251953
Num Params = 1729482
Ratio = 0.18477604739034104
---------------------4.000000_1.000000.net-----------------------
Accuracy = 0.8076666666666666
Time = 0.6271626949310303
Num Params = 8738762
Ratio = 0.9336401890536654
---------------------78.000000_4.000000.net-----------------------
Accuracy = 0.7390000000000001
Time = 0.40226125717163086
Num Params = 1728970
Ratio = 0.1847213458460267
---------------------40.000000_1.000000.net-----------------------
Accuracy = 0.814
Time = 0.46920251846313477
Num Params = 6632394
Ratio = 0.7085980357444677
---------------------58.000000_3.000000.net-----------------------
Accuracy = 0.7316666666666667
Time = 0.4213712215423584
Num Params = 1729482
Ratio = 0.18477604739034104
---------------------71.000000_1.000000.net-----------------------
Accuracy = 0.7873333333333333
Time = 0.4633066654205322
Num Params = 1766346
Ratio = 0.18871455858097355
---------------------71.000000_0.000000.net-----------------------
Accuracy = 0.7436666666666667
Time = 0.38663172721862793
Num Params = 1729482
Ratio = 0.18477604739034104
---------------------81.000000_0.000000.net-----------------------
Accuracy = 0.7806666666666666
Time = 0.4090402126312256
Num Params = 4236234
Ratio = 0.4525948083533532
---------------------30.000000_0.000000.net-----------------------
Accuracy = 0.767
Time = 0.4570291042327881
Num Params = 2249674
Ratio = 0.2403528164137112
---------------------4.000000_0.000000.net-----------------------
Accuracy = 0.799
Time = 0.587235689163208
Num Params = 8665930
Ratio = 0.9258588943749505
---------------------87.000000_4.000000.net-----------------------
Accuracy = 0.757
Time = 0.40608882904052734
Num Params = 1730250
Ratio = 0.18485809970681255
---------------------74.000000_2.000000.net-----------------------
Accuracy = 0.7609999999999999
Time = 0.3641993999481201
Num Params = 1729098
Ratio = 0.18473502123210528
---------------------34.000000_1.000000.net-----------------------
Accuracy = 0.8006666666666666
Time = 0.4342691898345947
Num Params = 4421066
Ratio = 0.47234206585083016
---------------------74.000000_4.000000.net-----------------------
Accuracy = 0.7566666666666667
Time = 0.35010600090026855
Num Params = 1728970
Ratio = 0.1847213458460267
---------------------55.000000_4.000000.net-----------------------
Accuracy = 0.7393333333333332
Time = 0.34850645065307617
Num Params = 1728970
Ratio = 0.1847213458460267
---------------------55.000000_1.000000.net-----------------------
Accuracy = 0.743
Time = 0.3487677574157715
Num Params = 1728970
Ratio = 0.1847213458460267
---------------------5.000000_4.000000.net-----------------------
Accuracy = 0.7426666666666667
Time = 0.602902889251709
Num Params = 11136842
Ratio = 1.1898485472359588
---------------------30.000000_4.000000.net-----------------------
Accuracy = 0.8156666666666667
Time = 0.46178221702575684
Num Params = 6672330
Ratio = 0.7128647562009863
---------------------66.000000_1.000000.net-----------------------
Accuracy = 0.7933333333333333
Time = 0.3629744052886963
Num Params = 1876554
Ratio = 0.2004890659946354
---------------------52.000000_2.000000.net-----------------------
Accuracy = 0.7666666666666667
Time = 0.3453664779663086
Num Params = 1728970
Ratio = 0.1847213458460267
---------------------46.000000_1.000000.net-----------------------
Accuracy = 0.7846666666666667
Time = 0.40384912490844727
Num Params = 2468170
Ratio = 0.2636967004498561
---------------------63.000000_4.000000.net-----------------------
Accuracy = 0.7623333333333333
Time = 0.34845709800720215
Num Params = 1729226
Ratio = 0.18474869661818386
---------------------74.000000_1.000000.net-----------------------
Accuracy = 0.7593333333333334
Time = 0.3502373695373535
Num Params = 1728970
Ratio = 0.1847213458460267
---------------------70.000000_1.000000.net-----------------------
Accuracy = 0.7483333333333333
Time = 0.3505556583404541
Num Params = 1729482
Ratio = 0.18477604739034104
---------------------84.000000_2.000000.net-----------------------
Accuracy = 0.7976666666666666
Time = 0.3882732391357422
Num Params = 2319178
Ratio = 0.24777855105438296
---------------------50.000000_0.000000.net-----------------------
Accuracy = 0.7756666666666666
Time = 0.351269006729126
Num Params = 1729994
Ratio = 0.18483074893465537
---------------------40.000000_3.000000.net-----------------------
Accuracy = 0.7823333333333333
Time = 0.42739415168762207
Num Params = 7039562
Ratio = 0.7520994388604472
---------------------48.000000_3.000000.net-----------------------
Accuracy = 0.7289999999999999
Time = 0.3699007034301758
Num Params = 1731914
Ratio = 0.18503587972583416
---------------------39.000000_0.000000.net-----------------------
Accuracy = 0.8213333333333334
Time = 0.4187443256378174
Num Params = 4128970
Ratio = 0.4411348348194988
---------------------30.000000_2.000000.net-----------------------
Accuracy = 0.802
Time = 0.41901206970214844
Num Params = 6451146
Ratio = 0.6892336890571911
---------------------31.000000_2.000000.net-----------------------
Accuracy = 0.8143333333333334
Time = 0.5009536743164062
Num Params = 7888074
Ratio = 0.8427535731753883
---------------------33.000000_4.000000.net-----------------------
Accuracy = 0.8096666666666666
Time = 0.46066808700561523
Num Params = 5049674
Ratio = 0.539501886882762
---------------------47.000000_2.000000.net-----------------------
Accuracy = 0.7616666666666667
Time = 0.4089694023132324
Num Params = 4678218
Ratio = 0.4998159164827078
---------------------10.000000_3.000000.net-----------------------
Accuracy = 0.8256666666666667
Time = 0.5194766521453857
Num Params = 5237578
Ratio = 0.559577353646125
---------------------82.000000_4.000000.net-----------------------
Accuracy = 0.7866666666666666
Time = 0.36037230491638184
Num Params = 1729226
Ratio = 0.18474869661818386
---------------------0.000000_4.000000.net-----------------------
Accuracy = 0.8233333333333335
Time = 0.4715144634246826
Num Params = 5492426
Ratio = 0.5868050473285881
---------------------46.000000_2.000000.net-----------------------
Accuracy = 0.7296666666666667
Time = 0.36917853355407715
Num Params = 1767370
Ratio = 0.18882396166960225
---------------------13.000000_3.000000.net-----------------------
Accuracy = 0.8163333333333334
Time = 0.5241849422454834
Num Params = 8404810
Ratio = 0.8979611067746367
---------------------21.000000_3.000000.net-----------------------
Accuracy = 0.8219999999999998
Time = 0.5506036281585693
Num Params = 5863242
Ratio = 0.6264226407982494
---------------------91.000000_2.000000.net-----------------------
Accuracy = 0.8066666666666665
Time = 0.49629807472229004
Num Params = 4678218
Ratio = 0.4998159164827078
---------------------85.000000_4.000000.net-----------------------
Accuracy = 0.7916666666666665
Time = 0.4255526065826416
Num Params = 1950666
Ratio = 0.2084071145341362
---------------------19.000000_2.000000.net-----------------------
Accuracy = 0.8113333333333334
Time = 0.47599053382873535
Num Params = 4573130
Ratio = 0.48858842451218937
---------------------54.000000_4.000000.net-----------------------
Accuracy = 0.7583333333333333
Time = 0.3493387699127197
Num Params = 1728970
Ratio = 0.1847213458460267
---------------------79.000000_3.000000.net-----------------------
Accuracy = 0.809
Time = 0.4075188636779785
Num Params = 6447946
Ratio = 0.6888918044052265
---------------------5.000000_0.000000.net-----------------------
Accuracy = 0.8053333333333333
Time = 0.5641951560974121
Num Params = 10397130
Ratio = 1.110818491087815
---------------------79.000000_1.000000.net-----------------------
Accuracy = 0.7186666666666668
Time = 0.35746145248413086
Num Params = 1730250
Ratio = 0.18485809970681255
---------------------15.000000_0.000000.net-----------------------
Accuracy = 0.825
Time = 0.49066615104675293
Num Params = 7375306
Ratio = 0.7879699765445761
---------------------69.000000_0.000000.net-----------------------
Accuracy = 0.7623333333333333
Time = 0.3657970428466797
Num Params = 1765834
Ratio = 0.18865985703665922
---------------------11.000000_1.000000.net-----------------------
Accuracy = 0.7906666666666666
Time = 0.5347368717193604
Num Params = 6415178
Ratio = 0.6853909055691086
---------------------75.000000_4.000000.net-----------------------
Accuracy = 0.7513333333333333
Time = 0.35213446617126465
Num Params = 1728970
Ratio = 0.1847213458460267
---------------------54.000000_0.000000.net-----------------------
Accuracy = 0.7543333333333334
Time = 0.3484506607055664
Num Params = 1728970
Ratio = 0.1847213458460267
---------------------34.000000_0.000000.net-----------------------
Accuracy = 0.8153333333333334
Time = 0.5270082950592041
Num Params = 8439882
Ratio = 0.9017081625601691
---------------------86.000000_4.000000.net-----------------------
Accuracy = 0.7963333333333334
Time = 0.3956267833709717
Num Params = 6447562
Ratio = 0.6888507782469907
---------------------83.000000_0.000000.net-----------------------
Accuracy = 0.8083333333333332
Time = 0.43212413787841797
Num Params = 6742602
Ratio = 0.7203725431581296
---------------------37.000000_1.000000.net-----------------------
Accuracy = 0.818
Time = 0.5007500648498535
Num Params = 9768394
Ratio = 1.0436449946698045
---------------------20.000000_1.000000.net-----------------------
Accuracy = 0.7340000000000001
Time = 0.5852494239807129
Num Params = 8666442
Ratio = 0.9259135959192648
---------------------27.000000_4.000000.net-----------------------
Accuracy = 0.819
Time = 0.46564173698425293
Num Params = 4905162
Ratio = 0.5240623760000394
---------------------72.000000_3.000000.net-----------------------
Accuracy = 0.8046666666666666
Time = 0.3880789279937744
Num Params = 4125130
Ratio = 0.44072457323714126
---------------------97.000000_4.000000.net-----------------------
Accuracy = 0.8096666666666666
Time = 0.3795137405395508
Num Params = 2320074
Ratio = 0.24787427875693305
---------------------20.000000_0.000000.net-----------------------
Accuracy = 0.8080000000000002
Time = 0.5276157855987549
Num Params = 7892170
Ratio = 0.843191185529903
---------------------60.000000_4.000000.net-----------------------
Accuracy = 0.7593333333333334
Time = 0.35191822052001953
Num Params = 1729994
Ratio = 0.18483074893465537
---------------------46.000000_3.000000.net-----------------------
Accuracy = 0.768
Time = 0.39032959938049316
Num Params = 4236106
Ratio = 0.4525811329672746
---------------------27.000000_3.000000.net-----------------------
Accuracy = 0.811
Time = 0.5368099212646484
Num Params = 8589642
Ratio = 0.9177083642721137
---------------------18.000000_1.000000.net-----------------------
Accuracy = 0.8383333333333334
Time = 0.5374565124511719
Num Params = 8037066
Ratio = 0.8586717225708614
---------------------28.000000_0.000000.net-----------------------
Accuracy = 0.8403333333333333
Time = 0.478090763092041
Num Params = 5051466
Ratio = 0.5396933422878621
---------------------50.000000_3.000000.net-----------------------
Accuracy = 0.7396666666666667
Time = 0.36525583267211914
Num Params = 1766858
Ratio = 0.1887692601252879
---------------------61.000000_0.000000.net-----------------------
Accuracy = 0.7956666666666666
Time = 0.36708974838256836
Num Params = 2318794
Ratio = 0.2477375248961472
---------------------38.000000_4.000000.net-----------------------
Accuracy = 0.7616666666666667
Time = 0.4179835319519043
Num Params = 2505034
Ratio = 0.26763521164048865
---------------------30.000000_1.000000.net-----------------------
Accuracy = 0.8173333333333334
Time = 0.509401798248291
Num Params = 6340298
Ratio = 0.6773908047131364
---------------------46.000000_0.000000.net-----------------------
Accuracy = 0.7436666666666667
Time = 0.4211874008178711
Num Params = 4164170
Ratio = 0.44489556599110974
---------------------69.000000_4.000000.net-----------------------
Accuracy = 0.8103333333333333
Time = 0.37056899070739746
Num Params = 2023882
Ratio = 0.21622943537108694
---------------------87.000000_2.000000.net-----------------------
Accuracy = 0.797
Time = 0.4063143730163574
Num Params = 6448458
Ratio = 0.6889465059495408
---------------------1.000000_4.000000.net-----------------------
Accuracy = 0.7879999999999999
Time = 0.5025763511657715
Num Params = 3320138
Ratio = 0.35472007018891905
---------------------20.000000_4.000000.net-----------------------
Accuracy = 0.774
Time = 0.5792949199676514
Num Params = 10986442
Ratio = 1.1737799685936212
---------------------22.000000_4.000000.net-----------------------
Accuracy = 0.7866666666666666
Time = 0.5543498992919922
Num Params = 8591818
Ratio = 0.9179408458354497
---------------------25.000000_0.000000.net-----------------------
Accuracy = 0.8183333333333335
Time = 0.5351142883300781
Num Params = 8443978
Ratio = 0.9021457749146837
---------------------60.000000_2.000000.net-----------------------
Accuracy = 0.7296666666666667
Time = 0.44884586334228516
Num Params = 1728970
Ratio = 0.1847213458460267
---------------------96.000000_2.000000.net-----------------------
Accuracy = 0.7883333333333333
Time = 0.42268800735473633
Num Params = 4090058
Ratio = 0.4369775174516089
---------------------25.000000_3.000000.net-----------------------
Accuracy = 0.7966666666666665
Time = 0.573667049407959
Num Params = 8444106
Ratio = 0.9021594503007624
---------------------83.000000_4.000000.net-----------------------
Accuracy = 0.7543333333333334
Time = 0.3932991027832031
Num Params = 1766090
Ratio = 0.1886872078088164
---------------------84.000000_0.000000.net-----------------------
Accuracy = 0.7346666666666667
Time = 0.37009382247924805
Num Params = 1730122
Ratio = 0.18484442432073395
---------------------52.000000_3.000000.net-----------------------
Accuracy = 0.757
Time = 0.34894824028015137
Num Params = 1728970
Ratio = 0.1847213458460267
---------------------81.000000_4.000000.net-----------------------
Accuracy = 0.8286666666666666
Time = 0.413604736328125
Num Params = 4715338
Ratio = 0.5037817784454975
---------------------58.000000_4.000000.net-----------------------
Accuracy = 0.757
Time = 0.34978771209716797
Num Params = 1728970
Ratio = 0.1847213458460267
---------------------18.000000_2.000000.net-----------------------
Accuracy = 0.8106666666666666
Time = 0.5634455680847168
Num Params = 8627786
Ratio = 0.9217836293235321
---------------------43.000000_2.000000.net-----------------------
Accuracy = 0.7903333333333333
Time = 0.40417957305908203
Num Params = 2504522
Ratio = 0.2675805100961743
---------------------36.000000_4.000000.net-----------------------
Accuracy = 0.787
Time = 0.46102094650268555
Num Params = 7776970
Ratio = 0.8308833380591764
---------------------76.000000_1.000000.net-----------------------
Accuracy = 0.7823333333333333
Time = 0.3744847774505615
Num Params = 1913802
Ratio = 0.2044686033435037
---------------------91.000000_4.000000.net-----------------------
Accuracy = 0.7573333333333333
Time = 0.3727598190307617
Num Params = 1729226
Ratio = 0.18474869661818386
---------------------17.000000_3.000000.net-----------------------
Accuracy = 0.812
Time = 0.6782810688018799
Num Params = 10582218
Ratio = 1.1305930993574491
---------------------9.000000_1.000000.net-----------------------
Accuracy = 0.8
Time = 0.5810425281524658
Num Params = 10508234
Ratio = 1.1226887262040268
---------------------78.000000_2.000000.net-----------------------
Accuracy = 0.735
Time = 0.3661656379699707
Num Params = 1765834
Ratio = 0.18865985703665922
---------------------76.000000_4.000000.net-----------------------
Accuracy = 0.7596666666666667
Time = 0.3464198112487793
Num Params = 1728970
Ratio = 0.1847213458460267
---------------------13.000000_2.000000.net-----------------------
Accuracy = 0.816
Time = 0.5325977802276611
Num Params = 9805770
Ratio = 1.0476382074047514
---------------------84.000000_3.000000.net-----------------------
Accuracy = 0.801
Time = 0.407351016998291
Num Params = 4681674
Ratio = 0.5001851519068296
---------------------13.000000_4.000000.net-----------------------
Accuracy = 0.7390000000000001
Time = 0.5710277557373047
Num Params = 8665802
Ratio = 0.9258452189888718
---------------------25.000000_4.000000.net-----------------------
Accuracy = 0.7853333333333333
Time = 0.5426840782165527
Num Params = 10470730
Ratio = 1.1186818380830015
---------------------28.000000_2.000000.net-----------------------
Accuracy = 0.7776666666666666
Time = 0.5398581027984619
Num Params = 10765258
Ratio = 1.150148901449826
---------------------76.000000_3.000000.net-----------------------
Accuracy = 0.7556666666666668
Time = 0.3511967658996582
Num Params = 1729226
Ratio = 0.18474869661818386
---------------------75.000000_3.000000.net-----------------------
Accuracy = 0.7883333333333333
Time = 0.36286306381225586
Num Params = 1876938
Ratio = 0.20053009215287115
---------------------68.000000_4.000000.net-----------------------
Accuracy = 0.7123333333333334
Time = 0.35906124114990234
Num Params = 1729994
Ratio = 0.18483074893465537
---------------------86.000000_2.000000.net-----------------------
Accuracy = 0.7603333333333333
Time = 0.34951257705688477
Num Params = 1728970
Ratio = 0.1847213458460267
---------------------61.000000_3.000000.net-----------------------
Accuracy = 0.7576666666666667
Time = 0.3490622043609619
Num Params = 1728970
Ratio = 0.1847213458460267
---------------------95.000000_1.000000.net-----------------------
Accuracy = 0.775
Time = 0.38265514373779297
Num Params = 4090058
Ratio = 0.4369775174516089
---------------------38.000000_1.000000.net-----------------------
Accuracy = 0.7933333333333333
Time = 0.48238134384155273
Num Params = 5529162
Ratio = 0.590729883133142
---------------------12.000000_2.000000.net-----------------------
Accuracy = 0.7993333333333333
Time = 0.5681171417236328
Num Params = 6452938
Ratio = 0.6894251444622913
---------------------85.000000_2.000000.net-----------------------
Accuracy = 0.8133333333333332
Time = 0.3862292766571045
Num Params = 1803850
Ratio = 0.19272144670199903
---------------------77.000000_4.000000.net-----------------------
Accuracy = 0.7933333333333333
Time = 0.38184285163879395
Num Params = 4088394
Ratio = 0.43679973743258727
---------------------62.000000_2.000000.net-----------------------
Accuracy = 0.7496666666666667
Time = 0.35262370109558105
Num Params = 1728970
Ratio = 0.1847213458460267
---------------------48.000000_4.000000.net-----------------------
Accuracy = 0.7846666666666667
Time = 0.3915233612060547
Num Params = 1913930
Ratio = 0.20448227872958227
---------------------67.000000_1.000000.net-----------------------
Accuracy = 0.8113333333333334
Time = 0.38652682304382324
Num Params = 2466250
Ratio = 0.2634915696586773
---------------------81.000000_3.000000.net-----------------------
Accuracy = 0.7713333333333332
Time = 0.388028621673584
Num Params = 4089930
Ratio = 0.4369638420655303
---------------------35.000000_4.000000.net-----------------------
Accuracy = 0.7963333333333334
Time = 0.501847505569458
Num Params = 9474122
Ratio = 1.0122052820751373
---------------------89.000000_3.000000.net-----------------------
Accuracy = 0.7706666666666667
Time = 0.3613617420196533
Num Params = 1876682
Ratio = 0.200502741380714
---------------------46.000000_4.000000.net-----------------------
Accuracy = 0.809
Time = 0.4735260009765625
Num Params = 9692234
Ratio = 1.0355081399530464
---------------------87.000000_3.000000.net-----------------------
Accuracy = 0.7786666666666666
Time = 0.45273590087890625
Num Params = 2320970
Ratio = 0.24797000645948314
---------------------47.000000_1.000000.net-----------------------
Accuracy = 0.7906666666666666
Time = 0.41744375228881836
Num Params = 4236746
Ratio = 0.4526495098976675
---------------------97.000000_2.000000.net-----------------------
Accuracy = 0.7933333333333333
Time = 0.39576077461242676
Num Params = 2321738
Ratio = 0.24805205877595465
---------------------2.000000_1.000000.net-----------------------
Accuracy = 0.8169999999999998
Time = 0.5620319843292236
Num Params = 8222154
Ratio = 0.8784463308404956
---------------------65.000000_3.000000.net-----------------------
Accuracy = 0.795
Time = 0.4200165271759033
Num Params = 4752330
Ratio = 0.5077339650222086
---------------------10.000000_2.000000.net-----------------------
Accuracy = 0.806
Time = 0.5741853713989258
Num Params = 9992778
Ratio = 1.0676179464655644
---------------------19.000000_0.000000.net-----------------------
Accuracy = 0.823
Time = 0.5731029510498047
Num Params = 9993930
Ratio = 1.0677410249402717
---------------------58.000000_2.000000.net-----------------------
Accuracy = 0.7983333333333333
Time = 0.5063776969909668
Num Params = 4088266
Ratio = 0.4367860620465087
---------------------97.000000_3.000000.net-----------------------
Accuracy = 0.7743333333333333
Time = 0.3942697048187256
Num Params = 4088266
Ratio = 0.4367860620465087
---------------------20.000000_3.000000.net-----------------------
Accuracy = 0.7556666666666668
Time = 0.620635986328125
Num Params = 8628810
Ratio = 0.9218930324121608
---------------------77.000000_3.000000.net-----------------------
Accuracy = 0.7763333333333332
Time = 0.4629366397857666
Num Params = 2319562
Ratio = 0.2478195772126187
---------------------19.000000_4.000000.net-----------------------
Accuracy = 0.8003333333333333
Time = 0.5868685245513916
Num Params = 9955530
Ratio = 1.0636384091166962
---------------------65.000000_4.000000.net-----------------------
Accuracy = 0.779
Time = 0.4013974666595459
Num Params = 1915722
Ratio = 0.20467373413468246
---------------------31.000000_4.000000.net-----------------------
Accuracy = 0.8226666666666667
Time = 0.5024588108062744
Num Params = 8369994
Ratio = 0.8942414017612615
---------------------63.000000_2.000000.net-----------------------
Accuracy = 0.7836666666666666
Time = 0.3499577045440674
Num Params = 1729482
Ratio = 0.18477604739034104
---------------------56.000000_4.000000.net-----------------------
Accuracy = 0.7616666666666667
Time = 0.34834814071655273
Num Params = 1728970
Ratio = 0.1847213458460267
---------------------95.000000_0.000000.net-----------------------
Accuracy = 0.764
Time = 0.36141371726989746
Num Params = 1729610
Ratio = 0.1847897227764196
---------------------3.000000_0.000000.net-----------------------
Accuracy = 0.8080000000000002
Time = 0.5232939720153809
Num Params = 9845450
Ratio = 1.051877577089113
---------------------24.000000_1.000000.net-----------------------
Accuracy = 0.8223333333333334
Time = 0.5121364593505859
Num Params = 5642314
Ratio = 0.6028189244266113
---------------------94.000000_1.000000.net-----------------------
Accuracy = 0.8169999999999998
Time = 0.37853074073791504
Num Params = 2318922
Ratio = 0.24775120028222578
---------------------98.000000_4.000000.net-----------------------
Accuracy = 0.8286666666666666
Time = 0.4127373695373535
Num Params = 4826186
Ratio = 0.5156246627895522
---------------------8.000000_4.000000.net-----------------------
Accuracy = 0.7533333333333333
Time = 0.562608003616333
Num Params = 8187850
Ratio = 0.8747813273714348
---------------------7.000000_0.000000.net-----------------------
Accuracy = 0.7083333333333335
Time = 0.620086669921875
Num Params = 11172938
Ratio = 1.1937050061101198
---------------------41.000000_2.000000.net-----------------------
Accuracy = 0.7863333333333332
Time = 0.41753673553466797
Num Params = 4863690
Ratio = 0.5196315509105777
---------------------24.000000_0.000000.net-----------------------
Accuracy = 0.834
Time = 0.4965169429779053
Num Params = 7521738
Ratio = 0.8036146182184776
---------------------8.000000_1.000000.net-----------------------
Accuracy = 0.835
Time = 0.5626401901245117
Num Params = 8223050
Ratio = 0.8785420585430458
---------------------71.000000_4.000000.net-----------------------
Accuracy = 0.7556666666666668
Time = 0.3490109443664551
Num Params = 1728970
Ratio = 0.1847213458460267
---------------------57.000000_3.000000.net-----------------------
Accuracy = 0.728
Time = 0.35405468940734863
Num Params = 1728970
Ratio = 0.1847213458460267
---------------------76.000000_0.000000.net-----------------------
Accuracy = 0.7326666666666667
Time = 0.35456418991088867
Num Params = 1728970
Ratio = 0.1847213458460267
---------------------60.000000_1.000000.net-----------------------
Accuracy = 0.7576666666666667
Time = 0.35076141357421875
Num Params = 1728970
Ratio = 0.1847213458460267
---------------------17.000000_1.000000.net-----------------------
Accuracy = 0.8203333333333334
Time = 0.5332202911376953
Num Params = 10324554
Ratio = 1.1030645471812572
---------------------28.000000_4.000000.net-----------------------
Accuracy = 0.8056666666666666
Time = 0.45388174057006836
Num Params = 2693194
Ratio = 0.2877380291760088
---------------------22.000000_0.000000.net-----------------------
Accuracy = 0.8203333333333334
Time = 0.5220108032226562
Num Params = 7854410
Ratio = 0.8391569466367205
---------------------45.000000_1.000000.net-----------------------
Accuracy = 0.8216666666666668
Time = 0.42824435234069824
Num Params = 4716106
Ratio = 0.5038638307619691
---------------------54.000000_1.000000.net-----------------------
Accuracy = 0.7706666666666667
Time = 0.3464701175689697
Num Params = 1728970
Ratio = 0.1847213458460267
---------------------98.000000_3.000000.net-----------------------
Accuracy = 0.8163333333333334
Time = 0.40366411209106445
Num Params = 4383690
Ratio = 0.4683488531158833
---------------------13.000000_0.000000.net-----------------------
Accuracy = 0.8086666666666666
Time = 0.4999251365661621
Num Params = 5495498
Ratio = 0.5871332565944741
---------------------47.000000_3.000000.net-----------------------
Accuracy = 0.7613333333333333
Time = 0.3931429386138916
Num Params = 4237770
Ratio = 0.45275891298629617
---------------------59.000000_2.000000.net-----------------------
Accuracy = 0.754
Time = 0.34861063957214355
Num Params = 1728970
Ratio = 0.1847213458460267
---------------------64.000000_3.000000.net-----------------------
Accuracy = 0.7146666666666667
Time = 0.3509209156036377
Num Params = 1729994
Ratio = 0.18483074893465537
---------------------40.000000_4.000000.net-----------------------
Accuracy = 0.743
Time = 0.35413169860839844
Num Params = 1730250
Ratio = 0.18485809970681255
---------------------80.000000_0.000000.net-----------------------
Accuracy = 0.7546666666666667
Time = 0.35246729850769043
Num Params = 1729482
Ratio = 0.18477604739034104
---------------------0.000000_0.000000.net-----------------------
Accuracy = 0.807
Time = 0.5983760356903076
Num Params = 8184266
Ratio = 0.8743984165612344
---------------------11.000000_4.000000.net-----------------------
Accuracy = 0.8169999999999998
Time = 0.6307370662689209
Num Params = 8629578
Ratio = 0.9219750847286322
---------------------21.000000_0.000000.net-----------------------
Accuracy = 0.7936666666666666
Time = 0.6109404563903809
Num Params = 10398154
Ratio = 1.1109278941764438
---------------------68.000000_0.000000.net-----------------------
Accuracy = 0.777
Time = 0.46259570121765137
Num Params = 1729226
Ratio = 0.18474869661818386
---------------------51.000000_0.000000.net-----------------------
Accuracy = 0.7426666666666667
Time = 0.3700282573699951
Num Params = 1728970
Ratio = 0.1847213458460267
---------------------56.000000_0.000000.net-----------------------
Accuracy = 0.7583333333333333
Time = 0.3715498447418213
Num Params = 1728970
Ratio = 0.1847213458460267
---------------------36.000000_2.000000.net-----------------------
Accuracy = 0.7810000000000001
Time = 0.4689490795135498
Num Params = 5013450
Ratio = 0.5356317526225224
---------------------9.000000_0.000000.net-----------------------
Accuracy = 0.824
Time = 0.5472371578216553
Num Params = 8075850
Ratio = 0.8628153645526728
---------------------14.000000_3.000000.net-----------------------
Accuracy = 0.7573333333333333
Time = 0.5413439273834229
Num Params = 7926218
Ratio = 0.8468288382268067
---------------------5.000000_3.000000.net-----------------------
Accuracy = 0.7833333333333333
Time = 0.6009848117828369
Num Params = 8814538
Ratio = 0.9417360176121878
---------------------67.000000_4.000000.net-----------------------
Accuracy = 0.7686666666666667
Time = 0.35512423515319824
Num Params = 1729738
Ratio = 0.1848033981624982
---------------------14.000000_1.000000.net-----------------------
Accuracy = 0.8193333333333334
Time = 0.5370838642120361
Num Params = 9696330
Ratio = 1.0359457523075613
---------------------4.000000_4.000000.net-----------------------
Accuracy = 0.735
Time = 0.7230715751647949
Num Params = 8665162
Ratio = 0.925776842058479
---------------------88.000000_0.000000.net-----------------------
Accuracy = 0.7653333333333333
Time = 0.46274232864379883
Num Params = 1728970
Ratio = 0.1847213458460267
---------------------26.000000_3.000000.net-----------------------
Accuracy = 0.7993333333333333
Time = 0.53118896484375
Num Params = 6488778
Ratio = 0.6932542525642952
---------------------80.000000_1.000000.net-----------------------
Accuracy = 0.7453333333333333
Time = 0.3528256416320801
Num Params = 1729738
Ratio = 0.1848033981624982
---------------------49.000000_1.000000.net-----------------------
Accuracy = 0.7536666666666667
Time = 0.35118651390075684
Num Params = 1729994
Ratio = 0.18483074893465537
---------------------73.000000_0.000000.net-----------------------
Accuracy = 0.752
Time = 0.35373687744140625
Num Params = 1728970
Ratio = 0.1847213458460267
---------------------31.000000_3.000000.net-----------------------
Accuracy = 0.791
Time = 0.4879038333892822
Num Params = 5493322
Ratio = 0.5869007750311382
---------------------23.000000_0.000000.net-----------------------
Accuracy = 0.7846666666666667
Time = 0.6089909076690674
Num Params = 8147658
Ratio = 0.870487256142759
---------------------89.000000_1.000000.net-----------------------
Accuracy = 0.733
Time = 0.37296175956726074
Num Params = 1730506
Ratio = 0.1848854504789697
---------------------18.000000_4.000000.net-----------------------
Accuracy = 0.8326666666666667
Time = 0.5619156360626221
Num Params = 10360522
Ratio = 1.1069073306693396
---------------------59.000000_4.000000.net-----------------------
Accuracy = 0.7559999999999999
Time = 0.35364341735839844
Num Params = 1728970
Ratio = 0.1847213458460267
---------------------86.000000_1.000000.net-----------------------
Accuracy = 0.7736666666666666
Time = 0.37277674674987793
Num Params = 1878218
Ratio = 0.200666846013657
---------------------53.000000_4.000000.net-----------------------
Accuracy = 0.746
Time = 0.3474769592285156
Num Params = 1728970
Ratio = 0.1847213458460267
---------------------85.000000_1.000000.net-----------------------
Accuracy = 0.802
Time = 0.3756406307220459
Num Params = 1878730
Ratio = 0.20072154755797136
---------------------59.000000_1.000000.net-----------------------
Accuracy = 0.7609999999999999
Time = 0.3479423522949219
Num Params = 1728970
Ratio = 0.1847213458460267
---------------------6.000000_4.000000.net-----------------------
Accuracy = 0.79
Time = 0.6092400550842285
Num Params = 11026378
Ratio = 1.1780466890501398
---------------------69.000000_3.000000.net-----------------------
Accuracy = 0.7363333333333333
Time = 0.3510899543762207
Num Params = 1729482
Ratio = 0.18477604739034104
---------------------49.000000_0.000000.net-----------------------
Accuracy = 0.8076666666666666
Time = 0.388843297958374
Num Params = 2466634
Ratio = 0.2635325958169131
---------------------67.000000_3.000000.net-----------------------
Accuracy = 0.7386666666666667
Time = 0.3631448745727539
Num Params = 1730122
Ratio = 0.18484442432073395
---------------------28.000000_1.000000.net-----------------------
Accuracy = 0.8363333333333334
Time = 0.5159640312194824
Num Params = 7998794
Ratio = 0.8545827821333645
---------------------39.000000_3.000000.net-----------------------
Accuracy = 0.8216666666666668
Time = 0.47110748291015625
Num Params = 5454666
Ratio = 0.5827708084354055
---------------------61.000000_4.000000.net-----------------------
Accuracy = 0.7533333333333333
Time = 0.3508138656616211
Num Params = 1728970
Ratio = 0.1847213458460267
---------------------38.000000_0.000000.net-----------------------
Accuracy = 0.7536666666666667
Time = 0.4793276786804199
Num Params = 5453770
Ratio = 0.5826750807328553
---------------------54.000000_2.000000.net-----------------------
Accuracy = 0.7483333333333333
Time = 0.3626837730407715
Num Params = 1728970
Ratio = 0.1847213458460267
---------------------92.000000_1.000000.net-----------------------
Accuracy = 0.7609999999999999
Time = 0.35544395446777344
Num Params = 1729098
Ratio = 0.18473502123210528
---------------------44.000000_3.000000.net-----------------------
Accuracy = 0.8023333333333333
Time = 0.45644211769104004
Num Params = 5307978
Ratio = 0.5670988159893469
---------------------74.000000_0.000000.net-----------------------
Accuracy = 0.7586666666666667
Time = 0.3598501682281494
Num Params = 1729098
Ratio = 0.18473502123210528
---------------------73.000000_1.000000.net-----------------------
Accuracy = 0.7856666666666666
Time = 0.36905598640441895
Num Params = 2318794
Ratio = 0.2477375248961472
---------------------48.000000_0.000000.net-----------------------
Accuracy = 0.7986666666666666
Time = 0.3725004196166992
Num Params = 2319562
Ratio = 0.2478195772126187
---------------------51.000000_2.000000.net-----------------------
Accuracy = 0.7376666666666667
Time = 0.349398136138916
Num Params = 1728970
Ratio = 0.1847213458460267
---------------------24.000000_3.000000.net-----------------------
Accuracy = 0.834
Time = 0.5287961959838867
Num Params = 8406474
Ratio = 0.8981388867936583
---------------------43.000000_0.000000.net-----------------------
Accuracy = 0.8023333333333333
Time = 0.3986995220184326
Num Params = 1917514
Ratio = 0.20486518953978267
---------------------62.000000_3.000000.net-----------------------
Accuracy = 0.8006666666666666
Time = 0.38245725631713867
Num Params = 2319050
Ratio = 0.24776487566830435
---------------------97.000000_0.000000.net-----------------------
Accuracy = 0.778
Time = 0.3905649185180664
Num Params = 2357962
Ratio = 0.2519221930361943
---------------------43.000000_3.000000.net-----------------------
Accuracy = 0.8373333333333334
Time = 0.44902992248535156
Num Params = 5157962
Ratio = 0.551071263505245
---------------------91.000000_0.000000.net-----------------------
Accuracy = 0.7776666666666666
Time = 0.3969399929046631
Num Params = 4089418
Ratio = 0.436909140521216
---------------------35.000000_0.000000.net-----------------------
Accuracy = 0.8226666666666667
Time = 0.5291156768798828
Num Params = 8478666
Ratio = 0.9058518045419803
---------------------49.000000_3.000000.net-----------------------
Accuracy = 0.747
Time = 0.3564262390136719
Num Params = 1730122
Ratio = 0.18484442432073395
---------------------11.000000_2.000000.net-----------------------
Accuracy = 0.8133333333333332
Time = 0.5623645782470703
Num Params = 8738762
Ratio = 0.9336401890536654
---------------------82.000000_1.000000.net-----------------------
Accuracy = 0.7346666666666667
Time = 0.3568587303161621
Num Params = 1731274
Ratio = 0.18496750279544122
---------------------8.000000_3.000000.net-----------------------
Accuracy = 0.7606666666666668
Time = 0.6165499687194824
Num Params = 11025738
Ratio = 1.177978312119747
---------------------62.000000_4.000000.net-----------------------
Accuracy = 0.768
Time = 0.36001038551330566
Num Params = 1876426
Ratio = 0.20047539060855682
---------------------18.000000_0.000000.net-----------------------
Accuracy = 0.839
Time = 0.5341091156005859
Num Params = 7411274
Ratio = 0.7918127600326585
---------------------80.000000_4.000000.net-----------------------
Accuracy = 0.762
Time = 0.44061279296875
Num Params = 1729226
Ratio = 0.18474869661818386
---------------------24.000000_4.000000.net-----------------------
Accuracy = 0.831
Time = 0.5235404968261719
Num Params = 9620682
Ratio = 1.0278635991351173
---------------------49.000000_4.000000.net-----------------------
Accuracy = 0.7306666666666666
Time = 0.35820865631103516
Num Params = 1730506
Ratio = 0.1848854504789697
---------------------98.000000_1.000000.net-----------------------
Accuracy = 0.7973333333333333
Time = 0.38855624198913574
Num Params = 4091466
Ratio = 0.4371279466984733
---------------------95.000000_3.000000.net-----------------------
Accuracy = 0.754
Time = 0.3583865165710449
Num Params = 1730250
Ratio = 0.18485809970681255
---------------------66.000000_2.000000.net-----------------------
Accuracy = 0.7623333333333333
Time = 0.44533252716064453
Num Params = 1728970
Ratio = 0.1847213458460267
---------------------17.000000_0.000000.net-----------------------
Accuracy = 0.8169999999999998
Time = 0.5780773162841797
Num Params = 7854282
Ratio = 0.8391432712506418
---------------------59.000000_0.000000.net-----------------------
Accuracy = 0.752
Time = 0.3488430976867676
Num Params = 1728970
Ratio = 0.1847213458460267
---------------------32.000000_2.000000.net-----------------------
Accuracy = 0.815
Time = 0.46709537506103516
Num Params = 7114442
Ratio = 0.7600995397164195
---------------------69.000000_2.000000.net-----------------------
Accuracy = 0.785
Time = 0.39711546897888184
Num Params = 4125258
Ratio = 0.4407382486232198
---------------------93.000000_2.000000.net-----------------------
Accuracy = 0.74
Time = 0.35125255584716797
Num Params = 1729482
Ratio = 0.18477604739034104
---------------------37.000000_3.000000.net-----------------------
Accuracy = 0.8216666666666668
Time = 0.46876978874206543
Num Params = 7665482
Ratio = 0.8189720767847287
---------------------6.000000_3.000000.net-----------------------
Accuracy = 0.8053333333333333
Time = 0.5307996273040771
Num Params = 5717194
Ratio = 0.6108190252825837
---------------------83.000000_3.000000.net-----------------------
Accuracy = 0.7843333333333333
Time = 0.37422609329223633
Num Params = 2318794
Ratio = 0.2477375248961472
---------------------99.000000_3.000000.net-----------------------
Accuracy = 0.7273333333333334
Time = 0.35958313941955566
Num Params = 1730634
Ratio = 0.1848991258650483
---------------------70.000000_0.000000.net-----------------------
Accuracy = 0.77
Time = 0.3514859676361084
Num Params = 1729994
Ratio = 0.18483074893465537
---------------------70.000000_4.000000.net-----------------------
Accuracy = 0.7453333333333333
Time = 0.35705018043518066
Num Params = 1730250
Ratio = 0.18485809970681255
---------------------84.000000_1.000000.net-----------------------
Accuracy = 0.7913333333333334
Time = 0.38866329193115234
Num Params = 2356170
Ratio = 0.25173073763109405
---------------------56.000000_2.000000.net-----------------------
Accuracy = 0.7566666666666667
Time = 0.3477492332458496
Num Params = 1728970
Ratio = 0.1847213458460267
---------------------51.000000_1.000000.net-----------------------
Accuracy = 0.754
Time = 0.35001158714294434
Num Params = 1728970
Ratio = 0.1847213458460267
---------------------40.000000_0.000000.net-----------------------
Accuracy = 0.8226666666666667
Time = 0.4646003246307373
Num Params = 6633418
Ratio = 0.7087074388330964
---------------------87.000000_0.000000.net-----------------------
Accuracy = 0.8046666666666666
Time = 0.47455549240112305
Num Params = 4238154
Ratio = 0.4527999391445319
---------------------88.000000_1.000000.net-----------------------
Accuracy = 0.7733333333333333
Time = 0.3919515609741211
Num Params = 1877194
Ratio = 0.20055744292502833
---------------------91.000000_3.000000.net-----------------------
Accuracy = 0.8266666666666667
Time = 0.4238724708557129
Num Params = 4678474
Ratio = 0.49984326725486494
---------------------41.000000_0.000000.net-----------------------
Accuracy = 0.762
Time = 0.43166375160217285
Num Params = 2394698
Ratio = 0.2558470288407482
---------------------37.000000_2.000000.net-----------------------
Accuracy = 0.8206666666666667
Time = 0.5283412933349609
Num Params = 6118474
Ratio = 0.6536913606389482
---------------------19.000000_3.000000.net-----------------------
Accuracy = 0.8253333333333334
Time = 0.5518782138824463
Num Params = 9805258
Ratio = 1.047583505860437
---------------------36.000000_3.000000.net-----------------------
Accuracy = 0.7833333333333333
Time = 0.46546006202697754
Num Params = 7225930
Ratio = 0.7720108009908672
---------------------23.000000_3.000000.net-----------------------
Accuracy = 0.8073333333333333
Time = 0.5658252239227295
Num Params = 10398666
Ratio = 1.110982595720758
---------------------92.000000_4.000000.net-----------------------
Accuracy = 0.816
Time = 0.40066099166870117
Num Params = 4125642
Ratio = 0.44077927478145557
---------------------31.000000_1.000000.net-----------------------
Accuracy = 0.7793333333333333
Time = 0.4395937919616699
Num Params = 4168010
Ratio = 0.44530582757346726
---------------------33.000000_0.000000.net-----------------------
Accuracy = 0.8013333333333335
Time = 0.42238354682922363
Num Params = 1953354
Ratio = 0.2086942976417865
---------------------48.000000_1.000000.net-----------------------
Accuracy = 0.8153333333333334
Time = 0.3861992359161377
Num Params = 4235722
Ratio = 0.45254010680903883
---------------------53.000000_1.000000.net-----------------------
Accuracy = 0.811
Time = 0.37160229682922363
Num Params = 4088266
Ratio = 0.4367860620465087
---------------------39.000000_1.000000.net-----------------------
Accuracy = 0.8186666666666667
Time = 0.44012022018432617
Num Params = 6523594
Ratio = 0.6969739575776703
---------------------4.000000_2.000000.net-----------------------
Accuracy = 0.7546666666666667
Time = 0.5794858932495117
Num Params = 8666442
Ratio = 0.9259135959192648
---------------------86.000000_0.000000.net-----------------------
Accuracy = 0.7793333333333333
Time = 0.37136030197143555
Num Params = 1730762
Ratio = 0.18491280125112688
---------------------51.000000_3.000000.net-----------------------
Accuracy = 0.7776666666666666
Time = 0.3699977397918701
Num Params = 4088266
Ratio = 0.4367860620465087
---------------------14.000000_4.000000.net-----------------------
Accuracy = 0.7786666666666666
Time = 0.4444084167480469
Num Params = 4279242
Ratio = 0.4571897380757578
---------------------33.000000_2.000000.net-----------------------
Accuracy = 0.8063333333333333
Time = 0.4445967674255371
Num Params = 6635850
Ratio = 0.7089672711685895
---------------------32.000000_1.000000.net-----------------------
Accuracy = 0.8366666666666667
Time = 0.4709594249725342
Num Params = 3282122
Ratio = 0.35065848052357923
---------------------71.000000_3.000000.net-----------------------
Accuracy = 0.7643333333333334
Time = 0.3638341426849365
Num Params = 1729354
Ratio = 0.18476237200426246
---------------------37.000000_4.000000.net-----------------------
Accuracy = 0.8173333333333334
Time = 0.48122239112854004
Num Params = 8072522
Ratio = 0.8624598045146296
---------------------77.000000_2.000000.net-----------------------
Accuracy = 0.7113333333333334
Time = 0.35185980796813965
Num Params = 1729994
Ratio = 0.18483074893465537
---------------------14.000000_2.000000.net-----------------------
Accuracy = 0.7846666666666667
Time = 0.5220820903778076
Num Params = 6344138
Ratio = 0.6778010662954939
---------------------16.000000_3.000000.net-----------------------
Accuracy = 0.8286666666666666
Time = 0.5041289329528809
Num Params = 7560394
Ratio = 0.8077445848142103
---------------------30.000000_3.000000.net-----------------------
Accuracy = 0.829
Time = 0.499737024307251
Num Params = 6082762
Ratio = 0.649875927923023
---------------------34.000000_3.000000.net-----------------------
Accuracy = 0.811
Time = 0.5627286434173584
Num Params = 6671306
Ratio = 0.7127553531123576
---------------------41.000000_1.000000.net-----------------------
Accuracy = 0.8169999999999998
Time = 0.4964122772216797
Num Params = 4974026
Ratio = 0.5314197337103181
---------------------64.000000_2.000000.net-----------------------
Accuracy = 0.7716666666666666
Time = 0.4460785388946533
Num Params = 1729098
Ratio = 0.18473502123210528
---------------------99.000000_1.000000.net-----------------------
Accuracy = 0.7996666666666666
Time = 0.4248063564300537
Num Params = 4383690
Ratio = 0.4683488531158833
---------------------15.000000_1.000000.net-----------------------
Accuracy = 0.802
Time = 0.545447826385498
Num Params = 8184266
Ratio = 0.8743984165612344
---------------------32.000000_0.000000.net-----------------------
Accuracy = 0.8269999999999998
Time = 0.5552339553833008
Num Params = 5566282
Ratio = 0.5946957450959318
---------------------16.000000_0.000000.net-----------------------
Accuracy = 0.7946666666666666
Time = 0.6572098731994629
Num Params = 8626890
Ratio = 0.921687901620982
---------------------93.000000_0.000000.net-----------------------
Accuracy = 0.7736666666666666
Time = 0.3965740203857422
Num Params = 4089802
Ratio = 0.43695016667945175
---------------------10.000000_1.000000.net-----------------------
Accuracy = 0.8346666666666667
Time = 0.6240661144256592
Num Params = 9809226
Ratio = 1.0480074428288733
---------------------62.000000_1.000000.net-----------------------
Accuracy = 0.7793333333333333
Time = 0.36702466011047363
Num Params = 1765834
Ratio = 0.18865985703665922
---------------------45.000000_2.000000.net-----------------------
Accuracy = 0.8123333333333334
Time = 0.42386531829833984
Num Params = 4716106
Ratio = 0.5038638307619691
---------------------32.000000_3.000000.net-----------------------
Accuracy = 0.8269999999999998
Time = 0.5177087783813477
Num Params = 6195914
Ratio = 0.6619649692164923
---------------------1.000000_3.000000.net-----------------------
Accuracy = 0.7556666666666668
Time = 0.5811588764190674
Num Params = 8628170
Ratio = 0.9218246554817678
---------------------84.000000_4.000000.net-----------------------
Accuracy = 0.8036666666666666
Time = 0.43395376205444336
Num Params = 2948298
Ratio = 0.3149930736306291
---------------------20.000000_2.000000.net-----------------------
Accuracy = 0.7516666666666667
Time = 0.5837101936340332
Num Params = 8776010
Ratio = 0.9376197264025337
---------------------12.000000_1.000000.net-----------------------
Accuracy = 0.8333333333333335
Time = 0.6050136089324951
Num Params = 8038474
Ratio = 0.8588221518177259
---------------------73.000000_3.000000.net-----------------------
Accuracy = 0.7566666666666667
Time = 0.37055230140686035
Num Params = 1729482
Ratio = 0.18477604739034104
---------------------85.000000_3.000000.net-----------------------
Accuracy = 0.7703333333333333
Time = 0.41579413414001465
Num Params = 4090058
Ratio = 0.4369775174516089
---------------------27.000000_1.000000.net-----------------------
Accuracy = 0.8183333333333335
Time = 0.5065889358520508
Num Params = 6892874
Ratio = 0.7364274464143885
---------------------41.000000_4.000000.net-----------------------
Accuracy = 0.8223333333333334
Time = 0.4029245376586914
Num Params = 4680778
Ratio = 0.5000894242042795
---------------------75.000000_0.000000.net-----------------------
Accuracy = 0.7879999999999999
Time = 0.376051664352417
Num Params = 4088778
Ratio = 0.436840763590823
---------------------38.000000_3.000000.net-----------------------
Accuracy = 0.7736666666666666
Time = 0.4206197261810303
Num Params = 4827594
Ratio = 0.5157750920364167
---------------------63.000000_1.000000.net-----------------------
Accuracy = 0.728
Time = 0.35329627990722656
Num Params = 1728970
Ratio = 0.1847213458460267
---------------------86.000000_3.000000.net-----------------------
Accuracy = 0.7493333333333332
Time = 0.43027544021606445
Num Params = 1729610
Ratio = 0.1847897227764196
---------------------3.000000_3.000000.net-----------------------
Accuracy = 0.8156666666666667
Time = 0.574169397354126
Num Params = 8076362
Ratio = 0.8628700660969871
---------------------6.000000_2.000000.net-----------------------
Accuracy = 0.7810000000000001
Time = 0.624866247177124
Num Params = 10988490
Ratio = 1.1739987747708784
---------------------77.000000_1.000000.net-----------------------
Accuracy = 0.7189999999999999
Time = 0.495495080947876
Num Params = 1729482
Ratio = 0.18477604739034104
---------------------33.000000_1.000000.net-----------------------
Accuracy = 0.8186666666666667
Time = 0.4448559284210205
Num Params = 4277066
Ratio = 0.45695725651242186
---------------------3.000000_2.000000.net-----------------------
Accuracy = 0.789
Time = 0.6001827716827393
Num Params = 8629962
Ratio = 0.922016110886868
---------------------0.000000_1.000000.net-----------------------
Accuracy = 0.8356666666666667
Time = 0.496441125869751
Num Params = 6082250
Ratio = 0.6498212263787086
---------------------11.000000_0.000000.net-----------------------
Accuracy = 0.8219999999999998
Time = 0.534930944442749
Num Params = 9807434
Ratio = 1.0478159874237731
---------------------61.000000_2.000000.net-----------------------
Accuracy = 0.7696666666666667
Time = 0.37129759788513184
Num Params = 2319306
Ratio = 0.24779222644046153
---------------------25.000000_1.000000.net-----------------------
Accuracy = 0.7716666666666666
Time = 0.5168044567108154
Num Params = 7410506
Ratio = 0.791730707716187
---------------------39.000000_2.000000.net-----------------------
Accuracy = 0.819
Time = 0.5607359409332275
Num Params = 9547722
Ratio = 1.0200686290703238
---------------------21.000000_2.000000.net-----------------------
Accuracy = 0.7763333333333332
Time = 0.6051831245422363
Num Params = 11135050
Ratio = 1.1896570918308587
---------------------83.000000_2.000000.net-----------------------
Accuracy = 0.8096666666666666
Time = 0.4045233726501465
Num Params = 4679370
Ratio = 0.49993899495741506
---------------------93.000000_1.000000.net-----------------------
Accuracy = 0.7523333333333333
Time = 0.36670589447021484
Num Params = 1729866
Ratio = 0.1848170735485768
---------------------66.000000_0.000000.net-----------------------
Accuracy = 0.7473333333333333
Time = 0.34993863105773926
Num Params = 1729482
Ratio = 0.18477604739034104
---------------------49.000000_2.000000.net-----------------------
Accuracy = 0.805
Time = 0.4037919044494629
Num Params = 2098634
Ratio = 0.2242158608409807
---------------------7.000000_3.000000.net-----------------------
Accuracy = 0.7316666666666667
Time = 0.6238508224487305
Num Params = 11173834
Ratio = 1.19380073381267
---------------------17.000000_4.000000.net-----------------------
Accuracy = 0.8076666666666666
Time = 0.5227959156036377
Num Params = 9732554
Ratio = 1.0398158865678007
---------------------44.000000_1.000000.net-----------------------
Accuracy = 0.8269999999999998
Time = 0.4129319190979004
Num Params = 6597450
Ratio = 0.704864655345014
---------------------63.000000_3.000000.net-----------------------
Accuracy = 0.7760000000000001
Time = 0.3726623058319092
Num Params = 4089802
Ratio = 0.43695016667945175
---------------------95.000000_4.000000.net-----------------------
Accuracy = 0.7953333333333333
Time = 0.37888598442077637
Num Params = 4090442
Ratio = 0.43701854360984466
---------------------42.000000_3.000000.net-----------------------
Accuracy = 0.8206666666666667
Time = 0.4627876281738281
Num Params = 5269578
Ratio = 0.5629962001657713
---------------------44.000000_2.000000.net-----------------------
Accuracy = 0.736
Time = 0.40958476066589355
Num Params = 1805898
Ratio = 0.1929402528792564
---------------------15.000000_4.000000.net-----------------------
Accuracy = 0.8373333333333334
Time = 0.6195785999298096
Num Params = 8038986
Ratio = 0.8588768533620402
---------------------92.000000_2.000000.net-----------------------
Accuracy = 0.773
Time = 0.3609926700592041
Num Params = 1729226
Ratio = 0.18474869661818386
---------------------87.000000_1.000000.net-----------------------
Accuracy = 0.7266666666666667
Time = 0.3547358512878418
Num Params = 1729994
Ratio = 0.18483074893465537
---------------------13.000000_1.000000.net-----------------------
Accuracy = 0.835
Time = 0.4915049076080322
Num Params = 5677002
Ratio = 0.6065249540539079
---------------------3.000000_1.000000.net-----------------------
Accuracy = 0.8206666666666667
Time = 0.5569312572479248
Num Params = 8592330
Ratio = 0.917995547379764
---------------------83.000000_1.000000.net-----------------------
Accuracy = 0.8193333333333334
Time = 0.3947715759277344
Num Params = 2357066
Ratio = 0.25182646533364417
---------------------43.000000_4.000000.net-----------------------
Accuracy = 0.8236666666666665
Time = 0.4407217502593994
Num Params = 6780234
Ratio = 0.7243931066652336
---------------------82.000000_2.000000.net-----------------------
Accuracy = 0.7656666666666667
Time = 0.4004647731781006
Num Params = 1730890
Ratio = 0.18492647663720546
---------------------57.000000_0.000000.net-----------------------
Accuracy = 0.7183333333333334
Time = 0.44188523292541504
Num Params = 1728970
Ratio = 0.1847213458460267
---------------------72.000000_0.000000.net-----------------------
Accuracy = 0.7746666666666667
Time = 0.3793950080871582
Num Params = 1729994
Ratio = 0.18483074893465537
---------------------7.000000_1.000000.net-----------------------
Accuracy = 0.769
Time = 0.6107969284057617
Num Params = 8813514
Ratio = 0.9416266145235591
---------------------64.000000_0.000000.net-----------------------
Accuracy = 0.7756666666666666
Time = 0.37475061416625977
Num Params = 1876554
Ratio = 0.2004890659946354
---------------------2.000000_3.000000.net-----------------------
Accuracy = 0.7893333333333333
Time = 0.6418380737304688
Num Params = 10913098
Ratio = 1.1659439723705918
---------------------65.000000_0.000000.net-----------------------
Accuracy = 0.7783333333333333
Time = 0.5027527809143066
Num Params = 4089034
Ratio = 0.43686811436298023
---------------------22.000000_1.000000.net-----------------------
Accuracy = 0.816
Time = 0.6091370582580566
Num Params = 9625418
Ratio = 1.028369588420025
---------------------73.000000_4.000000.net-----------------------
Accuracy = 0.7783333333333333
Time = 0.45984983444213867
Num Params = 1876426
Ratio = 0.20047539060855682
---------------------96.000000_3.000000.net-----------------------
Accuracy = 0.7236666666666668
Time = 0.38176941871643066
Num Params = 1729738
Ratio = 0.1848033981624982
---------------------23.000000_4.000000.net-----------------------
Accuracy = 0.8203333333333334
Time = 0.5242526531219482
Num Params = 5566922
Ratio = 0.5947641220263247
---------------------75.000000_1.000000.net-----------------------
Accuracy = 0.7423333333333333
Time = 0.3584928512573242
Num Params = 1729354
Ratio = 0.18476237200426246
---------------------67.000000_0.000000.net-----------------------
Accuracy = 0.7763333333333332
Time = 0.3637197017669678
Num Params = 1877194
Ratio = 0.20055744292502833
---------------------89.000000_2.000000.net-----------------------
Accuracy = 0.7810000000000001
Time = 0.37586331367492676
Num Params = 4090314
Ratio = 0.43700486822376605
---------------------58.000000_0.000000.net-----------------------
Accuracy = 0.768
Time = 0.34920787811279297
Num Params = 1728970
Ratio = 0.1847213458460267
---------------------24.000000_2.000000.net-----------------------
Accuracy = 0.8326666666666667
Time = 0.5324656963348389
Num Params = 7999818
Ratio = 0.8546921852219932
---------------------0.000000_2.000000.net-----------------------
Accuracy = 0.8123333333333334
Time = 0.4554252624511719
Num Params = 4866378
Ratio = 0.519918734018228
---------------------94.000000_4.000000.net-----------------------
Accuracy = 0.7866666666666666
Time = 0.37880969047546387
Num Params = 2319562
Ratio = 0.2478195772126187
---------------------72.000000_2.000000.net-----------------------
Accuracy = 0.7916666666666665
Time = 0.38065171241760254
Num Params = 1803978
Ratio = 0.1927351220880776
---------------------40.000000_2.000000.net-----------------------
Accuracy = 0.8226666666666667
Time = 0.44487428665161133
Num Params = 3241802
Ratio = 0.3463507339088249
---------------------3.000000_4.000000.net-----------------------
Accuracy = 0.8256666666666667
Time = 0.6192569732666016
Num Params = 10397514
Ratio = 1.1108595172460507
---------------------72.000000_1.000000.net-----------------------
Accuracy = 0.7793333333333333
Time = 0.3654041290283203
Num Params = 1876682
Ratio = 0.200502741380714
---------------------9.000000_3.000000.net-----------------------
Accuracy = 0.7906666666666666
Time = 0.5742330551147461
Num Params = 11098442
Ratio = 1.1857459314123833
---------------------27.000000_0.000000.net-----------------------
Accuracy = 0.8026666666666666
Time = 0.5144577026367188
Num Params = 7335882
Ratio = 0.7837579576323719
---------------------61.000000_1.000000.net-----------------------
Accuracy = 0.753
Time = 0.3494682312011719
Num Params = 1729226
Ratio = 0.18474869661818386
---------------------77.000000_0.000000.net-----------------------
Accuracy = 0.7606666666666668
Time = 0.3566763401031494
Num Params = 1730506
Ratio = 0.1848854504789697
---------------------45.000000_0.000000.net-----------------------
Accuracy = 0.8063333333333333
Time = 0.4180476665496826
Num Params = 6595658
Ratio = 0.7046731999399137
---------------------80.000000_3.000000.net-----------------------
Accuracy = 0.728
Time = 0.3668019771575928
Num Params = 1766858
Ratio = 0.1887692601252879
---------------------42.000000_2.000000.net-----------------------
Accuracy = 0.8133333333333332
Time = 0.4172484874725342
Num Params = 2505290
Ratio = 0.2676625624126458
---------------------9.000000_4.000000.net-----------------------
Accuracy = 0.7526666666666667
Time = 0.5896432399749756
Num Params = 10581834
Ratio = 1.1305520731992134
---------------------56.000000_3.000000.net-----------------------
Accuracy = 0.759
Time = 0.36095118522644043
Num Params = 1729098
Ratio = 0.18473502123210528
---------------------64.000000_4.000000.net-----------------------
Accuracy = 0.7289999999999999
Time = 0.3673670291900635
Num Params = 1766346
Ratio = 0.18871455858097355
---------------------55.000000_2.000000.net-----------------------
Accuracy = 0.7546666666666667
Time = 0.35031771659851074
Num Params = 1728970
Ratio = 0.1847213458460267
---------------------75.000000_2.000000.net-----------------------
Accuracy = 0.7246666666666667
Time = 0.3556063175201416
Num Params = 1728970
Ratio = 0.1847213458460267
---------------------43.000000_1.000000.net-----------------------
Accuracy = 0.7976666666666666
Time = 0.3971993923187256
Num Params = 1913802
Ratio = 0.2044686033435037
---------------------96.000000_1.000000.net-----------------------
Accuracy = 0.81
Time = 0.473374605178833
Num Params = 2946634
Ratio = 0.3148152936116075
---------------------50.000000_2.000000.net-----------------------
Accuracy = 0.7559999999999999
Time = 0.38483524322509766
Num Params = 1729226
Ratio = 0.18474869661818386
---------------------91.000000_1.000000.net-----------------------
Accuracy = 0.814
Time = 0.42928504943847656
Num Params = 4825674
Ratio = 0.5155699612452379
---------------------15.000000_2.000000.net-----------------------
Accuracy = 0.7863333333333332
Time = 0.5486793518066406
Num Params = 9805642
Ratio = 1.0476245320186728
---------------------82.000000_0.000000.net-----------------------
Accuracy = 0.8080000000000002
Time = 0.39078831672668457
Num Params = 2319690
Ratio = 0.2478332525986973
---------------------27.000000_2.000000.net-----------------------
Accuracy = 0.7966666666666665
Time = 0.5314939022064209
Num Params = 8146634
Ratio = 0.8703778530541304
---------------------68.000000_3.000000.net-----------------------
Accuracy = 0.8233333333333335
Time = 0.37906885147094727
Num Params = 2024394
Ratio = 0.21628413691540127
---------------------41.000000_3.000000.net-----------------------
Accuracy = 0.746
Time = 0.4115304946899414
Num Params = 4126922
Ratio = 0.44091602864224144
---------------------15.000000_3.000000.net-----------------------
Accuracy = 0.8243333333333334
Time = 0.5411643981933594
Num Params = 10210762
Ratio = 1.090907128957395
---------------------26.000000_4.000000.net-----------------------
Accuracy = 0.8216666666666668
Time = 0.5035104751586914
Num Params = 7265994
Ratio = 0.7762911968334644
---------------------42.000000_4.000000.net-----------------------
Accuracy = 0.8116666666666668
Time = 0.46600866317749023
Num Params = 5861834
Ratio = 0.6262722115513849
---------------------35.000000_2.000000.net-----------------------
Accuracy = 0.7993333333333333
Time = 0.6202900409698486
Num Params = 9585098
Ratio = 1.0240618418052707
---------------------16.000000_1.000000.net-----------------------
Accuracy = 0.8196666666666667
Time = 0.6037099361419678
Num Params = 8331594
Ratio = 0.8901387859376859
---------------------1.000000_0.000000.net-----------------------
Accuracy = 0.8183333333333335
Time = 0.5911695957183838
Num Params = 10692554
Ratio = 1.1423812821571895
---------------------57.000000_1.000000.net-----------------------
Accuracy = 0.7206666666666667
Time = 0.3540761470794678
Num Params = 1729226
Ratio = 0.18474869661818386
---------------------71.000000_2.000000.net-----------------------
Accuracy = 0.7443333333333332
Time = 0.36982059478759766
Num Params = 1767626
Ratio = 0.18885131244175943
---------------------67.000000_2.000000.net-----------------------
Accuracy = 0.785
Time = 0.36710429191589355
Num Params = 1877450
Ratio = 0.2005847936971855
---------------------10.000000_4.000000.net-----------------------
Accuracy = 0.82
Time = 0.5901076793670654
Num Params = 11098826
Ratio = 1.185786957570619
---------------------96.000000_0.000000.net-----------------------
Accuracy = 0.805
Time = 0.4052703380584717
Num Params = 4089546
Ratio = 0.43692281590729454
---------------------94.000000_0.000000.net-----------------------
Accuracy = 0.8003333333333333
Time = 0.38123154640197754
Num Params = 4088394
Ratio = 0.43679973743258727
---------------------42.000000_0.000000.net-----------------------
Accuracy = 0.801
Time = 0.43224072456359863
Num Params = 2101066
Ratio = 0.2244756931764738
---------------------92.000000_0.000000.net-----------------------
Accuracy = 0.7793333333333333
Time = 0.38530874252319336
Num Params = 4089418
Ratio = 0.436909140521216
---------------------88.000000_2.000000.net-----------------------
Accuracy = 0.76
Time = 0.3645060062408447
Num Params = 1729866
Ratio = 0.1848170735485768
---------------------78.000000_1.000000.net-----------------------
Accuracy = 0.8026666666666666
Time = 0.3782644271850586
Num Params = 4088778
Ratio = 0.436840763590823
---------------------79.000000_4.000000.net-----------------------
Accuracy = 0.8003333333333333
Time = 0.3789987564086914
Num Params = 2319050
Ratio = 0.24776487566830435
---------------------12.000000_4.000000.net-----------------------
Accuracy = 0.8003333333333333
Time = 0.6349539756774902
Num Params = 8222922
Ratio = 0.8785283831569671
---------------------66.000000_4.000000.net-----------------------
Accuracy = 0.7696666666666667
Time = 0.374708890914917
Num Params = 1728970
Ratio = 0.1847213458460267
---------------------29.000000_0.000000.net-----------------------
Accuracy = 0.8283333333333335
Time = 0.4774322509765625
Num Params = 4792266
Ratio = 0.5120006854787272
---------------------14.000000_0.000000.net-----------------------
Accuracy = 0.7916666666666665
Time = 0.5586550235748291
Num Params = 11061578
Ratio = 1.1818074202217506
---------------------98.000000_0.000000.net-----------------------
Accuracy = 0.7606666666666668
Time = 0.38414931297302246
Num Params = 1876682
Ratio = 0.200502741380714
---------------------29.000000_2.000000.net-----------------------
Accuracy = 0.8236666666666665
Time = 0.4679691791534424
Num Params = 4866762
Ratio = 0.5199597601764637
---------------------73.000000_2.000000.net-----------------------
Accuracy = 0.7993333333333333
Time = 0.3953983783721924
Num Params = 2319690
Ratio = 0.2478332525986973
---------------------82.000000_3.000000.net-----------------------
Accuracy = 0.7916666666666665
Time = 0.37595391273498535
Num Params = 2319818
Ratio = 0.24784692798477587
---------------------17.000000_2.000000.net-----------------------
Accuracy = 0.8183333333333335
Time = 0.5350661277770996
Num Params = 8444362
Ratio = 0.9021868010729195
---------------------23.000000_1.000000.net-----------------------
Accuracy = 0.811
Time = 0.5174179077148438
Num Params = 7557322
Ratio = 0.8074163755483242
---------------------0.000000_3.000000.net-----------------------
Accuracy = 0.8153333333333334
Time = 0.48418450355529785
Num Params = 7703114
Ratio = 0.8229926402918327
---------------------12.000000_3.000000.net-----------------------
Accuracy = 0.815
Time = 0.6396293640136719
Num Params = 10398410
Ratio = 1.1109552449486009
---------------------9.000000_2.000000.net-----------------------
Accuracy = 0.8053333333333333
Time = 0.5785484313964844
Num Params = 9846858
Ratio = 1.0520280063359773
---------------------22.000000_3.000000.net-----------------------
Accuracy = 0.795
Time = 0.5411903858184814
Num Params = 8149706
Ratio = 0.8707060623200165
---------------------99.000000_4.000000.net-----------------------
Accuracy = 0.726
Time = 0.36003994941711426
Num Params = 1730762
Ratio = 0.18491280125112688
---------------------21.000000_4.000000.net-----------------------
Accuracy = 0.8026666666666666
Time = 0.5652973651885986
Num Params = 9954634
Ratio = 1.063542681414146
---------------------50.000000_1.000000.net-----------------------
Accuracy = 0.7913333333333334
Time = 0.3723118305206299
Num Params = 4088266
Ratio = 0.4367860620465087
---------------------64.000000_1.000000.net-----------------------
Accuracy = 0.7340000000000001
Time = 0.3639335632324219
Num Params = 1877706
Ratio = 0.20061214446934267
---------------------26.000000_2.000000.net-----------------------
Accuracy = 0.7736666666666666
Time = 0.5613973140716553
Num Params = 11059658
Ratio = 1.1816022894305718
---------------------51.000000_4.000000.net-----------------------
Accuracy = 0.748
Time = 0.3515775203704834
Num Params = 1729226
Ratio = 0.18474869661818386
---------------------80.000000_2.000000.net-----------------------
Accuracy = 0.7183333333333334
Time = 0.35132908821105957
Num Params = 1728970
Ratio = 0.1847213458460267
---------------------35.000000_1.000000.net-----------------------
Accuracy = 0.8080000000000002
Time = 0.4944329261779785
Num Params = 5602122
Ratio = 0.5985248531979356
---------------------5.000000_1.000000.net-----------------------
Accuracy = 0.8193333333333334
Time = 0.7452433109283447
Num Params = 8704074
Ratio = 0.9299341594263688
---------------------99.000000_2.000000.net-----------------------
Accuracy = 0.764
Time = 0.38063621520996094
Num Params = 1731274
Ratio = 0.18496750279544122
---------------------6.000000_0.000000.net-----------------------
Accuracy = 0.782
Time = 0.5898396968841553
Num Params = 8814282
Ratio = 0.9417086668400306
---------------------1.000000_2.000000.net-----------------------
Accuracy = 0.7796666666666667
Time = 0.5213479995727539
Num Params = 7558986
Ratio = 0.8075941555673458
