---------------------29.000000_1.000000.net-----------------------
Accuracy = 0.92
Time = 6.467286586761475
Num Params = 8182218
Ratio = 0.8741796103839771
---------------------1.000000_1.000000.net-----------------------
Accuracy = 0.9336666666666666
Time = 0.8882286548614502
Num Params = 5789386
Ratio = 0.6185319430309058
---------------------97.000000_1.000000.net-----------------------
Accuracy = 0.8623333333333334
Time = 0.38935089111328125
Num Params = 1729610
Ratio = 0.1847897227764196
---------------------44.000000_4.000000.net-----------------------
Accuracy = 0.9276666666666666
Time = 0.46466994285583496
Num Params = 2509130
Ratio = 0.2680728239950034
---------------------56.000000_1.000000.net-----------------------
Accuracy = 0.9133333333333333
Time = 0.551478385925293
Num Params = 5715402
Ratio = 0.6106275698774835
---------------------66.000000_3.000000.net-----------------------
Accuracy = 0.9103333333333333
Time = 0.45233654975891113
Num Params = 2394186
Ratio = 0.25579232729643386
---------------------50.000000_4.000000.net-----------------------
Accuracy = 0.87
Time = 0.43573617935180664
Num Params = 1842762
Ratio = 0.1968787640698889
---------------------16.000000_4.000000.net-----------------------
Accuracy = 0.8960000000000001
Time = 0.481839656829834
Num Params = 2875210
Ratio = 0.30718442817975694
---------------------26.000000_1.000000.net-----------------------
Accuracy = 0.9036666666666666
Time = 0.5679903030395508
Num Params = 7520842
Ratio = 0.8035188905159274
---------------------53.000000_2.000000.net-----------------------
Accuracy = 0.9243333333333333
Time = 0.4697246551513672
Num Params = 4866762
Ratio = 0.5199597601764637
---------------------10.000000_0.000000.net-----------------------
Accuracy = 0.9326666666666666
Time = 0.5196120738983154
Num Params = 5641802
Ratio = 0.602764222882297
---------------------81.000000_2.000000.net-----------------------
Accuracy = 0.934
Time = 0.505293607711792
Num Params = 9619914
Ratio = 1.0277815468186458
---------------------52.000000_1.000000.net-----------------------
Accuracy = 0.9283333333333332
Time = 0.482846736907959
Num Params = 5491274
Ratio = 0.5866819688538808
---------------------90.000000_3.000000.net-----------------------
Accuracy = 0.8916666666666667
Time = 0.4550025463104248
Num Params = 5307082
Ratio = 0.5670030882867968
---------------------6.000000_1.000000.net-----------------------
Accuracy = 0.9283333333333332
Time = 0.523289680480957
Num Params = 3909450
Ratio = 0.4176815476947252
---------------------37.000000_0.000000.net-----------------------
Accuracy = 0.9176666666666666
Time = 0.5934126377105713
Num Params = 9658314
Ratio = 1.0318841626422213
---------------------36.000000_1.000000.net-----------------------
Accuracy = 0.9086666666666666
Time = 0.50282883644104
Num Params = 5604170
Ratio = 0.598743659375193
---------------------44.000000_0.000000.net-----------------------
Accuracy = 0.9286666666666666
Time = 0.5523242950439453
Num Params = 7409610
Ratio = 0.791634980013637
---------------------39.000000_4.000000.net-----------------------
Accuracy = 0.9203333333333333
Time = 0.49384403228759766
Num Params = 5492298
Ratio = 0.5867913719425095
---------------------88.000000_3.000000.net-----------------------
Accuracy = 0.899
Time = 0.48829150199890137
Num Params = 6818250
Ratio = 0.7284546963305734
---------------------62.000000_0.000000.net-----------------------
Accuracy = 0.8936666666666667
Time = 0.4372067451477051
Num Params = 2507466
Ratio = 0.26789504397598174
---------------------79.000000_0.000000.net-----------------------
Accuracy = 0.9163333333333334
Time = 0.47205352783203125
Num Params = 5346506
Ratio = 0.571215107199001
---------------------45.000000_3.000000.net-----------------------
Accuracy = 0.904
Time = 0.5099484920501709
Num Params = 6818506
Ratio = 0.7284820471027306
---------------------26.000000_0.000000.net-----------------------
Accuracy = 0.9263333333333335
Time = 0.5411098003387451
Num Params = 6158922
Ratio = 0.6580127826397811
---------------------8.000000_2.000000.net-----------------------
Accuracy = 0.9196666666666666
Time = 0.5225875377655029
Num Params = 6195530
Ratio = 0.6619239430582565
---------------------12.000000_0.000000.net-----------------------
Accuracy = 0.9253333333333333
Time = 0.5232300758361816
Num Params = 7853514
Ratio = 0.8390612189341703
---------------------29.000000_4.000000.net-----------------------
Accuracy = 0.885
Time = 0.5403151512145996
Num Params = 8185290
Ratio = 0.8745078196498631
---------------------2.000000_0.000000.net-----------------------
Accuracy = 0.9113333333333332
Time = 0.5336534976959229
Num Params = 5827146
Ratio = 0.6225661819240884
---------------------34.000000_4.000000.net-----------------------
Accuracy = 0.9206666666666666
Time = 0.4907069206237793
Num Params = 5235658
Ratio = 0.5593722228549463
---------------------35.000000_3.000000.net-----------------------
Accuracy = 0.9330000000000002
Time = 0.47538232803344727
Num Params = 5383498
Ratio = 0.5751672937757122
---------------------65.000000_1.000000.net-----------------------
Accuracy = 0.915
Time = 0.4733757972717285
Num Params = 5345354
Ratio = 0.5710920287242938
---------------------34.000000_2.000000.net-----------------------
Accuracy = 0.9006666666666666
Time = 0.45754241943359375
Num Params = 4460618
Ratio = 0.476567760149113
---------------------90.000000_1.000000.net-----------------------
Accuracy = 0.8923333333333333
Time = 0.448620080947876
Num Params = 4349130
Ratio = 0.4646564988746653
---------------------89.000000_4.000000.net-----------------------
Accuracy = 0.9196666666666666
Time = 0.43247461318969727
Num Params = 4716746
Ratio = 0.5039322076923619
---------------------76.000000_2.000000.net-----------------------
Accuracy = 0.8983333333333333
Time = 0.42153096199035645
Num Params = 4128330
Ratio = 0.44106645788910587
---------------------90.000000_0.000000.net-----------------------
Accuracy = 0.91
Time = 0.43797850608825684
Num Params = 4866634
Ratio = 0.5199460847903852
---------------------16.000000_2.000000.net-----------------------
Accuracy = 0.8976666666666666
Time = 0.468364953994751
Num Params = 2655562
Ratio = 0.2837174656689048
---------------------42.000000_1.000000.net-----------------------
Accuracy = 0.9166666666666665
Time = 0.4808683395385742
Num Params = 5049546
Ratio = 0.5394882114966834
---------------------65.000000_2.000000.net-----------------------
Accuracy = 0.9280000000000002
Time = 0.4911518096923828
Num Params = 4863690
Ratio = 0.5196315509105777
---------------------93.000000_4.000000.net-----------------------
Accuracy = 0.9143333333333333
Time = 0.3969297409057617
Num Params = 4237002
Ratio = 0.4526768606698247
---------------------23.000000_2.000000.net-----------------------
Accuracy = 0.912
Time = 0.47794628143310547
Num Params = 5198282
Ratio = 0.5553790101199994
---------------------32.000000_4.000000.net-----------------------
Accuracy = 0.8946666666666667
Time = 0.47623682022094727
Num Params = 7226442
Ratio = 0.7720655025351816
---------------------60.000000_3.000000.net-----------------------
Accuracy = 0.8943333333333334
Time = 0.44120073318481445
Num Params = 4902474
Ratio = 0.523775192892389
---------------------68.000000_2.000000.net-----------------------
Accuracy = 0.909
Time = 0.4008467197418213
Num Params = 2321482
Ratio = 0.24802470800379747
---------------------72.000000_4.000000.net-----------------------
Accuracy = 0.8926666666666666
Time = 0.4432036876678467
Num Params = 4090826
Ratio = 0.4370595697680804
---------------------21.000000_1.000000.net-----------------------
Accuracy = 0.915
Time = 0.5985362529754639
Num Params = 8036170
Ratio = 0.8585759948683114
---------------------57.000000_2.000000.net-----------------------
Accuracy = 0.9206666666666666
Time = 0.4753601551055908
Num Params = 2690762
Ratio = 0.28747819684051573
---------------------95.000000_2.000000.net-----------------------
Accuracy = 0.8953333333333333
Time = 0.4024784564971924
Num Params = 1877962
Ratio = 0.20063949524149985
---------------------93.000000_3.000000.net-----------------------
Accuracy = 0.9263333333333335
Time = 0.5356013774871826
Num Params = 9620298
Ratio = 1.0278225729768815
---------------------78.000000_3.000000.net-----------------------
Accuracy = 0.9083333333333333
Time = 0.479201078414917
Num Params = 2065994
Ratio = 0.22072863739094148
---------------------47.000000_0.000000.net-----------------------
Accuracy = 0.91
Time = 0.5160479545593262
Num Params = 5087178
Ratio = 0.5435087750037875
---------------------18.000000_3.000000.net-----------------------
Accuracy = 0.9116666666666666
Time = 0.4843785762786865
Num Params = 3282506
Ratio = 0.350699506681815
---------------------85.000000_0.000000.net-----------------------
Accuracy = 0.9403333333333334
Time = 0.5972111225128174
Num Params = 9214410
Ratio = 0.9844579237216879
---------------------55.000000_3.000000.net-----------------------
Accuracy = 0.9133333333333333
Time = 0.5214536190032959
Num Params = 5456074
Ratio = 0.5829212376822699
---------------------45.000000_4.000000.net-----------------------
Accuracy = 0.9126666666666666
Time = 0.5016436576843262
Num Params = 7334730
Ratio = 0.7836348791576646
---------------------28.000000_3.000000.net-----------------------
Accuracy = 0.925
Time = 0.7374434471130371
Num Params = 2542282
Ratio = 0.2716147489893569
---------------------89.000000_0.000000.net-----------------------
Accuracy = 0.929
Time = 0.46647214889526367
Num Params = 4312138
Ratio = 0.46070431229795417
---------------------78.000000_0.000000.net-----------------------
Accuracy = 0.9016666666666666
Time = 0.4630286693572998
Num Params = 5344458
Ratio = 0.5709963010217437
---------------------25.000000_2.000000.net-----------------------
Accuracy = 0.925
Time = 0.580268383026123
Num Params = 8074442
Ratio = 0.8626649353058083
---------------------7.000000_2.000000.net-----------------------
Accuracy = 0.9083333333333333
Time = 0.560215950012207
Num Params = 8774730
Ratio = 0.9374829725417478
---------------------47.000000_4.000000.net-----------------------
Accuracy = 0.8743333333333332
Time = 0.41008663177490234
Num Params = 1804746
Ratio = 0.19281717440454912
---------------------79.000000_2.000000.net-----------------------
Accuracy = 0.9166666666666665
Time = 0.45369553565979004
Num Params = 2984906
Ratio = 0.31890423404910445
---------------------5.000000_2.000000.net-----------------------
Accuracy = 0.8986666666666666
Time = 0.6568593978881836
Num Params = 9953738
Ratio = 1.063446953711596
---------------------59.000000_3.000000.net-----------------------
Accuracy = 0.935
Time = 0.5677640438079834
Num Params = 9951690
Ratio = 1.0632281475343386
---------------------48.000000_2.000000.net-----------------------
Accuracy = 0.907
Time = 0.4806230068206787
Num Params = 4829258
Ratio = 0.5159528720554383
---------------------58.000000_1.000000.net-----------------------
Accuracy = 0.9079999999999999
Time = 0.5688395500183105
Num Params = 7298250
Ratio = 0.7797373941252678
---------------------38.000000_2.000000.net-----------------------
Accuracy = 0.9330000000000002
Time = 0.6199910640716553
Num Params = 6265674
Ratio = 0.6694180546293211
---------------------88.000000_4.000000.net-----------------------
Accuracy = 0.8966666666666666
Time = 0.4596066474914551
Num Params = 4128458
Ratio = 0.44108013327518447
---------------------53.000000_3.000000.net-----------------------
Accuracy = 0.9333333333333332
Time = 0.6584470272064209
Num Params = 3833930
Ratio = 0.40961306990835994
---------------------22.000000_2.000000.net-----------------------
Accuracy = 0.9176666666666666
Time = 0.5230791568756104
Num Params = 7411274
Ratio = 0.7918127600326585
---------------------52.000000_0.000000.net-----------------------
Accuracy = 0.915
Time = 0.5167632102966309
Num Params = 5638218
Ratio = 0.6023813120720967
---------------------19.000000_1.000000.net-----------------------
Accuracy = 0.9236666666666666
Time = 0.5379390716552734
Num Params = 9475786
Ratio = 1.012383062094159
---------------------94.000000_2.000000.net-----------------------
Accuracy = 0.92
Time = 0.4344615936279297
Num Params = 2062410
Ratio = 0.22034572658074109
---------------------57.000000_4.000000.net-----------------------
Accuracy = 0.9213333333333334
Time = 0.5268149375915527
Num Params = 1990346
Ratio = 0.21264648421849763
---------------------90.000000_2.000000.net-----------------------
Accuracy = 0.8956666666666667
Time = 0.45174598693847656
Num Params = 2505290
Ratio = 0.2676625624126458
---------------------55.000000_0.000000.net-----------------------
Accuracy = 0.917
Time = 0.504706859588623
Num Params = 5491914
Ratio = 0.5867503457842738
---------------------70.000000_2.000000.net-----------------------
Accuracy = 0.907
Time = 0.42855095863342285
Num Params = 4239434
Ratio = 0.4529366930053178
---------------------54.000000_3.000000.net-----------------------
Accuracy = 0.9103333333333333
Time = 0.5287384986877441
Num Params = 7889482
Ratio = 0.8429040024222527
---------------------29.000000_3.000000.net-----------------------
Accuracy = 0.9223333333333333
Time = 0.4927051067352295
Num Params = 7263178
Ratio = 0.7759903383397355
---------------------68.000000_1.000000.net-----------------------
Accuracy = 0.91
Time = 0.41866588592529297
Num Params = 1803978
Ratio = 0.1927351220880776
---------------------96.000000_4.000000.net-----------------------
Accuracy = 0.8963333333333332
Time = 0.383436918258667
Num Params = 1730122
Ratio = 0.18484442432073395
---------------------90.000000_4.000000.net-----------------------
Accuracy = 0.903
Time = 0.5109524726867676
Num Params = 5417034
Ratio = 0.5787502449283014
---------------------8.000000_0.000000.net-----------------------
Accuracy = 0.9313333333333333
Time = 0.5355439186096191
Num Params = 7595594
Ratio = 0.8115053159858212
---------------------2.000000_4.000000.net-----------------------
Accuracy = 0.916
Time = 0.5383191108703613
Num Params = 5788362
Ratio = 0.618422539942277
---------------------94.000000_3.000000.net-----------------------
Accuracy = 0.8983333333333333
Time = 0.3838932514190674
Num Params = 1730378
Ratio = 0.18487177509289113
---------------------92.000000_3.000000.net-----------------------
Accuracy = 0.907
Time = 0.4047534465789795
Num Params = 1766218
Ratio = 0.18870088319489497
---------------------33.000000_3.000000.net-----------------------
Accuracy = 0.9313333333333333
Time = 0.5321388244628906
Num Params = 7889226
Ratio = 0.8428766516500956
---------------------53.000000_0.000000.net-----------------------
Accuracy = 0.9183333333333333
Time = 0.5375983715057373
Num Params = 10136266
Ratio = 1.0829480542596583
---------------------2.000000_2.000000.net-----------------------
Accuracy = 0.897
Time = 0.6097490787506104
Num Params = 3800394
Ratio = 0.40603011875577066
---------------------11.000000_3.000000.net-----------------------
Accuracy = 0.9163333333333334
Time = 0.5232551097869873
Num Params = 7447114
Ratio = 0.7956418681346624
---------------------60.000000_0.000000.net-----------------------
Accuracy = 0.9206666666666666
Time = 0.5475478172302246
Num Params = 7961802
Ratio = 0.8506305955566534
---------------------63.000000_0.000000.net-----------------------
Accuracy = 0.8783333333333333
Time = 0.43923330307006836
Num Params = 2063434
Ratio = 0.22045512966936975
---------------------36.000000_0.000000.net-----------------------
Accuracy = 0.9183333333333333
Time = 0.4848473072052002
Num Params = 5417802
Ratio = 0.5788322972447729
---------------------99.000000_0.000000.net-----------------------
Accuracy = 0.8863333333333333
Time = 0.36135053634643555
Num Params = 1728970
Ratio = 0.1847213458460267
---------------------52.000000_4.000000.net-----------------------
Accuracy = 0.9103333333333333
Time = 0.43410539627075195
Num Params = 2100938
Ratio = 0.2244620177903952
---------------------98.000000_2.000000.net-----------------------
Accuracy = 0.9006666666666666
Time = 0.3970916271209717
Num Params = 2318794
Ratio = 0.2477375248961472
---------------------4.000000_3.000000.net-----------------------
Accuracy = 0.905
Time = 0.5498907566070557
Num Params = 9879370
Ratio = 1.055501554399938
---------------------31.000000_0.000000.net-----------------------
Accuracy = 0.9223333333333333
Time = 0.6033146381378174
Num Params = 6230474
Ratio = 0.6656573234577102
---------------------81.000000_1.000000.net-----------------------
Accuracy = 0.9263333333333335
Time = 0.45090413093566895
Num Params = 2986570
Ratio = 0.3190820140681261
---------------------74.000000_3.000000.net-----------------------
Accuracy = 0.9046666666666667
Time = 0.4390435218811035
Num Params = 3059146
Ratio = 0.32683595797468384
---------------------69.000000_1.000000.net-----------------------
Accuracy = 0.9076666666666666
Time = 0.40807461738586426
Num Params = 4272714
Ratio = 0.4564922933857499
---------------------70.000000_3.000000.net-----------------------
Accuracy = 0.9083333333333333
Time = 0.4893357753753662
Num Params = 5639754
Ratio = 0.6025454167050397
---------------------4.000000_1.000000.net-----------------------
Accuracy = 0.892
Time = 0.5310842990875244
Num Params = 10322250
Ratio = 1.1028183902318427
---------------------78.000000_4.000000.net-----------------------
Accuracy = 0.93
Time = 0.5279927253723145
Num Params = 8037194
Ratio = 0.8586853979569401
---------------------40.000000_1.000000.net-----------------------
Accuracy = 0.9236666666666666
Time = 0.5922491550445557
Num Params = 4940362
Ratio = 0.5278231071716503
---------------------58.000000_3.000000.net-----------------------
Accuracy = 0.916
Time = 0.501056432723999
Num Params = 4906058
Ratio = 0.5241581037025894
---------------------71.000000_1.000000.net-----------------------
Accuracy = 0.9106666666666666
Time = 0.4371485710144043
Num Params = 1840842
Ratio = 0.19667363327871012
---------------------71.000000_0.000000.net-----------------------
Accuracy = 0.911
Time = 0.42281293869018555
Num Params = 2468426
Ratio = 0.26372405122201326
---------------------81.000000_0.000000.net-----------------------
Accuracy = 0.9213333333333334
Time = 0.5752227306365967
Num Params = 7223626
Ratio = 0.7717646440414526
---------------------30.000000_0.000000.net-----------------------
Accuracy = 0.9313333333333333
Time = 0.5690507888793945
Num Params = 7998666
Ratio = 0.8545691067472859
---------------------4.000000_0.000000.net-----------------------
Accuracy = 0.9063333333333332
Time = 0.6410784721374512
Num Params = 8663626
Ratio = 0.925612737425536
---------------------87.000000_4.000000.net-----------------------
Accuracy = 0.9096666666666667
Time = 0.5389199256896973
Num Params = 9031626
Ratio = 0.9649294724014683
---------------------74.000000_2.000000.net-----------------------
Accuracy = 0.9106666666666666
Time = 0.4604942798614502
Num Params = 4273610
Ratio = 0.45658802108830004
---------------------34.000000_1.000000.net-----------------------
Accuracy = 0.9136666666666666
Time = 0.5133776664733887
Num Params = 7262666
Ratio = 0.7759356367954211
---------------------74.000000_4.000000.net-----------------------
Accuracy = 0.9203333333333333
Time = 0.5162384510040283
Num Params = 9142346
Ratio = 0.9767586813594444
---------------------55.000000_4.000000.net-----------------------
Accuracy = 0.9286666666666666
Time = 0.5015850067138672
Num Params = 7667146
Ratio = 0.8191498568037503
---------------------55.000000_1.000000.net-----------------------
Accuracy = 0.9243333333333333
Time = 0.482269287109375
Num Params = 6673354
Ratio = 0.7129741592896149
---------------------5.000000_4.000000.net-----------------------
Accuracy = 0.9223333333333333
Time = 0.5793054103851318
Num Params = 10397770
Ratio = 1.110886868018208
---------------------30.000000_4.000000.net-----------------------
Accuracy = 0.9236666666666666
Time = 0.6073093414306641
Num Params = 7889354
Ratio = 0.8428903270361742
---------------------66.000000_1.000000.net-----------------------
Accuracy = 0.9203333333333333
Time = 0.42986440658569336
Num Params = 2910922
Ratio = 0.3109998608956822
---------------------52.000000_2.000000.net-----------------------
Accuracy = 0.9206666666666666
Time = 0.4937725067138672
Num Params = 2950090
Ratio = 0.3151845290357293
---------------------46.000000_1.000000.net-----------------------
Accuracy = 0.9336666666666666
Time = 0.47178125381469727
Num Params = 5344074
Ratio = 0.5709552748635079
---------------------63.000000_4.000000.net-----------------------
Accuracy = 0.9093333333333333
Time = 0.4142322540283203
Num Params = 4163018
Ratio = 0.44477248751640247
---------------------74.000000_1.000000.net-----------------------
Accuracy = 0.9216666666666665
Time = 0.4755074977874756
Num Params = 2652874
Ratio = 0.2834302825612545
---------------------70.000000_1.000000.net-----------------------
Accuracy = 0.8896666666666667
Time = 0.42325425148010254
Num Params = 2356682
Ratio = 0.2517854391754084
---------------------84.000000_2.000000.net-----------------------
Accuracy = 0.9129999999999999
Time = 0.47846460342407227
Num Params = 4607562
Ratio = 0.49226710336732876
---------------------50.000000_0.000000.net-----------------------
Accuracy = 0.9146666666666667
Time = 0.4520223140716553
Num Params = 6633930
Ratio = 0.7087621403774107
---------------------40.000000_3.000000.net-----------------------
Accuracy = 0.9203333333333333
Time = 0.521857500076294
Num Params = 9733706
Ratio = 1.039938965042508
---------------------48.000000_3.000000.net-----------------------
Accuracy = 0.9383333333333332
Time = 0.5044956207275391
Num Params = 2837962
Ratio = 0.3032048908308887
---------------------39.000000_0.000000.net-----------------------
Accuracy = 0.909
Time = 0.579143762588501
Num Params = 10726346
Ratio = 1.1459915840819361
---------------------30.000000_2.000000.net-----------------------
Accuracy = 0.914
Time = 0.4732017517089844
Num Params = 3131338
Ratio = 0.3345488757230059
---------------------31.000000_2.000000.net-----------------------
Accuracy = 0.92
Time = 0.5346734523773193
Num Params = 8145866
Ratio = 0.8702958007376589
---------------------33.000000_4.000000.net-----------------------
Accuracy = 0.9123333333333333
Time = 0.5571236610412598
Num Params = 10800970
Ratio = 1.1539643341657513
---------------------47.000000_2.000000.net-----------------------
Accuracy = 0.9129999999999999
Time = 0.40976762771606445
Num Params = 4092874
Ratio = 0.43727837594533775
---------------------10.000000_3.000000.net-----------------------
Accuracy = 0.938
Time = 0.5387041568756104
Num Params = 9954506
Ratio = 1.0635290060280675
---------------------82.000000_4.000000.net-----------------------
Accuracy = 0.8960000000000001
Time = 0.44106459617614746
Num Params = 4277834
Ratio = 0.4570393088288934
---------------------0.000000_4.000000.net-----------------------
Accuracy = 0.905
Time = 0.4811370372772217
Num Params = 5492426
Ratio = 0.5868050473285881
---------------------46.000000_2.000000.net-----------------------
Accuracy = 0.938
Time = 0.5093562602996826
Num Params = 7262410
Ratio = 0.775908286023264
---------------------13.000000_3.000000.net-----------------------
Accuracy = 0.8983333333333333
Time = 0.48430609703063965
Num Params = 5455050
Ratio = 0.5828118345936413
---------------------21.000000_3.000000.net-----------------------
Accuracy = 0.9203333333333333
Time = 0.5684280395507812
Num Params = 8039370
Ratio = 0.858917879520276
---------------------91.000000_2.000000.net-----------------------
Accuracy = 0.921
Time = 0.48340749740600586
Num Params = 4867530
Ratio = 0.5200418124929352
---------------------85.000000_4.000000.net-----------------------
Accuracy = 0.911
Time = 0.46898317337036133
Num Params = 3096266
Ratio = 0.3308018199374736
---------------------19.000000_2.000000.net-----------------------
Accuracy = 0.9186666666666666
Time = 0.607628345489502
Num Params = 5862346
Ratio = 0.6263269130956993
---------------------54.000000_4.000000.net-----------------------
Accuracy = 0.907
Time = 0.5620458126068115
Num Params = 9843530
Ratio = 1.051672446297934
---------------------79.000000_3.000000.net-----------------------
Accuracy = 0.866
Time = 0.5010292530059814
Num Params = 9989962
Ratio = 1.0673170879718354
---------------------5.000000_0.000000.net-----------------------
Accuracy = 0.8996666666666667
Time = 0.5334568023681641
Num Params = 5716298
Ratio = 0.6107232975800336
---------------------79.000000_1.000000.net-----------------------
Accuracy = 0.9016666666666666
Time = 0.46616673469543457
Num Params = 4791114
Ratio = 0.51187760700402
---------------------15.000000_0.000000.net-----------------------
Accuracy = 0.9183333333333333
Time = 0.4851968288421631
Num Params = 6856650
Ratio = 0.732557312154149
---------------------69.000000_0.000000.net-----------------------
Accuracy = 0.9103333333333333
Time = 0.4301760196685791
Num Params = 4864970
Ratio = 0.5197683047713636
---------------------11.000000_1.000000.net-----------------------
Accuracy = 0.8683333333333333
Time = 0.47078728675842285
Num Params = 2542922
Ratio = 0.27168312591974986
---------------------75.000000_4.000000.net-----------------------
Accuracy = 0.9010000000000001
Time = 0.47763633728027344
Num Params = 4791242
Ratio = 0.5118912823900985
---------------------54.000000_0.000000.net-----------------------
Accuracy = 0.895
Time = 0.4911184310913086
Num Params = 5049546
Ratio = 0.5394882114966834
---------------------34.000000_0.000000.net-----------------------
Accuracy = 0.9023333333333333
Time = 0.5127518177032471
Num Params = 6892746
Ratio = 0.73641377102831
---------------------86.000000_4.000000.net-----------------------
Accuracy = 0.9083333333333333
Time = 0.5037765502929688
Num Params = 4313290
Ratio = 0.46082739077266144
---------------------83.000000_0.000000.net-----------------------
Accuracy = 0.9223333333333333
Time = 0.4661424160003662
Num Params = 4901450
Ratio = 0.5236657898037603
---------------------37.000000_1.000000.net-----------------------
Accuracy = 0.9133333333333333
Time = 0.45156097412109375
Num Params = 2986442
Ratio = 0.3190683386820475
---------------------20.000000_1.000000.net-----------------------
Accuracy = 0.9066666666666666
Time = 0.5377023220062256
Num Params = 8111178
Ratio = 0.8665897711103623
---------------------27.000000_4.000000.net-----------------------
Accuracy = 0.9223333333333333
Time = 0.5712170600891113
Num Params = 10212810
Ratio = 1.0911259351346523
---------------------72.000000_3.000000.net-----------------------
Accuracy = 0.8966666666666666
Time = 0.5277466773986816
Num Params = 5492426
Ratio = 0.5868050473285881
---------------------97.000000_4.000000.net-----------------------
Accuracy = 0.8986666666666666
Time = 0.39731335639953613
Num Params = 2466250
Ratio = 0.2634915696586773
---------------------20.000000_0.000000.net-----------------------
Accuracy = 0.9196666666666666
Time = 0.5079708099365234
Num Params = 7300426
Ratio = 0.7799698756886038
---------------------60.000000_4.000000.net-----------------------
Accuracy = 0.915
Time = 0.5062859058380127
Num Params = 2540746
Ratio = 0.2714506443564139
---------------------46.000000_3.000000.net-----------------------
Accuracy = 0.9163333333333334
Time = 0.5139820575714111
Num Params = 2546506
Ratio = 0.2720660367299502
---------------------27.000000_3.000000.net-----------------------
Accuracy = 0.907
Time = 0.5710673332214355
Num Params = 10543690
Ratio = 1.126476808147795
---------------------18.000000_1.000000.net-----------------------
Accuracy = 0.9106666666666666
Time = 0.5583248138427734
Num Params = 7742282
Ratio = 0.8271773084318798
---------------------28.000000_0.000000.net-----------------------
Accuracy = 0.9196666666666666
Time = 0.5538437366485596
Num Params = 10728650
Ratio = 1.1462377410313507
---------------------50.000000_3.000000.net-----------------------
Accuracy = 0.904
Time = 0.5551857948303223
Num Params = 7187786
Ratio = 0.7679355359394489
---------------------61.000000_0.000000.net-----------------------
Accuracy = 0.9133333333333333
Time = 0.44652485847473145
Num Params = 2360522
Ratio = 0.252195700757766
---------------------38.000000_4.000000.net-----------------------
Accuracy = 0.9286666666666666
Time = 0.47318482398986816
Num Params = 6526666
Ratio = 0.6973021668435564
---------------------30.000000_1.000000.net-----------------------
Accuracy = 0.9103333333333333
Time = 0.4783899784088135
Num Params = 5052746
Ratio = 0.5398300961486481
---------------------46.000000_0.000000.net-----------------------
Accuracy = 0.9330000000000002
Time = 0.46870923042297363
Num Params = 6596810
Ratio = 0.704796278414621
---------------------69.000000_4.000000.net-----------------------
Accuracy = 0.862
Time = 0.3877222537994385
Num Params = 2319818
Ratio = 0.24784692798477587
---------------------87.000000_2.000000.net-----------------------
Accuracy = 0.9123333333333333
Time = 0.45224499702453613
Num Params = 2985162
Ratio = 0.31893158482126166
---------------------1.000000_4.000000.net-----------------------
Accuracy = 0.9343333333333333
Time = 0.6035923957824707
Num Params = 5715786
Ratio = 0.6106685960357192
---------------------20.000000_4.000000.net-----------------------
Accuracy = 0.9243333333333333
Time = 0.4959537982940674
Num Params = 6672714
Ratio = 0.7129057823592221
---------------------22.000000_4.000000.net-----------------------
Accuracy = 0.888
Time = 0.5707001686096191
Num Params = 5677770
Ratio = 0.6066070063703795
---------------------25.000000_0.000000.net-----------------------
Accuracy = 0.9226666666666666
Time = 0.5205721855163574
Num Params = 5493834
Ratio = 0.5869554765754526
---------------------60.000000_2.000000.net-----------------------
Accuracy = 0.9153333333333333
Time = 0.5228955745697021
Num Params = 4900810
Ratio = 0.5235974128733675
---------------------96.000000_2.000000.net-----------------------
Accuracy = 0.9156666666666666
Time = 0.40884876251220703
Num Params = 6449610
Ratio = 0.689069584424248
---------------------25.000000_3.000000.net-----------------------
Accuracy = 0.9103333333333333
Time = 0.46927595138549805
Num Params = 4904138
Ratio = 0.5239529729114106
---------------------83.000000_4.000000.net-----------------------
Accuracy = 0.924
Time = 0.4648435115814209
Num Params = 4793418
Ratio = 0.5121237639534345
---------------------84.000000_0.000000.net-----------------------
Accuracy = 0.8766666666666667
Time = 0.4743645191192627
Num Params = 4350538
Ratio = 0.46480692812152974
---------------------52.000000_3.000000.net-----------------------
Accuracy = 0.93
Time = 0.5096297264099121
Num Params = 3906122
Ratio = 0.417325987656682
---------------------81.000000_4.000000.net-----------------------
Accuracy = 0.9016666666666666
Time = 0.4695565700531006
Num Params = 7223754
Ratio = 0.7717783194275313
---------------------58.000000_4.000000.net-----------------------
Accuracy = 0.914
Time = 0.45021677017211914
Num Params = 2431946
Ratio = 0.25982656618961647
---------------------18.000000_2.000000.net-----------------------
Accuracy = 0.9093333333333333
Time = 0.5467371940612793
Num Params = 8035402
Ratio = 0.8584939425518399
---------------------43.000000_2.000000.net-----------------------
Accuracy = 0.9010000000000001
Time = 0.47714900970458984
Num Params = 4495306
Ratio = 0.48027378977640955
---------------------36.000000_4.000000.net-----------------------
Accuracy = 0.9133333333333333
Time = 0.4975278377532959
Num Params = 6932042
Ratio = 0.7406121145544357
---------------------76.000000_1.000000.net-----------------------
Accuracy = 0.9053333333333333
Time = 0.49541759490966797
Num Params = 4977866
Ratio = 0.5318299952926757
---------------------91.000000_4.000000.net-----------------------
Accuracy = 0.9196666666666666
Time = 0.45944643020629883
Num Params = 7076042
Ratio = 0.7559969238928439
---------------------17.000000_3.000000.net-----------------------
Accuracy = 0.9236666666666666
Time = 0.5816552639007568
Num Params = 5016138
Ratio = 0.5359189357301727
---------------------9.000000_1.000000.net-----------------------
Accuracy = 0.9223333333333333
Time = 0.5338027477264404
Num Params = 7852490
Ratio = 0.8389518158455417
---------------------78.000000_2.000000.net-----------------------
Accuracy = 0.932
Time = 0.5298745632171631
Num Params = 5526986
Ratio = 0.5904974015698061
---------------------76.000000_4.000000.net-----------------------
Accuracy = 0.8963333333333332
Time = 0.5236704349517822
Num Params = 6448842
Ratio = 0.6889875321077765
---------------------13.000000_2.000000.net-----------------------
Accuracy = 0.894
Time = 0.5618090629577637
Num Params = 5050826
Ratio = 0.5396249653574693
---------------------84.000000_3.000000.net-----------------------
Accuracy = 0.9116666666666666
Time = 0.5155801773071289
Num Params = 7445962
Ratio = 0.7955187896599552
---------------------13.000000_4.000000.net-----------------------
Accuracy = 0.9046666666666667
Time = 0.4763154983520508
Num Params = 4903114
Ratio = 0.5238435698227819
---------------------25.000000_4.000000.net-----------------------
Accuracy = 0.8996666666666667
Time = 0.5425209999084473
Num Params = 5863242
Ratio = 0.6264226407982494
---------------------28.000000_2.000000.net-----------------------
Accuracy = 0.9256666666666666
Time = 0.4902639389038086
Num Params = 4829258
Ratio = 0.5159528720554383
---------------------76.000000_3.000000.net-----------------------
Accuracy = 0.9246666666666666
Time = 0.4952983856201172
Num Params = 5640522
Ratio = 0.6026274690215112
---------------------75.000000_3.000000.net-----------------------
Accuracy = 0.94
Time = 0.5007197856903076
Num Params = 7998538
Ratio = 0.8545554313612074
---------------------68.000000_4.000000.net-----------------------
Accuracy = 0.9306666666666666
Time = 0.4578092098236084
Num Params = 5048522
Ratio = 0.5393788084080547
---------------------86.000000_2.000000.net-----------------------
Accuracy = 0.9280000000000002
Time = 0.4556548595428467
Num Params = 6670410
Ratio = 0.7126596254098075
---------------------61.000000_3.000000.net-----------------------
Accuracy = 0.91
Time = 0.45111560821533203
Num Params = 4975946
Ratio = 0.5316248645014969
---------------------95.000000_1.000000.net-----------------------
Accuracy = 0.8786666666666667
Time = 0.35584139823913574
Num Params = 1731018
Ratio = 0.18494015202328407
---------------------38.000000_1.000000.net-----------------------
Accuracy = 0.9123333333333333
Time = 0.4430704116821289
Num Params = 4312522
Ratio = 0.4607453384561899
---------------------12.000000_2.000000.net-----------------------
Accuracy = 0.922
Time = 0.5262312889099121
Num Params = 8038090
Ratio = 0.8587811256594902
---------------------85.000000_2.000000.net-----------------------
Accuracy = 0.8636666666666667
Time = 0.4312717914581299
Num Params = 2507978
Ratio = 0.2679497455202961
---------------------77.000000_4.000000.net-----------------------
Accuracy = 0.9163333333333334
Time = 0.4172630310058594
Num Params = 4238154
Ratio = 0.4527999391445319
---------------------62.000000_2.000000.net-----------------------
Accuracy = 0.9216666666666665
Time = 0.42989611625671387
Num Params = 4276170
Ratio = 0.45686152880987174
---------------------48.000000_4.000000.net-----------------------
Accuracy = 0.9056666666666666
Time = 0.5185205936431885
Num Params = 7851466
Ratio = 0.838842412756913
---------------------67.000000_1.000000.net-----------------------
Accuracy = 0.9186666666666666
Time = 0.4116189479827881
Num Params = 2615498
Ratio = 0.2794370698263076
---------------------81.000000_3.000000.net-----------------------
Accuracy = 0.9166666666666665
Time = 0.48142147064208984
Num Params = 7262026
Ratio = 0.7758672598650282
---------------------35.000000_4.000000.net-----------------------
Accuracy = 0.9023333333333333
Time = 0.48247551918029785
Num Params = 5603402
Ratio = 0.5986616070587215
---------------------89.000000_3.000000.net-----------------------
Accuracy = 0.9153333333333333
Time = 0.46118950843811035
Num Params = 3094986
Ratio = 0.3306650660766877
---------------------46.000000_4.000000.net-----------------------
Accuracy = 0.945
Time = 0.5157687664031982
Num Params = 8035018
Ratio = 0.8584529163936041
---------------------87.000000_3.000000.net-----------------------
Accuracy = 0.9163333333333334
Time = 0.44830870628356934
Num Params = 6635082
Ratio = 0.708885218852118
---------------------47.000000_1.000000.net-----------------------
Accuracy = 0.9006666666666666
Time = 0.3965177536010742
Num Params = 1915978
Ratio = 0.20470108490683964
---------------------97.000000_2.000000.net-----------------------
Accuracy = 0.9036666666666666
Time = 0.4818871021270752
Num Params = 4678090
Ratio = 0.4998022410966292
---------------------2.000000_1.000000.net-----------------------
Accuracy = 0.9183333333333333
Time = 0.5878574848175049
Num Params = 8627786
Ratio = 0.9217836293235321
---------------------65.000000_3.000000.net-----------------------
Accuracy = 0.9246666666666666
Time = 0.574425458908081
Num Params = 7850442
Ratio = 0.8387330096682842
---------------------10.000000_2.000000.net-----------------------
Accuracy = 0.9126666666666666
Time = 0.5753896236419678
Num Params = 5714634
Ratio = 0.6105455175610119
---------------------19.000000_0.000000.net-----------------------
Accuracy = 0.9253333333333333
Time = 0.5334084033966064
Num Params = 5643082
Ratio = 0.6029009767430829
---------------------58.000000_2.000000.net-----------------------
Accuracy = 0.893
Time = 0.5215072631835938
Num Params = 5013322
Ratio = 0.5356180772364438
---------------------97.000000_3.000000.net-----------------------
Accuracy = 0.8546666666666667
Time = 0.4198877811431885
Num Params = 1765834
Ratio = 0.18865985703665922
---------------------20.000000_3.000000.net-----------------------
Accuracy = 0.927
Time = 0.49604058265686035
Num Params = 5049418
Ratio = 0.5394745361106048
---------------------77.000000_3.000000.net-----------------------
Accuracy = 0.924
Time = 0.45226430892944336
Num Params = 6634442
Ratio = 0.7088168419217251
---------------------19.000000_4.000000.net-----------------------
Accuracy = 0.924
Time = 0.5581774711608887
Num Params = 10358474
Ratio = 1.1066885244920823
---------------------65.000000_4.000000.net-----------------------
Accuracy = 0.9280000000000002
Time = 0.47777819633483887
Num Params = 5342794
Ratio = 0.570818521002722
---------------------31.000000_4.000000.net-----------------------
Accuracy = 0.9253333333333333
Time = 0.540381669998169
Num Params = 9767754
Ratio = 1.0435766177394117
---------------------63.000000_2.000000.net-----------------------
Accuracy = 0.9079999999999999
Time = 0.47497034072875977
Num Params = 5160522
Ratio = 0.5513447712268168
---------------------56.000000_4.000000.net-----------------------
Accuracy = 0.9013333333333332
Time = 0.5364937782287598
Num Params = 4644170
Ratio = 0.49617826378580415
---------------------95.000000_0.000000.net-----------------------
Accuracy = 0.8806666666666668
Time = 0.41010332107543945
Num Params = 2320330
Ratio = 0.24790162952909023
---------------------3.000000_0.000000.net-----------------------
Accuracy = 0.898
Time = 0.6513533592224121
Num Params = 10397514
Ratio = 1.1108595172460507
---------------------24.000000_1.000000.net-----------------------
Accuracy = 0.9230000000000002
Time = 0.5800998210906982
Num Params = 7413066
Ratio = 0.7920042154377587
---------------------94.000000_1.000000.net-----------------------
Accuracy = 0.902
Time = 0.41756200790405273
Num Params = 1766730
Ratio = 0.1887555847392093
---------------------98.000000_4.000000.net-----------------------
Accuracy = 0.903
Time = 0.4021034240722656
Num Params = 1877578
Ratio = 0.2005984690832641
---------------------8.000000_4.000000.net-----------------------
Accuracy = 0.9256666666666666
Time = 0.5920841693878174
Num Params = 10323658
Ratio = 1.102968819478707
---------------------7.000000_0.000000.net-----------------------
Accuracy = 0.9033333333333333
Time = 0.4590301513671875
Num Params = 2655946
Ratio = 0.2837584918271406
---------------------7.000000_4.000000.net-----------------------
Accuracy = 0.8976666666666666
Time = 0.6284441947937012
Num Params = 10582218
Ratio = 1.1305930993574491
---------------------41.000000_2.000000.net-----------------------
Accuracy = 0.9256666666666666
Time = 0.4943532943725586
Num Params = 7223242
Ratio = 0.7717236178832169
---------------------24.000000_0.000000.net-----------------------
Accuracy = 0.9093333333333333
Time = 0.531641960144043
Num Params = 6194890
Ratio = 0.6618555661278636
---------------------8.000000_1.000000.net-----------------------
Accuracy = 0.9193333333333333
Time = 0.5801560878753662
Num Params = 10801610
Ratio = 1.1540327110961441
---------------------71.000000_4.000000.net-----------------------
Accuracy = 0.8903333333333333
Time = 0.4235067367553711
Num Params = 1769162
Ratio = 0.18901541707470243
---------------------57.000000_3.000000.net-----------------------
Accuracy = 0.9326666666666666
Time = 0.5559122562408447
Num Params = 4902986
Ratio = 0.5238298944367034
---------------------76.000000_0.000000.net-----------------------
Accuracy = 0.8793333333333334
Time = 0.40841174125671387
Num Params = 1804746
Ratio = 0.19281717440454912
---------------------60.000000_1.000000.net-----------------------
Accuracy = 0.8856666666666668
Time = 0.429485559463501
Num Params = 2396490
Ratio = 0.2560384842458484
---------------------17.000000_1.000000.net-----------------------
Accuracy = 0.9066666666666666
Time = 0.4625840187072754
Num Params = 2692810
Ratio = 0.28769700301777307
---------------------28.000000_4.000000.net-----------------------
Accuracy = 0.8873333333333333
Time = 0.5460712909698486
Num Params = 6414410
Ratio = 0.6853088532526371
---------------------22.000000_0.000000.net-----------------------
Accuracy = 0.904
Time = 0.49742579460144043
Num Params = 7557450
Ratio = 0.8074300509344028
---------------------45.000000_1.000000.net-----------------------
Accuracy = 0.8740000000000001
Time = 0.4259064197540283
Num Params = 4310474
Ratio = 0.4605265322789326
---------------------54.000000_1.000000.net-----------------------
Accuracy = 0.897
Time = 0.4751417636871338
Num Params = 4532042
Ratio = 0.4841986255809635
---------------------98.000000_3.000000.net-----------------------
Accuracy = 0.8936666666666667
Time = 0.35483336448669434
Num Params = 1728970
Ratio = 0.1847213458460267
---------------------13.000000_0.000000.net-----------------------
Accuracy = 0.909
Time = 0.5490415096282959
Num Params = 8075466
Ratio = 0.8627743383944371
---------------------47.000000_3.000000.net-----------------------
Accuracy = 0.921
Time = 0.45908093452453613
Num Params = 4867146
Ratio = 0.5200007863346995
---------------------59.000000_2.000000.net-----------------------
Accuracy = 0.9146666666666667
Time = 0.4628753662109375
Num Params = 2725962
Ratio = 0.29123892801212664
---------------------64.000000_3.000000.net-----------------------
Accuracy = 0.9253333333333333
Time = 0.47470760345458984
Num Params = 5603274
Ratio = 0.5986479316726429
---------------------40.000000_4.000000.net-----------------------
Accuracy = 0.9196666666666666
Time = 0.47219181060791016
Num Params = 3282250
Ratio = 0.35067215590965783
---------------------80.000000_0.000000.net-----------------------
Accuracy = 0.9013333333333332
Time = 0.4145517349243164
Num Params = 2469706
Ratio = 0.26386080508279913
---------------------0.000000_0.000000.net-----------------------
Accuracy = 0.927
Time = 0.5450775623321533
Num Params = 8184266
Ratio = 0.8743984165612344
---------------------11.000000_4.000000.net-----------------------
Accuracy = 0.8826666666666667
Time = 0.4518468379974365
Num Params = 2140234
Ratio = 0.22866036131652087
---------------------21.000000_0.000000.net-----------------------
Accuracy = 0.9276666666666666
Time = 0.545175313949585
Num Params = 7928650
Ratio = 0.8470886705622999
---------------------68.000000_0.000000.net-----------------------
Accuracy = 0.9023333333333333
Time = 0.41530871391296387
Num Params = 4126538
Ratio = 0.4408750024840057
---------------------51.000000_0.000000.net-----------------------
Accuracy = 0.9330000000000002
Time = 0.48842573165893555
Num Params = 7484234
Ratio = 0.7996077300974521
---------------------56.000000_0.000000.net-----------------------
Accuracy = 0.9043333333333333
Time = 0.49146413803100586
Num Params = 7411402
Ratio = 0.7918264354187371
---------------------36.000000_2.000000.net-----------------------
Accuracy = 0.9143333333333333
Time = 0.5070874691009521
Num Params = 5642442
Ratio = 0.60283259981269
---------------------9.000000_0.000000.net-----------------------
Accuracy = 0.931
Time = 0.517404317855835
Num Params = 8443978
Ratio = 0.9021457749146837
---------------------14.000000_3.000000.net-----------------------
Accuracy = 0.9093333333333333
Time = 0.5465517044067383
Num Params = 8479818
Ratio = 0.9059748830166876
---------------------5.000000_3.000000.net-----------------------
Accuracy = 0.8893333333333334
Time = 0.5546109676361084
Num Params = 8038858
Ratio = 0.8588631779759617
---------------------67.000000_4.000000.net-----------------------
Accuracy = 0.9203333333333333
Time = 0.4511528015136719
Num Params = 6523722
Ratio = 0.6969876329637489
---------------------14.000000_1.000000.net-----------------------
Accuracy = 0.9003333333333333
Time = 0.43062686920166016
Num Params = 2651850
Ratio = 0.28332087947262585
---------------------4.000000_4.000000.net-----------------------
Accuracy = 0.9043333333333333
Time = 0.5887830257415771
Num Params = 10580298
Ratio = 1.1303879685662703
---------------------88.000000_0.000000.net-----------------------
Accuracy = 0.914
Time = 0.5080647468566895
Num Params = 10176330
Ratio = 1.0872284501022556
---------------------26.000000_3.000000.net-----------------------
Accuracy = 0.9123333333333333
Time = 0.5453832149505615
Num Params = 10250186
Ratio = 1.0951191478695992
---------------------80.000000_1.000000.net-----------------------
Accuracy = 0.912
Time = 0.4908103942871094
Num Params = 5638218
Ratio = 0.6023813120720967
---------------------49.000000_1.000000.net-----------------------
Accuracy = 0.93
Time = 0.4702723026275635
Num Params = 5087946
Ratio = 0.543590827320259
---------------------73.000000_0.000000.net-----------------------
Accuracy = 0.902
Time = 0.4039170742034912
Num Params = 2026698
Ratio = 0.21653029386481581
---------------------31.000000_3.000000.net-----------------------
Accuracy = 0.9136666666666666
Time = 0.48740625381469727
Num Params = 5491274
Ratio = 0.5866819688538808
---------------------23.000000_0.000000.net-----------------------
Accuracy = 0.91
Time = 0.4758329391479492
Num Params = 5052362
Ratio = 0.5397890699904123
---------------------89.000000_1.000000.net-----------------------
Accuracy = 0.909
Time = 0.44912123680114746
Num Params = 4902602
Ratio = 0.5237888682784676
---------------------18.000000_4.000000.net-----------------------
Accuracy = 0.8973333333333333
Time = 0.44423747062683105
Num Params = 3096650
Ratio = 0.33084284609570935
---------------------59.000000_4.000000.net-----------------------
Accuracy = 0.916
Time = 0.486253023147583
Num Params = 7152842
Ratio = 0.764202155539995
---------------------86.000000_1.000000.net-----------------------
Accuracy = 0.885
Time = 0.4052426815032959
Num Params = 1916874
Ratio = 0.20479681260938973
---------------------53.000000_4.000000.net-----------------------
Accuracy = 0.9196666666666666
Time = 0.467055082321167
Num Params = 7224522
Ratio = 0.7718603717440028
---------------------85.000000_1.000000.net-----------------------
Accuracy = 0.9023333333333333
Time = 0.4801666736602783
Num Params = 7338186
Ratio = 0.7840041145817864
---------------------59.000000_1.000000.net-----------------------
Accuracy = 0.9223333333333333
Time = 0.4438483715057373
Num Params = 4862794
Ratio = 0.5195358232080276
---------------------6.000000_4.000000.net-----------------------
Accuracy = 0.8976666666666666
Time = 0.5715804100036621
Num Params = 10839370
Ratio = 1.1580669499893268
---------------------69.000000_3.000000.net-----------------------
Accuracy = 0.893
Time = 0.402238130569458
Num Params = 2063178
Ratio = 0.2204277788972126
---------------------49.000000_0.000000.net-----------------------
Accuracy = 0.903
Time = 0.4828495979309082
Num Params = 5602378
Ratio = 0.5985522039700928
---------------------67.000000_3.000000.net-----------------------
Accuracy = 0.9293333333333333
Time = 0.42581963539123535
Num Params = 5271754
Ratio = 0.5632286817291072
---------------------28.000000_1.000000.net-----------------------
Accuracy = 0.9129999999999999
Time = 0.5212550163269043
Num Params = 8001482
Ratio = 0.8548699652410148
---------------------39.000000_3.000000.net-----------------------
Accuracy = 0.899
Time = 0.4883730411529541
Num Params = 3464778
Ratio = 0.3701732564577203
---------------------61.000000_4.000000.net-----------------------
Accuracy = 0.912
Time = 0.412050724029541
Num Params = 2468682
Ratio = 0.26375140199417046
---------------------38.000000_0.000000.net-----------------------
Accuracy = 0.9006666666666666
Time = 0.4611501693725586
Num Params = 3688010
Ratio = 0.39402312977877285
---------------------54.000000_2.000000.net-----------------------
Accuracy = 0.9186666666666666
Time = 0.44859886169433594
Num Params = 6669898
Ratio = 0.7126049238654931
---------------------92.000000_1.000000.net-----------------------
Accuracy = 0.9
Time = 0.39875054359436035
Num Params = 1915082
Ratio = 0.20460535720428955
---------------------44.000000_3.000000.net-----------------------
Accuracy = 0.9143333333333333
Time = 0.4026813507080078
Num Params = 2322122
Ratio = 0.2480930849341904
---------------------74.000000_0.000000.net-----------------------
Accuracy = 0.894
Time = 0.4328601360321045
Num Params = 4312010
Ratio = 0.4606906369118756
---------------------73.000000_1.000000.net-----------------------
Accuracy = 0.9203333333333333
Time = 0.3948323726654053
Num Params = 2467786
Ratio = 0.26365567429162035
---------------------48.000000_0.000000.net-----------------------
Accuracy = 0.914
Time = 0.5017309188842773
Num Params = 7557578
Ratio = 0.8074437263204813
---------------------51.000000_2.000000.net-----------------------
Accuracy = 0.9233333333333333
Time = 0.5098714828491211
Num Params = 5642314
Ratio = 0.6028189244266113
---------------------24.000000_3.000000.net-----------------------
Accuracy = 0.903
Time = 0.4905426502227783
Num Params = 3393994
Ratio = 0.3626107679562627
---------------------43.000000_0.000000.net-----------------------
Accuracy = 0.9136666666666666
Time = 0.5384066104888916
Num Params = 10247498
Ratio = 1.0948319647619489
---------------------62.000000_3.000000.net-----------------------
Accuracy = 0.9173333333333333
Time = 0.4553077220916748
Num Params = 4864586
Ratio = 0.5197272786131278
---------------------97.000000_0.000000.net-----------------------
Accuracy = 0.8623333333333334
Time = 0.3670978546142578
Num Params = 1729482
Ratio = 0.18477604739034104
---------------------43.000000_3.000000.net-----------------------
Accuracy = 0.9356666666666666
Time = 0.5656332969665527
Num Params = 8404042
Ratio = 0.8978790544581652
---------------------91.000000_0.000000.net-----------------------
Accuracy = 0.9136666666666666
Time = 0.43129682540893555
Num Params = 4127306
Ratio = 0.4409570548004772
---------------------35.000000_0.000000.net-----------------------
Accuracy = 0.909
Time = 0.5596370697021484
Num Params = 8332106
Ratio = 0.8901934874820003
---------------------49.000000_3.000000.net-----------------------
Accuracy = 0.92
Time = 0.5410494804382324
Num Params = 8000074
Ratio = 0.8547195359941504
---------------------11.000000_2.000000.net-----------------------
Accuracy = 0.9233333333333333
Time = 0.526158332824707
Num Params = 6081610
Ratio = 0.6497528494483157
---------------------82.000000_1.000000.net-----------------------
Accuracy = 0.9206666666666666
Time = 0.49260759353637695
Num Params = 7262282
Ratio = 0.7758946106371853
---------------------8.000000_3.000000.net-----------------------
Accuracy = 0.921
Time = 0.564995288848877
Num Params = 5604042
Ratio = 0.5987299839891144
---------------------62.000000_4.000000.net-----------------------
Accuracy = 0.9166666666666665
Time = 0.4835357666015625
Num Params = 3134154
Ratio = 0.3348497342167348
---------------------18.000000_0.000000.net-----------------------
Accuracy = 0.9143333333333333
Time = 0.623784065246582
Num Params = 8664778
Ratio = 0.9257358159002432
---------------------80.000000_4.000000.net-----------------------
Accuracy = 0.9156666666666666
Time = 0.4549546241760254
Num Params = 4459082
Ratio = 0.47640365551617
---------------------24.000000_4.000000.net-----------------------
Accuracy = 0.9253333333333333
Time = 0.5425047874450684
Num Params = 9696842
Ratio = 1.0360004538518754
---------------------49.000000_4.000000.net-----------------------
Accuracy = 0.8909999999999999
Time = 0.45166516304016113
Num Params = 4608330
Ratio = 0.4923491556838003
---------------------98.000000_1.000000.net-----------------------
Accuracy = 0.8876666666666666
Time = 0.3515195846557617
Num Params = 1728970
Ratio = 0.1847213458460267
---------------------95.000000_3.000000.net-----------------------
Accuracy = 0.9056666666666666
Time = 0.3800625801086426
Num Params = 4090314
Ratio = 0.43700486822376605
---------------------66.000000_2.000000.net-----------------------
Accuracy = 0.929
Time = 0.4931142330169678
Num Params = 8403530
Ratio = 0.8978243529138509
---------------------17.000000_0.000000.net-----------------------
Accuracy = 0.926
Time = 0.5322699546813965
Num Params = 9917642
Ratio = 1.0595904948374348
---------------------59.000000_0.000000.net-----------------------
Accuracy = 0.915
Time = 0.44141530990600586
Num Params = 4865482
Ratio = 0.5198230063156779
---------------------32.000000_2.000000.net-----------------------
Accuracy = 0.9006666666666666
Time = 0.5053071975708008
Num Params = 7815114
Ratio = 0.8349586031105948
---------------------69.000000_2.000000.net-----------------------
Accuracy = 0.9136666666666666
Time = 0.4153585433959961
Num Params = 2613962
Ratio = 0.27927296519336464
---------------------93.000000_2.000000.net-----------------------
Accuracy = 0.9043333333333333
Time = 0.384204626083374
Num Params = 1767114
Ratio = 0.18879661089744507
---------------------37.000000_3.000000.net-----------------------
Accuracy = 0.9133333333333333
Time = 0.5730800628662109
Num Params = 7190602
Ratio = 0.7682363944331777
---------------------6.000000_3.000000.net-----------------------
Accuracy = 0.9129999999999999
Time = 0.5597352981567383
Num Params = 7042378
Ratio = 0.752400297354176
---------------------83.000000_3.000000.net-----------------------
Accuracy = 0.9186666666666666
Time = 0.4545018672943115
Num Params = 4314058
Ratio = 0.46090944308913295
---------------------99.000000_3.000000.net-----------------------
Accuracy = 0.9043333333333333
Time = 0.35535311698913574
Num Params = 1728970
Ratio = 0.1847213458460267
---------------------70.000000_0.000000.net-----------------------
Accuracy = 0.8983333333333333
Time = 0.40054869651794434
Num Params = 2357450
Ratio = 0.2518674914918799
---------------------70.000000_4.000000.net-----------------------
Accuracy = 0.8933333333333333
Time = 0.38622570037841797
Num Params = 2321610
Ratio = 0.24803838338987608
---------------------84.000000_1.000000.net-----------------------
Accuracy = 0.9206666666666666
Time = 0.44361305236816406
Num Params = 4866378
Ratio = 0.519918734018228
---------------------56.000000_2.000000.net-----------------------
Accuracy = 0.9066666666666666
Time = 0.5052697658538818
Num Params = 7556682
Ratio = 0.8073479986179313
---------------------51.000000_1.000000.net-----------------------
Accuracy = 0.8853333333333333
Time = 0.49022817611694336
Num Params = 2914250
Ratio = 0.3113554209337254
---------------------40.000000_0.000000.net-----------------------
Accuracy = 0.9163333333333334
Time = 0.5340566635131836
Num Params = 10468938
Ratio = 1.1184903826779014
---------------------87.000000_0.000000.net-----------------------
Accuracy = 0.9196666666666666
Time = 0.46291065216064453
Num Params = 3796938
Ratio = 0.40566088333164885
---------------------88.000000_1.000000.net-----------------------
Accuracy = 0.9113333333333332
Time = 0.46910858154296875
Num Params = 5455306
Ratio = 0.5828391853657984
---------------------91.000000_3.000000.net-----------------------
Accuracy = 0.9263333333333335
Time = 0.41570305824279785
Num Params = 2506826
Ratio = 0.26782666704558883
---------------------41.000000_0.000000.net-----------------------
Accuracy = 0.9223333333333333
Time = 0.5094349384307861
Num Params = 3169610
Ratio = 0.33863781616050287
---------------------37.000000_2.000000.net-----------------------
Accuracy = 0.93
Time = 0.6014184951782227
Num Params = 9878474
Ratio = 1.0554058266973878
---------------------19.000000_3.000000.net-----------------------
Accuracy = 0.9236666666666666
Time = 0.49228501319885254
Num Params = 6710090
Ratio = 0.7168989950941689
---------------------36.000000_3.000000.net-----------------------
Accuracy = 0.9173333333333333
Time = 0.48856091499328613
Num Params = 6709706
Ratio = 0.7168579689359331
---------------------23.000000_3.000000.net-----------------------
Accuracy = 0.9223333333333333
Time = 0.505138635635376
Num Params = 5678538
Ratio = 0.606689058686851
---------------------92.000000_4.000000.net-----------------------
Accuracy = 0.9213333333333334
Time = 0.45386791229248047
Num Params = 5452874
Ratio = 0.5825793530303053
---------------------31.000000_1.000000.net-----------------------
Accuracy = 0.9136666666666666
Time = 0.5098490715026855
Num Params = 6119370
Ratio = 0.6537870883414983
---------------------33.000000_0.000000.net-----------------------
Accuracy = 0.9396666666666667
Time = 0.4776787757873535
Num Params = 5493706
Ratio = 0.586941801189374
---------------------48.000000_1.000000.net-----------------------
Accuracy = 0.909
Time = 0.500901460647583
Num Params = 5641930
Ratio = 0.6027778982683756
---------------------53.000000_1.000000.net-----------------------
Accuracy = 0.9183333333333333
Time = 0.544450044631958
Num Params = 9915722
Ratio = 1.059385364046256
---------------------39.000000_1.000000.net-----------------------
Accuracy = 0.9193333333333333
Time = 0.4483528137207031
Num Params = 4717386
Ratio = 0.5040005846227549
---------------------4.000000_2.000000.net-----------------------
Accuracy = 0.9060000000000001
Time = 0.5627655982971191
Num Params = 10508490
Ratio = 1.1227160769761841
---------------------86.000000_0.000000.net-----------------------
Accuracy = 0.9246666666666666
Time = 0.5064873695373535
Num Params = 5676874
Ratio = 0.6065112786678294
---------------------51.000000_3.000000.net-----------------------
Accuracy = 0.9076666666666666
Time = 0.4491264820098877
Num Params = 2579658
Ratio = 0.2756079617243038
---------------------14.000000_4.000000.net-----------------------
Accuracy = 0.9156666666666666
Time = 0.4762704372406006
Num Params = 4904906
Ratio = 0.5240350252278821
---------------------33.000000_2.000000.net-----------------------
Accuracy = 0.924
Time = 0.5064346790313721
Num Params = 8369610
Ratio = 0.8942003756030258
---------------------32.000000_1.000000.net-----------------------
Accuracy = 0.9123333333333333
Time = 0.4773387908935547
Num Params = 5088330
Ratio = 0.5436318534784947
---------------------71.000000_3.000000.net-----------------------
Accuracy = 0.929
Time = 0.46138596534729004
Num Params = 4938570
Ratio = 0.52763165176655
---------------------37.000000_4.000000.net-----------------------
Accuracy = 0.9223333333333333
Time = 0.4806244373321533
Num Params = 4977482
Ratio = 0.53178896913444
---------------------77.000000_2.000000.net-----------------------
Accuracy = 0.9230000000000002
Time = 0.4742460250854492
Num Params = 7812298
Ratio = 0.8346577446168659
---------------------14.000000_2.000000.net-----------------------
Accuracy = 0.9186666666666666
Time = 0.4903247356414795
Num Params = 5602634
Ratio = 0.59857955474225
---------------------16.000000_3.000000.net-----------------------
Accuracy = 0.9026666666666666
Time = 0.4355013370513916
Num Params = 4277450
Ratio = 0.4569982826706576
---------------------30.000000_3.000000.net-----------------------
Accuracy = 0.9203333333333333
Time = 0.5113401412963867
Num Params = 7963082
Ratio = 0.8507673494174393
---------------------34.000000_3.000000.net-----------------------
Accuracy = 0.911
Time = 0.4360184669494629
Num Params = 4683594
Ratio = 0.5003902826980083
---------------------41.000000_1.000000.net-----------------------
Accuracy = 0.9166666666666665
Time = 0.5068306922912598
Num Params = 7853514
Ratio = 0.8390612189341703
---------------------64.000000_2.000000.net-----------------------
Accuracy = 0.9206666666666666
Time = 0.41630029678344727
Num Params = 2395850
Ratio = 0.2559701073154555
---------------------99.000000_1.000000.net-----------------------
Accuracy = 0.8983333333333333
Time = 0.36772990226745605
Num Params = 1765834
Ratio = 0.18865985703665922
---------------------15.000000_1.000000.net-----------------------
Accuracy = 0.936
Time = 0.46735286712646484
Num Params = 5049802
Ratio = 0.5395155622688406
---------------------32.000000_0.000000.net-----------------------
Accuracy = 0.914
Time = 0.48731350898742676
Num Params = 7264074
Ratio = 0.7760860660422856
---------------------16.000000_0.000000.net-----------------------
Accuracy = 0.9153333333333333
Time = 0.49173426628112793
Num Params = 7815498
Ratio = 0.8349996292688305
---------------------93.000000_0.000000.net-----------------------
Accuracy = 0.903
Time = 0.381915807723999
Num Params = 1879370
Ratio = 0.20078992448836427
---------------------10.000000_1.000000.net-----------------------
Accuracy = 0.925
Time = 0.497802734375
Num Params = 5643722
Ratio = 0.6029693536734758
---------------------62.000000_1.000000.net-----------------------
Accuracy = 0.9243333333333333
Time = 0.4566328525543213
Num Params = 5013962
Ratio = 0.5356864541668367
---------------------45.000000_2.000000.net-----------------------
Accuracy = 0.9060000000000001
Time = 0.45354342460632324
Num Params = 4902474
Ratio = 0.523775192892389
---------------------32.000000_3.000000.net-----------------------
Accuracy = 0.9066666666666666
Time = 0.5192492008209229
Num Params = 5680842
Ratio = 0.6069352156362655
---------------------1.000000_3.000000.net-----------------------
Accuracy = 0.9126666666666666
Time = 0.5479011535644531
Num Params = 8184906
Ratio = 0.8744667934916274
---------------------84.000000_4.000000.net-----------------------
Accuracy = 0.9036666666666666
Time = 0.48096561431884766
Num Params = 5898570
Ratio = 0.6301970473559388
---------------------20.000000_2.000000.net-----------------------
Accuracy = 0.9280000000000002
Time = 0.5383071899414062
Num Params = 8736714
Ratio = 0.9334213828764081
---------------------12.000000_1.000000.net-----------------------
Accuracy = 0.9179999999999999
Time = 0.492962121963501
Num Params = 7668298
Ratio = 0.8192729352784576
---------------------73.000000_3.000000.net-----------------------
Accuracy = 0.9243333333333333
Time = 0.4307706356048584
Num Params = 4717258
Ratio = 0.5039869092366763
---------------------85.000000_3.000000.net-----------------------
Accuracy = 0.9033333333333333
Time = 0.4818596839904785
Num Params = 7114826
Ratio = 0.7601405658746553
---------------------27.000000_1.000000.net-----------------------
Accuracy = 0.8936666666666667
Time = 0.5203661918640137
Num Params = 5679562
Ratio = 0.6067984617754797
---------------------41.000000_4.000000.net-----------------------
Accuracy = 0.919
Time = 0.45333409309387207
Num Params = 4902858
Ratio = 0.5238162190506248
---------------------75.000000_0.000000.net-----------------------
Accuracy = 0.9273333333333333
Time = 0.43527960777282715
Num Params = 4828746
Ratio = 0.515898170511124
---------------------38.000000_3.000000.net-----------------------
Accuracy = 0.9129999999999999
Time = 0.47398924827575684
Num Params = 3170250
Ratio = 0.3387061930908958
---------------------63.000000_1.000000.net-----------------------
Accuracy = 0.8746666666666667
Time = 0.41558361053466797
Num Params = 1951690
Ratio = 0.2085165176227649
---------------------86.000000_3.000000.net-----------------------
Accuracy = 0.9156666666666666
Time = 0.4640822410583496
Num Params = 2616522
Ratio = 0.27954647291493634
---------------------3.000000_3.000000.net-----------------------
Accuracy = 0.898
Time = 0.5690910816192627
Num Params = 10508618
Ratio = 1.1227297523622626
---------------------6.000000_2.000000.net-----------------------
Accuracy = 0.922
Time = 0.4826979637145996
Num Params = 6931658
Ratio = 0.7405710883961999
---------------------77.000000_1.000000.net-----------------------
Accuracy = 0.9096666666666667
Time = 0.41138744354248047
Num Params = 4091978
Ratio = 0.4371826482427877
---------------------33.000000_1.000000.net-----------------------
Accuracy = 0.9346666666666666
Time = 0.4945855140686035
Num Params = 7817162
Ratio = 0.8351774092878521
---------------------3.000000_2.000000.net-----------------------
Accuracy = 0.9096666666666667
Time = 0.5816769599914551
Num Params = 10545994
Ratio = 1.1267229650972095
---------------------0.000000_1.000000.net-----------------------
Accuracy = 0.9330000000000002
Time = 0.49747323989868164
Num Params = 6082250
Ratio = 0.6498212263787086
---------------------11.000000_0.000000.net-----------------------
Accuracy = 0.921
Time = 0.4912731647491455
Num Params = 6968650
Ratio = 0.7445232749729109
---------------------61.000000_2.000000.net-----------------------
Accuracy = 0.9176666666666666
Time = 0.4638199806213379
Num Params = 3057482
Ratio = 0.32665817795566227
---------------------25.000000_1.000000.net-----------------------
Accuracy = 0.925
Time = 0.527712345123291
Num Params = 5825610
Ratio = 0.6224020772911454
---------------------39.000000_2.000000.net-----------------------
Accuracy = 0.9316666666666665
Time = 0.5042726993560791
Num Params = 6893514
Ratio = 0.7364958233447815
---------------------21.000000_2.000000.net-----------------------
Accuracy = 0.899
Time = 0.5194575786590576
Num Params = 7887946
Ratio = 0.8427398977893097
---------------------83.000000_2.000000.net-----------------------
Accuracy = 0.9213333333333334
Time = 0.4421515464782715
Num Params = 4865354
Ratio = 0.5198093309295994
---------------------93.000000_1.000000.net-----------------------
Accuracy = 0.912
Time = 0.4057767391204834
Num Params = 4127434
Ratio = 0.44097073018655575
---------------------66.000000_0.000000.net-----------------------
Accuracy = 0.9253333333333333
Time = 0.42383551597595215
Num Params = 4422986
Ratio = 0.47254719664200895
---------------------49.000000_2.000000.net-----------------------
Accuracy = 0.9179999999999999
Time = 0.4973180294036865
Num Params = 5641290
Ratio = 0.6027095213379827
---------------------7.000000_3.000000.net-----------------------
Accuracy = 0.9126666666666666
Time = 0.5608103275299072
Num Params = 8075466
Ratio = 0.8627743383944371
---------------------17.000000_4.000000.net-----------------------
Accuracy = 0.9173333333333333
Time = 0.4620554447174072
Num Params = 4903754
Ratio = 0.5239119467531749
---------------------44.000000_1.000000.net-----------------------
Accuracy = 0.9203333333333333
Time = 0.43375325202941895
Num Params = 4277834
Ratio = 0.4570393088288934
---------------------63.000000_3.000000.net-----------------------
Accuracy = 0.8909999999999999
Time = 0.4134097099304199
Num Params = 2063946
Ratio = 0.22050983121368412
---------------------95.000000_4.000000.net-----------------------
Accuracy = 0.9136666666666666
Time = 0.4164705276489258
Num Params = 4680138
Ratio = 0.5000210472738865
---------------------42.000000_3.000000.net-----------------------
Accuracy = 0.9263333333333335
Time = 0.45655107498168945
Num Params = 3023050
Ratio = 0.32297949910052287
---------------------44.000000_2.000000.net-----------------------
Accuracy = 0.9263333333333335
Time = 0.4820699691772461
Num Params = 3318218
Ratio = 0.35451493939774026
---------------------15.000000_4.000000.net-----------------------
Accuracy = 0.919
Time = 0.48002099990844727
Num Params = 5346634
Ratio = 0.5712287825850796
---------------------92.000000_2.000000.net-----------------------
Accuracy = 0.9143333333333333
Time = 0.3888976573944092
Num Params = 2319434
Ratio = 0.2478059018265401
---------------------87.000000_1.000000.net-----------------------
Accuracy = 0.9246666666666666
Time = 0.4439423084259033
Num Params = 4865738
Ratio = 0.5198503570878351
---------------------13.000000_1.000000.net-----------------------
Accuracy = 0.9176666666666666
Time = 0.44582438468933105
Num Params = 4312650
Ratio = 0.4607590138422685
---------------------3.000000_1.000000.net-----------------------
Accuracy = 0.922
Time = 0.5497267246246338
Num Params = 10285514
Ratio = 1.0988935544272886
---------------------83.000000_1.000000.net-----------------------
Accuracy = 0.9223333333333333
Time = 0.4451150894165039
Num Params = 3096778
Ratio = 0.3308565214817879
---------------------43.000000_4.000000.net-----------------------
Accuracy = 0.914
Time = 0.41800904273986816
Num Params = 4385098
Ratio = 0.46849928236274774
---------------------82.000000_2.000000.net-----------------------
Accuracy = 0.924
Time = 0.487579345703125
Num Params = 5234122
Ratio = 0.5592081182220032
---------------------57.000000_0.000000.net-----------------------
Accuracy = 0.9280000000000002
Time = 0.43692779541015625
Num Params = 4865098
Ratio = 0.5197819801574421
---------------------72.000000_0.000000.net-----------------------
Accuracy = 0.9123333333333333
Time = 0.42617177963256836
Num Params = 2946250
Ratio = 0.3147742674533717
---------------------7.000000_1.000000.net-----------------------
Accuracy = 0.8986666666666666
Time = 0.5034196376800537
Num Params = 5088202
Ratio = 0.5436181780924161
---------------------64.000000_0.000000.net-----------------------
Accuracy = 0.9223333333333333
Time = 0.45510101318359375
Num Params = 4607306
Ratio = 0.4922397525951716
---------------------2.000000_3.000000.net-----------------------
Accuracy = 0.929
Time = 0.4918544292449951
Num Params = 5716042
Ratio = 0.6106959468078764
---------------------65.000000_0.000000.net-----------------------
Accuracy = 0.912
Time = 0.4363226890563965
Num Params = 3096394
Ratio = 0.33081549532355214
---------------------22.000000_1.000000.net-----------------------
Accuracy = 0.9060000000000001
Time = 0.513730525970459
Num Params = 7410506
Ratio = 0.791730707716187
---------------------73.000000_4.000000.net-----------------------
Accuracy = 0.9133333333333333
Time = 0.4357442855834961
Num Params = 4717258
Ratio = 0.5039869092366763
---------------------96.000000_3.000000.net-----------------------
Accuracy = 0.8976666666666666
Time = 0.38399791717529297
Num Params = 4088650
Ratio = 0.4368270882047445
---------------------23.000000_4.000000.net-----------------------
Accuracy = 0.9010000000000001
Time = 0.48569798469543457
Num Params = 7080522
Ratio = 0.7564755624055944
---------------------75.000000_1.000000.net-----------------------
Accuracy = 0.9306666666666666
Time = 0.47825002670288086
Num Params = 9581514
Ratio = 1.0236789309950702
---------------------67.000000_0.000000.net-----------------------
Accuracy = 0.9173333333333333
Time = 0.4104917049407959
Num Params = 6450634
Ratio = 0.6891789875128768
---------------------89.000000_2.000000.net-----------------------
Accuracy = 0.8866666666666667
Time = 0.4286689758300781
Num Params = 3206090
Ratio = 0.34253530119289965
---------------------58.000000_0.000000.net-----------------------
Accuracy = 0.8916666666666667
Time = 0.4487302303314209
Num Params = 4348618
Ratio = 0.46460179733035095
---------------------24.000000_2.000000.net-----------------------
Accuracy = 0.9010000000000001
Time = 0.4491455554962158
Num Params = 2138954
Ratio = 0.22852360745573502
---------------------0.000000_2.000000.net-----------------------
Accuracy = 0.9083333333333333
Time = 0.45817995071411133
Num Params = 4866378
Ratio = 0.519918734018228
---------------------94.000000_4.000000.net-----------------------
Accuracy = 0.912
Time = 0.3846890926361084
Num Params = 4088778
Ratio = 0.436840763590823
---------------------72.000000_2.000000.net-----------------------
Accuracy = 0.8926666666666666
Time = 0.414231538772583
Num Params = 2505290
Ratio = 0.2676625624126458
---------------------40.000000_2.000000.net-----------------------
Accuracy = 0.931
Time = 0.5218744277954102
Num Params = 9659850
Ratio = 1.0320482672751643
---------------------3.000000_4.000000.net-----------------------
Accuracy = 0.9193333333333333
Time = 0.522808313369751
Num Params = 5127882
Ratio = 0.5478575477767775
---------------------72.000000_1.000000.net-----------------------
Accuracy = 0.8806666666666668
Time = 0.48552560806274414
Num Params = 9067850
Ratio = 0.968799606661708
---------------------9.000000_3.000000.net-----------------------
Accuracy = 0.9253333333333333
Time = 0.47954678535461426
Num Params = 4646474
Ratio = 0.4964244207352187
---------------------27.000000_0.000000.net-----------------------
Accuracy = 0.9256666666666666
Time = 0.515026330947876
Num Params = 7999434
Ratio = 0.8546511590637574
---------------------61.000000_1.000000.net-----------------------
Accuracy = 0.9296666666666666
Time = 0.4483013153076172
Num Params = 6635978
Ratio = 0.7089809465546681
---------------------77.000000_0.000000.net-----------------------
Accuracy = 0.907
Time = 0.45821595191955566
Num Params = 3650634
Ratio = 0.390029917043826
---------------------45.000000_0.000000.net-----------------------
Accuracy = 0.888
Time = 0.46978092193603516
Num Params = 5162314
Ratio = 0.5515362266319169
---------------------80.000000_3.000000.net-----------------------
Accuracy = 0.9043333333333333
Time = 0.44715237617492676
Num Params = 4865482
Ratio = 0.5198230063156779
---------------------42.000000_2.000000.net-----------------------
Accuracy = 0.8963333333333332
Time = 0.4211733341217041
Num Params = 2100682
Ratio = 0.22443466701823805
---------------------9.000000_4.000000.net-----------------------
Accuracy = 0.9266666666666665
Time = 0.4979526996612549
Num Params = 5639882
Ratio = 0.6025590920911182
---------------------56.000000_3.000000.net-----------------------
Accuracy = 0.922
Time = 0.5416007041931152
Num Params = 10799306
Ratio = 1.1537865541467296
---------------------64.000000_4.000000.net-----------------------
Accuracy = 0.9323333333333333
Time = 0.4818754196166992
Num Params = 3318090
Ratio = 0.3545012640116617
---------------------55.000000_2.000000.net-----------------------
Accuracy = 0.925
Time = 0.476672887802124
Num Params = 5602250
Ratio = 0.5985385285840142
---------------------75.000000_2.000000.net-----------------------
Accuracy = 0.8986666666666666
Time = 0.45160508155822754
Num Params = 5012042
Ratio = 0.5354813233756579
---------------------43.000000_1.000000.net-----------------------
Accuracy = 0.9163333333333334
Time = 0.4496634006500244
Num Params = 2692042
Ratio = 0.28761495070130155
---------------------96.000000_1.000000.net-----------------------
Accuracy = 0.8863333333333333
Time = 0.37029528617858887
Num Params = 1729226
Ratio = 0.18474869661818386
---------------------50.000000_2.000000.net-----------------------
Accuracy = 0.9183333333333333
Time = 0.5204041004180908
Num Params = 6119114
Ratio = 0.6537597375693411
---------------------91.000000_1.000000.net-----------------------
Accuracy = 0.9213333333333334
Time = 0.3986513614654541
Num Params = 4237386
Ratio = 0.4527178868280604
---------------------15.000000_2.000000.net-----------------------
Accuracy = 0.9273333333333333
Time = 0.5267021656036377
Num Params = 7339594
Ratio = 0.7841545438286508
---------------------82.000000_0.000000.net-----------------------
Accuracy = 0.9213333333333334
Time = 0.5172390937805176
Num Params = 7851722
Ratio = 0.8388697635290702
---------------------27.000000_2.000000.net-----------------------
Accuracy = 0.902
Time = 0.4850766658782959
Num Params = 6858698
Ratio = 0.7327761183314063
---------------------68.000000_3.000000.net-----------------------
Accuracy = 0.9179999999999999
Time = 0.4245645999908447
Num Params = 4198986
Ratio = 0.4486152710044849
---------------------41.000000_3.000000.net-----------------------
Accuracy = 0.904
Time = 0.41690874099731445
Num Params = 4165450
Ratio = 0.44503231985189556
---------------------15.000000_3.000000.net-----------------------
Accuracy = 0.9179999999999999
Time = 0.4579625129699707
Num Params = 3242186
Ratio = 0.3463917600670607
---------------------26.000000_4.000000.net-----------------------
Accuracy = 0.9066666666666666
Time = 0.5139126777648926
Num Params = 7448138
Ratio = 0.795751271223291
---------------------42.000000_4.000000.net-----------------------
Accuracy = 0.9313333333333333
Time = 0.4911050796508789
Num Params = 5529802
Ratio = 0.590798260063535
---------------------35.000000_2.000000.net-----------------------
Accuracy = 0.9206666666666666
Time = 0.43749570846557617
Num Params = 3093706
Ratio = 0.33052831221590184
---------------------16.000000_1.000000.net-----------------------
Accuracy = 0.92
Time = 0.4863770008087158
Num Params = 3431114
Ratio = 0.3665766299190524
---------------------1.000000_0.000000.net-----------------------
Accuracy = 0.9256666666666666
Time = 0.5327715873718262
Num Params = 8001098
Ratio = 0.854828939082779
---------------------57.000000_1.000000.net-----------------------
Accuracy = 0.932
Time = 0.4638552665710449
Num Params = 5456586
Ratio = 0.5829759392265843
---------------------71.000000_2.000000.net-----------------------
Accuracy = 0.8973333333333333
Time = 0.37123703956604004
Num Params = 1876682
Ratio = 0.200502741380714
---------------------67.000000_2.000000.net-----------------------
Accuracy = 0.9280000000000002
Time = 0.44220757484436035
Num Params = 4459594
Ratio = 0.4764583570604843
---------------------10.000000_4.000000.net-----------------------
Accuracy = 0.9273333333333333
Time = 0.5457093715667725
Num Params = 10912586
Ratio = 1.1658892708262776
---------------------96.000000_0.000000.net-----------------------
Accuracy = 0.914
Time = 0.4579596519470215
Num Params = 9544906
Ratio = 1.0197677705765948
---------------------94.000000_0.000000.net-----------------------
Accuracy = 0.9146666666666667
Time = 0.3982541561126709
Num Params = 1952074
Ratio = 0.20855754378100066
---------------------42.000000_0.000000.net-----------------------
Accuracy = 0.9203333333333333
Time = 0.4991638660430908
Num Params = 3465162
Ratio = 0.37021428261595607
---------------------92.000000_0.000000.net-----------------------
Accuracy = 0.9263333333333335
Time = 0.4393293857574463
Num Params = 4974154
Ratio = 0.5314334090963967
---------------------88.000000_2.000000.net-----------------------
Accuracy = 0.905
Time = 0.4412877559661865
Num Params = 6489034
Ratio = 0.6932816033364523
---------------------78.000000_1.000000.net-----------------------
Accuracy = 0.9126666666666666
Time = 0.44272804260253906
Num Params = 4683210
Ratio = 0.5003492565397726
---------------------79.000000_4.000000.net-----------------------
Accuracy = 0.9036666666666666
Time = 0.44390130043029785
Num Params = 6599114
Ratio = 0.7050424353640355
---------------------12.000000_4.000000.net-----------------------
Accuracy = 0.9313333333333333
Time = 0.4929931163787842
Num Params = 5233738
Ratio = 0.5591670920637675
---------------------66.000000_4.000000.net-----------------------
Accuracy = 0.9123333333333333
Time = 0.4132726192474365
Num Params = 2506058
Ratio = 0.2677446147291173
---------------------29.000000_0.000000.net-----------------------
Accuracy = 0.9193333333333333
Time = 0.5233500003814697
Num Params = 7962186
Ratio = 0.8506716217148892
---------------------14.000000_0.000000.net-----------------------
Accuracy = 0.931
Time = 0.4813375473022461
Num Params = 5085642
Ratio = 0.5433446703708444
---------------------98.000000_0.000000.net-----------------------
Accuracy = 0.895
Time = 0.35776281356811523
Num Params = 1728970
Ratio = 0.1847213458460267
---------------------29.000000_2.000000.net-----------------------
Accuracy = 0.9073333333333333
Time = 0.49249815940856934
Num Params = 5641034
Ratio = 0.6026821705658255
---------------------73.000000_2.000000.net-----------------------
Accuracy = 0.9273333333333333
Time = 0.49090003967285156
Num Params = 7850826
Ratio = 0.83877403582652
---------------------82.000000_3.000000.net-----------------------
Accuracy = 0.9233333333333333
Time = 0.4869959354400635
Num Params = 5491914
Ratio = 0.5867503457842738
---------------------17.000000_2.000000.net-----------------------
Accuracy = 0.9133333333333333
Time = 0.47328972816467285
Num Params = 4902602
Ratio = 0.5237888682784676
---------------------23.000000_1.000000.net-----------------------
Accuracy = 0.8966666666666666
Time = 0.5297291278839111
Num Params = 9915466
Ratio = 1.059358013274099
---------------------0.000000_3.000000.net-----------------------
Accuracy = 0.9283333333333332
Time = 0.4929215908050537
Num Params = 7703114
Ratio = 0.8229926402918327
---------------------12.000000_3.000000.net-----------------------
Accuracy = 0.9256666666666666
Time = 0.5132613182067871
Num Params = 5824586
Ratio = 0.6222926742025167
---------------------9.000000_2.000000.net-----------------------
Accuracy = 0.9216666666666665
Time = 0.5534095764160156
Num Params = 10395978
Ratio = 1.1106954126131077
---------------------22.000000_3.000000.net-----------------------
Accuracy = 0.9216666666666665
Time = 0.48711442947387695
Num Params = 7703498
Ratio = 0.8230336664500685
---------------------99.000000_4.000000.net-----------------------
Accuracy = 0.9003333333333333
Time = 0.3549773693084717
Num Params = 1728970
Ratio = 0.1847213458460267
---------------------21.000000_4.000000.net-----------------------
Accuracy = 0.892
Time = 0.5136897563934326
Num Params = 7411146
Ratio = 0.79179908464658
---------------------50.000000_1.000000.net-----------------------
Accuracy = 0.8913333333333333
Time = 0.46797895431518555
Num Params = 3281738
Ratio = 0.3506174543653435
---------------------64.000000_1.000000.net-----------------------
Accuracy = 0.9153333333333333
Time = 0.39173007011413574
Num Params = 4090442
Ratio = 0.43701854360984466
---------------------26.000000_2.000000.net-----------------------
Accuracy = 0.8983333333333333
Time = 0.5157179832458496
Num Params = 8000714
Ratio = 0.8547879129245433
---------------------51.000000_4.000000.net-----------------------
Accuracy = 0.9146666666666667
Time = 0.4760890007019043
Num Params = 7260362
Ratio = 0.7756894798460066
---------------------80.000000_2.000000.net-----------------------
Accuracy = 0.927
Time = 0.4910852909088135
Num Params = 7296202
Ratio = 0.7795185879480104
---------------------35.000000_1.000000.net-----------------------
Accuracy = 0.903
Time = 0.5186774730682373
Num Params = 6120650
Ratio = 0.6539238422022842
---------------------5.000000_1.000000.net-----------------------
Accuracy = 0.8909999999999999
Time = 0.5799736976623535
Num Params = 10546506
Ratio = 1.126777666641524
---------------------99.000000_2.000000.net-----------------------
Accuracy = 0.9010000000000001
Time = 0.359130859375
Num Params = 1729482
Ratio = 0.18477604739034104
---------------------6.000000_0.000000.net-----------------------
Accuracy = 0.9079999999999999
Time = 0.5676379203796387
Num Params = 8516298
Ratio = 0.9098723680490843
---------------------1.000000_2.000000.net-----------------------
Accuracy = 0.9286666666666666
Time = 0.5375480651855469
Num Params = 7892170
Ratio = 0.843191185529903
